2023-02-22 08:26:29,399 [INFO] Activator:177 - 


2023-02-22 08:26:29,399 [INFO] Activator:178 - !SESSION log4j initialized
2023-02-22 08:26:42,914 [INFO] McuFinderGlobals:44 - Set McuFinder mode to 2 (CubeIDE integrated)
2023-02-22 08:26:43,449 [INFO] ApplicationProperties:181 - Using Application install path: C:\ST\STM32CubeIDE_1.10.1\STM32CubeIDE\plugins\com.st.stm32cube.common.mx_6.6.1.202207061420
2023-02-22 08:26:43,470 [INFO] DbMcusXml:77 - Set database path to: C:\ST\STM32CubeIDE_1.10.1\STM32CubeIDE\plugins\com.st.stm32cube.common.mx_6.6.1.202207061420\\db\/mcu/
2023-02-22 08:26:43,473 [INFO] ApiDb:269 - Set plugin database path to: C:\ST\STM32CubeIDE_1.10.1\STM32CubeIDE\plugins\com.st.stm32cube.common.mx_6.6.1.202207061420\\db\/plugins/boardmanager/
2023-02-22 08:26:43,475 [WARN] ApiDb:254 - Overriding images path with different value:  => C:\ST\STM32CubeIDE_1.10.1\STM32CubeIDE\plugins\com.st.stm32cube.common.mx_6.6.1.202207061420\\db\/plugins/mcufinder/images/
2023-02-22 08:26:43,505 [INFO] ApiDb:249 - Set database path to: C:\Users\VeliSacikara\.stmcufinder\plugins\mcufinder//mcu/
2023-02-22 08:26:43,507 [INFO] DbMcusAds:124 - Set database path to: C:\Users\VeliSacikara\.stmcufinder\plugins\mcufinder//mcu/
2023-02-22 08:26:43,511 [INFO] CrossReferenceDbSqlite:201 - Set database path to: C:\Users\VeliSacikara\.stmcufinder\plugins\mcufinder//mcu/cs/
2023-02-22 08:26:43,692 [INFO] RulesReader:61 - Compatibility file has been processed (282 Rules)
2023-02-22 08:26:43,818 [INFO] DbMcusXml:77 - Set database path to: C:\ST\STM32CubeIDE_1.10.1\STM32CubeIDE\plugins\com.st.stm32cube.common.mx_6.6.1.202207061420\\db\/mcu/
2023-02-22 08:26:43,819 [INFO] ApiDb:269 - Set plugin database path to: C:\ST\STM32CubeIDE_1.10.1\STM32CubeIDE\plugins\com.st.stm32cube.common.mx_6.6.1.202207061420\\db\/plugins/boardmanager/
2023-02-22 08:26:43,819 [INFO] ApiDb:256 - Set plugin images path to: C:\ST\STM32CubeIDE_1.10.1\STM32CubeIDE\plugins\com.st.stm32cube.common.mx_6.6.1.202207061420\\db\/plugins/mcufinder/images/
2023-02-22 08:26:43,820 [WARN] DbFile:40 - Overriding database path with different value: C:\Users\VeliSacikara\.stmcufinder\plugins\mcufinder/ => C:\Users\VeliSacikara\.stmcufinder\plugins\mcufinder
2023-02-22 08:26:43,820 [INFO] ApiDb:249 - Set database path to: C:\Users\VeliSacikara\.stmcufinder\plugins\mcufinder//mcu/
2023-02-22 08:26:43,821 [WARN] DbFile:40 - Overriding database path with different value: C:\Users\VeliSacikara\.stmcufinder\plugins\mcufinder/ => C:\Users\VeliSacikara\.stmcufinder\plugins\mcufinder
2023-02-22 08:26:43,821 [INFO] DbMcusAds:124 - Set database path to: C:\Users\VeliSacikara\.stmcufinder\plugins\mcufinder//mcu/
2023-02-22 08:26:43,823 [WARN] DbFile:40 - Overriding database path with different value: C:\Users\VeliSacikara\.stmcufinder\plugins\mcufinder/ => C:\Users\VeliSacikara\.stmcufinder\plugins\mcufinder
2023-02-22 08:26:43,823 [WARN] DbFile:40 - Overriding database path with different value: C:\Users\VeliSacikara\.stmcufinder\plugins\mcufinder/ => C:\Users\VeliSacikara\.stmcufinder\plugins\mcufinder
2023-02-22 08:26:43,824 [INFO] CrossReferenceDbSqlite:201 - Set database path to: C:\Users\VeliSacikara\.stmcufinder\plugins\mcufinder//mcu/cs/
2023-02-22 08:26:43,935 [INFO] MainPanel:242 - HeapMemory: 268435456
2023-02-22 08:26:44,073 [INFO] DbMcusXml:77 - Set database path to: C:\ST\STM32CubeIDE_1.10.1\STM32CubeIDE\plugins\com.st.stm32cube.common.mx_6.6.1.202207061420\\db\/mcu/
2023-02-22 08:26:44,074 [INFO] ApiDb:269 - Set plugin database path to: C:\ST\STM32CubeIDE_1.10.1\STM32CubeIDE\plugins\com.st.stm32cube.common.mx_6.6.1.202207061420\\db\/plugins/boardmanager/
2023-02-22 08:26:44,074 [INFO] ApiDb:256 - Set plugin images path to: C:\ST\STM32CubeIDE_1.10.1\STM32CubeIDE\plugins\com.st.stm32cube.common.mx_6.6.1.202207061420\\db\/plugins/mcufinder/images/
2023-02-22 08:26:44,074 [WARN] DbFile:40 - Overriding database path with different value: C:\Users\VeliSacikara\.stmcufinder\plugins\mcufinder/ => C:\Users\VeliSacikara\.stmcufinder\plugins\mcufinder
2023-02-22 08:26:44,075 [INFO] ApiDb:249 - Set database path to: C:\Users\VeliSacikara\.stmcufinder\plugins\mcufinder//mcu/
2023-02-22 08:26:44,075 [WARN] DbFile:40 - Overriding database path with different value: C:\Users\VeliSacikara\.stmcufinder\plugins\mcufinder/ => C:\Users\VeliSacikara\.stmcufinder\plugins\mcufinder
2023-02-22 08:26:44,076 [INFO] DbMcusAds:124 - Set database path to: C:\Users\VeliSacikara\.stmcufinder\plugins\mcufinder//mcu/
2023-02-22 08:26:44,076 [WARN] DbFile:40 - Overriding database path with different value: C:\Users\VeliSacikara\.stmcufinder\plugins\mcufinder/ => C:\Users\VeliSacikara\.stmcufinder\plugins\mcufinder
2023-02-22 08:26:44,076 [WARN] DbFile:40 - Overriding database path with different value: C:\Users\VeliSacikara\.stmcufinder\plugins\mcufinder/ => C:\Users\VeliSacikara\.stmcufinder\plugins\mcufinder
2023-02-22 08:26:44,076 [INFO] CrossReferenceDbSqlite:201 - Set database path to: C:\Users\VeliSacikara\.stmcufinder\plugins\mcufinder//mcu/cs/
2023-02-22 08:26:44,105 [INFO] ApplicationProperties:181 - Using Application install path: C:\ST\STM32CubeIDE_1.10.1\STM32CubeIDE\plugins\com.st.stm32cube.common.mx_6.6.1.202207061420
2023-02-22 08:26:44,107 [INFO] PluginManage:193 - Search for loadable plugins [exclusion list=, ]
2023-02-22 08:26:44,110 [INFO] PluginManage:307 - Check plugin analytics
2023-02-22 08:26:44,406 [INFO] AnalyticsPlugin:262 - Accepted Software Licenses: 
2023-02-22 08:26:44,408 [INFO] AnalyticsPlugin:264 - Accepted CMSIS Pack Licenses: 
2023-02-22 08:26:44,409 [INFO] AnalyticsPlugin:266 - Accepted Firmware Licenses: FW.F4.1.27.0
2023-02-22 08:26:44,419 [INFO] PluginManage:356 - Loaded plugin analytics (category:tool,tabindex:-1)
2023-02-22 08:26:44,419 [INFO] PluginManage:307 - Check plugin cadmodel
2023-02-22 08:26:44,440 [INFO] CADModel:65 - Init CAD model plugin
2023-02-22 08:26:44,441 [INFO] PluginManage:356 - Loaded plugin cadmodel (category:power,tabindex:5)
2023-02-22 08:26:44,441 [INFO] PluginManage:307 - Check plugin clock
2023-02-22 08:26:44,474 [INFO] PluginManage:356 - Loaded plugin clock (category:base,tabindex:2)
2023-02-22 08:26:44,474 [INFO] PluginManage:307 - Check plugin ddr
2023-02-22 08:26:44,479 [INFO] PluginManage:356 - Loaded plugin ddr (category:tool,tabindex:6)
2023-02-22 08:26:44,480 [INFO] PluginManage:307 - Check plugin filemanager
2023-02-22 08:26:44,797 [INFO] PluginManage:356 - Loaded plugin filemanager (category:base,tabindex:10)
2023-02-22 08:26:44,798 [INFO] PluginManage:307 - Check plugin ipmanager
2023-02-22 08:26:44,811 [INFO] PluginManage:356 - Loaded plugin ipmanager (category:base,tabindex:5)
2023-02-22 08:26:44,811 [INFO] PluginManage:307 - Check plugin lpbam
2023-02-22 08:26:44,837 [INFO] PluginManage:356 - Loaded plugin lpbam (category:base,tabindex:0)
2023-02-22 08:26:44,837 [INFO] PluginManage:307 - Check plugin pinoutandconfiguration
2023-02-22 08:26:44,861 [INFO] PluginManage:356 - Loaded plugin pinoutandconfiguration (category:base,tabindex:1)
2023-02-22 08:26:44,862 [INFO] PluginManage:307 - Check plugin pinoutconfig
2023-02-22 08:26:44,912 [INFO] PluginManage:356 - Loaded plugin pinoutconfig (category:base,tabindex:0)
2023-02-22 08:26:44,912 [INFO] PluginManage:307 - Check plugin power
2023-02-22 08:26:44,949 [INFO] PluginManage:356 - Loaded plugin power (category:power,tabindex:4)
2023-02-22 08:26:44,949 [INFO] PluginManage:307 - Check plugin projectmanager
2023-02-22 08:26:44,974 [INFO] PluginManage:356 - Loaded plugin projectmanager (category:projectmanager,tabindex:3)
2023-02-22 08:26:44,974 [INFO] PluginManage:307 - Check plugin thirdparty
2023-02-22 08:26:45,429 [WARN] IntegrityCheckThread:82 - waiting for thirdparty lock release [integrity check]
2023-02-22 08:26:45,430 [INFO] PluginManage:356 - Loaded plugin thirdparty (category:base,tabindex:-1)
2023-02-22 08:26:45,431 [INFO] IntegrityCheckThread:84 - entering critical section [integrity check]
2023-02-22 08:26:45,431 [INFO] PluginManage:307 - Check plugin tools
2023-02-22 08:26:45,434 [INFO] ThirdPartyUpdaterWithRetryManager:70 - Updater plugin not ready yet. [1/15]
2023-02-22 08:26:45,482 [INFO] PluginManage:356 - Loaded plugin tools (category:base,tabindex:7)
2023-02-22 08:26:45,484 [INFO] PluginManage:307 - Check plugin tutovideos
2023-02-22 08:26:45,886 [INFO] PluginManage:356 - Loaded plugin tutovideos (category:base,tabindex:-1)
2023-02-22 08:26:45,887 [INFO] PluginManage:307 - Check plugin updater
2023-02-22 08:26:45,905 [INFO] PluginManage:356 - Loaded plugin updater (category:base,tabindex:12)
2023-02-22 08:26:45,905 [INFO] PluginManage:280 - PluginManage : Loaded plugins [15]
2023-02-22 08:26:46,276 [INFO] PinOutPanel:1468 - setPackage(No Configuration,No Configuration)
2023-02-22 08:26:46,396 [INFO] CADModel:98 - CPN selected for project level
2023-02-22 08:26:46,434 [INFO] IPUIPlugin:79 - create IPUIPlugin
2023-02-22 08:26:46,434 [INFO] PluginManager:217 - loadIPPluginJar : add adc
2023-02-22 08:26:46,504 [INFO] IPUIPlugin:79 - create IPUIPlugin
2023-02-22 08:26:46,504 [INFO] PluginManager:217 - loadIPPluginJar : add aes
2023-02-22 08:26:46,598 [INFO] IPUIPlugin:79 - create IPUIPlugin
2023-02-22 08:26:46,598 [INFO] PluginManager:217 - loadIPPluginJar : add can
2023-02-22 08:26:46,626 [INFO] IPUIPlugin:79 - create IPUIPlugin
2023-02-22 08:26:46,626 [INFO] PluginManager:217 - loadIPPluginJar : add comp
2023-02-22 08:26:46,688 [INFO] IPUIPlugin:79 - create IPUIPlugin
2023-02-22 08:26:46,688 [INFO] PluginManager:217 - loadIPPluginJar : add cryp
2023-02-22 08:26:46,736 [INFO] IPUIPlugin:79 - create IPUIPlugin
2023-02-22 08:26:46,736 [INFO] PluginManager:217 - loadIPPluginJar : add dfsdm
2023-02-22 08:26:46,762 [INFO] IPUIPlugin:79 - create IPUIPlugin
2023-02-22 08:26:46,762 [INFO] PluginManager:217 - loadIPPluginJar : add dma
2023-02-22 08:26:46,860 [INFO] IPUIPlugin:79 - create IPUIPlugin
2023-02-22 08:26:46,860 [INFO] PluginManager:217 - loadIPPluginJar : add dma3
2023-02-22 08:26:46,911 [INFO] IPUIPlugin:79 - create IPUIPlugin
2023-02-22 08:26:46,911 [INFO] PluginManager:217 - loadIPPluginJar : add fatfs
2023-02-22 08:26:47,014 [INFO] IPUIPlugin:79 - create IPUIPlugin
2023-02-22 08:26:47,014 [INFO] PluginManager:217 - loadIPPluginJar : add fmc
2023-02-22 08:26:47,054 [INFO] IPUIPlugin:79 - create IPUIPlugin
2023-02-22 08:26:47,054 [INFO] PluginManager:217 - loadIPPluginJar : add freertos
2023-02-22 08:26:47,104 [INFO] IPUIPlugin:79 - create IPUIPlugin
2023-02-22 08:26:47,104 [INFO] PluginManager:217 - loadIPPluginJar : add genericplugin
2023-02-22 08:26:47,302 [INFO] IPUIPlugin:79 - create IPUIPlugin
2023-02-22 08:26:47,302 [INFO] PluginManager:217 - loadIPPluginJar : add gfxmmu
2023-02-22 08:26:47,502 [INFO] IPUIPlugin:79 - create IPUIPlugin
2023-02-22 08:26:47,510 [INFO] PluginManager:217 - loadIPPluginJar : add gic
2023-02-22 08:26:47,526 [INFO] IPUIPlugin:79 - create IPUIPlugin
2023-02-22 08:26:47,526 [INFO] PluginManager:217 - loadIPPluginJar : add gpio
2023-02-22 08:26:47,619 [INFO] IPUIPlugin:79 - create IPUIPlugin
2023-02-22 08:26:47,619 [INFO] PluginManager:217 - loadIPPluginJar : add gtzc
2023-02-22 08:26:47,666 [INFO] IPUIPlugin:79 - create IPUIPlugin
2023-02-22 08:26:47,666 [INFO] PluginManager:217 - loadIPPluginJar : add hash
2023-02-22 08:26:47,764 [INFO] IPUIPlugin:79 - create IPUIPlugin
2023-02-22 08:26:47,764 [INFO] PluginManager:217 - loadIPPluginJar : add i2c
2023-02-22 08:26:47,819 [INFO] IPUIPlugin:79 - create IPUIPlugin
2023-02-22 08:26:47,819 [INFO] PluginManager:217 - loadIPPluginJar : add i2s
2023-02-22 08:26:47,974 [INFO] IPUIPlugin:79 - create IPUIPlugin
2023-02-22 08:26:47,974 [INFO] PluginManager:217 - loadIPPluginJar : add ipddr
2023-02-22 08:26:48,158 [INFO] IPUIPlugin:79 - create IPUIPlugin
2023-02-22 08:26:48,158 [INFO] PluginManager:217 - loadIPPluginJar : add linkedlist
2023-02-22 08:26:48,238 [INFO] IPUIPlugin:79 - create IPUIPlugin
2023-02-22 08:26:48,238 [INFO] PluginManager:217 - loadIPPluginJar : add lorawan
2023-02-22 08:26:48,312 [INFO] IPUIPlugin:79 - create IPUIPlugin
2023-02-22 08:26:48,312 [INFO] PluginManager:217 - loadIPPluginJar : add ltdc
2023-02-22 08:26:48,333 [INFO] IPUIPlugin:79 - create IPUIPlugin
2023-02-22 08:26:48,341 [INFO] PluginManager:217 - loadIPPluginJar : add mdma
2023-02-22 08:26:48,361 [INFO] IPUIPlugin:79 - create IPUIPlugin
2023-02-22 08:26:48,361 [INFO] PluginManager:217 - loadIPPluginJar : add nvic
2023-02-22 08:26:48,442 [INFO] ThirdPartyUpdaterWithRetryManager:70 - Updater plugin not ready yet. [2/15]
2023-02-22 08:26:48,442 [INFO] IPUIPlugin:79 - create IPUIPlugin
2023-02-22 08:26:48,444 [INFO] PluginManager:217 - loadIPPluginJar : add opamp
2023-02-22 08:26:48,548 [INFO] IPUIPlugin:79 - create IPUIPlugin
2023-02-22 08:26:48,554 [INFO] PluginManager:217 - loadIPPluginJar : add openamp
2023-02-22 08:26:48,626 [INFO] IPUIPlugin:79 - create IPUIPlugin
2023-02-22 08:26:48,626 [INFO] PluginManager:217 - loadIPPluginJar : add pdm2pcm
2023-02-22 08:26:48,657 [INFO] IPUIPlugin:79 - create IPUIPlugin
2023-02-22 08:26:48,658 [INFO] PluginManager:217 - loadIPPluginJar : add plateformsettings
2023-02-22 08:26:48,697 [INFO] IPUIPlugin:79 - create IPUIPlugin
2023-02-22 08:26:48,697 [INFO] PluginManager:217 - loadIPPluginJar : add quadspi
2023-02-22 08:26:48,717 [INFO] IPUIPlugin:79 - create IPUIPlugin
2023-02-22 08:26:48,717 [INFO] PluginManager:217 - loadIPPluginJar : add resmgrutility
2023-02-22 08:26:48,809 [INFO] IPUIPlugin:79 - create IPUIPlugin
2023-02-22 08:26:48,809 [INFO] PluginManager:217 - loadIPPluginJar : add sai
2023-02-22 08:26:48,853 [INFO] IPUIPlugin:79 - create IPUIPlugin
2023-02-22 08:26:48,853 [INFO] PluginManager:217 - loadIPPluginJar : add spi
2023-02-22 08:26:48,946 [INFO] IPUIPlugin:79 - create IPUIPlugin
2023-02-22 08:26:48,946 [INFO] PluginManager:217 - loadIPPluginJar : add stm32_wpan
2023-02-22 08:26:48,994 [INFO] IPUIPlugin:79 - create IPUIPlugin
2023-02-22 08:26:48,995 [INFO] PluginManager:217 - loadIPPluginJar : add tim
2023-02-22 08:26:49,110 [INFO] IPUIPlugin:79 - create IPUIPlugin
2023-02-22 08:26:49,111 [INFO] PluginManager:217 - loadIPPluginJar : add touchsensing
2023-02-22 08:26:49,167 [INFO] IPUIPlugin:79 - create IPUIPlugin
2023-02-22 08:26:49,167 [INFO] PluginManager:217 - loadIPPluginJar : add tracer_emb
2023-02-22 08:26:49,203 [INFO] IPUIPlugin:79 - create IPUIPlugin
2023-02-22 08:26:49,203 [INFO] PluginManager:217 - loadIPPluginJar : add ts
2023-02-22 08:26:49,250 [INFO] IPUIPlugin:79 - create IPUIPlugin
2023-02-22 08:26:49,250 [INFO] PluginManager:217 - loadIPPluginJar : add tsc
2023-02-22 08:26:49,295 [INFO] IPUIPlugin:79 - create IPUIPlugin
2023-02-22 08:26:49,295 [INFO] PluginManager:217 - loadIPPluginJar : add ucpd
2023-02-22 08:26:49,412 [INFO] IPUIPlugin:79 - create IPUIPlugin
2023-02-22 08:26:49,413 [INFO] PluginManager:217 - loadIPPluginJar : add usart
2023-02-22 08:26:49,538 [INFO] IPUIPlugin:79 - create IPUIPlugin
2023-02-22 08:26:49,538 [INFO] PluginManager:217 - loadIPPluginJar : add usbx
2023-02-22 08:26:50,206 [FATAL] Updater:301 - Updater called before beeing initialized
2023-02-22 08:26:50,470 [FATAL] Updater:301 - Updater called before beeing initialized
2023-02-22 08:26:50,492 [INFO] DbMcusAds:52 - JSON generation date=Wed Jan 18 17:17:18 TRT 2023 (1674051438939)
2023-02-22 08:26:50,493 [FATAL] Updater:301 - Updater called before beeing initialized
2023-02-22 08:26:50,600 [WARN] DetailPanel:344 - Failed to get advertising image, set to default
2023-02-22 08:26:50,805 [FATAL] Updater:301 - Updater called before beeing initialized
2023-02-22 08:26:50,811 [FATAL] Updater:301 - Updater called before beeing initialized
2023-02-22 08:26:50,811 [FATAL] Updater:301 - Updater called before beeing initialized
2023-02-22 08:26:50,811 [WARN] DetailPanel:344 - Failed to get advertising image, set to default
2023-02-22 08:26:50,813 [FATAL] Updater:301 - Updater called before beeing initialized
2023-02-22 08:26:51,043 [ERROR] Updater:1105 - MainUpdater not yet initialized. External WinMGr cannot be set.
2023-02-22 08:26:51,071 [INFO] Updater:1041 - Updater Version found : 6.6.1
2023-02-22 08:26:51,118 [INFO] ApplicationProperties:181 - Using Application install path: C:\ST\STM32CubeIDE_1.10.1\STM32CubeIDE\plugins\com.st.stm32cube.common.mx_6.6.1.202207061420
2023-02-22 08:26:51,444 [INFO] ThirdPartyUpdaterWithRetryManager:70 - Updater plugin not ready yet. [3/15]
2023-02-22 08:26:51,444 [INFO] MainUpdater:2768 - connection check result : 10
2023-02-22 08:26:51,445 [INFO] MainUpdater:3453 - Updater definition file requires update
2023-02-22 08:26:51,446 [INFO] MainUpdater:280 - Updater Check For Update Now.
2023-02-22 08:26:51,447 [INFO] MicroXplorer:481 - Change Database Version : DB.6.0.60
2023-02-22 08:26:51,629 [INFO] ServerAccessManage:474 - Download File updaters.zip
2023-02-22 08:26:51,796 [INFO] FileExtend:239 - Unzip File : updaters.zip
2023-02-22 08:26:51,796 [INFO] FileExtend:254 - Standard Zip Deflate
2023-02-22 08:26:52,606 [INFO] ServerAccessManage:474 - Download File PacksControlFlags.xml
2023-02-22 08:26:52,828 [INFO] ServerAccessManage:474 - Download File cubemx.pidx
2023-02-22 08:26:53,516 [INFO] ServerAccessManage:474 - Download File STMicroelectronics.X-CUBE-AI.pdsc
2023-02-22 08:26:54,448 [WARN] MainUpdater:1184 - Updater busy. Cannot search thirdparties
2023-02-22 08:26:54,448 [INFO] ThirdPartyUpdaterWithRetryManager:96 - Updater plugin is busy. [1/15]
2023-02-22 08:26:55,514 [INFO] ServerAccessManage:474 - Download File STMicroelectronics.X-CUBE-MEMS1.pdsc
2023-02-22 08:26:57,448 [WARN] MainUpdater:1184 - Updater busy. Cannot search thirdparties
2023-02-22 08:26:57,448 [INFO] ThirdPartyUpdaterWithRetryManager:96 - Updater plugin is busy. [2/15]
2023-02-22 08:26:58,146 [ERROR] LogOutputStream:74 - [STDERR_REDIRECT] SLF4J: Failed to load class "org.slf4j.impl.StaticLoggerBinder".
2023-02-22 08:26:58,146 [ERROR] LogOutputStream:74 - [STDERR_REDIRECT] SLF4J: Defaulting to no-operation (NOP) logger implementation
2023-02-22 08:26:58,154 [ERROR] LogOutputStream:74 - [STDERR_REDIRECT] SLF4J: See http://www.slf4j.org/codes.html#StaticLoggerBinder for further details.
2023-02-22 08:26:59,829 [WARN] PackLoader:242 - Cannot read IP mode file for STMicroelectronics.X-CUBE-AI.8.0.0
2023-02-22 08:27:00,102 [INFO] CheckServerUpdateThread:119 - End of CheckServer Thread
2023-02-22 08:27:00,191 [INFO] MainUpdater:2768 - connection check result : 10
2023-02-22 08:27:00,201 [WARN] PackLoader:242 - Cannot read IP mode file for STMicroelectronics.X-CUBE-MEMS1.9.5.0
2023-02-22 08:27:00,254 [INFO] McuFinderGlobals:57 - Set McuFinderConnectedMode to true
2023-02-22 08:27:00,449 [WARN] MainUpdater:1184 - Updater busy. Cannot search thirdparties
2023-02-22 08:27:00,450 [INFO] ThirdPartyUpdaterWithRetryManager:96 - Updater plugin is busy. [3/15]
2023-02-22 08:27:00,646 [INFO] ServerAccessManage:474 - Download File mcusAds.json._tmp_
2023-02-22 08:27:00,764 [INFO] LoadUrlFilesThread:150 - End of LoadUrlFiles Thread
2023-02-22 08:27:00,872 [INFO] PopulateThirdPartyThread:64 - Ending populate Thread
2023-02-22 08:27:00,874 [INFO] ThirdParty:981 - CMSIS Pack Vendor :STMicroelectronics X-CUBE-AI 8.0.0
2023-02-22 08:27:00,874 [INFO] ThirdParty:981 - CMSIS Pack Vendor :STMicroelectronics X-CUBE-MEMS1 9.5.0
2023-02-22 08:27:00,875 [INFO] LoadServerUpdatesThread:367 - End of LoadServerUpdate Thread
2023-02-22 08:27:00,877 [INFO] ServerAccessManage:474 - Download File cube-finder-db.zip
2023-02-22 08:27:03,453 [WARN] MainUpdater:1184 - Updater busy. Cannot search thirdparties
2023-02-22 08:27:03,453 [INFO] ThirdPartyUpdaterWithRetryManager:96 - Updater plugin is busy. [4/15]
2023-02-22 08:27:06,457 [WARN] MainUpdater:1184 - Updater busy. Cannot search thirdparties
2023-02-22 08:27:06,459 [INFO] ThirdPartyUpdaterWithRetryManager:96 - Updater plugin is busy. [5/15]
2023-02-22 08:27:09,460 [WARN] MainUpdater:1184 - Updater busy. Cannot search thirdparties
2023-02-22 08:27:09,460 [INFO] ThirdPartyUpdaterWithRetryManager:96 - Updater plugin is busy. [6/15]
2023-02-22 08:27:12,469 [WARN] MainUpdater:1184 - Updater busy. Cannot search thirdparties
2023-02-22 08:27:12,469 [INFO] ThirdPartyUpdaterWithRetryManager:96 - Updater plugin is busy. [7/15]
2023-02-22 08:27:15,474 [WARN] MainUpdater:1184 - Updater busy. Cannot search thirdparties
2023-02-22 08:27:15,474 [INFO] ThirdPartyUpdaterWithRetryManager:96 - Updater plugin is busy. [8/15]
2023-02-22 08:27:18,477 [WARN] MainUpdater:1184 - Updater busy. Cannot search thirdparties
2023-02-22 08:27:18,477 [INFO] ThirdPartyUpdaterWithRetryManager:96 - Updater plugin is busy. [9/15]
2023-02-22 08:27:21,484 [WARN] MainUpdater:1184 - Updater busy. Cannot search thirdparties
2023-02-22 08:27:21,484 [INFO] ThirdPartyUpdaterWithRetryManager:96 - Updater plugin is busy. [10/15]
2023-02-22 08:27:24,492 [WARN] MainUpdater:1184 - Updater busy. Cannot search thirdparties
2023-02-22 08:27:24,492 [INFO] ThirdPartyUpdaterWithRetryManager:96 - Updater plugin is busy. [11/15]
2023-02-22 08:27:27,496 [WARN] MainUpdater:1184 - Updater busy. Cannot search thirdparties
2023-02-22 08:27:27,500 [INFO] ThirdPartyUpdaterWithRetryManager:96 - Updater plugin is busy. [12/15]
2023-02-22 08:27:27,564 [INFO] FileExtend:239 - Unzip File : cube-finder-db.zip
2023-02-22 08:27:27,566 [INFO] FileExtend:254 - Standard Zip Deflate
2023-02-22 08:27:29,129 [INFO] LoadUrlFilesThread:150 - End of LoadUrlFiles Thread
2023-02-22 08:27:29,491 [INFO] ServerAccessManage:474 - Download File crdb.zip
2023-02-22 08:27:30,019 [INFO] FileExtend:239 - Unzip File : crdb.zip
2023-02-22 08:27:30,019 [INFO] FileExtend:254 - Standard Zip Deflate
2023-02-22 08:27:30,213 [INFO] LoadUrlFilesThread:150 - End of LoadUrlFiles Thread
2023-02-22 08:27:30,386 [INFO] ServerAccessManage:474 - Download File tutoVideoDB.zip
2023-02-22 08:27:30,489 [INFO] FileExtend:239 - Unzip File : tutoVideoDB.zip
2023-02-22 08:27:30,489 [INFO] FileExtend:254 - Standard Zip Deflate
2023-02-22 08:27:30,508 [WARN] MainUpdater:1184 - Updater busy. Cannot search thirdparties
2023-02-22 08:27:30,509 [INFO] ThirdPartyUpdaterWithRetryManager:96 - Updater plugin is busy. [13/15]
2023-02-22 08:27:30,630 [INFO] LoadUrlFilesThread:150 - End of LoadUrlFiles Thread
2023-02-22 08:27:30,663 [INFO] JxBrowserEngine:106 - Initiate JxBrowser Engine with user profile folder
2023-02-22 08:27:31,068 [ERROR] JxBrowserEngine:59 - Can't initiate JxBrowser engine com.teamdev.jxbrowser.engine.ChromiumBinariesExtractionException: Failed to extract Chromium binaries into C:\Users\VeliSacikara\.stm32cubemx\.jxbrowser\Chromium
2023-02-22 08:27:31,068 [WARN] DbFile:40 - Overriding database path with different value: C:\Users\VeliSacikara\.stmcufinder\plugins\mcufinder/ => C:\Users\VeliSacikara\.stmcufinder\plugins\mcufinder
2023-02-22 08:27:31,159 [INFO] ServerAccessManage:474 - Download File api_config.json
2023-02-22 08:27:31,277 [INFO] LoadUrlFilesThread:150 - End of LoadUrlFiles Thread
2023-02-22 08:27:31,288 [INFO] DbMcusAds:52 - JSON generation date=Tue Feb 21 17:58:20 TRT 2023 (1676991500439)
2023-02-22 08:27:31,998 [INFO] ServerAccessManage:474 - Download File 
2023-02-22 08:27:32,074 [INFO] LoadUrlFilesThread:177 - End of LoadServerUrlFiles without Thread
2023-02-22 08:27:32,075 [INFO] TargetSelectorAdapter:228 - Refresh data is successful
2023-02-22 08:27:32,375 [INFO] ApiDb:576 - Connected to CubeFinder SQLite database (C:\Users\VeliSacikara\.stmcufinder\plugins\mcufinder\mcu\cube-finder-db.db)
2023-02-22 08:27:32,582 [INFO] ApiDb:663 - CubeFinder database Data Model version=2.1
2023-02-22 08:27:32,584 [INFO] ApiDb:664 - CubeFinder database Configuration version=3.0.35
2023-02-22 08:27:32,586 [INFO] ApiDb:665 - CubeFinder database generation date=2023-02-02 (1675320190)
2023-02-22 08:27:32,587 [INFO] ApiDb:666 - CubeFinder database FW Pack versions=[FP-ATR-ASTRA1_V1.1.1, STM32Cube_FW_C0_V1.0.1, STM32Cube_FW_F4_V1.27.1, STM32Cube_FW_F7_V1.17.0, STM32Cube_FW_G0_V1.6.1, STM32Cube_FW_G4_V1.5.0, STM32Cube_FW_H5_V0.5.1, STM32Cube_FW_H7_V1.11.0, STM32Cube_FW_L5_V1.5.0, STM32Cube_FW_U5_V1.1.1, STM32Cube_FW_WBA_V0.2.0, STM32Cube_FW_WB_V1.15.0, STM32Cube_FW_WB_V1.15.0RC1, STM32Cube_FW_WL_V1.3.0, X-CUBE-ALGOBUILD_V1.3.0, X-CUBE-ALS_V1.0.1, X-CUBE-AZRTOS-F4_V1.1.0, X-CUBE-AZRTOS-F7_V1.1.0, X-CUBE-AZRTOS-G0_V1.1.0, X-CUBE-AZRTOS-G4_V1.0.0, X-CUBE-AZRTOS-H7_V3.0.0, X-CUBE-AZRTOS-L4_V1.0.0, X-CUBE-AZRTOS-L5_V1.1.0, X-CUBE-AZRTOS-WB_V1.1.0, X-CUBE-AZRTOS-WL_V1.0.0, X-CUBE-BLE1_V6.2.4, X-CUBE-BLE2_V3.3.0, X-CUBE-BLEMGR_V1.3.0, X-CUBE-EEPRMA1_V4.1.0, X-CUBE-GNSS1_V6.0.0, X-CUBE-MEMS1_V9.1.0, X-CUBE-MEMS1_V9.3.0, X-CUBE-MEMS1_V9.4.0, X-CUBE-NFC4_V3.0.0, X-CUBE-NFC7_V1.0.0, X-CUBE-SFXS2LP1_V4.0.0, X-CUBE-SUBG2_V5.0.0]
2023-02-22 08:27:33,859 [WARN] PackLoader:242 - Cannot read IP mode file for STMicroelectronics.X-CUBE-GNSS1.6.0.0
2023-02-22 08:27:33,945 [WARN] PackLoader:242 - Cannot read IP mode file for STMicroelectronics.X-CUBE-AZRTOS-F4.1.1.0
2023-02-22 08:27:34,040 [WARN] PackLoader:242 - Cannot read IP mode file for STMicroelectronics.X-CUBE-AZRTOS-F7.1.1.0
2023-02-22 08:27:34,065 [WARN] PackLoader:242 - Cannot read IP mode file for STMicroelectronics.X-CUBE-BLE1.6.2.3
2023-02-22 08:27:34,095 [WARN] PackLoader:242 - Cannot read IP mode file for STMicroelectronics.X-CUBE-BLE1.6.2.4
2023-02-22 08:27:34,124 [WARN] PackLoader:242 - Cannot read IP mode file for STMicroelectronics.X-CUBE-NFC4.2.0.5
2023-02-22 08:27:34,147 [WARN] PackLoader:242 - Cannot read IP mode file for STMicroelectronics.X-CUBE-NFC4.2.0.4
2023-02-22 08:27:34,188 [WARN] PackLoader:242 - Cannot read IP mode file for STMicroelectronics.X-CUBE-TOF1.3.1.0
2023-02-22 08:27:34,232 [WARN] PackLoader:242 - Cannot read IP mode file for STMicroelectronics.X-CUBE-DISPLAY.3.0.0
2023-02-22 08:27:34,260 [WARN] PackLoader:242 - Cannot read IP mode file for wolfSSL.I-CUBE-wolfSSL.5.5.0
2023-02-22 08:27:34,282 [WARN] PackLoader:242 - Cannot read IP mode file for STMicroelectronics.X-CUBE-NFC7.1.0.0
2023-02-22 08:27:34,457 [WARN] PackLoader:242 - Cannot read IP mode file for STMicroelectronics.X-CUBE-MEMS1.9.3.0
2023-02-22 08:27:34,890 [WARN] PackLoader:242 - Cannot read IP mode file for STMicroelectronics.X-CUBE-EEPRMA1.4.1.0
2023-02-22 08:27:34,912 [WARN] PackLoader:242 - Cannot read IP mode file for STMicroelectronics.X-CUBE-AI.7.2.0
2023-02-22 08:27:34,936 [WARN] PackLoader:242 - Cannot read IP mode file for STMicroelectronics.X-CUBE-SFXS2LP1.4.0.0
2023-02-22 08:27:34,971 [WARN] PackLoader:242 - Cannot read IP mode file for STMicroelectronics.X-CUBE-BLE2.3.3.0
2023-02-22 08:27:35,004 [WARN] PackLoader:242 - Cannot read IP mode file for STMicroelectronics.X-CUBE-DISPLAY.2.2.0
2023-02-22 08:27:35,047 [WARN] PackLoader:242 - Cannot read IP mode file for STMicroelectronics.X-CUBE-TOF1.3.2.0
2023-02-22 08:27:35,137 [WARN] PackLoader:242 - Cannot read IP mode file for STMicroelectronics.X-CUBE-AZRTOS-H7.3.0.0
2023-02-22 08:27:35,159 [WARN] PackLoader:242 - Cannot read IP mode file for STMicroelectronics.X-CUBE-ISPU.1.0.0
2023-02-22 08:27:35,179 [WARN] PackLoader:242 - Cannot read IP mode file for STMicroelectronics.X-CUBE-ISPU.1.1.0
2023-02-22 08:27:35,206 [WARN] PackLoader:242 - Cannot read IP mode file for RoweBots.I-CUBE-UNISONRTOS.5.5.0-4
2023-02-22 08:27:35,294 [WARN] PackLoader:242 - Cannot read IP mode file for STMicroelectronics.X-CUBE-AZRTOS-H7.2.1.0
2023-02-22 08:27:35,306 [WARN] PackLoader:242 - Cannot read IP mode file for STMicroelectronics.X-CUBE-AI.8.0.0
2023-02-22 08:27:35,326 [WARN] PackLoader:242 - Cannot read IP mode file for STMicroelectronics.X-CUBE-TOUCHGFX.4.21.1
2023-02-22 08:27:35,344 [WARN] PackLoader:242 - Cannot read IP mode file for STMicroelectronics.X-CUBE-TOUCHGFX.4.21.0
2023-02-22 08:27:35,373 [WARN] PackLoader:242 - Cannot read IP mode file for STMicroelectronics.X-CUBE-BLEMGR.1.0.0
2023-02-22 08:27:35,515 [WARN] PackLoader:242 - Cannot read IP mode file for STMicroelectronics.X-CUBE-MEMS1.9.4.0
2023-02-22 08:27:35,830 [WARN] PackLoader:242 - Cannot read IP mode file for STMicroelectronics.X-CUBE-AI.7.3.0
2023-02-22 08:27:35,857 [WARN] PackLoader:242 - Cannot read IP mode file for STMicroelectronics.X-CUBE-ALGOBUILD.1.3.0
2023-02-22 08:27:35,918 [WARN] PackLoader:242 - Cannot read IP mode file for STMicroelectronics.X-CUBE-AZRTOS-L5.1.1.0
2023-02-22 08:27:36,016 [WARN] PackLoader:242 - Cannot read IP mode file for STMicroelectronics.X-CUBE-AZRTOS-G0.1.1.0
2023-02-22 08:27:36,064 [WARN] PackLoader:242 - Cannot read IP mode file for STMicroelectronics.X-CUBE-SUBG2.5.0.0
2023-02-22 08:27:36,146 [WARN] PackLoader:242 - Cannot read IP mode file for STMicroelectronics.X-CUBE-NFC4.3.0.0
2023-02-22 08:27:36,295 [WARN] PackLoader:242 - Cannot read IP mode file for SEGGER.I-CUBE-embOS.1.2.0
2023-02-22 08:27:36,425 [WARN] PackLoader:242 - Cannot read IP mode file for STMicroelectronics.FP-ATR-ASTRA1.1.1.1
2023-02-22 08:27:36,474 [WARN] PackLoader:242 - Cannot read IP mode file for STMicroelectronics.X-CUBE-BLEMGR.1.3.0
2023-02-22 08:27:36,537 [WARN] PackLoader:242 - Cannot read IP mode file for STMicroelectronics.X-CUBE-AZRTOS-G4.1.0.0
2023-02-22 08:27:36,549 [WARN] PackLoader:242 - Cannot read IP mode file for STMicroelectronics.FP-ATR-SIGFOX1.3.2.0
2023-02-22 08:27:36,608 [WARN] PackLoader:242 - Cannot read IP mode file for STMicroelectronics.X-CUBE-AZRTOS-L4.1.0.0
2023-02-22 08:27:36,646 [WARN] PackLoader:242 - Cannot read IP mode file for emotas.I-CUBE-CANOPEN.1.1.2
2023-02-22 08:27:36,680 [WARN] PackLoader:242 - Cannot read IP mode file for STMicroelectronics.X-CUBE-TOUCHGFX.4.20.0
2023-02-22 08:27:36,748 [WARN] PackLoader:242 - Cannot read IP mode file for STMicroelectronics.X-CUBE-AZRTOS-WL.1.0.0
2023-02-22 08:27:36,784 [WARN] PackLoader:242 - Cannot read IP mode file for portGmbH.I-Cube-SoM-uGOAL.1.1.0
2023-02-22 08:27:36,875 [WARN] PackLoader:242 - Cannot read IP mode file for STMicroelectronics.X-CUBE-ALS.1.0.1
2023-02-22 08:27:36,970 [WARN] PackLoader:242 - Cannot read IP mode file for STMicroelectronics.X-CUBE-MEMS1.9.5.0
2023-02-22 08:27:37,326 [WARN] PackLoader:242 - Cannot read IP mode file for STMicroelectronics.X-CUBE-AZRTOS-WB.1.1.0
2023-02-22 08:27:37,371 [WARN] PackLoader:242 - Cannot read IP mode file for STMicroelectronics.X-CUBE-AZRTOS-L5.1.0.0
2023-02-22 08:27:37,394 [WARN] PackLoader:242 - Cannot read IP mode file for STMicroelectronics.X-CUBE-EEPRMA1.3.1.1
2023-02-22 08:27:37,397 [INFO] ThirdParty:929 - Integrity check success = true
2023-02-22 08:27:37,397 [INFO] IntegrityCheckThread:98 - exiting critical section [integrity check]
2023-02-22 08:27:37,397 [INFO] IntegrityCheckThread:101 - End integrity checks thread
2023-02-22 08:27:38,068 [INFO] ApiDb:239 - Found 138 in-development CPN: [B-WB1M-WPAN1, NUCLEO-C031C6, STEVAL-STWINBX1, STM320518-EVAL, STM32C0116-DK, STM32C011D6Y3TR, STM32C011D6Y6TR, STM32C011F4P3, STM32C011F4P6, STM32C011F4U3, STM32C011F4U6TR, STM32C011F6P3, STM32C011F6P6, STM32C011F6U3, STM32C011F6U6TR, STM32C011J4M3, STM32C011J4M6, STM32C011J6M3, STM32C011J6M6, STM32C0316-DK, STM32C031C4T3, STM32C031C4T6, STM32C031C4U3, STM32C031C4U6, STM32C031C6T3, STM32C031C6T6, STM32C031C6U3, STM32C031C6U6, STM32C031F4P3, STM32C031F4P6, STM32C031F6P3, STM32C031F6P6, STM32C031G4U3, STM32C031G4U6, STM32C031G6U3, STM32C031G6U6, STM32C031K4T3, STM32C031K4T6, STM32C031K4U3, STM32C031K4U6, STM32C031K6T3, STM32C031K6T6, STM32C031K6U3, STM32C031K6U6, STM32G071K8TXN, STM32G071K8UXN, STM32G081GBU6N, STM32G081KBT6N, STM32G081KBUXN, STM32G0B1CCT6N, STM32G0B1KCT6, STM32G0B1NEY6TR, STM32G0B1RCT6N, STM32G0C1CCT6, STM32G0C1CCT6N, STM32G0C1CCU6N, STM32G0C1CET6N, STM32G0C1CEU6N, STM32G0C1KCT6, STM32G0C1NEY6TR, STM32G0C1RCI6N, STM32G0C1RCT6N, STM32G0C1REI6N, STM32G0C1RET6N, STM32G0C1VCI6, STM32G0C1VEI6, STM32G471CCT6, STM32G471CCU6, STM32G471CET3, STM32G471CET6, STM32G471CEU3, STM32G471CEU6, STM32G471MCT6, STM32G471MET3, STM32G471MET6, STM32G471MEY6TR, STM32G471QCT6, STM32G471QET3, STM32G471RCT6, STM32G471RET3, STM32G471RET6, STM32G471VCH6, STM32G471VCI6, STM32G471VCT6, STM32G471VEH3, STM32G471VEH6, STM32G471VEI3, STM32G471VEI6, STM32G471VET3, STM32G471VET6, STM32G474CCT6, STM32L476VGY6PTR, STM32L4R5QGI6STR, STM32MP131AAE3, STM32MP131AAF3, STM32MP131AAG3, STM32MP131CAE3, STM32MP131CAF3, STM32MP131CAG3, STM32MP131DAE7, STM32MP131DAF7, STM32MP131DAG7, STM32MP131FAE7, STM32MP131FAF7, STM32MP131FAG7, STM32MP133AAE3, STM32MP133AAF3, STM32MP133AAG3, STM32MP133CAE3, STM32MP133CAF3, STM32MP133CAG3, STM32MP133DAE7, STM32MP133DAF7, STM32MP133DAG7, STM32MP133FAE7, STM32MP133FAF7, STM32MP133FAG7, STM32MP135AAE3, STM32MP135AAF3, STM32MP135AAG3, STM32MP135CAE3, STM32MP135CAF3, STM32MP135CAG3, STM32MP135DAE7, STM32MP135DAF7, STM32MP135DAG7, STM32MP135F-DK, STM32MP135FAE7, STM32MP135FAF7, STM32MP135FAG7, STM32U595ZJT6Q, STM32U599BJY6QTR, STM32U599NIH6Q, STM32U599NJH6Q, STM32U5A5ZJT6Q, STM32U5A9BJY6QTR, STM32U5A9NJH6Q, STM32WB1MMCH6]
2023-02-22 08:27:38,077 [INFO] DbMcus:215 - Found 3580 MCUs, 3580 are supported
2023-02-22 08:27:38,080 [INFO] ApiDb:418 - Load user favorites file C:\Users\VeliSacikara/.stm32cubeide/favorites.mcus.txt: 0 item(s)
2023-02-22 08:27:38,080 [INFO] ApiDb:422 - User favorites MCUs=[]
2023-02-22 08:27:38,080 [INFO] DbMcus:221 - Set 0 / 0 favorites MCUs
2023-02-22 08:27:38,090 [INFO] ApiDb:663 - CubeFinder database Data Model version=2.1
2023-02-22 08:27:38,091 [INFO] ApiDb:664 - CubeFinder database Configuration version=3.0.35
2023-02-22 08:27:38,091 [INFO] ApiDb:665 - CubeFinder database generation date=2023-02-02 (1675320190)
2023-02-22 08:27:38,091 [INFO] ApiDb:666 - CubeFinder database FW Pack versions=[FP-ATR-ASTRA1_V1.1.1, STM32Cube_FW_C0_V1.0.1, STM32Cube_FW_F4_V1.27.1, STM32Cube_FW_F7_V1.17.0, STM32Cube_FW_G0_V1.6.1, STM32Cube_FW_G4_V1.5.0, STM32Cube_FW_H5_V0.5.1, STM32Cube_FW_H7_V1.11.0, STM32Cube_FW_L5_V1.5.0, STM32Cube_FW_U5_V1.1.1, STM32Cube_FW_WBA_V0.2.0, STM32Cube_FW_WB_V1.15.0, STM32Cube_FW_WB_V1.15.0RC1, STM32Cube_FW_WL_V1.3.0, X-CUBE-ALGOBUILD_V1.3.0, X-CUBE-ALS_V1.0.1, X-CUBE-AZRTOS-F4_V1.1.0, X-CUBE-AZRTOS-F7_V1.1.0, X-CUBE-AZRTOS-G0_V1.1.0, X-CUBE-AZRTOS-G4_V1.0.0, X-CUBE-AZRTOS-H7_V3.0.0, X-CUBE-AZRTOS-L4_V1.0.0, X-CUBE-AZRTOS-L5_V1.1.0, X-CUBE-AZRTOS-WB_V1.1.0, X-CUBE-AZRTOS-WL_V1.0.0, X-CUBE-BLE1_V6.2.4, X-CUBE-BLE2_V3.3.0, X-CUBE-BLEMGR_V1.3.0, X-CUBE-EEPRMA1_V4.1.0, X-CUBE-GNSS1_V6.0.0, X-CUBE-MEMS1_V9.1.0, X-CUBE-MEMS1_V9.3.0, X-CUBE-MEMS1_V9.4.0, X-CUBE-NFC4_V3.0.0, X-CUBE-NFC7_V1.0.0, X-CUBE-SFXS2LP1_V4.0.0, X-CUBE-SUBG2_V5.0.0]
2023-02-22 08:27:38,175 [INFO] DbBoardsSqlite:227 - include board P-NUCLEO-WB55-NUCLEO as a kit item of type 'Nucleo-64'
2023-02-22 08:27:38,175 [INFO] DbBoardsSqlite:227 - include board P-NUCLEO-WB55-USBDONGLE as a kit item of type 'Nucleo USB Dongle'
2023-02-22 08:27:38,175 [INFO] DbBoardsSqlite:227 - include board STEVAL-IDP005V1 as a kit item of type 'Evaluation Board'
2023-02-22 08:27:38,175 [INFO] DbBoardsSqlite:227 - include board STEVAL-IDP005V2 as a kit item of type 'Evaluation Board'
2023-02-22 08:27:38,250 [INFO] ApiDb:239 - Found 138 in-development CPN: [B-WB1M-WPAN1, NUCLEO-C031C6, STEVAL-STWINBX1, STM320518-EVAL, STM32C0116-DK, STM32C011D6Y3TR, STM32C011D6Y6TR, STM32C011F4P3, STM32C011F4P6, STM32C011F4U3, STM32C011F4U6TR, STM32C011F6P3, STM32C011F6P6, STM32C011F6U3, STM32C011F6U6TR, STM32C011J4M3, STM32C011J4M6, STM32C011J6M3, STM32C011J6M6, STM32C0316-DK, STM32C031C4T3, STM32C031C4T6, STM32C031C4U3, STM32C031C4U6, STM32C031C6T3, STM32C031C6T6, STM32C031C6U3, STM32C031C6U6, STM32C031F4P3, STM32C031F4P6, STM32C031F6P3, STM32C031F6P6, STM32C031G4U3, STM32C031G4U6, STM32C031G6U3, STM32C031G6U6, STM32C031K4T3, STM32C031K4T6, STM32C031K4U3, STM32C031K4U6, STM32C031K6T3, STM32C031K6T6, STM32C031K6U3, STM32C031K6U6, STM32G071K8TXN, STM32G071K8UXN, STM32G081GBU6N, STM32G081KBT6N, STM32G081KBUXN, STM32G0B1CCT6N, STM32G0B1KCT6, STM32G0B1NEY6TR, STM32G0B1RCT6N, STM32G0C1CCT6, STM32G0C1CCT6N, STM32G0C1CCU6N, STM32G0C1CET6N, STM32G0C1CEU6N, STM32G0C1KCT6, STM32G0C1NEY6TR, STM32G0C1RCI6N, STM32G0C1RCT6N, STM32G0C1REI6N, STM32G0C1RET6N, STM32G0C1VCI6, STM32G0C1VEI6, STM32G471CCT6, STM32G471CCU6, STM32G471CET3, STM32G471CET6, STM32G471CEU3, STM32G471CEU6, STM32G471MCT6, STM32G471MET3, STM32G471MET6, STM32G471MEY6TR, STM32G471QCT6, STM32G471QET3, STM32G471RCT6, STM32G471RET3, STM32G471RET6, STM32G471VCH6, STM32G471VCI6, STM32G471VCT6, STM32G471VEH3, STM32G471VEH6, STM32G471VEI3, STM32G471VEI6, STM32G471VET3, STM32G471VET6, STM32G474CCT6, STM32L476VGY6PTR, STM32L4R5QGI6STR, STM32MP131AAE3, STM32MP131AAF3, STM32MP131AAG3, STM32MP131CAE3, STM32MP131CAF3, STM32MP131CAG3, STM32MP131DAE7, STM32MP131DAF7, STM32MP131DAG7, STM32MP131FAE7, STM32MP131FAF7, STM32MP131FAG7, STM32MP133AAE3, STM32MP133AAF3, STM32MP133AAG3, STM32MP133CAE3, STM32MP133CAF3, STM32MP133CAG3, STM32MP133DAE7, STM32MP133DAF7, STM32MP133DAG7, STM32MP133FAE7, STM32MP133FAF7, STM32MP133FAG7, STM32MP135AAE3, STM32MP135AAF3, STM32MP135AAG3, STM32MP135CAE3, STM32MP135CAF3, STM32MP135CAG3, STM32MP135DAE7, STM32MP135DAF7, STM32MP135DAG7, STM32MP135F-DK, STM32MP135FAE7, STM32MP135FAF7, STM32MP135FAG7, STM32U595ZJT6Q, STM32U599BJY6QTR, STM32U599NIH6Q, STM32U599NJH6Q, STM32U5A5ZJT6Q, STM32U5A9BJY6QTR, STM32U5A9NJH6Q, STM32WB1MMCH6]
2023-02-22 08:27:38,608 [INFO] BoardInfo:879 - No configuration file found for board P-NUCLEO-WB55
2023-02-22 08:27:38,608 [INFO] DbBoards:156 - Kit is not supported: P-NUCLEO-WB55
2023-02-22 08:27:38,615 [INFO] BoardInfo:879 - No configuration file found for board STEVAL-BFA001V1B
2023-02-22 08:27:38,615 [INFO] DbBoards:156 - Kit is not supported: STEVAL-BFA001V1B
2023-02-22 08:27:38,616 [INFO] BoardInfo:879 - No configuration file found for board STEVAL-BFA001V2B
2023-02-22 08:27:38,616 [INFO] DbBoards:156 - Kit is not supported: STEVAL-BFA001V2B
2023-02-22 08:27:38,624 [INFO] BoardInfo:879 - No configuration file found for board STEVAL-PROTEUS1
2023-02-22 08:27:38,624 [INFO] DbBoards:156 - Board is not supported: STEVAL-PROTEUS1
2023-02-22 08:27:38,839 [INFO] DbBoards:160 - Found 178 boards, 174 are supported
2023-02-22 08:27:38,847 [INFO] ApiDb:418 - Load user favorites file C:\Users\VeliSacikara/.stm32cubeide/favorites.boards.txt: 0 item(s)
2023-02-22 08:27:38,847 [INFO] ApiDb:422 - User favorites Boards=[]
2023-02-22 08:27:38,847 [INFO] DbBoards:189 - Set 0 / 0 favorites Boards
2023-02-22 08:27:38,851 [INFO] ApiDb:663 - CubeFinder database Data Model version=2.1
2023-02-22 08:27:38,852 [INFO] ApiDb:664 - CubeFinder database Configuration version=3.0.35
2023-02-22 08:27:38,852 [INFO] ApiDb:665 - CubeFinder database generation date=2023-02-02 (1675320190)
2023-02-22 08:27:38,852 [INFO] ApiDb:666 - CubeFinder database FW Pack versions=[FP-ATR-ASTRA1_V1.1.1, STM32Cube_FW_C0_V1.0.1, STM32Cube_FW_F4_V1.27.1, STM32Cube_FW_F7_V1.17.0, STM32Cube_FW_G0_V1.6.1, STM32Cube_FW_G4_V1.5.0, STM32Cube_FW_H5_V0.5.1, STM32Cube_FW_H7_V1.11.0, STM32Cube_FW_L5_V1.5.0, STM32Cube_FW_U5_V1.1.1, STM32Cube_FW_WBA_V0.2.0, STM32Cube_FW_WB_V1.15.0, STM32Cube_FW_WB_V1.15.0RC1, STM32Cube_FW_WL_V1.3.0, X-CUBE-ALGOBUILD_V1.3.0, X-CUBE-ALS_V1.0.1, X-CUBE-AZRTOS-F4_V1.1.0, X-CUBE-AZRTOS-F7_V1.1.0, X-CUBE-AZRTOS-G0_V1.1.0, X-CUBE-AZRTOS-G4_V1.0.0, X-CUBE-AZRTOS-H7_V3.0.0, X-CUBE-AZRTOS-L4_V1.0.0, X-CUBE-AZRTOS-L5_V1.1.0, X-CUBE-AZRTOS-WB_V1.1.0, X-CUBE-AZRTOS-WL_V1.0.0, X-CUBE-BLE1_V6.2.4, X-CUBE-BLE2_V3.3.0, X-CUBE-BLEMGR_V1.3.0, X-CUBE-EEPRMA1_V4.1.0, X-CUBE-GNSS1_V6.0.0, X-CUBE-MEMS1_V9.1.0, X-CUBE-MEMS1_V9.3.0, X-CUBE-MEMS1_V9.4.0, X-CUBE-NFC4_V3.0.0, X-CUBE-NFC7_V1.0.0, X-CUBE-SFXS2LP1_V4.0.0, X-CUBE-SUBG2_V5.0.0]
2023-02-22 08:27:40,020 [INFO] DbExamplesSqlite:374 - Ignored 32 examples not supported by CubeIDE
2023-02-22 08:27:40,020 [INFO] DbExamplesSqlite:375 - Found 6238 examples active
2023-02-22 08:27:40,020 [INFO] DbExamplesSqlite:376 - Found 276 examples obsolete
2023-02-22 08:27:40,020 [INFO] DbExamplesSqlite:377 - Found 0 examples under development
2023-02-22 08:27:40,024 [INFO] DbExamplesSqlite:378 - Found 76 examples not building
2023-02-22 08:27:40,025 [INFO] DbExamples:124 - Found 6282 examples
2023-02-22 08:27:40,053 [ERROR] DbExamples:207 - Found 14 examples with invalid data (board or MCU)
2023-02-22 08:27:40,053 [INFO] DbExamples:221 - Found 77 boards with related examples
2023-02-22 08:27:40,054 [INFO] DbExamples:234 - Found 64 MCUs with related examples
2023-02-22 08:27:40,136 [INFO] ApiDb:409 - User favorites file not found: C:\Users\VeliSacikara/.stm32cubeide/favorites.examples.txt
2023-02-22 08:27:40,136 [INFO] DbExamples:249 - Set 0 / 0 favorites Examples
2023-02-22 08:27:40,637 [INFO] McuFinderGlobals:57 - Set McuFinderConnectedMode to true
2023-02-22 08:27:40,650 [INFO] MultiScanPanel:195 - Auto-refresh data requested => check proxy status ongoing
2023-02-22 08:27:40,660 [INFO] FinderPluginLoader:92 - Searching for filters in installed packs
2023-02-22 08:27:43,339 [INFO] LoadUrlFilesThread:177 - End of LoadServerUrlFiles without Thread
2023-02-22 08:27:43,393 [INFO] DetailPanel:339 - Set advertising image to C:/Users/VeliSacikara/STM32Cube/Repository/\en.prom-stm32u5-0223.jpg
2023-02-22 08:28:38,978 [INFO] MainUpdater:2768 - connection check result : 10
2023-02-22 08:28:38,979 [INFO] MainUpdater:2768 - connection check result : 10
2023-02-22 08:28:39,032 [INFO] MicroXplorer:451 - Change Database Path : 
2023-02-22 08:28:39,033 [INFO] MicroXplorer:481 - Change Database Version : DB.6.0.60
2023-02-22 08:28:39,033 [WARN] ThirdParty:827 - waiting for thirdparty lock release [close project]
2023-02-22 08:28:39,033 [INFO] ThirdParty:829 - entering critical section [close project]
2023-02-22 08:28:39,035 [INFO] ThirdParty:839 - exiting critical section [close project]
2023-02-22 08:28:39,043 [INFO] PinOutPanel:1468 - setPackage(No Configuration,No Configuration)
2023-02-22 08:28:39,057 [INFO] UtilMem:74 - Begin LoadConfig() Used Memory: 576176072 Bytes (713031680)
2023-02-22 08:28:39,059 [INFO] MicroXplorer:451 - Change Database Path : 
2023-02-22 08:28:39,059 [INFO] MicroXplorer:481 - Change Database Version : DB.6.0.60
2023-02-22 08:28:39,060 [INFO] OpenFileManager:307 - Change cursor
2023-02-22 08:28:39,241 [INFO] Mcu:1922 - Initializing MCU STM32F407VGTx STM32F407VGTx 
2023-02-22 08:28:39,242 [INFO] Mcu:1935 - No CPN specified => set CPN to STM32F407VGT6
2023-02-22 08:28:42,351 [INFO] Context:654 - Trying to add GPIOservice into a context  which must be forbidden
2023-02-22 08:28:43,233 [INFO] ImportTextPane:193 - (OptionalMessage_ERROR) Unable to find key (Mcu.ThirdPartyNb) in loaded IOC file
2023-02-22 08:28:43,237 [INFO] ImportTextPane:193 - (OptionalMessage_ERROR) Unable to find key (Mcu.PinsNb) in loaded IOC file
2023-02-22 08:28:43,237 [INFO] ImportTextPane:193 - (OptionalMessage_ERROR) Unable to find key (Mcu.IPNb) in loaded IOC file
2023-02-22 08:28:43,361 [WARN] ApiManager:308 - Cannot register API 'Board Extension:GNSS1A1' from pack STMicroelectronics.X-CUBE-GNSS1.6.0.0: no header file found
2023-02-22 08:28:43,361 [WARN] ApiManager:308 - Cannot register API 'Board Support:Custom' from pack STMicroelectronics.X-CUBE-GNSS1.6.0.0: no header file found
2023-02-22 08:28:43,361 [WARN] ApiManager:308 - Cannot register API 'Data Exchange:lib_gnss' from pack STMicroelectronics.X-CUBE-GNSS1.6.0.0: no header file found
2023-02-22 08:28:43,678 [WARN] ApiManager:308 - Cannot register API 'Board Extension:IKS01A3' from pack STMicroelectronics.X-CUBE-MEMS1.9.4.0: no header file found
2023-02-22 08:28:43,678 [WARN] ApiManager:308 - Cannot register API 'Board Extension:IKS01A2' from pack STMicroelectronics.X-CUBE-MEMS1.9.4.0: no header file found
2023-02-22 08:28:43,682 [WARN] ApiManager:308 - Cannot register API 'Board Extension:IKS02A1' from pack STMicroelectronics.X-CUBE-MEMS1.9.4.0: no header file found
2023-02-22 08:28:43,694 [WARN] ApiManager:308 - Cannot register API 'Wireless:BlueNRG-MS' from pack STMicroelectronics.X-CUBE-BLE1.6.2.3: no header file found
2023-02-22 08:28:43,699 [WARN] ApiManager:308 - Cannot register API 'Wireless:BlueNRG-MS' from pack STMicroelectronics.X-CUBE-BLE1.6.2.4: no header file found
2023-02-22 08:28:43,701 [INFO] RtosManager:488 - Registered RTOS mode: class=CMSIS, group=RTOS, mode=CMSIS_V1, owner=FREERTOS
2023-02-22 08:28:43,701 [INFO] RtosManager:488 - Registered RTOS mode: class=CMSIS, group=RTOS2, mode=CMSIS_V2, owner=FREERTOS
2023-02-22 08:28:43,701 [INFO] RtosManager:488 - Registered RTOS mode: class=RTOS, group=Core, mode=CMSIS_V1, owner=FREERTOS
2023-02-22 08:28:43,701 [INFO] RtosManager:488 - Registered RTOS mode: class=RTOS, group=Core, mode=CMSIS_V2, owner=FREERTOS
2023-02-22 08:28:43,701 [WARN] ModelIntegratedComponent:185 - Missing modes for component STMicroelectronics:FreeRTOS:0.0.1:STMicroelectronics:RTOS:FreeRTOS:Core:::10.2.0:
2023-02-22 08:28:43,719 [WARN] ApiManager:308 - Cannot register API 'Board Extension:S2868A1' from pack STMicroelectronics.X-CUBE-SUBG2.5.0.0: no header file found
2023-02-22 08:28:43,719 [WARN] ApiManager:308 - Cannot register API 'Board Extension:S2868A2' from pack STMicroelectronics.X-CUBE-SUBG2.5.0.0: no header file found
2023-02-22 08:28:43,719 [WARN] ApiManager:308 - Cannot register API 'Board Extension:S2915A1' from pack STMicroelectronics.X-CUBE-SUBG2.5.0.0: no header file found
2023-02-22 08:28:43,721 [WARN] ApiManager:308 - Cannot register API 'Board Extension:NFC04A1' from pack STMicroelectronics.X-CUBE-NFC4.3.0.0: no header file found
2023-02-22 08:28:43,754 [WARN] ApiManager:308 - Cannot register API 'Board Extension:NFC04A1' from pack STMicroelectronics.X-CUBE-NFC4.2.0.5: no header file found
2023-02-22 08:28:43,755 [WARN] ApiManager:308 - Cannot register API 'Board Extension:NFC04A1' from pack STMicroelectronics.X-CUBE-NFC4.2.0.4: no header file found
2023-02-22 08:28:43,774 [WARN] ModelIntegratedComponent:64 - No mode defined for component null
2023-02-22 08:28:43,774 [WARN] ModelIntegratedComponent:64 - No mode defined for component null
2023-02-22 08:28:43,774 [WARN] ModelIntegratedComponent:64 - No mode defined for component null
2023-02-22 08:28:43,774 [WARN] ModelIntegratedComponent:64 - No mode defined for component null
2023-02-22 08:28:43,774 [WARN] ModelIntegratedComponent:64 - No mode defined for component null
2023-02-22 08:28:43,774 [WARN] ModelIntegratedComponent:64 - No mode defined for component null
2023-02-22 08:28:43,774 [WARN] ModelIntegratedComponent:64 - No mode defined for component null
2023-02-22 08:28:43,774 [WARN] ModelIntegratedComponent:64 - No mode defined for component null
2023-02-22 08:28:43,775 [WARN] ModelIntegratedComponent:64 - No mode defined for component null
2023-02-22 08:28:43,775 [WARN] ModelIntegratedComponent:64 - No mode defined for component null
2023-02-22 08:28:43,775 [WARN] ModelIntegratedComponent:64 - No mode defined for component null
2023-02-22 08:28:43,775 [WARN] ModelIntegratedComponent:64 - No mode defined for component null
2023-02-22 08:28:43,775 [WARN] ModelIntegratedComponent:64 - No mode defined for component null
2023-02-22 08:28:43,775 [WARN] ModelIntegratedComponent:64 - No mode defined for component null
2023-02-22 08:28:43,775 [WARN] ModelIntegratedComponent:64 - No mode defined for component null
2023-02-22 08:28:43,775 [WARN] ModelIntegratedComponent:64 - No mode defined for component null
2023-02-22 08:28:43,776 [WARN] ModelIntegratedComponent:64 - No mode defined for component null
2023-02-22 08:28:43,776 [WARN] ModelIntegratedComponent:64 - No mode defined for component null
2023-02-22 08:28:43,776 [WARN] ModelIntegratedComponent:64 - No mode defined for component null
2023-02-22 08:28:43,776 [WARN] ModelIntegratedComponent:64 - No mode defined for component null
2023-02-22 08:28:43,776 [WARN] ModelIntegratedComponent:64 - No mode defined for component null
2023-02-22 08:28:43,776 [WARN] ModelIntegratedComponent:64 - No mode defined for component null
2023-02-22 08:28:43,776 [WARN] ModelIntegratedComponent:64 - No mode defined for component null
2023-02-22 08:28:43,776 [WARN] ModelIntegratedComponent:64 - No mode defined for component null
2023-02-22 08:28:43,776 [WARN] ModelIntegratedComponent:64 - No mode defined for component null
2023-02-22 08:28:43,776 [WARN] ModelIntegratedComponent:64 - No mode defined for component null
2023-02-22 08:28:43,776 [WARN] ModelIntegratedComponent:64 - No mode defined for component null
2023-02-22 08:28:43,776 [WARN] ModelIntegratedComponent:64 - No mode defined for component null
2023-02-22 08:28:43,778 [WARN] ModelIntegratedComponent:64 - No mode defined for component null
2023-02-22 08:28:43,778 [WARN] ModelIntegratedComponent:64 - No mode defined for component null
2023-02-22 08:28:43,778 [WARN] ModelIntegratedComponent:64 - No mode defined for component null
2023-02-22 08:28:43,778 [WARN] ModelIntegratedComponent:64 - No mode defined for component null
2023-02-22 08:28:43,778 [WARN] ModelIntegratedComponent:64 - No mode defined for component null
2023-02-22 08:28:43,781 [WARN] ApiManager:308 - Cannot register API 'Board Extension:NFC07A1' from pack STMicroelectronics.X-CUBE-NFC7.1.0.0: no header file found
2023-02-22 08:28:43,972 [WARN] ApiManager:308 - Cannot register API 'Board Extension:IKS01A3' from pack STMicroelectronics.X-CUBE-MEMS1.9.3.0: no header file found
2023-02-22 08:28:43,972 [WARN] ApiManager:308 - Cannot register API 'Board Extension:IKS01A2' from pack STMicroelectronics.X-CUBE-MEMS1.9.3.0: no header file found
2023-02-22 08:28:43,972 [WARN] ApiManager:308 - Cannot register API 'Board Extension:IKS02A1' from pack STMicroelectronics.X-CUBE-MEMS1.9.3.0: no header file found
2023-02-22 08:28:43,978 [WARN] ApiManager:308 - Cannot register API 'Board Extension:EEPRMA1' from pack STMicroelectronics.X-CUBE-EEPRMA1.4.1.0: no header file found
2023-02-22 08:28:43,979 [WARN] ApiManager:308 - Cannot register API 'Board Extension:EEPRMA2' from pack STMicroelectronics.X-CUBE-EEPRMA1.4.1.0: no header file found
2023-02-22 08:28:43,979 [WARN] ApiManager:308 - Cannot register API 'Board Extension:PGEEZ1' from pack STMicroelectronics.X-CUBE-EEPRMA1.4.1.0: no header file found
2023-02-22 08:28:43,979 [WARN] ApiManager:308 - Cannot register API 'Board Part:M24' from pack STMicroelectronics.X-CUBE-EEPRMA1.4.1.0: no header file found
2023-02-22 08:28:43,979 [WARN] ApiManager:308 - Cannot register API 'Board Part:M95' from pack STMicroelectronics.X-CUBE-EEPRMA1.4.1.0: no header file found
2023-02-22 08:28:43,979 [WARN] ApiManager:308 - Cannot register API 'Board Part:M95P32' from pack STMicroelectronics.X-CUBE-EEPRMA1.4.1.0: no header file found
2023-02-22 08:28:43,979 [WARN] ApiManager:308 - Cannot register API 'PGEEZ1:SPI' from pack STMicroelectronics.X-CUBE-EEPRMA1.4.1.0: no header file found
2023-02-22 08:28:43,979 [WARN] ApiManager:308 - Cannot register API 'PGEEZ1:QDSPI' from pack STMicroelectronics.X-CUBE-EEPRMA1.4.1.0: no header file found
2023-02-22 08:28:44,110 [WARN] ApiManager:308 - Cannot register API 'Board Extension:IKS01A3' from pack STMicroelectronics.X-CUBE-MEMS1.9.5.0: no header file found
2023-02-22 08:28:44,110 [WARN] ApiManager:308 - Cannot register API 'Board Extension:IKS01A2' from pack STMicroelectronics.X-CUBE-MEMS1.9.5.0: no header file found
2023-02-22 08:28:44,110 [WARN] ApiManager:308 - Cannot register API 'Board Extension:IKS02A1' from pack STMicroelectronics.X-CUBE-MEMS1.9.5.0: no header file found
2023-02-22 08:28:44,117 [WARN] ApiManager:308 - Cannot register API 'Board Extension:EEPRMA1' from pack STMicroelectronics.X-CUBE-EEPRMA1.3.1.1: no header file found
2023-02-22 08:28:44,117 [WARN] ApiManager:308 - Cannot register API 'Board Extension:EEPRMA2' from pack STMicroelectronics.X-CUBE-EEPRMA1.3.1.1: no header file found
2023-02-22 08:28:44,119 [WARN] ApiManager:308 - Cannot register API 'Board Extension:S2868A1' from pack STMicroelectronics.X-CUBE-SFXS2LP1.4.0.0: no header file found
2023-02-22 08:28:44,119 [WARN] ApiManager:308 - Cannot register API 'Board Extension:S2868A2' from pack STMicroelectronics.X-CUBE-SFXS2LP1.4.0.0: no header file found
2023-02-22 08:28:44,119 [WARN] ApiManager:308 - Cannot register API 'Board Extension:S2915A1' from pack STMicroelectronics.X-CUBE-SFXS2LP1.4.0.0: no header file found
2023-02-22 08:28:44,119 [WARN] ApiManager:308 - Cannot register API 'Wireless:BlueNRG-2' from pack STMicroelectronics.X-CUBE-BLE2.3.3.0: no header file found
2023-02-22 08:28:44,137 [INFO] ThirdPartyModel:289 - Start build external matchings
2023-02-22 08:28:45,627 [INFO] ThirdPartyModel:302 - End build external matchings
2023-02-22 08:28:46,125 [INFO] UtilMem:74 - End LoadConfig() Used Memory: 521963912 Bytes (713031680)
2023-02-22 08:28:46,158 [WARN] ThirdParty:789 - waiting for thirdparty lock release [change project]
2023-02-22 08:28:46,158 [INFO] ThirdParty:791 - entering critical section [change project]
2023-02-22 08:28:46,158 [INFO] ThirdParty:981 - CMSIS Pack Vendor :STMicroelectronics X-CUBE-ISPU 1.1.0
2023-02-22 08:28:46,158 [INFO] ThirdParty:981 - CMSIS Pack Vendor :RoweBots I-CUBE-UNISONRTOS 5.5.0-4
2023-02-22 08:28:46,158 [INFO] ThirdParty:981 - CMSIS Pack Vendor :STMicroelectronics X-CUBE-GNSS1 6.0.0
2023-02-22 08:28:46,158 [INFO] ThirdParty:981 - CMSIS Pack Vendor :STMicroelectronics X-CUBE-AZRTOS-H7 2.1.0
2023-02-22 08:28:46,158 [INFO] ThirdParty:981 - CMSIS Pack Vendor :STMicroelectronics USB_HOST 2.0.0
2023-02-22 08:28:46,158 [INFO] ThirdParty:981 - CMSIS Pack Vendor :STMicroelectronics X-CUBE-AZRTOS-F4 1.1.0
2023-02-22 08:28:46,158 [INFO] ThirdParty:981 - CMSIS Pack Vendor :STMicroelectronics LIBJPEG 8.0.0
2023-02-22 08:28:46,159 [INFO] ThirdParty:981 - CMSIS Pack Vendor :STMicroelectronics USB_DEVICE 3.0.0
2023-02-22 08:28:46,159 [INFO] ThirdParty:981 - CMSIS Pack Vendor :STMicroelectronics X-CUBE-AI 8.0.0
2023-02-22 08:28:46,159 [INFO] ThirdParty:981 - CMSIS Pack Vendor :STMicroelectronics X-CUBE-TOUCHGFX 4.21.1
2023-02-22 08:28:46,159 [INFO] ThirdParty:981 - CMSIS Pack Vendor :STMicroelectronics X-CUBE-TOUCHGFX 4.21.0
2023-02-22 08:28:46,159 [INFO] ThirdParty:981 - CMSIS Pack Vendor :STMicroelectronics X-CUBE-BLEMGR 1.0.0
2023-02-22 08:28:46,159 [INFO] ThirdParty:981 - CMSIS Pack Vendor :STMicroelectronics X-CUBE-AZRTOS-F7 1.1.0
2023-02-22 08:28:46,159 [INFO] ThirdParty:981 - CMSIS Pack Vendor :STMicroelectronics X-CUBE-MEMS1 9.4.0
2023-02-22 08:28:46,159 [INFO] ThirdParty:981 - CMSIS Pack Vendor :STMicroelectronics USB_DEVICE 2.0.0
2023-02-22 08:28:46,159 [INFO] ThirdParty:981 - CMSIS Pack Vendor :STMicroelectronics X-CUBE-AI 7.3.0
2023-02-22 08:28:46,159 [INFO] ThirdParty:981 - CMSIS Pack Vendor :STMicroelectronics X-CUBE-BLE1 6.2.3
2023-02-22 08:28:46,159 [INFO] ThirdParty:981 - CMSIS Pack Vendor :STMicroelectronics X-CUBE-ALGOBUILD 1.3.0
2023-02-22 08:28:46,159 [INFO] ThirdParty:981 - CMSIS Pack Vendor :STMicroelectronics X-CUBE-BLE1 6.2.4
2023-02-22 08:28:46,159 [INFO] ThirdParty:981 - CMSIS Pack Vendor :STMicroelectronics X-CUBE-AZRTOS-L5 1.1.0
2023-02-22 08:28:46,159 [INFO] ThirdParty:981 - CMSIS Pack Vendor :STMicroelectronics FreeRTOS 0.0.1
2023-02-22 08:28:46,159 [INFO] ThirdParty:981 - CMSIS Pack Vendor :STMicroelectronics X-CUBE-AZRTOS-G0 1.1.0
2023-02-22 08:28:46,160 [INFO] ThirdParty:981 - CMSIS Pack Vendor :STMicroelectronics X-CUBE-SUBG2 5.0.0
2023-02-22 08:28:46,160 [INFO] ThirdParty:981 - CMSIS Pack Vendor :STMicroelectronics X-CUBE-NFC4 3.0.0
2023-02-22 08:28:46,160 [INFO] ThirdParty:981 - CMSIS Pack Vendor :SEGGER I-CUBE-embOS 1.2.0
2023-02-22 08:28:46,160 [INFO] ThirdParty:981 - CMSIS Pack Vendor :STMicroelectronics STM32_WPAN 1.0.0
2023-02-22 08:28:46,160 [INFO] ThirdParty:981 - CMSIS Pack Vendor :STMicroelectronics lwIP 2.0.3
2023-02-22 08:28:46,160 [INFO] ThirdParty:981 - CMSIS Pack Vendor :STMicroelectronics X-CUBE-NFC4 2.0.5
2023-02-22 08:28:46,160 [INFO] ThirdParty:981 - CMSIS Pack Vendor :STMicroelectronics X-CUBE-NFC4 2.0.4
2023-02-22 08:28:46,160 [INFO] ThirdParty:981 - CMSIS Pack Vendor :STMicroelectronics USB_HOST 1.0.0
2023-02-22 08:28:46,160 [INFO] ThirdParty:981 - CMSIS Pack Vendor :STMicroelectronics PDM2PCM 3.1.0
2023-02-22 08:28:46,160 [INFO] ThirdParty:981 - CMSIS Pack Vendor :STMicroelectronics FP-ATR-ASTRA1 1.1.1
2023-02-22 08:28:46,160 [INFO] ThirdParty:981 - CMSIS Pack Vendor :STMicroelectronics PDM2PCM 3.3.0
2023-02-22 08:28:46,160 [INFO] ThirdParty:981 - CMSIS Pack Vendor :STMicroelectronics X-CUBE-TOF1 3.1.0
2023-02-22 08:28:46,160 [INFO] ThirdParty:981 - CMSIS Pack Vendor :STMicroelectronics X-CUBE-DISPLAY 3.0.0
2023-02-22 08:28:46,160 [INFO] ThirdParty:981 - CMSIS Pack Vendor :STMicroelectronics X-CUBE-BLEMGR 1.3.0
2023-02-22 08:28:46,161 [INFO] ThirdParty:981 - CMSIS Pack Vendor :STMicroelectronics X-CUBE-AZRTOS-G4 1.0.0
2023-02-22 08:28:46,161 [INFO] ThirdParty:981 - CMSIS Pack Vendor :STMicroelectronics FP-ATR-SIGFOX1 3.2.0
2023-02-22 08:28:46,161 [INFO] ThirdParty:981 - CMSIS Pack Vendor :STMicroelectronics X-CUBE-AZRTOS-L4 1.0.0
2023-02-22 08:28:46,161 [INFO] ThirdParty:981 - CMSIS Pack Vendor :wolfSSL I-CUBE-wolfSSL 5.5.0
2023-02-22 08:28:46,161 [INFO] ThirdParty:981 - CMSIS Pack Vendor :STMicroelectronics HAL Drivers 0.0.0
2023-02-22 08:28:46,161 [INFO] ThirdParty:981 - CMSIS Pack Vendor :STMicroelectronics MBEDTLS 2.16.2
2023-02-22 08:28:46,161 [INFO] ThirdParty:981 - CMSIS Pack Vendor :emotas I-CUBE-CANOPEN 1.1.2
2023-02-22 08:28:46,161 [INFO] ThirdParty:981 - CMSIS Pack Vendor :STMicroelectronics X-CUBE-TOUCHGFX 4.20.0
2023-02-22 08:28:46,161 [INFO] ThirdParty:981 - CMSIS Pack Vendor :STMicroelectronics MBEDTLS 2.14.1
2023-02-22 08:28:46,161 [INFO] ThirdParty:981 - CMSIS Pack Vendor :STMicroelectronics X-CUBE-NFC7 1.0.0
2023-02-22 08:28:46,161 [INFO] ThirdParty:981 - CMSIS Pack Vendor :STMicroelectronics X-CUBE-AZRTOS-WL 1.0.0
2023-02-22 08:28:46,161 [INFO] ThirdParty:981 - CMSIS Pack Vendor :STMicroelectronics X-CUBE-MEMS1 9.3.0
2023-02-22 08:28:46,161 [INFO] ThirdParty:981 - CMSIS Pack Vendor :STMicroelectronics X-CUBE-EEPRMA1 4.1.0
2023-02-22 08:28:46,161 [INFO] ThirdParty:981 - CMSIS Pack Vendor :portGmbH I-Cube-SoM-uGOAL 1.1.0
2023-02-22 08:28:46,161 [INFO] ThirdParty:981 - CMSIS Pack Vendor :STMicroelectronics X-CUBE-ALS 1.0.1
2023-02-22 08:28:46,161 [INFO] ThirdParty:981 - CMSIS Pack Vendor :STMicroelectronics X-CUBE-AI 7.2.0
2023-02-22 08:28:46,161 [INFO] ThirdParty:981 - CMSIS Pack Vendor :STMicroelectronics X-CUBE-MEMS1 9.5.0
2023-02-22 08:28:46,161 [INFO] ThirdParty:981 - CMSIS Pack Vendor :STMicroelectronics ThreadX 1.0.0
2023-02-22 08:28:46,161 [INFO] ThirdParty:981 - CMSIS Pack Vendor :STMicroelectronics X-CUBE-AZRTOS-WB 1.1.0
2023-02-22 08:28:46,161 [INFO] ThirdParty:981 - CMSIS Pack Vendor :STMicroelectronics X-CUBE-AZRTOS-L5 1.0.0
2023-02-22 08:28:46,161 [INFO] ThirdParty:981 - CMSIS Pack Vendor :STMicroelectronics USB_DEVICE 1.0.0
2023-02-22 08:28:46,161 [INFO] ThirdParty:981 - CMSIS Pack Vendor :STMicroelectronics X-CUBE-EEPRMA1 3.1.1
2023-02-22 08:28:46,161 [INFO] ThirdParty:981 - CMSIS Pack Vendor :STMicroelectronics ThreadX 0.0.2
2023-02-22 08:28:46,161 [INFO] ThirdParty:981 - CMSIS Pack Vendor :STMicroelectronics lwIP 2.1.2
2023-02-22 08:28:46,161 [INFO] ThirdParty:981 - CMSIS Pack Vendor :STMicroelectronics X-CUBE-SFXS2LP1 4.0.0
2023-02-22 08:28:46,161 [INFO] ThirdParty:981 - CMSIS Pack Vendor :STMicroelectronics X-CUBE-BLE2 3.3.0
2023-02-22 08:28:46,161 [INFO] ThirdParty:981 - CMSIS Pack Vendor :STMicroelectronics X-CUBE-DISPLAY 2.2.0
2023-02-22 08:28:46,161 [INFO] ThirdParty:981 - CMSIS Pack Vendor :STMicroelectronics X-CUBE-TOF1 3.2.0
2023-02-22 08:28:46,161 [INFO] ThirdParty:981 - CMSIS Pack Vendor :STMicroelectronics PDM2PCM 3.2.0
2023-02-22 08:28:46,161 [INFO] ThirdParty:981 - CMSIS Pack Vendor :STMicroelectronics X-CUBE-AZRTOS-H7 3.0.0
2023-02-22 08:28:46,161 [INFO] ThirdParty:981 - CMSIS Pack Vendor :STMicroelectronics X-CUBE-ISPU 1.0.0
2023-02-22 08:28:46,161 [INFO] ThirdParty:797 - exiting critical section [change project]
2023-02-22 08:28:46,937 [INFO] PinOutPanel:1468 - setPackage(No Configuration,No Configuration)
2023-02-22 08:28:46,939 [INFO] PinOutPanel:1468 - setPackage(STM32F407VGTx,LQFP100)
2023-02-22 08:28:47,779 [INFO] UtilMem:74 - Before build in PCC Used Memory: 506182632 Bytes (713031680)
2023-02-22 08:28:48,929 [INFO] UtilMem:74 - After build in PCC Used Memory: 500315792 Bytes (713031680)
2023-02-22 08:28:48,976 [INFO] IPUIPlugin:79 - create IPUIPlugin
2023-02-22 08:28:48,976 [INFO] IPUIPlugin:79 - create IPUIPlugin
2023-02-22 08:28:48,980 [INFO] IPUIPlugin:79 - create IPUIPlugin
2023-02-22 08:28:48,980 [INFO] IPUIPlugin:79 - create IPUIPlugin
2023-02-22 08:28:48,980 [INFO] IPUIPlugin:79 - create IPUIPlugin
2023-02-22 08:28:48,980 [INFO] IPUIPlugin:79 - create IPUIPlugin
2023-02-22 08:28:48,980 [INFO] IPUIPlugin:79 - create IPUIPlugin
2023-02-22 08:28:48,981 [INFO] IPUIPlugin:79 - create IPUIPlugin
2023-02-22 08:28:48,981 [INFO] IPUIPlugin:79 - create IPUIPlugin
2023-02-22 08:28:48,981 [INFO] IPUIPlugin:79 - create IPUIPlugin
2023-02-22 08:28:48,981 [INFO] IPUIPlugin:79 - create IPUIPlugin
2023-02-22 08:28:48,982 [INFO] IPUIPlugin:79 - create IPUIPlugin
2023-02-22 08:28:48,982 [INFO] IPUIPlugin:79 - create IPUIPlugin
2023-02-22 08:28:48,983 [INFO] IPUIPlugin:79 - create IPUIPlugin
2023-02-22 08:28:48,983 [INFO] IPUIPlugin:79 - create IPUIPlugin
2023-02-22 08:28:48,983 [INFO] IPUIPlugin:79 - create IPUIPlugin
2023-02-22 08:28:48,983 [INFO] IPUIPlugin:79 - create IPUIPlugin
2023-02-22 08:28:48,983 [INFO] IPUIPlugin:79 - create IPUIPlugin
2023-02-22 08:28:48,984 [INFO] IPUIPlugin:79 - create IPUIPlugin
2023-02-22 08:28:48,984 [INFO] IPUIPlugin:79 - create IPUIPlugin
2023-02-22 08:28:48,984 [INFO] IPUIPlugin:79 - create IPUIPlugin
2023-02-22 08:28:48,984 [INFO] IPUIPlugin:79 - create IPUIPlugin
2023-02-22 08:28:48,984 [INFO] IPUIPlugin:79 - create IPUIPlugin
2023-02-22 08:28:48,984 [INFO] IPUIPlugin:79 - create IPUIPlugin
2023-02-22 08:28:48,984 [INFO] IPUIPlugin:79 - create IPUIPlugin
2023-02-22 08:28:48,984 [INFO] IPUIPlugin:79 - create IPUIPlugin
2023-02-22 08:28:48,984 [INFO] IPUIPlugin:79 - create IPUIPlugin
2023-02-22 08:28:48,984 [INFO] IPUIPlugin:79 - create IPUIPlugin
2023-02-22 08:28:48,984 [INFO] IPUIPlugin:79 - create IPUIPlugin
2023-02-22 08:28:48,984 [INFO] IPUIPlugin:79 - create IPUIPlugin
2023-02-22 08:28:48,984 [INFO] IPUIPlugin:79 - create IPUIPlugin
2023-02-22 08:28:48,987 [INFO] IPUIPlugin:79 - create IPUIPlugin
2023-02-22 08:28:48,987 [INFO] IPUIPlugin:79 - create IPUIPlugin
2023-02-22 08:28:48,987 [INFO] IPUIPlugin:79 - create IPUIPlugin
2023-02-22 08:28:48,987 [INFO] IPUIPlugin:79 - create IPUIPlugin
2023-02-22 08:28:48,988 [INFO] IPUIPlugin:79 - create IPUIPlugin
2023-02-22 08:28:48,988 [INFO] IPUIPlugin:79 - create IPUIPlugin
2023-02-22 08:28:48,988 [INFO] IPUIPlugin:79 - create IPUIPlugin
2023-02-22 08:28:48,989 [INFO] IPUIPlugin:79 - create IPUIPlugin
2023-02-22 08:28:48,989 [INFO] IPUIPlugin:79 - create IPUIPlugin
2023-02-22 08:28:48,989 [INFO] IPUIPlugin:79 - create IPUIPlugin
2023-02-22 08:28:48,990 [INFO] IPUIPlugin:79 - create IPUIPlugin
2023-02-22 08:28:48,990 [INFO] IPUIPlugin:79 - create IPUIPlugin
2023-02-22 08:28:48,990 [INFO] IPUIPlugin:79 - create IPUIPlugin
2023-02-22 08:28:48,990 [INFO] IPUIPlugin:79 - create IPUIPlugin
2023-02-22 08:28:48,990 [INFO] IPUIPlugin:79 - create IPUIPlugin
2023-02-22 08:28:48,990 [INFO] IPUIPlugin:79 - create IPUIPlugin
2023-02-22 08:28:48,990 [INFO] IPUIPlugin:79 - create IPUIPlugin
2023-02-22 08:28:48,990 [INFO] IPUIPlugin:79 - create IPUIPlugin
2023-02-22 08:28:48,990 [INFO] IPUIPlugin:79 - create IPUIPlugin
2023-02-22 08:28:48,990 [INFO] IPUIPlugin:79 - create IPUIPlugin
2023-02-22 08:28:48,990 [INFO] IPUIPlugin:79 - create IPUIPlugin
2023-02-22 08:28:48,990 [INFO] IPUIPlugin:79 - create IPUIPlugin
2023-02-22 08:28:48,990 [INFO] IPUIPlugin:79 - create IPUIPlugin
2023-02-22 08:28:48,990 [INFO] IPUIPlugin:79 - create IPUIPlugin
2023-02-22 08:28:48,990 [INFO] IPUIPlugin:79 - create IPUIPlugin
2023-02-22 08:28:48,990 [INFO] IPUIPlugin:79 - create IPUIPlugin
2023-02-22 08:28:48,990 [INFO] IPUIPlugin:79 - create IPUIPlugin
2023-02-22 08:28:49,080 [INFO] ApiDbMcu:505 - Load IP Config File for PDM2PCM
2023-02-22 08:28:49,361 [INFO] OpenFileManager:327 - Restore cursor
2023-02-22 08:28:52,216 [INFO] UtilMem:74 - End SaveConfig() Used Memory: 509912840 Bytes (713031680)
2023-02-22 08:28:52,310 [INFO] UtilMem:74 - End SaveConfig() Used Memory: 530884360 Bytes (713031680)
2023-02-22 08:28:53,127 [INFO] BlockDiagram:2753 - set Specific Code input for plugin: RCC
2023-02-22 08:28:53,127 [INFO] BlockDiagram:2753 - set Specific Code input for plugin: NVIC
2023-02-22 08:28:53,130 [INFO] CodeGenerator:690 - code generatio: config db path: C:\ST\STM32CubeIDE_1.10.1\STM32CubeIDE\plugins\com.st.stm32cube.common.mx_6.6.1.202207061420\\db\
2023-02-22 08:28:54,037 [INFO] CodeEngine:245 - oldGeneratedFile, C:\Users\VeliSacikara\Documents\STM32_Projeler\006_6_hal_Timer_Interrupt\006_6_hal_Timer_Interrupt\MXTmpFiles\license.tmp_save
2023-02-22 08:28:55,113 [INFO] CodeEngine:269 - Generated code: C:\Users\VeliSacikara\Documents\STM32_Projeler\006_6_hal_Timer_Interrupt\006_6_hal_Timer_Interrupt\MXTmpFiles\license.tmp
2023-02-22 08:28:55,184 [INFO] CodeEngine:245 - oldGeneratedFile, C:\Users\VeliSacikara\Documents\STM32_Projeler\006_6_hal_Timer_Interrupt\006_6_hal_Timer_Interrupt\Core\Src\stm32f4xx_it.c_save
2023-02-22 08:28:55,438 [INFO] CodeEngine:269 - Generated code: C:\Users\VeliSacikara\Documents\STM32_Projeler\006_6_hal_Timer_Interrupt\006_6_hal_Timer_Interrupt\Core\Src\stm32f4xx_it.c
2023-02-22 08:28:55,467 [INFO] CodeEngine:245 - oldGeneratedFile, C:\Users\VeliSacikara\Documents\STM32_Projeler\006_6_hal_Timer_Interrupt\006_6_hal_Timer_Interrupt\Core\Inc\stm32f4xx_it.h_save
2023-02-22 08:28:55,658 [INFO] CodeEngine:269 - Generated code: C:\Users\VeliSacikara\Documents\STM32_Projeler\006_6_hal_Timer_Interrupt\006_6_hal_Timer_Interrupt\Core\Inc\stm32f4xx_it.h
2023-02-22 08:28:55,797 [INFO] CodeEngine:245 - oldGeneratedFile, C:\Users\VeliSacikara\Documents\STM32_Projeler\006_6_hal_Timer_Interrupt\006_6_hal_Timer_Interrupt\Core\Src\stm32f4xx_hal_msp.c_save
2023-02-22 08:28:56,022 [INFO] CodeEngine:269 - Generated code: C:\Users\VeliSacikara\Documents\STM32_Projeler\006_6_hal_Timer_Interrupt\006_6_hal_Timer_Interrupt\Core\Src\stm32f4xx_hal_msp.c
2023-02-22 08:28:56,038 [INFO] CodeEngine:245 - oldGeneratedFile, C:\Users\VeliSacikara\Documents\STM32_Projeler\006_6_hal_Timer_Interrupt\006_6_hal_Timer_Interrupt\MXTmpFiles\system.tmp_save
2023-02-22 08:28:56,213 [INFO] CodeEngine:269 - Generated code: C:\Users\VeliSacikara\Documents\STM32_Projeler\006_6_hal_Timer_Interrupt\006_6_hal_Timer_Interrupt\MXTmpFiles\system.tmp
2023-02-22 08:28:56,244 [INFO] CodeEngine:245 - oldGeneratedFile, C:\Users\VeliSacikara\Documents\STM32_Projeler\006_6_hal_Timer_Interrupt\006_6_hal_Timer_Interrupt\Core\Inc\stm32f4xx_hal_conf.h_save
2023-02-22 08:28:56,530 [INFO] CodeEngine:269 - Generated code: C:\Users\VeliSacikara\Documents\STM32_Projeler\006_6_hal_Timer_Interrupt\006_6_hal_Timer_Interrupt\Core\Inc\stm32f4xx_hal_conf.h
2023-02-22 08:28:56,678 [INFO] CodeEngine:245 - oldGeneratedFile, C:\Users\VeliSacikara\Documents\STM32_Projeler\006_6_hal_Timer_Interrupt\006_6_hal_Timer_Interrupt\Core\Inc\main.h_save
2023-02-22 08:28:56,943 [INFO] CodeEngine:269 - Generated code: C:\Users\VeliSacikara\Documents\STM32_Projeler\006_6_hal_Timer_Interrupt\006_6_hal_Timer_Interrupt\Core\Inc\main.h
2023-02-22 08:28:56,965 [INFO] CodeEngine:245 - oldGeneratedFile, C:\Users\VeliSacikara\Documents\STM32_Projeler\006_6_hal_Timer_Interrupt\006_6_hal_Timer_Interrupt\Core\Src\main.c_save
2023-02-22 08:28:57,507 [INFO] CodeEngine:269 - Generated code: C:\Users\VeliSacikara\Documents\STM32_Projeler\006_6_hal_Timer_Interrupt\006_6_hal_Timer_Interrupt\Core\Src\main.c
2023-02-22 08:28:59,139 [INFO] ProjectBuilder:2919 - Time for Copy HAL[1] : 566mS.
2023-02-22 08:28:59,158 [INFO] ProjectBuilder:4117 - Project Generator version: 3.17.1
2023-02-22 08:28:59,860 [INFO] ConfigFileManager:1394 - The Die is : DIE413
2023-02-22 08:28:59,878 [INFO] ApiDbMcu:505 - Load IP Config File for FATFS
2023-02-22 08:28:59,897 [INFO] ApiDbMcu:505 - Load IP Config File for FREERTOS
2023-02-22 08:28:59,914 [INFO] ApiDbMcu:505 - Load IP Config File for LIBJPEG
2023-02-22 08:28:59,931 [INFO] ApiDbMcu:505 - Load IP Config File for LWIP
2023-02-22 08:28:59,948 [INFO] ApiDbMcu:505 - Load IP Config File for MBEDTLS
2023-02-22 08:28:59,981 [INFO] ApiDbMcu:505 - Load IP Config File for USB_DEVICE
2023-02-22 08:29:00,001 [INFO] ApiDbMcu:505 - Load IP Config File for USB_HOST
2023-02-22 08:29:10,304 [INFO] ProjectBuilder:4285 - Time for Generating toolchain IDE Files: 11146mS.
2023-02-22 08:29:10,306 [INFO] ProjectBuilder:2790 - Time for Copy CMSIS : 2mS.
2023-02-22 08:29:10,311 [INFO] ProjectBuilder:2790 - Time for Copy CMSIS : 0mS.
2023-02-22 08:29:11,884 [INFO] McuFinderGlobals:57 - Set McuFinderConnectedMode to true
2023-02-22 08:29:11,887 [INFO] ApiDb:443 - Save user favorites file C:\Users\VeliSacikara/.stm32cubeide/favorites.mcus.txt: 0 item(s)
2023-02-22 08:29:11,888 [INFO] ApiDb:447 - User favorites MCUs=[]
2023-02-22 08:35:05,418 [INFO] NvicIntPanel:100 - NVIC parent = com.st.microxplorer.plugins.ip.nvic.MultiNvicIntPanel[,0,0,0x0,invalid,layout=javax.swing.BoxLayout,alignmentX=0.0,alignmentY=0.0,border=,flags=9,maximumSize=,minimumSize=,preferredSize=]
2023-02-22 08:35:07,296 [INFO] NvicIntPanel:100 - NVIC parent = com.st.microxplorer.plugins.ip.nvic.MultiNvicIntPanel[,0,0,0x0,invalid,layout=javax.swing.BoxLayout,alignmentX=0.0,alignmentY=0.0,border=,flags=9,maximumSize=,minimumSize=,preferredSize=]
2023-02-22 08:35:43,152 [INFO] NvicIntPanel:100 - NVIC parent = com.st.microxplorer.plugins.ip.nvic.MultiNvicIntPanel[,0,0,0x0,invalid,layout=javax.swing.BoxLayout,alignmentX=0.0,alignmentY=0.0,border=,flags=9,maximumSize=,minimumSize=,preferredSize=]
2023-02-22 08:37:06,152 [INFO] UtilMem:74 - End SaveConfig() Used Memory: 777150128 Bytes (1067450368)
2023-02-22 08:37:11,421 [INFO] UtilMem:74 - End SaveConfig() Used Memory: 948860288 Bytes (1067450368)
2023-02-22 08:37:12,068 [INFO] BlockDiagram:2753 - set Specific Code input for plugin: TIM1_8
2023-02-22 08:37:12,069 [INFO] BlockDiagram:2753 - set Specific Code input for plugin: RCC
2023-02-22 08:37:12,069 [INFO] BlockDiagram:2753 - set Specific Code input for plugin: NVIC
2023-02-22 08:37:12,070 [INFO] BlockDiagram:2753 - set Specific Code input for plugin: GPIO
2023-02-22 08:37:12,071 [INFO] CodeGenerator:690 - code generatio: config db path: C:\ST\STM32CubeIDE_1.10.1\STM32CubeIDE\plugins\com.st.stm32cube.common.mx_6.6.1.202207061420\\db\
2023-02-22 08:37:12,381 [INFO] CodeEngine:245 - oldGeneratedFile, C:\Users\VeliSacikara\Documents\STM32_Projeler\006_6_hal_Timer_Interrupt\006_6_hal_Timer_Interrupt\MXTmpFiles\license.tmp_save
2023-02-22 08:37:12,624 [INFO] CodeEngine:269 - Generated code: C:\Users\VeliSacikara\Documents\STM32_Projeler\006_6_hal_Timer_Interrupt\006_6_hal_Timer_Interrupt\MXTmpFiles\license.tmp
2023-02-22 08:37:12,783 [INFO] CodeEngine:245 - oldGeneratedFile, C:\Users\VeliSacikara\Documents\STM32_Projeler\006_6_hal_Timer_Interrupt\006_6_hal_Timer_Interrupt\MXTmpFiles\gpio.tmp_save
2023-02-22 08:37:12,979 [INFO] CodeEngine:269 - Generated code: C:\Users\VeliSacikara\Documents\STM32_Projeler\006_6_hal_Timer_Interrupt\006_6_hal_Timer_Interrupt\MXTmpFiles\gpio.tmp
2023-02-22 08:37:13,130 [INFO] CodeEngine:245 - oldGeneratedFile, C:\Users\VeliSacikara\Documents\STM32_Projeler\006_6_hal_Timer_Interrupt\006_6_hal_Timer_Interrupt\Core\Src\stm32f4xx_it.c_save
2023-02-22 08:37:13,437 [INFO] CodeEngine:269 - Generated code: C:\Users\VeliSacikara\Documents\STM32_Projeler\006_6_hal_Timer_Interrupt\006_6_hal_Timer_Interrupt\Core\Src\stm32f4xx_it.c
2023-02-22 08:37:13,445 [INFO] CodeEngine:245 - oldGeneratedFile, C:\Users\VeliSacikara\Documents\STM32_Projeler\006_6_hal_Timer_Interrupt\006_6_hal_Timer_Interrupt\Core\Inc\stm32f4xx_it.h_save
2023-02-22 08:37:13,555 [INFO] CodeEngine:269 - Generated code: C:\Users\VeliSacikara\Documents\STM32_Projeler\006_6_hal_Timer_Interrupt\006_6_hal_Timer_Interrupt\Core\Inc\stm32f4xx_it.h
2023-02-22 08:37:13,594 [INFO] CodeEngine:245 - oldGeneratedFile, C:\Users\VeliSacikara\Documents\STM32_Projeler\006_6_hal_Timer_Interrupt\006_6_hal_Timer_Interrupt\Core\Src\stm32f4xx_hal_msp.c_save
2023-02-22 08:37:13,763 [INFO] CodeEngine:269 - Generated code: C:\Users\VeliSacikara\Documents\STM32_Projeler\006_6_hal_Timer_Interrupt\006_6_hal_Timer_Interrupt\Core\Src\stm32f4xx_hal_msp.c
2023-02-22 08:37:13,771 [INFO] CodeEngine:245 - oldGeneratedFile, C:\Users\VeliSacikara\Documents\STM32_Projeler\006_6_hal_Timer_Interrupt\006_6_hal_Timer_Interrupt\MXTmpFiles\system.tmp_save
2023-02-22 08:37:13,931 [INFO] CodeEngine:269 - Generated code: C:\Users\VeliSacikara\Documents\STM32_Projeler\006_6_hal_Timer_Interrupt\006_6_hal_Timer_Interrupt\MXTmpFiles\system.tmp
2023-02-22 08:37:13,984 [INFO] CodeEngine:245 - oldGeneratedFile, C:\Users\VeliSacikara\Documents\STM32_Projeler\006_6_hal_Timer_Interrupt\006_6_hal_Timer_Interrupt\Core\Inc\stm32f4xx_hal_conf.h_save
2023-02-22 08:37:14,249 [INFO] CodeEngine:269 - Generated code: C:\Users\VeliSacikara\Documents\STM32_Projeler\006_6_hal_Timer_Interrupt\006_6_hal_Timer_Interrupt\Core\Inc\stm32f4xx_hal_conf.h
2023-02-22 08:37:14,302 [WARN] IPConfigManager:3348 - IP not found : TIM
2023-02-22 08:37:14,302 [WARN] CodeGenerator:3567 - IP not found : null
2023-02-22 08:37:14,331 [INFO] CodeEngine:245 - oldGeneratedFile, C:\Users\VeliSacikara\Documents\STM32_Projeler\006_6_hal_Timer_Interrupt\006_6_hal_Timer_Interrupt\Core\Inc\main.h_save
2023-02-22 08:37:14,479 [INFO] CodeEngine:269 - Generated code: C:\Users\VeliSacikara\Documents\STM32_Projeler\006_6_hal_Timer_Interrupt\006_6_hal_Timer_Interrupt\Core\Inc\main.h
2023-02-22 08:37:14,494 [INFO] CodeEngine:245 - oldGeneratedFile, C:\Users\VeliSacikara\Documents\STM32_Projeler\006_6_hal_Timer_Interrupt\006_6_hal_Timer_Interrupt\Core\Src\main.c_save
2023-02-22 08:37:14,673 [INFO] CodeEngine:269 - Generated code: C:\Users\VeliSacikara\Documents\STM32_Projeler\006_6_hal_Timer_Interrupt\006_6_hal_Timer_Interrupt\Core\Src\main.c
2023-02-22 08:37:15,903 [INFO] ProjectBuilder:2919 - Time for Copy HAL[1] : 403mS.
2023-02-22 08:37:15,908 [INFO] ProjectBuilder:4117 - Project Generator version: 3.17.1
2023-02-22 08:37:16,295 [INFO] ConfigFileManager:1394 - The Die is : DIE413
2023-02-22 08:37:18,876 [INFO] ProjectBuilder:4285 - Time for Generating toolchain IDE Files: 2967mS.
2023-02-22 08:37:18,877 [INFO] ProjectBuilder:2790 - Time for Copy CMSIS : 0mS.
2023-02-22 08:37:18,879 [INFO] ProjectBuilder:2790 - Time for Copy CMSIS : 0mS.
2023-02-22 08:54:18,829 [INFO] NvicIntPanel:100 - NVIC parent = com.st.microxplorer.plugins.ip.nvic.MultiNvicIntPanel[,0,0,0x0,invalid,layout=javax.swing.BoxLayout,alignmentX=0.0,alignmentY=0.0,border=,flags=9,maximumSize=,minimumSize=,preferredSize=]
2023-02-22 08:54:21,751 [INFO] UtilMem:74 - End SaveConfig() Used Memory: 705339744 Bytes (1071644672)
2023-02-22 08:54:24,419 [INFO] UtilMem:74 - End SaveConfig() Used Memory: 798962016 Bytes (1071644672)
2023-02-22 08:54:24,941 [INFO] BlockDiagram:2753 - set Specific Code input for plugin: TIM1_8
2023-02-22 08:54:24,941 [INFO] BlockDiagram:2753 - set Specific Code input for plugin: RCC
2023-02-22 08:54:24,941 [INFO] BlockDiagram:2753 - set Specific Code input for plugin: NVIC
2023-02-22 08:54:24,943 [INFO] BlockDiagram:2753 - set Specific Code input for plugin: GPIO
2023-02-22 08:54:24,944 [INFO] CodeGenerator:690 - code generatio: config db path: C:\ST\STM32CubeIDE_1.10.1\STM32CubeIDE\plugins\com.st.stm32cube.common.mx_6.6.1.202207061420\\db\
2023-02-22 08:54:25,238 [INFO] CodeEngine:245 - oldGeneratedFile, C:\Users\VeliSacikara\Documents\STM32_Projeler\006_6_hal_Timer_Interrupt\006_6_hal_Timer_Interrupt\MXTmpFiles\license.tmp_save
2023-02-22 08:54:25,430 [INFO] CodeEngine:269 - Generated code: C:\Users\VeliSacikara\Documents\STM32_Projeler\006_6_hal_Timer_Interrupt\006_6_hal_Timer_Interrupt\MXTmpFiles\license.tmp
2023-02-22 08:54:25,459 [INFO] CodeEngine:245 - oldGeneratedFile, C:\Users\VeliSacikara\Documents\STM32_Projeler\006_6_hal_Timer_Interrupt\006_6_hal_Timer_Interrupt\MXTmpFiles\gpio.tmp_save
2023-02-22 08:54:25,688 [INFO] CodeEngine:269 - Generated code: C:\Users\VeliSacikara\Documents\STM32_Projeler\006_6_hal_Timer_Interrupt\006_6_hal_Timer_Interrupt\MXTmpFiles\gpio.tmp
2023-02-22 08:54:25,773 [INFO] CodeEngine:245 - oldGeneratedFile, C:\Users\VeliSacikara\Documents\STM32_Projeler\006_6_hal_Timer_Interrupt\006_6_hal_Timer_Interrupt\Core\Src\stm32f4xx_it.c_save
2023-02-22 08:54:25,940 [INFO] CodeEngine:269 - Generated code: C:\Users\VeliSacikara\Documents\STM32_Projeler\006_6_hal_Timer_Interrupt\006_6_hal_Timer_Interrupt\Core\Src\stm32f4xx_it.c
2023-02-22 08:54:25,948 [INFO] CodeEngine:245 - oldGeneratedFile, C:\Users\VeliSacikara\Documents\STM32_Projeler\006_6_hal_Timer_Interrupt\006_6_hal_Timer_Interrupt\Core\Inc\stm32f4xx_it.h_save
2023-02-22 08:54:26,063 [INFO] CodeEngine:269 - Generated code: C:\Users\VeliSacikara\Documents\STM32_Projeler\006_6_hal_Timer_Interrupt\006_6_hal_Timer_Interrupt\Core\Inc\stm32f4xx_it.h
2023-02-22 08:54:26,108 [INFO] CodeEngine:245 - oldGeneratedFile, C:\Users\VeliSacikara\Documents\STM32_Projeler\006_6_hal_Timer_Interrupt\006_6_hal_Timer_Interrupt\Core\Src\stm32f4xx_hal_msp.c_save
2023-02-22 08:54:26,240 [INFO] CodeEngine:269 - Generated code: C:\Users\VeliSacikara\Documents\STM32_Projeler\006_6_hal_Timer_Interrupt\006_6_hal_Timer_Interrupt\Core\Src\stm32f4xx_hal_msp.c
2023-02-22 08:54:26,245 [INFO] CodeEngine:245 - oldGeneratedFile, C:\Users\VeliSacikara\Documents\STM32_Projeler\006_6_hal_Timer_Interrupt\006_6_hal_Timer_Interrupt\MXTmpFiles\system.tmp_save
2023-02-22 08:54:26,376 [INFO] CodeEngine:269 - Generated code: C:\Users\VeliSacikara\Documents\STM32_Projeler\006_6_hal_Timer_Interrupt\006_6_hal_Timer_Interrupt\MXTmpFiles\system.tmp
2023-02-22 08:54:26,396 [INFO] CodeEngine:245 - oldGeneratedFile, C:\Users\VeliSacikara\Documents\STM32_Projeler\006_6_hal_Timer_Interrupt\006_6_hal_Timer_Interrupt\Core\Inc\stm32f4xx_hal_conf.h_save
2023-02-22 08:54:26,529 [INFO] CodeEngine:269 - Generated code: C:\Users\VeliSacikara\Documents\STM32_Projeler\006_6_hal_Timer_Interrupt\006_6_hal_Timer_Interrupt\Core\Inc\stm32f4xx_hal_conf.h
2023-02-22 08:54:26,558 [WARN] IPConfigManager:3348 - IP not found : TIM
2023-02-22 08:54:26,558 [WARN] CodeGenerator:3567 - IP not found : null
2023-02-22 08:54:26,577 [INFO] CodeEngine:245 - oldGeneratedFile, C:\Users\VeliSacikara\Documents\STM32_Projeler\006_6_hal_Timer_Interrupt\006_6_hal_Timer_Interrupt\Core\Inc\main.h_save
2023-02-22 08:54:26,691 [INFO] CodeEngine:269 - Generated code: C:\Users\VeliSacikara\Documents\STM32_Projeler\006_6_hal_Timer_Interrupt\006_6_hal_Timer_Interrupt\Core\Inc\main.h
2023-02-22 08:54:26,706 [INFO] CodeEngine:245 - oldGeneratedFile, C:\Users\VeliSacikara\Documents\STM32_Projeler\006_6_hal_Timer_Interrupt\006_6_hal_Timer_Interrupt\Core\Src\main.c_save
2023-02-22 08:54:26,889 [INFO] CodeEngine:269 - Generated code: C:\Users\VeliSacikara\Documents\STM32_Projeler\006_6_hal_Timer_Interrupt\006_6_hal_Timer_Interrupt\Core\Src\main.c
2023-02-22 08:54:28,015 [INFO] ProjectBuilder:2919 - Time for Copy HAL[1] : 358mS.
2023-02-22 08:54:28,019 [INFO] ProjectBuilder:4117 - Project Generator version: 3.17.1
2023-02-22 08:54:28,399 [INFO] ConfigFileManager:1394 - The Die is : DIE413
2023-02-22 08:54:30,420 [INFO] ProjectBuilder:4285 - Time for Generating toolchain IDE Files: 2401mS.
2023-02-22 08:54:30,421 [INFO] ProjectBuilder:2790 - Time for Copy CMSIS : 0mS.
2023-02-22 08:54:30,426 [INFO] ProjectBuilder:2790 - Time for Copy CMSIS : 0mS.
2023-02-22 09:10:38,612 [ERROR] LogOutputStream:74 - [STDERR_REDIRECT] 
