2023-03-18 21:51:34,484 [INFO] Activator:177 - 


2023-03-18 21:51:34,487 [INFO] Activator:178 - !SESSION log4j initialized
2023-03-18 21:51:38,608 [INFO] McuFinderGlobals:44 - Set McuFinder mode to 2 (CubeIDE integrated)
2023-03-18 21:51:40,335 [INFO] ApplicationProperties:181 - Using Application install path: C:\ST\STM32CubeIDE_1.10.1\STM32CubeIDE\plugins\com.st.stm32cube.common.mx_6.6.1.202207061420
2023-03-18 21:51:40,355 [INFO] DbMcusXml:77 - Set database path to: C:\ST\STM32CubeIDE_1.10.1\STM32CubeIDE\plugins\com.st.stm32cube.common.mx_6.6.1.202207061420\\db\/mcu/
2023-03-18 21:51:40,355 [INFO] ApiDb:269 - Set plugin database path to: C:\ST\STM32CubeIDE_1.10.1\STM32CubeIDE\plugins\com.st.stm32cube.common.mx_6.6.1.202207061420\\db\/plugins/boardmanager/
2023-03-18 21:51:40,379 [WARN] ApiDb:254 - Overriding images path with different value:  => C:\ST\STM32CubeIDE_1.10.1\STM32CubeIDE\plugins\com.st.stm32cube.common.mx_6.6.1.202207061420\\db\/plugins/mcufinder/images/
2023-03-18 21:51:40,399 [INFO] ApiDb:249 - Set database path to: C:\Users\VeliSacikara\.stmcufinder\plugins\mcufinder//mcu/
2023-03-18 21:51:40,401 [INFO] DbMcusAds:124 - Set database path to: C:\Users\VeliSacikara\.stmcufinder\plugins\mcufinder//mcu/
2023-03-18 21:51:40,404 [INFO] CrossReferenceDbSqlite:201 - Set database path to: C:\Users\VeliSacikara\.stmcufinder\plugins\mcufinder//mcu/cs/
2023-03-18 21:51:40,588 [INFO] RulesReader:61 - Compatibility file has been processed (282 Rules)
2023-03-18 21:51:40,711 [INFO] DbMcusXml:77 - Set database path to: C:\ST\STM32CubeIDE_1.10.1\STM32CubeIDE\plugins\com.st.stm32cube.common.mx_6.6.1.202207061420\\db\/mcu/
2023-03-18 21:51:40,712 [INFO] ApiDb:269 - Set plugin database path to: C:\ST\STM32CubeIDE_1.10.1\STM32CubeIDE\plugins\com.st.stm32cube.common.mx_6.6.1.202207061420\\db\/plugins/boardmanager/
2023-03-18 21:51:40,713 [INFO] ApiDb:256 - Set plugin images path to: C:\ST\STM32CubeIDE_1.10.1\STM32CubeIDE\plugins\com.st.stm32cube.common.mx_6.6.1.202207061420\\db\/plugins/mcufinder/images/
2023-03-18 21:51:40,713 [WARN] DbFile:40 - Overriding database path with different value: C:\Users\VeliSacikara\.stmcufinder\plugins\mcufinder/ => C:\Users\VeliSacikara\.stmcufinder\plugins\mcufinder
2023-03-18 21:51:40,714 [INFO] ApiDb:249 - Set database path to: C:\Users\VeliSacikara\.stmcufinder\plugins\mcufinder//mcu/
2023-03-18 21:51:40,714 [WARN] DbFile:40 - Overriding database path with different value: C:\Users\VeliSacikara\.stmcufinder\plugins\mcufinder/ => C:\Users\VeliSacikara\.stmcufinder\plugins\mcufinder
2023-03-18 21:51:40,714 [INFO] DbMcusAds:124 - Set database path to: C:\Users\VeliSacikara\.stmcufinder\plugins\mcufinder//mcu/
2023-03-18 21:51:40,714 [WARN] DbFile:40 - Overriding database path with different value: C:\Users\VeliSacikara\.stmcufinder\plugins\mcufinder/ => C:\Users\VeliSacikara\.stmcufinder\plugins\mcufinder
2023-03-18 21:51:40,714 [WARN] DbFile:40 - Overriding database path with different value: C:\Users\VeliSacikara\.stmcufinder\plugins\mcufinder/ => C:\Users\VeliSacikara\.stmcufinder\plugins\mcufinder
2023-03-18 21:51:40,714 [INFO] CrossReferenceDbSqlite:201 - Set database path to: C:\Users\VeliSacikara\.stmcufinder\plugins\mcufinder//mcu/cs/
2023-03-18 21:51:40,824 [INFO] MainPanel:242 - HeapMemory: 268435456
2023-03-18 21:51:40,937 [INFO] DbMcusXml:77 - Set database path to: C:\ST\STM32CubeIDE_1.10.1\STM32CubeIDE\plugins\com.st.stm32cube.common.mx_6.6.1.202207061420\\db\/mcu/
2023-03-18 21:51:40,938 [INFO] ApiDb:269 - Set plugin database path to: C:\ST\STM32CubeIDE_1.10.1\STM32CubeIDE\plugins\com.st.stm32cube.common.mx_6.6.1.202207061420\\db\/plugins/boardmanager/
2023-03-18 21:51:40,938 [INFO] ApiDb:256 - Set plugin images path to: C:\ST\STM32CubeIDE_1.10.1\STM32CubeIDE\plugins\com.st.stm32cube.common.mx_6.6.1.202207061420\\db\/plugins/mcufinder/images/
2023-03-18 21:51:40,938 [WARN] DbFile:40 - Overriding database path with different value: C:\Users\VeliSacikara\.stmcufinder\plugins\mcufinder/ => C:\Users\VeliSacikara\.stmcufinder\plugins\mcufinder
2023-03-18 21:51:40,939 [INFO] ApiDb:249 - Set database path to: C:\Users\VeliSacikara\.stmcufinder\plugins\mcufinder//mcu/
2023-03-18 21:51:40,939 [WARN] DbFile:40 - Overriding database path with different value: C:\Users\VeliSacikara\.stmcufinder\plugins\mcufinder/ => C:\Users\VeliSacikara\.stmcufinder\plugins\mcufinder
2023-03-18 21:51:40,939 [INFO] DbMcusAds:124 - Set database path to: C:\Users\VeliSacikara\.stmcufinder\plugins\mcufinder//mcu/
2023-03-18 21:51:40,939 [WARN] DbFile:40 - Overriding database path with different value: C:\Users\VeliSacikara\.stmcufinder\plugins\mcufinder/ => C:\Users\VeliSacikara\.stmcufinder\plugins\mcufinder
2023-03-18 21:51:40,939 [WARN] DbFile:40 - Overriding database path with different value: C:\Users\VeliSacikara\.stmcufinder\plugins\mcufinder/ => C:\Users\VeliSacikara\.stmcufinder\plugins\mcufinder
2023-03-18 21:51:40,940 [INFO] CrossReferenceDbSqlite:201 - Set database path to: C:\Users\VeliSacikara\.stmcufinder\plugins\mcufinder//mcu/cs/
2023-03-18 21:51:40,965 [INFO] ApplicationProperties:181 - Using Application install path: C:\ST\STM32CubeIDE_1.10.1\STM32CubeIDE\plugins\com.st.stm32cube.common.mx_6.6.1.202207061420
2023-03-18 21:51:40,968 [INFO] PluginManage:193 - Search for loadable plugins [exclusion list=, ]
2023-03-18 21:51:40,970 [INFO] PluginManage:307 - Check plugin analytics
2023-03-18 21:51:41,181 [INFO] AnalyticsPlugin:262 - Accepted Software Licenses: 
2023-03-18 21:51:41,183 [INFO] AnalyticsPlugin:264 - Accepted CMSIS Pack Licenses: 
2023-03-18 21:51:41,184 [INFO] AnalyticsPlugin:266 - Accepted Firmware Licenses: FW.F4.1.27.0
2023-03-18 21:51:41,194 [INFO] PluginManage:356 - Loaded plugin analytics (category:tool,tabindex:-1)
2023-03-18 21:51:41,195 [INFO] PluginManage:307 - Check plugin cadmodel
2023-03-18 21:51:41,200 [INFO] CADModel:65 - Init CAD model plugin
2023-03-18 21:51:41,200 [INFO] PluginManage:356 - Loaded plugin cadmodel (category:power,tabindex:5)
2023-03-18 21:51:41,201 [INFO] PluginManage:307 - Check plugin clock
2023-03-18 21:51:41,214 [INFO] PluginManage:356 - Loaded plugin clock (category:base,tabindex:2)
2023-03-18 21:51:41,215 [INFO] PluginManage:307 - Check plugin ddr
2023-03-18 21:51:41,215 [INFO] PluginManage:356 - Loaded plugin ddr (category:tool,tabindex:6)
2023-03-18 21:51:41,215 [INFO] PluginManage:307 - Check plugin filemanager
2023-03-18 21:51:41,443 [INFO] PluginManage:356 - Loaded plugin filemanager (category:base,tabindex:10)
2023-03-18 21:51:41,443 [INFO] PluginManage:307 - Check plugin ipmanager
2023-03-18 21:51:41,455 [INFO] PluginManage:356 - Loaded plugin ipmanager (category:base,tabindex:5)
2023-03-18 21:51:41,456 [INFO] PluginManage:307 - Check plugin lpbam
2023-03-18 21:51:41,468 [INFO] PluginManage:356 - Loaded plugin lpbam (category:base,tabindex:0)
2023-03-18 21:51:41,468 [INFO] PluginManage:307 - Check plugin pinoutandconfiguration
2023-03-18 21:51:41,478 [INFO] PluginManage:356 - Loaded plugin pinoutandconfiguration (category:base,tabindex:1)
2023-03-18 21:51:41,478 [INFO] PluginManage:307 - Check plugin pinoutconfig
2023-03-18 21:51:41,517 [INFO] PluginManage:356 - Loaded plugin pinoutconfig (category:base,tabindex:0)
2023-03-18 21:51:41,517 [INFO] PluginManage:307 - Check plugin power
2023-03-18 21:51:41,536 [INFO] PluginManage:356 - Loaded plugin power (category:power,tabindex:4)
2023-03-18 21:51:41,536 [INFO] PluginManage:307 - Check plugin projectmanager
2023-03-18 21:51:41,559 [INFO] PluginManage:356 - Loaded plugin projectmanager (category:projectmanager,tabindex:3)
2023-03-18 21:51:41,559 [INFO] PluginManage:307 - Check plugin thirdparty
2023-03-18 21:51:41,732 [INFO] PluginManage:356 - Loaded plugin thirdparty (category:base,tabindex:-1)
2023-03-18 21:51:41,740 [WARN] IntegrityCheckThread:82 - waiting for thirdparty lock release [integrity check]
2023-03-18 21:51:41,741 [INFO] IntegrityCheckThread:84 - entering critical section [integrity check]
2023-03-18 21:51:41,740 [INFO] PluginManage:307 - Check plugin tools
2023-03-18 21:51:41,743 [INFO] ThirdPartyUpdaterWithRetryManager:70 - Updater plugin not ready yet. [1/15]
2023-03-18 21:51:41,743 [INFO] PluginManage:356 - Loaded plugin tools (category:base,tabindex:7)
2023-03-18 21:51:41,743 [INFO] PluginManage:307 - Check plugin tutovideos
2023-03-18 21:51:42,017 [INFO] PluginManage:356 - Loaded plugin tutovideos (category:base,tabindex:-1)
2023-03-18 21:51:42,018 [INFO] PluginManage:307 - Check plugin updater
2023-03-18 21:51:42,034 [INFO] PluginManage:356 - Loaded plugin updater (category:base,tabindex:12)
2023-03-18 21:51:42,034 [INFO] PluginManage:280 - PluginManage : Loaded plugins [15]
2023-03-18 21:51:42,424 [INFO] PinOutPanel:1468 - setPackage(No Configuration,No Configuration)
2023-03-18 21:51:42,516 [INFO] CADModel:98 - CPN selected for project level
2023-03-18 21:51:42,532 [INFO] IPUIPlugin:79 - create IPUIPlugin
2023-03-18 21:51:42,532 [INFO] PluginManager:217 - loadIPPluginJar : add adc
2023-03-18 21:51:42,543 [INFO] IPUIPlugin:79 - create IPUIPlugin
2023-03-18 21:51:42,543 [INFO] PluginManager:217 - loadIPPluginJar : add aes
2023-03-18 21:51:42,543 [INFO] IPUIPlugin:79 - create IPUIPlugin
2023-03-18 21:51:42,547 [INFO] PluginManager:217 - loadIPPluginJar : add can
2023-03-18 21:51:42,549 [INFO] IPUIPlugin:79 - create IPUIPlugin
2023-03-18 21:51:42,549 [INFO] PluginManager:217 - loadIPPluginJar : add comp
2023-03-18 21:51:42,549 [INFO] IPUIPlugin:79 - create IPUIPlugin
2023-03-18 21:51:42,549 [INFO] PluginManager:217 - loadIPPluginJar : add cryp
2023-03-18 21:51:42,549 [INFO] IPUIPlugin:79 - create IPUIPlugin
2023-03-18 21:51:42,549 [INFO] PluginManager:217 - loadIPPluginJar : add dfsdm
2023-03-18 21:51:42,558 [INFO] IPUIPlugin:79 - create IPUIPlugin
2023-03-18 21:51:42,558 [INFO] PluginManager:217 - loadIPPluginJar : add dma
2023-03-18 21:51:42,566 [INFO] IPUIPlugin:79 - create IPUIPlugin
2023-03-18 21:51:42,566 [INFO] PluginManager:217 - loadIPPluginJar : add dma3
2023-03-18 21:51:42,567 [INFO] IPUIPlugin:79 - create IPUIPlugin
2023-03-18 21:51:42,567 [INFO] PluginManager:217 - loadIPPluginJar : add fatfs
2023-03-18 21:51:42,594 [INFO] IPUIPlugin:79 - create IPUIPlugin
2023-03-18 21:51:42,597 [INFO] PluginManager:217 - loadIPPluginJar : add fmc
2023-03-18 21:51:42,609 [INFO] IPUIPlugin:79 - create IPUIPlugin
2023-03-18 21:51:42,614 [INFO] PluginManager:217 - loadIPPluginJar : add freertos
2023-03-18 21:51:42,618 [INFO] IPUIPlugin:79 - create IPUIPlugin
2023-03-18 21:51:42,619 [INFO] PluginManager:217 - loadIPPluginJar : add genericplugin
2023-03-18 21:51:42,620 [INFO] IPUIPlugin:79 - create IPUIPlugin
2023-03-18 21:51:42,620 [INFO] PluginManager:217 - loadIPPluginJar : add gfxmmu
2023-03-18 21:51:42,625 [INFO] IPUIPlugin:79 - create IPUIPlugin
2023-03-18 21:51:42,625 [INFO] PluginManager:217 - loadIPPluginJar : add gic
2023-03-18 21:51:42,632 [INFO] IPUIPlugin:79 - create IPUIPlugin
2023-03-18 21:51:42,632 [INFO] PluginManager:217 - loadIPPluginJar : add gpio
2023-03-18 21:51:42,638 [INFO] IPUIPlugin:79 - create IPUIPlugin
2023-03-18 21:51:42,638 [INFO] PluginManager:217 - loadIPPluginJar : add gtzc
2023-03-18 21:51:42,639 [INFO] IPUIPlugin:79 - create IPUIPlugin
2023-03-18 21:51:42,639 [INFO] PluginManager:217 - loadIPPluginJar : add hash
2023-03-18 21:51:42,646 [INFO] IPUIPlugin:79 - create IPUIPlugin
2023-03-18 21:51:42,646 [INFO] PluginManager:217 - loadIPPluginJar : add i2c
2023-03-18 21:51:42,648 [INFO] IPUIPlugin:79 - create IPUIPlugin
2023-03-18 21:51:42,648 [INFO] PluginManager:217 - loadIPPluginJar : add i2s
2023-03-18 21:51:42,656 [INFO] IPUIPlugin:79 - create IPUIPlugin
2023-03-18 21:51:42,656 [INFO] PluginManager:217 - loadIPPluginJar : add ipddr
2023-03-18 21:51:42,665 [INFO] IPUIPlugin:79 - create IPUIPlugin
2023-03-18 21:51:42,665 [INFO] PluginManager:217 - loadIPPluginJar : add linkedlist
2023-03-18 21:51:42,669 [INFO] IPUIPlugin:79 - create IPUIPlugin
2023-03-18 21:51:42,669 [INFO] PluginManager:217 - loadIPPluginJar : add lorawan
2023-03-18 21:51:42,671 [INFO] IPUIPlugin:79 - create IPUIPlugin
2023-03-18 21:51:42,671 [INFO] PluginManager:217 - loadIPPluginJar : add ltdc
2023-03-18 21:51:42,679 [INFO] IPUIPlugin:79 - create IPUIPlugin
2023-03-18 21:51:42,679 [INFO] PluginManager:217 - loadIPPluginJar : add mdma
2023-03-18 21:51:42,682 [INFO] IPUIPlugin:79 - create IPUIPlugin
2023-03-18 21:51:42,684 [INFO] PluginManager:217 - loadIPPluginJar : add nvic
2023-03-18 21:51:42,688 [INFO] IPUIPlugin:79 - create IPUIPlugin
2023-03-18 21:51:42,688 [INFO] PluginManager:217 - loadIPPluginJar : add opamp
2023-03-18 21:51:42,691 [INFO] IPUIPlugin:79 - create IPUIPlugin
2023-03-18 21:51:42,694 [INFO] PluginManager:217 - loadIPPluginJar : add openamp
2023-03-18 21:51:42,699 [INFO] IPUIPlugin:79 - create IPUIPlugin
2023-03-18 21:51:42,699 [INFO] PluginManager:217 - loadIPPluginJar : add pdm2pcm
2023-03-18 21:51:42,709 [INFO] IPUIPlugin:79 - create IPUIPlugin
2023-03-18 21:51:42,713 [INFO] PluginManager:217 - loadIPPluginJar : add plateformsettings
2023-03-18 21:51:42,715 [INFO] IPUIPlugin:79 - create IPUIPlugin
2023-03-18 21:51:42,715 [INFO] PluginManager:217 - loadIPPluginJar : add quadspi
2023-03-18 21:51:42,715 [INFO] IPUIPlugin:79 - create IPUIPlugin
2023-03-18 21:51:42,715 [INFO] PluginManager:217 - loadIPPluginJar : add resmgrutility
2023-03-18 21:51:42,723 [INFO] IPUIPlugin:79 - create IPUIPlugin
2023-03-18 21:51:42,723 [INFO] PluginManager:217 - loadIPPluginJar : add sai
2023-03-18 21:51:42,723 [INFO] IPUIPlugin:79 - create IPUIPlugin
2023-03-18 21:51:42,723 [INFO] PluginManager:217 - loadIPPluginJar : add spi
2023-03-18 21:51:42,732 [INFO] IPUIPlugin:79 - create IPUIPlugin
2023-03-18 21:51:42,732 [INFO] PluginManager:217 - loadIPPluginJar : add stm32_wpan
2023-03-18 21:51:42,736 [INFO] IPUIPlugin:79 - create IPUIPlugin
2023-03-18 21:51:42,737 [INFO] PluginManager:217 - loadIPPluginJar : add tim
2023-03-18 21:51:42,742 [INFO] IPUIPlugin:79 - create IPUIPlugin
2023-03-18 21:51:42,742 [INFO] PluginManager:217 - loadIPPluginJar : add touchsensing
2023-03-18 21:51:42,745 [INFO] IPUIPlugin:79 - create IPUIPlugin
2023-03-18 21:51:42,746 [INFO] PluginManager:217 - loadIPPluginJar : add tracer_emb
2023-03-18 21:51:42,748 [INFO] IPUIPlugin:79 - create IPUIPlugin
2023-03-18 21:51:42,748 [INFO] PluginManager:217 - loadIPPluginJar : add ts
2023-03-18 21:51:42,752 [INFO] IPUIPlugin:79 - create IPUIPlugin
2023-03-18 21:51:42,752 [INFO] PluginManager:217 - loadIPPluginJar : add tsc
2023-03-18 21:51:42,752 [INFO] IPUIPlugin:79 - create IPUIPlugin
2023-03-18 21:51:42,752 [INFO] PluginManager:217 - loadIPPluginJar : add ucpd
2023-03-18 21:51:42,760 [INFO] IPUIPlugin:79 - create IPUIPlugin
2023-03-18 21:51:42,761 [INFO] PluginManager:217 - loadIPPluginJar : add usart
2023-03-18 21:51:42,764 [INFO] IPUIPlugin:79 - create IPUIPlugin
2023-03-18 21:51:42,766 [INFO] PluginManager:217 - loadIPPluginJar : add usbx
2023-03-18 21:51:43,415 [FATAL] Updater:301 - Updater called before beeing initialized
2023-03-18 21:51:43,660 [FATAL] Updater:301 - Updater called before beeing initialized
2023-03-18 21:51:43,672 [INFO] DbMcusAds:52 - JSON generation date=Tue Mar 07 11:50:55 TRT 2023 (1678179055114)
2023-03-18 21:51:43,672 [FATAL] Updater:301 - Updater called before beeing initialized
2023-03-18 21:51:43,726 [WARN] DetailPanel:344 - Failed to get advertising image, set to default
2023-03-18 21:51:43,939 [FATAL] Updater:301 - Updater called before beeing initialized
2023-03-18 21:51:43,940 [FATAL] Updater:301 - Updater called before beeing initialized
2023-03-18 21:51:43,940 [FATAL] Updater:301 - Updater called before beeing initialized
2023-03-18 21:51:43,940 [WARN] DetailPanel:344 - Failed to get advertising image, set to default
2023-03-18 21:51:43,943 [FATAL] Updater:301 - Updater called before beeing initialized
2023-03-18 21:51:44,017 [ERROR] Updater:1105 - MainUpdater not yet initialized. External WinMGr cannot be set.
2023-03-18 21:51:44,020 [INFO] Updater:1041 - Updater Version found : 6.6.1
2023-03-18 21:51:44,048 [INFO] ApplicationProperties:181 - Using Application install path: C:\ST\STM32CubeIDE_1.10.1\STM32CubeIDE\plugins\com.st.stm32cube.common.mx_6.6.1.202207061420
2023-03-18 21:51:44,467 [INFO] MainUpdater:2768 - connection check result : 10
2023-03-18 21:51:44,469 [INFO] MainUpdater:280 - Updater Check For Update Now.
2023-03-18 21:51:44,469 [INFO] MicroXplorer:481 - Change Database Version : DB.6.0.60
2023-03-18 21:51:44,745 [WARN] MainUpdater:1184 - Updater busy. Cannot search thirdparties
2023-03-18 21:51:44,745 [INFO] ThirdPartyUpdaterWithRetryManager:96 - Updater plugin is busy. [1/15]
2023-03-18 21:51:44,819 [INFO] CheckServerUpdateThread:119 - End of CheckServer Thread
2023-03-18 21:51:44,908 [INFO] MainUpdater:2768 - connection check result : 10
2023-03-18 21:51:45,278 [INFO] McuFinderGlobals:57 - Set McuFinderConnectedMode to true
2023-03-18 21:51:45,289 [INFO] MultiScanPanel:195 - Auto-refresh data requested => check proxy status ongoing
2023-03-18 21:51:45,302 [INFO] FinderPluginLoader:92 - Searching for filters in installed packs
2023-03-18 21:51:45,484 [INFO] ApiDb:576 - Connected to CubeFinder SQLite database (C:\Users\VeliSacikara\.stmcufinder\plugins\mcufinder\mcu\cube-finder-db.db)
2023-03-18 21:51:45,576 [INFO] ApiDb:663 - CubeFinder database Data Model version=2.1
2023-03-18 21:51:45,576 [INFO] ApiDb:664 - CubeFinder database Configuration version=3.0.35
2023-03-18 21:51:45,577 [INFO] ApiDb:665 - CubeFinder database generation date=2023-03-10 (1678456172)
2023-03-18 21:51:45,577 [INFO] ApiDb:666 - CubeFinder database FW Pack versions=[FP-ATR-ASTRA1_V1.1.1, STM32Cube_FW_C0_V1.0.1, STM32Cube_FW_F0_V1.11.4, STM32Cube_FW_F3_V1.11.4, STM32Cube_FW_F4_V1.27.1, STM32Cube_FW_F7_V1.17.0, STM32Cube_FW_G0_V1.6.1, STM32Cube_FW_G4_V1.5.1, STM32Cube_FW_H5_V0.5.1, STM32Cube_FW_H5_V1.0.0, STM32Cube_FW_H7_V1.11.0, STM32Cube_FW_L0_V1.12.2, STM32Cube_FW_L5_V1.5.0, STM32Cube_FW_U5_V1.2.0, STM32Cube_FW_WBA_V1.0.0, STM32Cube_FW_WBA_V1.0.0RC1, STM32Cube_FW_WBA_V1.0.0RC3, STM32Cube_FW_WB_V1.15.0RC1, STM32Cube_FW_WB_V1.16.0, STM32Cube_FW_WB_V1.16.0RC2, STM32Cube_FW_WL_V1.3.0, X-CUBE-ALGOBUILD_V1.3.0, X-CUBE-ALS_V1.0.1, X-CUBE-AZRTOS-F4_V1.1.0, X-CUBE-AZRTOS-F7_V1.1.0, X-CUBE-AZRTOS-G0_V1.1.0, X-CUBE-AZRTOS-G4_V1.0.0, X-CUBE-AZRTOS-H7_V3.0.0, X-CUBE-AZRTOS-L4_V1.0.0, X-CUBE-AZRTOS-L5_V1.1.0, X-CUBE-AZRTOS-WB_V1.1.0, X-CUBE-AZRTOS-WL_V1.0.0, X-CUBE-BLE1_V6.2.4, X-CUBE-BLE2_V3.3.0, X-CUBE-BLEMGR_V1.3.0, X-CUBE-EEPRMA1_V4.1.0, X-CUBE-GNSS1_V6.0.0, X-CUBE-MEMS1_V9.1.0, X-CUBE-MEMS1_V9.4.0, X-CUBE-MEMS1_V9.5.0, X-CUBE-NFC4_V3.0.0, X-CUBE-NFC7_V1.0.0, X-CUBE-SFXS2LP1_V4.0.0, X-CUBE-SUBG2_V5.0.0]
2023-03-18 21:51:47,931 [WARN] PackLoader:242 - Cannot read IP mode file for STMicroelectronics.X-CUBE-GNSS1.6.0.0
2023-03-18 21:51:48,026 [WARN] PackLoader:242 - Cannot read IP mode file for STMicroelectronics.X-CUBE-AZRTOS-F4.1.1.0
2023-03-18 21:51:48,088 [WARN] PackLoader:242 - Cannot read IP mode file for STMicroelectronics.X-CUBE-AZRTOS-F7.1.1.0
2023-03-18 21:51:48,106 [WARN] PackLoader:242 - Cannot read IP mode file for STMicroelectronics.X-CUBE-BLE1.6.2.3
2023-03-18 21:51:48,116 [WARN] PackLoader:242 - Cannot read IP mode file for STMicroelectronics.X-CUBE-BLE1.6.2.4
2023-03-18 21:51:48,135 [WARN] PackLoader:242 - Cannot read IP mode file for STMicroelectronics.X-CUBE-BLEMGR.2.0.0
2023-03-18 21:51:48,148 [WARN] PackLoader:242 - Cannot read IP mode file for STMicroelectronics.X-CUBE-NFC4.2.0.5
2023-03-18 21:51:48,162 [WARN] PackLoader:242 - Cannot read IP mode file for STMicroelectronics.X-CUBE-NFC4.2.0.4
2023-03-18 21:51:48,180 [WARN] PackLoader:242 - Cannot read IP mode file for STMicroelectronics.X-CUBE-TOF1.3.1.0
2023-03-18 21:51:48,203 [WARN] PackLoader:242 - Cannot read IP mode file for STMicroelectronics.X-CUBE-DISPLAY.3.0.0
2023-03-18 21:51:48,218 [WARN] PackLoader:242 - Cannot read IP mode file for wolfSSL.I-CUBE-wolfSSL.5.5.0
2023-03-18 21:51:48,229 [WARN] PackLoader:242 - Cannot read IP mode file for STMicroelectronics.X-CUBE-NFC7.1.0.0
2023-03-18 21:51:48,349 [WARN] PackLoader:242 - Cannot read IP mode file for STMicroelectronics.X-CUBE-MEMS1.9.3.0
2023-03-18 21:51:48,627 [WARN] PackLoader:242 - Cannot read IP mode file for STMicroelectronics.X-CUBE-EEPRMA1.4.1.0
2023-03-18 21:51:48,635 [WARN] PackLoader:242 - Cannot read IP mode file for STMicroelectronics.X-CUBE-AI.7.2.0
2023-03-18 21:51:48,650 [WARN] PackLoader:242 - Cannot read IP mode file for WES.I-CUBE-Cesium.1.3.0
2023-03-18 21:51:48,659 [WARN] PackLoader:242 - Cannot read IP mode file for STMicroelectronics.X-CUBE-SFXS2LP1.4.0.0
2023-03-18 21:51:48,668 [WARN] PackLoader:242 - Cannot read IP mode file for STMicroelectronics.X-CUBE-BLE2.3.3.0
2023-03-18 21:51:48,674 [WARN] PackLoader:242 - Cannot read IP mode file for STMicroelectronics.X-CUBE-DISPLAY.2.2.0
2023-03-18 21:51:48,696 [WARN] PackLoader:242 - Cannot read IP mode file for STMicroelectronics.X-CUBE-TOF1.3.2.0
2023-03-18 21:51:48,737 [WARN] PackLoader:242 - Cannot read IP mode file for STMicroelectronics.X-CUBE-AZRTOS-H7.3.0.0
2023-03-18 21:51:48,756 [WARN] PackLoader:242 - Cannot read IP mode file for STMicroelectronics.X-CUBE-ISPU.1.0.0
2023-03-18 21:51:48,762 [WARN] PackLoader:242 - Cannot read IP mode file for STMicroelectronics.X-CUBE-ISPU.1.1.0
2023-03-18 21:51:48,772 [WARN] PackLoader:242 - Cannot read IP mode file for RoweBots.I-CUBE-UNISONRTOS.5.5.0-4
2023-03-18 21:51:48,812 [WARN] PackLoader:242 - Cannot read IP mode file for STMicroelectronics.X-CUBE-AZRTOS-H7.2.1.0
2023-03-18 21:51:48,824 [WARN] PackLoader:242 - Cannot read IP mode file for STMicroelectronics.X-CUBE-AI.8.0.0
2023-03-18 21:51:48,832 [WARN] PackLoader:242 - Cannot read IP mode file for STMicroelectronics.X-CUBE-FREERTOS.1.0.0
2023-03-18 21:51:48,840 [WARN] PackLoader:242 - Cannot read IP mode file for STMicroelectronics.X-CUBE-TOUCHGFX.4.21.1
2023-03-18 21:51:48,843 [WARN] PackLoader:242 - Cannot read IP mode file for STMicroelectronics.X-CUBE-TOUCHGFX.4.21.0
2023-03-18 21:51:48,878 [WARN] PackLoader:242 - Cannot read IP mode file for STMicroelectronics.X-CUBE-BLEMGR.1.0.0
2023-03-18 21:51:48,892 [INFO] ApiDb:239 - Found 138 in-development CPN: [B-WB1M-WPAN1, NUCLEO-C031C6, STEVAL-STWINBX1, STM320518-EVAL, STM32C0116-DK, STM32C011D6Y3TR, STM32C011D6Y6TR, STM32C011F4P3, STM32C011F4P6, STM32C011F4U3, STM32C011F4U6TR, STM32C011F6P3, STM32C011F6P6, STM32C011F6U3, STM32C011F6U6TR, STM32C011J4M3, STM32C011J4M6, STM32C011J6M3, STM32C011J6M6, STM32C0316-DK, STM32C031C4T3, STM32C031C4T6, STM32C031C4U3, STM32C031C4U6, STM32C031C6T3, STM32C031C6T6, STM32C031C6U3, STM32C031C6U6, STM32C031F4P3, STM32C031F4P6, STM32C031F6P3, STM32C031F6P6, STM32C031G4U3, STM32C031G4U6, STM32C031G6U3, STM32C031G6U6, STM32C031K4T3, STM32C031K4T6, STM32C031K4U3, STM32C031K4U6, STM32C031K6T3, STM32C031K6T6, STM32C031K6U3, STM32C031K6U6, STM32G071K8TXN, STM32G071K8UXN, STM32G081GBU6N, STM32G081KBT6N, STM32G081KBUXN, STM32G0B1CCT6N, STM32G0B1KCT6, STM32G0B1NEY6TR, STM32G0B1RCT6N, STM32G0C1CCT6, STM32G0C1CCT6N, STM32G0C1CCU6N, STM32G0C1CET6N, STM32G0C1CEU6N, STM32G0C1KCT6, STM32G0C1NEY6TR, STM32G0C1RCI6N, STM32G0C1RCT6N, STM32G0C1REI6N, STM32G0C1RET6N, STM32G0C1VCI6, STM32G0C1VEI6, STM32G471CCT6, STM32G471CCU6, STM32G471CET3, STM32G471CET6, STM32G471CEU3, STM32G471CEU6, STM32G471MCT6, STM32G471MET3, STM32G471MET6, STM32G471MEY6TR, STM32G471QCT6, STM32G471QET3, STM32G471RCT6, STM32G471RET3, STM32G471RET6, STM32G471VCH6, STM32G471VCI6, STM32G471VCT6, STM32G471VEH3, STM32G471VEH6, STM32G471VEI3, STM32G471VEI6, STM32G471VET3, STM32G471VET6, STM32G474CCT6, STM32L476VGY6PTR, STM32L4R5QGI6STR, STM32MP131AAE3, STM32MP131AAF3, STM32MP131AAG3, STM32MP131CAE3, STM32MP131CAF3, STM32MP131CAG3, STM32MP131DAE7, STM32MP131DAF7, STM32MP131DAG7, STM32MP131FAE7, STM32MP131FAF7, STM32MP131FAG7, STM32MP133AAE3, STM32MP133AAF3, STM32MP133AAG3, STM32MP133CAE3, STM32MP133CAF3, STM32MP133CAG3, STM32MP133DAE7, STM32MP133DAF7, STM32MP133DAG7, STM32MP133FAE7, STM32MP133FAF7, STM32MP133FAG7, STM32MP135AAE3, STM32MP135AAF3, STM32MP135AAG3, STM32MP135CAE3, STM32MP135CAF3, STM32MP135CAG3, STM32MP135DAE7, STM32MP135DAF7, STM32MP135DAG7, STM32MP135F-DK, STM32MP135FAE7, STM32MP135FAF7, STM32MP135FAG7, STM32U595ZJT6Q, STM32U599BJY6QTR, STM32U599NIH6Q, STM32U599NJH6Q, STM32U5A5ZJT6Q, STM32U5A9BJY6QTR, STM32U5A9NJH6Q, STM32WB1MMCH6]
2023-03-18 21:51:48,901 [INFO] DbMcus:215 - Found 3678 MCUs, 3678 are supported
2023-03-18 21:51:48,902 [INFO] ApiDb:418 - Load user favorites file C:\Users\VeliSacikara/.stm32cubeide/favorites.mcus.txt: 0 item(s)
2023-03-18 21:51:48,902 [INFO] ApiDb:422 - User favorites MCUs=[]
2023-03-18 21:51:48,902 [INFO] DbMcus:221 - Set 0 / 0 favorites MCUs
2023-03-18 21:51:48,946 [WARN] PackLoader:242 - Cannot read IP mode file for STMicroelectronics.X-CUBE-MEMS1.9.4.0
2023-03-18 21:51:49,136 [WARN] PackLoader:242 - Cannot read IP mode file for STMicroelectronics.X-CUBE-AI.7.3.0
2023-03-18 21:51:49,142 [WARN] PackLoader:242 - Cannot read IP mode file for STMicroelectronics.X-CUBE-ALGOBUILD.1.3.0
2023-03-18 21:51:49,165 [WARN] PackLoader:242 - Cannot read IP mode file for STMicroelectronics.X-CUBE-AZRTOS-L5.1.1.0
2023-03-18 21:51:49,209 [WARN] PackLoader:242 - Cannot read IP mode file for STMicroelectronics.X-CUBE-AZRTOS-G0.1.1.0
2023-03-18 21:51:49,228 [WARN] PackLoader:242 - Cannot read IP mode file for STMicroelectronics.X-CUBE-SUBG2.5.0.0
2023-03-18 21:51:49,248 [WARN] PackLoader:242 - Cannot read IP mode file for STMicroelectronics.X-CUBE-NFC4.3.0.0
2023-03-18 21:51:49,302 [WARN] PackLoader:242 - Cannot read IP mode file for SEGGER.I-CUBE-embOS.1.2.0
2023-03-18 21:51:49,359 [WARN] PackLoader:242 - Cannot read IP mode file for STMicroelectronics.FP-ATR-ASTRA1.1.1.1
2023-03-18 21:51:49,384 [WARN] PackLoader:242 - Cannot read IP mode file for STMicroelectronics.X-CUBE-BLEMGR.1.3.0
2023-03-18 21:51:49,398 [WARN] PackLoader:242 - Cannot read IP mode file for STMicroelectronics.X-CUBE-AZRTOS-G4.1.0.0
2023-03-18 21:51:49,407 [WARN] PackLoader:242 - Cannot read IP mode file for STMicroelectronics.FP-ATR-SIGFOX1.3.2.0
2023-03-18 21:51:49,434 [WARN] PackLoader:242 - Cannot read IP mode file for STMicroelectronics.X-CUBE-AZRTOS-L4.1.0.0
2023-03-18 21:51:49,450 [WARN] PackLoader:242 - Cannot read IP mode file for emotas.I-CUBE-CANOPEN.1.1.2
2023-03-18 21:51:49,456 [WARN] PackLoader:242 - Cannot read IP mode file for STMicroelectronics.X-CUBE-TOUCHGFX.4.20.0
2023-03-18 21:51:49,469 [WARN] PackLoader:242 - Cannot read IP mode file for STMicroelectronics.X-CUBE-AZRTOS-WL.1.0.0
2023-03-18 21:51:49,481 [WARN] PackLoader:242 - Cannot read IP mode file for portGmbH.I-Cube-SoM-uGOAL.1.1.0
2023-03-18 21:51:49,487 [WARN] PackLoader:242 - Cannot read IP mode file for STMicroelectronics.X-CUBE-ALS.1.0.1
2023-03-18 21:51:49,565 [WARN] PackLoader:242 - Cannot read IP mode file for STMicroelectronics.X-CUBE-MEMS1.9.5.0
2023-03-18 21:51:49,783 [WARN] PackLoader:242 - Cannot read IP mode file for STMicroelectronics.X-CUBE-AZRTOS-WB.1.1.0
2023-03-18 21:51:49,849 [WARN] PackLoader:242 - Cannot read IP mode file for SEGGER.I-CUBE-embOS.1.3.1
2023-03-18 21:51:49,916 [WARN] PackLoader:242 - Cannot read IP mode file for STMicroelectronics.X-CUBE-AZRTOS-L5.1.0.0
2023-03-18 21:51:49,932 [WARN] PackLoader:242 - Cannot read IP mode file for STMicroelectronics.X-CUBE-EEPRMA1.3.1.1
2023-03-18 21:51:49,932 [INFO] ThirdParty:929 - Integrity check success = true
2023-03-18 21:51:49,934 [INFO] IntegrityCheckThread:98 - exiting critical section [integrity check]
2023-03-18 21:51:49,934 [INFO] IntegrityCheckThread:101 - End integrity checks thread
2023-03-18 21:51:51,303 [INFO] LoadUrlFilesThread:177 - End of LoadServerUrlFiles without Thread
2023-03-18 21:51:51,319 [INFO] DetailPanel:339 - Set advertising image to C:/Users/VeliSacikara/STM32Cube/Repository/\en.prom-stm32h5-mcu-finder.jpg
2023-03-18 21:51:52,683 [INFO] MultiScanPanel:778 - Auto Refresh Data is not needed
2023-03-18 21:51:52,698 [INFO] ApiDb:663 - CubeFinder database Data Model version=2.1
2023-03-18 21:51:52,698 [INFO] ApiDb:664 - CubeFinder database Configuration version=3.0.35
2023-03-18 21:51:52,698 [INFO] ApiDb:665 - CubeFinder database generation date=2023-03-10 (1678456172)
2023-03-18 21:51:52,698 [INFO] ApiDb:666 - CubeFinder database FW Pack versions=[FP-ATR-ASTRA1_V1.1.1, STM32Cube_FW_C0_V1.0.1, STM32Cube_FW_F0_V1.11.4, STM32Cube_FW_F3_V1.11.4, STM32Cube_FW_F4_V1.27.1, STM32Cube_FW_F7_V1.17.0, STM32Cube_FW_G0_V1.6.1, STM32Cube_FW_G4_V1.5.1, STM32Cube_FW_H5_V0.5.1, STM32Cube_FW_H5_V1.0.0, STM32Cube_FW_H7_V1.11.0, STM32Cube_FW_L0_V1.12.2, STM32Cube_FW_L5_V1.5.0, STM32Cube_FW_U5_V1.2.0, STM32Cube_FW_WBA_V1.0.0, STM32Cube_FW_WBA_V1.0.0RC1, STM32Cube_FW_WBA_V1.0.0RC3, STM32Cube_FW_WB_V1.15.0RC1, STM32Cube_FW_WB_V1.16.0, STM32Cube_FW_WB_V1.16.0RC2, STM32Cube_FW_WL_V1.3.0, X-CUBE-ALGOBUILD_V1.3.0, X-CUBE-ALS_V1.0.1, X-CUBE-AZRTOS-F4_V1.1.0, X-CUBE-AZRTOS-F7_V1.1.0, X-CUBE-AZRTOS-G0_V1.1.0, X-CUBE-AZRTOS-G4_V1.0.0, X-CUBE-AZRTOS-H7_V3.0.0, X-CUBE-AZRTOS-L4_V1.0.0, X-CUBE-AZRTOS-L5_V1.1.0, X-CUBE-AZRTOS-WB_V1.1.0, X-CUBE-AZRTOS-WL_V1.0.0, X-CUBE-BLE1_V6.2.4, X-CUBE-BLE2_V3.3.0, X-CUBE-BLEMGR_V1.3.0, X-CUBE-EEPRMA1_V4.1.0, X-CUBE-GNSS1_V6.0.0, X-CUBE-MEMS1_V9.1.0, X-CUBE-MEMS1_V9.4.0, X-CUBE-MEMS1_V9.5.0, X-CUBE-NFC4_V3.0.0, X-CUBE-NFC7_V1.0.0, X-CUBE-SFXS2LP1_V4.0.0, X-CUBE-SUBG2_V5.0.0]
2023-03-18 21:51:52,782 [INFO] DbBoardsSqlite:227 - include board P-NUCLEO-WB55-NUCLEO as a kit item of type 'Nucleo-64'
2023-03-18 21:51:52,782 [INFO] DbBoardsSqlite:227 - include board P-NUCLEO-WB55-USBDONGLE as a kit item of type 'Nucleo USB Dongle'
2023-03-18 21:51:52,782 [INFO] DbBoardsSqlite:227 - include board STEVAL-IDP005V1 as a kit item of type 'Evaluation Board'
2023-03-18 21:51:52,782 [INFO] DbBoardsSqlite:227 - include board STEVAL-IDP005V2 as a kit item of type 'Evaluation Board'
2023-03-18 21:51:52,857 [INFO] ApiDb:239 - Found 138 in-development CPN: [B-WB1M-WPAN1, NUCLEO-C031C6, STEVAL-STWINBX1, STM320518-EVAL, STM32C0116-DK, STM32C011D6Y3TR, STM32C011D6Y6TR, STM32C011F4P3, STM32C011F4P6, STM32C011F4U3, STM32C011F4U6TR, STM32C011F6P3, STM32C011F6P6, STM32C011F6U3, STM32C011F6U6TR, STM32C011J4M3, STM32C011J4M6, STM32C011J6M3, STM32C011J6M6, STM32C0316-DK, STM32C031C4T3, STM32C031C4T6, STM32C031C4U3, STM32C031C4U6, STM32C031C6T3, STM32C031C6T6, STM32C031C6U3, STM32C031C6U6, STM32C031F4P3, STM32C031F4P6, STM32C031F6P3, STM32C031F6P6, STM32C031G4U3, STM32C031G4U6, STM32C031G6U3, STM32C031G6U6, STM32C031K4T3, STM32C031K4T6, STM32C031K4U3, STM32C031K4U6, STM32C031K6T3, STM32C031K6T6, STM32C031K6U3, STM32C031K6U6, STM32G071K8TXN, STM32G071K8UXN, STM32G081GBU6N, STM32G081KBT6N, STM32G081KBUXN, STM32G0B1CCT6N, STM32G0B1KCT6, STM32G0B1NEY6TR, STM32G0B1RCT6N, STM32G0C1CCT6, STM32G0C1CCT6N, STM32G0C1CCU6N, STM32G0C1CET6N, STM32G0C1CEU6N, STM32G0C1KCT6, STM32G0C1NEY6TR, STM32G0C1RCI6N, STM32G0C1RCT6N, STM32G0C1REI6N, STM32G0C1RET6N, STM32G0C1VCI6, STM32G0C1VEI6, STM32G471CCT6, STM32G471CCU6, STM32G471CET3, STM32G471CET6, STM32G471CEU3, STM32G471CEU6, STM32G471MCT6, STM32G471MET3, STM32G471MET6, STM32G471MEY6TR, STM32G471QCT6, STM32G471QET3, STM32G471RCT6, STM32G471RET3, STM32G471RET6, STM32G471VCH6, STM32G471VCI6, STM32G471VCT6, STM32G471VEH3, STM32G471VEH6, STM32G471VEI3, STM32G471VEI6, STM32G471VET3, STM32G471VET6, STM32G474CCT6, STM32L476VGY6PTR, STM32L4R5QGI6STR, STM32MP131AAE3, STM32MP131AAF3, STM32MP131AAG3, STM32MP131CAE3, STM32MP131CAF3, STM32MP131CAG3, STM32MP131DAE7, STM32MP131DAF7, STM32MP131DAG7, STM32MP131FAE7, STM32MP131FAF7, STM32MP131FAG7, STM32MP133AAE3, STM32MP133AAF3, STM32MP133AAG3, STM32MP133CAE3, STM32MP133CAF3, STM32MP133CAG3, STM32MP133DAE7, STM32MP133DAF7, STM32MP133DAG7, STM32MP133FAE7, STM32MP133FAF7, STM32MP133FAG7, STM32MP135AAE3, STM32MP135AAF3, STM32MP135AAG3, STM32MP135CAE3, STM32MP135CAF3, STM32MP135CAG3, STM32MP135DAE7, STM32MP135DAF7, STM32MP135DAG7, STM32MP135F-DK, STM32MP135FAE7, STM32MP135FAF7, STM32MP135FAG7, STM32U595ZJT6Q, STM32U599BJY6QTR, STM32U599NIH6Q, STM32U599NJH6Q, STM32U5A5ZJT6Q, STM32U5A9BJY6QTR, STM32U5A9NJH6Q, STM32WB1MMCH6]
2023-03-18 21:51:53,074 [INFO] BoardInfo:879 - No configuration file found for board P-NUCLEO-WB55
2023-03-18 21:51:53,074 [INFO] DbBoards:156 - Kit is not supported: P-NUCLEO-WB55
2023-03-18 21:51:53,082 [INFO] BoardInfo:879 - No configuration file found for board STEVAL-BFA001V1B
2023-03-18 21:51:53,082 [INFO] DbBoards:156 - Kit is not supported: STEVAL-BFA001V1B
2023-03-18 21:51:53,082 [INFO] BoardInfo:879 - No configuration file found for board STEVAL-BFA001V2B
2023-03-18 21:51:53,082 [INFO] DbBoards:156 - Kit is not supported: STEVAL-BFA001V2B
2023-03-18 21:51:53,095 [INFO] BoardInfo:879 - No configuration file found for board STEVAL-PROTEUS1
2023-03-18 21:51:53,095 [INFO] DbBoards:156 - Board is not supported: STEVAL-PROTEUS1
2023-03-18 21:51:53,286 [INFO] DbBoards:160 - Found 178 boards, 174 are supported
2023-03-18 21:51:53,292 [INFO] ApiDb:418 - Load user favorites file C:\Users\VeliSacikara/.stm32cubeide/favorites.boards.txt: 0 item(s)
2023-03-18 21:51:53,292 [INFO] ApiDb:422 - User favorites Boards=[]
2023-03-18 21:51:53,292 [INFO] DbBoards:189 - Set 0 / 0 favorites Boards
2023-03-18 21:51:59,384 [ERROR] LogOutputStream:74 - [STDERR_REDIRECT] SLF4J: Failed to load class "org.slf4j.impl.StaticLoggerBinder".
2023-03-18 21:51:59,389 [ERROR] LogOutputStream:74 - [STDERR_REDIRECT] SLF4J: Defaulting to no-operation (NOP) logger implementation
2023-03-18 21:51:59,392 [ERROR] LogOutputStream:74 - [STDERR_REDIRECT] SLF4J: See http://www.slf4j.org/codes.html#StaticLoggerBinder for further details.
2023-03-18 21:53:44,389 [INFO] MainUpdater:2768 - connection check result : 10
2023-03-18 21:53:44,392 [INFO] MainUpdater:2768 - connection check result : 10
2023-03-18 21:53:44,420 [INFO] MicroXplorer:451 - Change Database Path : 
2023-03-18 21:53:44,422 [INFO] MicroXplorer:481 - Change Database Version : DB.6.0.60
2023-03-18 21:53:44,426 [WARN] ThirdParty:827 - waiting for thirdparty lock release [close project]
2023-03-18 21:53:44,426 [INFO] ThirdParty:829 - entering critical section [close project]
2023-03-18 21:53:44,428 [INFO] ThirdParty:839 - exiting critical section [close project]
2023-03-18 21:53:44,434 [INFO] PinOutPanel:1468 - setPackage(No Configuration,No Configuration)
2023-03-18 21:53:44,447 [INFO] UtilMem:74 - Begin LoadConfig() Used Memory: 450446016 Bytes (537919488)
2023-03-18 21:53:44,449 [INFO] MicroXplorer:451 - Change Database Path : 
2023-03-18 21:53:44,449 [INFO] MicroXplorer:481 - Change Database Version : DB.6.0.60
2023-03-18 21:53:44,449 [INFO] OpenFileManager:307 - Change cursor
2023-03-18 21:53:44,525 [INFO] Mcu:1922 - Initializing MCU STM32F407VGTx STM32F407VGTx 
2023-03-18 21:53:44,526 [INFO] Mcu:1935 - No CPN specified => set CPN to STM32F407VGT6
2023-03-18 21:53:47,400 [INFO] Context:654 - Trying to add GPIOservice into a context  which must be forbidden
2023-03-18 21:53:48,295 [INFO] ImportTextPane:193 - (OptionalMessage_ERROR) Unable to find key (Mcu.ThirdPartyNb) in loaded IOC file
2023-03-18 21:53:48,296 [INFO] ImportTextPane:193 - (OptionalMessage_ERROR) Unable to find key (Mcu.PinsNb) in loaded IOC file
2023-03-18 21:53:48,296 [INFO] ImportTextPane:193 - (OptionalMessage_ERROR) Unable to find key (Mcu.IPNb) in loaded IOC file
2023-03-18 21:53:48,405 [WARN] ApiManager:308 - Cannot register API 'Board Extension:GNSS1A1' from pack STMicroelectronics.X-CUBE-GNSS1.6.0.0: no header file found
2023-03-18 21:53:48,405 [WARN] ApiManager:308 - Cannot register API 'Board Support:Custom' from pack STMicroelectronics.X-CUBE-GNSS1.6.0.0: no header file found
2023-03-18 21:53:48,405 [WARN] ApiManager:308 - Cannot register API 'Data Exchange:lib_gnss' from pack STMicroelectronics.X-CUBE-GNSS1.6.0.0: no header file found
2023-03-18 21:53:48,732 [WARN] ApiManager:308 - Cannot register API 'Board Extension:IKS01A3' from pack STMicroelectronics.X-CUBE-MEMS1.9.4.0: no header file found
2023-03-18 21:53:48,733 [WARN] ApiManager:308 - Cannot register API 'Board Extension:IKS01A2' from pack STMicroelectronics.X-CUBE-MEMS1.9.4.0: no header file found
2023-03-18 21:53:48,733 [WARN] ApiManager:308 - Cannot register API 'Board Extension:IKS02A1' from pack STMicroelectronics.X-CUBE-MEMS1.9.4.0: no header file found
2023-03-18 21:53:48,752 [WARN] ApiManager:308 - Cannot register API 'Wireless:BlueNRG-MS' from pack STMicroelectronics.X-CUBE-BLE1.6.2.3: no header file found
2023-03-18 21:53:48,754 [WARN] ApiManager:308 - Cannot register API 'Wireless:BlueNRG-MS' from pack STMicroelectronics.X-CUBE-BLE1.6.2.4: no header file found
2023-03-18 21:53:48,758 [INFO] RtosManager:488 - Registered RTOS mode: class=CMSIS, group=RTOS, mode=CMSIS_V1, owner=FREERTOS
2023-03-18 21:53:48,758 [INFO] RtosManager:488 - Registered RTOS mode: class=CMSIS, group=RTOS2, mode=CMSIS_V2, owner=FREERTOS
2023-03-18 21:53:48,759 [INFO] RtosManager:488 - Registered RTOS mode: class=RTOS, group=Core, mode=CMSIS_V1, owner=FREERTOS
2023-03-18 21:53:48,759 [INFO] RtosManager:488 - Registered RTOS mode: class=RTOS, group=Core, mode=CMSIS_V2, owner=FREERTOS
2023-03-18 21:53:48,760 [WARN] ModelIntegratedComponent:185 - Missing modes for component STMicroelectronics:FreeRTOS:0.0.1:STMicroelectronics:RTOS:FreeRTOS:Core:::10.2.0:
2023-03-18 21:53:48,765 [WARN] ApiManager:308 - Cannot register API 'Board Extension:S2868A1' from pack STMicroelectronics.X-CUBE-SUBG2.5.0.0: no header file found
2023-03-18 21:53:48,765 [WARN] ApiManager:308 - Cannot register API 'Board Extension:S2868A2' from pack STMicroelectronics.X-CUBE-SUBG2.5.0.0: no header file found
2023-03-18 21:53:48,765 [WARN] ApiManager:308 - Cannot register API 'Board Extension:S2915A1' from pack STMicroelectronics.X-CUBE-SUBG2.5.0.0: no header file found
2023-03-18 21:53:48,765 [WARN] ApiManager:308 - Cannot register API 'Board Extension:NFC04A1' from pack STMicroelectronics.X-CUBE-NFC4.3.0.0: no header file found
2023-03-18 21:53:48,783 [WARN] ApiManager:308 - Cannot register API 'Board Extension:NFC04A1' from pack STMicroelectronics.X-CUBE-NFC4.2.0.5: no header file found
2023-03-18 21:53:48,785 [WARN] ApiManager:308 - Cannot register API 'Board Extension:NFC04A1' from pack STMicroelectronics.X-CUBE-NFC4.2.0.4: no header file found
2023-03-18 21:53:48,797 [WARN] ModelIntegratedComponent:64 - No mode defined for component null
2023-03-18 21:53:48,797 [WARN] ModelIntegratedComponent:64 - No mode defined for component null
2023-03-18 21:53:48,797 [WARN] ModelIntegratedComponent:64 - No mode defined for component null
2023-03-18 21:53:48,797 [WARN] ModelIntegratedComponent:64 - No mode defined for component null
2023-03-18 21:53:48,797 [WARN] ModelIntegratedComponent:64 - No mode defined for component null
2023-03-18 21:53:48,797 [WARN] ModelIntegratedComponent:64 - No mode defined for component null
2023-03-18 21:53:48,797 [WARN] ModelIntegratedComponent:64 - No mode defined for component null
2023-03-18 21:53:48,797 [WARN] ModelIntegratedComponent:64 - No mode defined for component null
2023-03-18 21:53:48,797 [WARN] ModelIntegratedComponent:64 - No mode defined for component null
2023-03-18 21:53:48,804 [WARN] ModelIntegratedComponent:64 - No mode defined for component null
2023-03-18 21:53:48,804 [WARN] ModelIntegratedComponent:64 - No mode defined for component null
2023-03-18 21:53:48,804 [WARN] ModelIntegratedComponent:64 - No mode defined for component null
2023-03-18 21:53:48,804 [WARN] ModelIntegratedComponent:64 - No mode defined for component null
2023-03-18 21:53:48,804 [WARN] ModelIntegratedComponent:64 - No mode defined for component null
2023-03-18 21:53:48,804 [WARN] ModelIntegratedComponent:64 - No mode defined for component null
2023-03-18 21:53:48,804 [WARN] ModelIntegratedComponent:64 - No mode defined for component null
2023-03-18 21:53:48,805 [WARN] ModelIntegratedComponent:64 - No mode defined for component null
2023-03-18 21:53:48,805 [WARN] ModelIntegratedComponent:64 - No mode defined for component null
2023-03-18 21:53:48,805 [WARN] ModelIntegratedComponent:64 - No mode defined for component null
2023-03-18 21:53:48,805 [WARN] ModelIntegratedComponent:64 - No mode defined for component null
2023-03-18 21:53:48,805 [WARN] ModelIntegratedComponent:64 - No mode defined for component null
2023-03-18 21:53:48,805 [WARN] ModelIntegratedComponent:64 - No mode defined for component null
2023-03-18 21:53:48,805 [WARN] ModelIntegratedComponent:64 - No mode defined for component null
2023-03-18 21:53:48,805 [WARN] ModelIntegratedComponent:64 - No mode defined for component null
2023-03-18 21:53:48,805 [WARN] ModelIntegratedComponent:64 - No mode defined for component null
2023-03-18 21:53:48,805 [WARN] ModelIntegratedComponent:64 - No mode defined for component null
2023-03-18 21:53:48,805 [WARN] ModelIntegratedComponent:64 - No mode defined for component null
2023-03-18 21:53:48,805 [WARN] ModelIntegratedComponent:64 - No mode defined for component null
2023-03-18 21:53:48,805 [WARN] ModelIntegratedComponent:64 - No mode defined for component null
2023-03-18 21:53:48,806 [WARN] ModelIntegratedComponent:64 - No mode defined for component null
2023-03-18 21:53:48,806 [WARN] ModelIntegratedComponent:64 - No mode defined for component null
2023-03-18 21:53:48,806 [WARN] ModelIntegratedComponent:64 - No mode defined for component null
2023-03-18 21:53:48,806 [WARN] ModelIntegratedComponent:64 - No mode defined for component null
2023-03-18 21:53:48,810 [WARN] ApiManager:308 - Cannot register API 'Board Extension:NFC07A1' from pack STMicroelectronics.X-CUBE-NFC7.1.0.0: no header file found
2023-03-18 21:53:48,954 [WARN] ApiManager:308 - Cannot register API 'Board Extension:IKS01A3' from pack STMicroelectronics.X-CUBE-MEMS1.9.3.0: no header file found
2023-03-18 21:53:48,954 [WARN] ApiManager:308 - Cannot register API 'Board Extension:IKS01A2' from pack STMicroelectronics.X-CUBE-MEMS1.9.3.0: no header file found
2023-03-18 21:53:48,954 [WARN] ApiManager:308 - Cannot register API 'Board Extension:IKS02A1' from pack STMicroelectronics.X-CUBE-MEMS1.9.3.0: no header file found
2023-03-18 21:53:48,959 [WARN] ApiManager:308 - Cannot register API 'Board Extension:EEPRMA1' from pack STMicroelectronics.X-CUBE-EEPRMA1.4.1.0: no header file found
2023-03-18 21:53:48,959 [WARN] ApiManager:308 - Cannot register API 'Board Extension:EEPRMA2' from pack STMicroelectronics.X-CUBE-EEPRMA1.4.1.0: no header file found
2023-03-18 21:53:48,959 [WARN] ApiManager:308 - Cannot register API 'Board Extension:PGEEZ1' from pack STMicroelectronics.X-CUBE-EEPRMA1.4.1.0: no header file found
2023-03-18 21:53:48,959 [WARN] ApiManager:308 - Cannot register API 'Board Part:M24' from pack STMicroelectronics.X-CUBE-EEPRMA1.4.1.0: no header file found
2023-03-18 21:53:48,959 [WARN] ApiManager:308 - Cannot register API 'Board Part:M95' from pack STMicroelectronics.X-CUBE-EEPRMA1.4.1.0: no header file found
2023-03-18 21:53:48,959 [WARN] ApiManager:308 - Cannot register API 'Board Part:M95P32' from pack STMicroelectronics.X-CUBE-EEPRMA1.4.1.0: no header file found
2023-03-18 21:53:48,959 [WARN] ApiManager:308 - Cannot register API 'PGEEZ1:SPI' from pack STMicroelectronics.X-CUBE-EEPRMA1.4.1.0: no header file found
2023-03-18 21:53:48,959 [WARN] ApiManager:308 - Cannot register API 'PGEEZ1:QDSPI' from pack STMicroelectronics.X-CUBE-EEPRMA1.4.1.0: no header file found
2023-03-18 21:53:49,163 [WARN] ApiManager:308 - Cannot register API 'Board Extension:IKS01A3' from pack STMicroelectronics.X-CUBE-MEMS1.9.5.0: no header file found
2023-03-18 21:53:49,163 [WARN] ApiManager:308 - Cannot register API 'Board Extension:IKS01A2' from pack STMicroelectronics.X-CUBE-MEMS1.9.5.0: no header file found
2023-03-18 21:53:49,164 [WARN] ApiManager:308 - Cannot register API 'Board Extension:IKS02A1' from pack STMicroelectronics.X-CUBE-MEMS1.9.5.0: no header file found
2023-03-18 21:53:49,173 [WARN] ApiManager:308 - Cannot register API 'Board Extension:EEPRMA1' from pack STMicroelectronics.X-CUBE-EEPRMA1.3.1.1: no header file found
2023-03-18 21:53:49,173 [WARN] ApiManager:308 - Cannot register API 'Board Extension:EEPRMA2' from pack STMicroelectronics.X-CUBE-EEPRMA1.3.1.1: no header file found
2023-03-18 21:53:49,174 [WARN] ApiManager:308 - Cannot register API 'Board Extension:S2868A1' from pack STMicroelectronics.X-CUBE-SFXS2LP1.4.0.0: no header file found
2023-03-18 21:53:49,174 [WARN] ApiManager:308 - Cannot register API 'Board Extension:S2868A2' from pack STMicroelectronics.X-CUBE-SFXS2LP1.4.0.0: no header file found
2023-03-18 21:53:49,175 [WARN] ApiManager:308 - Cannot register API 'Board Extension:S2915A1' from pack STMicroelectronics.X-CUBE-SFXS2LP1.4.0.0: no header file found
2023-03-18 21:53:49,175 [WARN] ApiManager:308 - Cannot register API 'Wireless:BlueNRG-2' from pack STMicroelectronics.X-CUBE-BLE2.3.3.0: no header file found
2023-03-18 21:53:49,191 [INFO] ThirdPartyModel:289 - Start build external matchings
2023-03-18 21:53:50,889 [INFO] ThirdPartyModel:302 - End build external matchings
2023-03-18 21:53:51,434 [INFO] UtilMem:74 - End LoadConfig() Used Memory: 484323760 Bytes (592445440)
2023-03-18 21:53:51,458 [WARN] ThirdParty:789 - waiting for thirdparty lock release [change project]
2023-03-18 21:53:51,458 [INFO] ThirdParty:791 - entering critical section [change project]
2023-03-18 21:53:51,459 [INFO] ThirdParty:981 - CMSIS Pack Vendor :STMicroelectronics X-CUBE-ISPU 1.1.0
2023-03-18 21:53:51,459 [INFO] ThirdParty:981 - CMSIS Pack Vendor :RoweBots I-CUBE-UNISONRTOS 5.5.0-4
2023-03-18 21:53:51,460 [INFO] ThirdParty:981 - CMSIS Pack Vendor :STMicroelectronics X-CUBE-GNSS1 6.0.0
2023-03-18 21:53:51,460 [INFO] ThirdParty:981 - CMSIS Pack Vendor :STMicroelectronics X-CUBE-AZRTOS-H7 2.1.0
2023-03-18 21:53:51,460 [INFO] ThirdParty:981 - CMSIS Pack Vendor :STMicroelectronics USB_HOST 2.0.0
2023-03-18 21:53:51,461 [INFO] ThirdParty:981 - CMSIS Pack Vendor :STMicroelectronics X-CUBE-AZRTOS-F4 1.1.0
2023-03-18 21:53:51,461 [INFO] ThirdParty:981 - CMSIS Pack Vendor :STMicroelectronics LIBJPEG 8.0.0
2023-03-18 21:53:51,461 [INFO] ThirdParty:981 - CMSIS Pack Vendor :STMicroelectronics USB_DEVICE 3.0.0
2023-03-18 21:53:51,461 [INFO] ThirdParty:981 - CMSIS Pack Vendor :STMicroelectronics X-CUBE-AI 8.0.0
2023-03-18 21:53:51,462 [INFO] ThirdParty:981 - CMSIS Pack Vendor :STMicroelectronics X-CUBE-FREERTOS 1.0.0
2023-03-18 21:53:51,462 [INFO] ThirdParty:981 - CMSIS Pack Vendor :STMicroelectronics X-CUBE-TOUCHGFX 4.21.1
2023-03-18 21:53:51,462 [INFO] ThirdParty:981 - CMSIS Pack Vendor :STMicroelectronics X-CUBE-TOUCHGFX 4.21.0
2023-03-18 21:53:51,462 [INFO] ThirdParty:981 - CMSIS Pack Vendor :STMicroelectronics X-CUBE-BLEMGR 1.0.0
2023-03-18 21:53:51,462 [INFO] ThirdParty:981 - CMSIS Pack Vendor :STMicroelectronics X-CUBE-AZRTOS-F7 1.1.0
2023-03-18 21:53:51,462 [INFO] ThirdParty:981 - CMSIS Pack Vendor :STMicroelectronics X-CUBE-MEMS1 9.4.0
2023-03-18 21:53:51,462 [INFO] ThirdParty:981 - CMSIS Pack Vendor :STMicroelectronics USB_DEVICE 2.0.0
2023-03-18 21:53:51,463 [INFO] ThirdParty:981 - CMSIS Pack Vendor :STMicroelectronics X-CUBE-AI 7.3.0
2023-03-18 21:53:51,463 [INFO] ThirdParty:981 - CMSIS Pack Vendor :STMicroelectronics X-CUBE-BLE1 6.2.3
2023-03-18 21:53:51,463 [INFO] ThirdParty:981 - CMSIS Pack Vendor :STMicroelectronics X-CUBE-ALGOBUILD 1.3.0
2023-03-18 21:53:51,463 [INFO] ThirdParty:981 - CMSIS Pack Vendor :STMicroelectronics X-CUBE-BLE1 6.2.4
2023-03-18 21:53:51,463 [INFO] ThirdParty:981 - CMSIS Pack Vendor :STMicroelectronics X-CUBE-AZRTOS-L5 1.1.0
2023-03-18 21:53:51,463 [INFO] ThirdParty:981 - CMSIS Pack Vendor :STMicroelectronics FreeRTOS 0.0.1
2023-03-18 21:53:51,463 [INFO] ThirdParty:981 - CMSIS Pack Vendor :STMicroelectronics X-CUBE-AZRTOS-G0 1.1.0
2023-03-18 21:53:51,463 [INFO] ThirdParty:981 - CMSIS Pack Vendor :STMicroelectronics X-CUBE-BLEMGR 2.0.0
2023-03-18 21:53:51,463 [INFO] ThirdParty:981 - CMSIS Pack Vendor :STMicroelectronics X-CUBE-SUBG2 5.0.0
2023-03-18 21:53:51,463 [INFO] ThirdParty:981 - CMSIS Pack Vendor :STMicroelectronics X-CUBE-NFC4 3.0.0
2023-03-18 21:53:51,463 [INFO] ThirdParty:981 - CMSIS Pack Vendor :SEGGER I-CUBE-embOS 1.2.0
2023-03-18 21:53:51,463 [INFO] ThirdParty:981 - CMSIS Pack Vendor :STMicroelectronics STM32_WPAN 1.0.0
2023-03-18 21:53:51,464 [INFO] ThirdParty:981 - CMSIS Pack Vendor :STMicroelectronics lwIP 2.0.3
2023-03-18 21:53:51,464 [INFO] ThirdParty:981 - CMSIS Pack Vendor :STMicroelectronics X-CUBE-NFC4 2.0.5
2023-03-18 21:53:51,464 [INFO] ThirdParty:981 - CMSIS Pack Vendor :STMicroelectronics X-CUBE-NFC4 2.0.4
2023-03-18 21:53:51,464 [INFO] ThirdParty:981 - CMSIS Pack Vendor :STMicroelectronics USB_HOST 1.0.0
2023-03-18 21:53:51,464 [INFO] ThirdParty:981 - CMSIS Pack Vendor :STMicroelectronics PDM2PCM 3.1.0
2023-03-18 21:53:51,464 [INFO] ThirdParty:981 - CMSIS Pack Vendor :STMicroelectronics FP-ATR-ASTRA1 1.1.1
2023-03-18 21:53:51,464 [INFO] ThirdParty:981 - CMSIS Pack Vendor :STMicroelectronics PDM2PCM 3.3.0
2023-03-18 21:53:51,465 [INFO] ThirdParty:981 - CMSIS Pack Vendor :STMicroelectronics X-CUBE-TOF1 3.1.0
2023-03-18 21:53:51,465 [INFO] ThirdParty:981 - CMSIS Pack Vendor :STMicroelectronics X-CUBE-DISPLAY 3.0.0
2023-03-18 21:53:51,465 [INFO] ThirdParty:981 - CMSIS Pack Vendor :STMicroelectronics X-CUBE-BLEMGR 1.3.0
2023-03-18 21:53:51,465 [INFO] ThirdParty:981 - CMSIS Pack Vendor :STMicroelectronics X-CUBE-AZRTOS-G4 1.0.0
2023-03-18 21:53:51,465 [INFO] ThirdParty:981 - CMSIS Pack Vendor :STMicroelectronics FP-ATR-SIGFOX1 3.2.0
2023-03-18 21:53:51,465 [INFO] ThirdParty:981 - CMSIS Pack Vendor :STMicroelectronics X-CUBE-AZRTOS-L4 1.0.0
2023-03-18 21:53:51,465 [INFO] ThirdParty:981 - CMSIS Pack Vendor :wolfSSL I-CUBE-wolfSSL 5.5.0
2023-03-18 21:53:51,465 [INFO] ThirdParty:981 - CMSIS Pack Vendor :STMicroelectronics HAL Drivers 0.0.0
2023-03-18 21:53:51,465 [INFO] ThirdParty:981 - CMSIS Pack Vendor :STMicroelectronics MBEDTLS 2.16.2
2023-03-18 21:53:51,466 [INFO] ThirdParty:981 - CMSIS Pack Vendor :emotas I-CUBE-CANOPEN 1.1.2
2023-03-18 21:53:51,466 [INFO] ThirdParty:981 - CMSIS Pack Vendor :STMicroelectronics X-CUBE-TOUCHGFX 4.20.0
2023-03-18 21:53:51,466 [INFO] ThirdParty:981 - CMSIS Pack Vendor :STMicroelectronics MBEDTLS 2.14.1
2023-03-18 21:53:51,466 [INFO] ThirdParty:981 - CMSIS Pack Vendor :STMicroelectronics X-CUBE-NFC7 1.0.0
2023-03-18 21:53:51,466 [INFO] ThirdParty:981 - CMSIS Pack Vendor :STMicroelectronics X-CUBE-AZRTOS-WL 1.0.0
2023-03-18 21:53:51,466 [INFO] ThirdParty:981 - CMSIS Pack Vendor :STMicroelectronics X-CUBE-MEMS1 9.3.0
2023-03-18 21:53:51,467 [INFO] ThirdParty:981 - CMSIS Pack Vendor :STMicroelectronics X-CUBE-EEPRMA1 4.1.0
2023-03-18 21:53:51,467 [INFO] ThirdParty:981 - CMSIS Pack Vendor :portGmbH I-Cube-SoM-uGOAL 1.1.0
2023-03-18 21:53:51,467 [INFO] ThirdParty:981 - CMSIS Pack Vendor :STMicroelectronics X-CUBE-ALS 1.0.1
2023-03-18 21:53:51,467 [INFO] ThirdParty:981 - CMSIS Pack Vendor :STMicroelectronics X-CUBE-AI 7.2.0
2023-03-18 21:53:51,467 [INFO] ThirdParty:981 - CMSIS Pack Vendor :STMicroelectronics X-CUBE-MEMS1 9.5.0
2023-03-18 21:53:51,467 [INFO] ThirdParty:981 - CMSIS Pack Vendor :STMicroelectronics ThreadX 1.0.0
2023-03-18 21:53:51,467 [INFO] ThirdParty:981 - CMSIS Pack Vendor :STMicroelectronics X-CUBE-AZRTOS-WB 1.1.0
2023-03-18 21:53:51,468 [INFO] ThirdParty:981 - CMSIS Pack Vendor :SEGGER I-CUBE-embOS 1.3.1
2023-03-18 21:53:51,468 [INFO] ThirdParty:981 - CMSIS Pack Vendor :STMicroelectronics X-CUBE-AZRTOS-L5 1.0.0
2023-03-18 21:53:51,468 [INFO] ThirdParty:981 - CMSIS Pack Vendor :STMicroelectronics USB_DEVICE 1.0.0
2023-03-18 21:53:51,468 [INFO] ThirdParty:981 - CMSIS Pack Vendor :STMicroelectronics X-CUBE-EEPRMA1 3.1.1
2023-03-18 21:53:51,468 [INFO] ThirdParty:981 - CMSIS Pack Vendor :STMicroelectronics ThreadX 0.0.2
2023-03-18 21:53:51,468 [INFO] ThirdParty:981 - CMSIS Pack Vendor :WES I-CUBE-Cesium 1.3.0
2023-03-18 21:53:51,468 [INFO] ThirdParty:981 - CMSIS Pack Vendor :STMicroelectronics lwIP 2.1.2
2023-03-18 21:53:51,468 [INFO] ThirdParty:981 - CMSIS Pack Vendor :STMicroelectronics X-CUBE-SFXS2LP1 4.0.0
2023-03-18 21:53:51,469 [INFO] ThirdParty:981 - CMSIS Pack Vendor :STMicroelectronics X-CUBE-BLE2 3.3.0
2023-03-18 21:53:51,469 [INFO] ThirdParty:981 - CMSIS Pack Vendor :STMicroelectronics X-CUBE-DISPLAY 2.2.0
2023-03-18 21:53:51,469 [INFO] ThirdParty:981 - CMSIS Pack Vendor :STMicroelectronics X-CUBE-TOF1 3.2.0
2023-03-18 21:53:51,469 [INFO] ThirdParty:981 - CMSIS Pack Vendor :STMicroelectronics PDM2PCM 3.2.0
2023-03-18 21:53:51,469 [INFO] ThirdParty:981 - CMSIS Pack Vendor :STMicroelectronics X-CUBE-AZRTOS-H7 3.0.0
2023-03-18 21:53:51,469 [INFO] ThirdParty:981 - CMSIS Pack Vendor :STMicroelectronics X-CUBE-ISPU 1.0.0
2023-03-18 21:53:51,469 [INFO] ThirdParty:797 - exiting critical section [change project]
2023-03-18 21:53:52,068 [INFO] PinOutPanel:1468 - setPackage(No Configuration,No Configuration)
2023-03-18 21:53:52,071 [INFO] PinOutPanel:1468 - setPackage(STM32F407VGTx,LQFP100)
2023-03-18 21:53:52,973 [INFO] UtilMem:74 - Before build in PCC Used Memory: 456337320 Bytes (592445440)
2023-03-18 21:53:53,895 [INFO] UtilMem:74 - After build in PCC Used Memory: 523912744 Bytes (592445440)
2023-03-18 21:53:53,969 [INFO] IPUIPlugin:79 - create IPUIPlugin
2023-03-18 21:53:53,969 [INFO] IPUIPlugin:79 - create IPUIPlugin
2023-03-18 21:53:53,970 [INFO] IPUIPlugin:79 - create IPUIPlugin
2023-03-18 21:53:53,970 [INFO] IPUIPlugin:79 - create IPUIPlugin
2023-03-18 21:53:53,970 [INFO] IPUIPlugin:79 - create IPUIPlugin
2023-03-18 21:53:53,970 [INFO] IPUIPlugin:79 - create IPUIPlugin
2023-03-18 21:53:53,970 [INFO] IPUIPlugin:79 - create IPUIPlugin
2023-03-18 21:53:53,971 [INFO] IPUIPlugin:79 - create IPUIPlugin
2023-03-18 21:53:53,972 [INFO] IPUIPlugin:79 - create IPUIPlugin
2023-03-18 21:53:53,972 [INFO] IPUIPlugin:79 - create IPUIPlugin
2023-03-18 21:53:53,972 [INFO] IPUIPlugin:79 - create IPUIPlugin
2023-03-18 21:53:53,972 [INFO] IPUIPlugin:79 - create IPUIPlugin
2023-03-18 21:53:53,973 [INFO] IPUIPlugin:79 - create IPUIPlugin
2023-03-18 21:53:53,973 [INFO] IPUIPlugin:79 - create IPUIPlugin
2023-03-18 21:53:53,973 [INFO] IPUIPlugin:79 - create IPUIPlugin
2023-03-18 21:53:53,973 [INFO] IPUIPlugin:79 - create IPUIPlugin
2023-03-18 21:53:53,973 [INFO] IPUIPlugin:79 - create IPUIPlugin
2023-03-18 21:53:53,973 [INFO] IPUIPlugin:79 - create IPUIPlugin
2023-03-18 21:53:53,973 [INFO] IPUIPlugin:79 - create IPUIPlugin
2023-03-18 21:53:53,973 [INFO] IPUIPlugin:79 - create IPUIPlugin
2023-03-18 21:53:53,973 [INFO] IPUIPlugin:79 - create IPUIPlugin
2023-03-18 21:53:53,973 [INFO] IPUIPlugin:79 - create IPUIPlugin
2023-03-18 21:53:53,973 [INFO] IPUIPlugin:79 - create IPUIPlugin
2023-03-18 21:53:53,973 [INFO] IPUIPlugin:79 - create IPUIPlugin
2023-03-18 21:53:53,977 [INFO] IPUIPlugin:79 - create IPUIPlugin
2023-03-18 21:53:53,977 [INFO] IPUIPlugin:79 - create IPUIPlugin
2023-03-18 21:53:53,978 [INFO] IPUIPlugin:79 - create IPUIPlugin
2023-03-18 21:53:53,978 [INFO] IPUIPlugin:79 - create IPUIPlugin
2023-03-18 21:53:53,979 [INFO] IPUIPlugin:79 - create IPUIPlugin
2023-03-18 21:53:53,979 [INFO] IPUIPlugin:79 - create IPUIPlugin
2023-03-18 21:53:53,980 [INFO] IPUIPlugin:79 - create IPUIPlugin
2023-03-18 21:53:53,980 [INFO] IPUIPlugin:79 - create IPUIPlugin
2023-03-18 21:53:53,980 [INFO] IPUIPlugin:79 - create IPUIPlugin
2023-03-18 21:53:53,980 [INFO] IPUIPlugin:79 - create IPUIPlugin
2023-03-18 21:53:53,980 [INFO] IPUIPlugin:79 - create IPUIPlugin
2023-03-18 21:53:53,980 [INFO] IPUIPlugin:79 - create IPUIPlugin
2023-03-18 21:53:53,980 [INFO] IPUIPlugin:79 - create IPUIPlugin
2023-03-18 21:53:53,980 [INFO] IPUIPlugin:79 - create IPUIPlugin
2023-03-18 21:53:53,980 [INFO] IPUIPlugin:79 - create IPUIPlugin
2023-03-18 21:53:53,980 [INFO] IPUIPlugin:79 - create IPUIPlugin
2023-03-18 21:53:53,985 [INFO] IPUIPlugin:79 - create IPUIPlugin
2023-03-18 21:53:53,985 [INFO] IPUIPlugin:79 - create IPUIPlugin
2023-03-18 21:53:53,986 [INFO] IPUIPlugin:79 - create IPUIPlugin
2023-03-18 21:53:53,987 [INFO] IPUIPlugin:79 - create IPUIPlugin
2023-03-18 21:53:53,988 [INFO] IPUIPlugin:79 - create IPUIPlugin
2023-03-18 21:53:53,989 [INFO] IPUIPlugin:79 - create IPUIPlugin
2023-03-18 21:53:53,989 [INFO] IPUIPlugin:79 - create IPUIPlugin
2023-03-18 21:53:53,989 [INFO] IPUIPlugin:79 - create IPUIPlugin
2023-03-18 21:53:53,989 [INFO] IPUIPlugin:79 - create IPUIPlugin
2023-03-18 21:53:53,991 [INFO] IPUIPlugin:79 - create IPUIPlugin
2023-03-18 21:53:53,992 [INFO] IPUIPlugin:79 - create IPUIPlugin
2023-03-18 21:53:53,992 [INFO] IPUIPlugin:79 - create IPUIPlugin
2023-03-18 21:53:53,993 [INFO] IPUIPlugin:79 - create IPUIPlugin
2023-03-18 21:53:53,993 [INFO] IPUIPlugin:79 - create IPUIPlugin
2023-03-18 21:53:53,993 [INFO] IPUIPlugin:79 - create IPUIPlugin
2023-03-18 21:53:53,993 [INFO] IPUIPlugin:79 - create IPUIPlugin
2023-03-18 21:53:53,993 [INFO] IPUIPlugin:79 - create IPUIPlugin
2023-03-18 21:53:53,993 [INFO] IPUIPlugin:79 - create IPUIPlugin
2023-03-18 21:53:54,068 [INFO] ApiDbMcu:505 - Load IP Config File for PDM2PCM
2023-03-18 21:53:54,391 [INFO] OpenFileManager:327 - Restore cursor
2023-03-18 21:53:55,777 [INFO] UtilMem:74 - End SaveConfig() Used Memory: 477268672 Bytes (592445440)
2023-03-18 21:53:55,873 [INFO] UtilMem:74 - End SaveConfig() Used Memory: 498764480 Bytes (592445440)
2023-03-18 21:53:56,669 [INFO] BlockDiagram:2753 - set Specific Code input for plugin: RCC
2023-03-18 21:53:56,669 [INFO] BlockDiagram:2753 - set Specific Code input for plugin: NVIC
2023-03-18 21:53:56,680 [INFO] CodeGenerator:690 - code generatio: config db path: C:\ST\STM32CubeIDE_1.10.1\STM32CubeIDE\plugins\com.st.stm32cube.common.mx_6.6.1.202207061420\\db\
2023-03-18 21:53:57,498 [INFO] CodeEngine:245 - oldGeneratedFile, C:\Users\VeliSacikara\Documents\STM32_Projeler\007_5_hal_USART_bluetooth\007_5_hal_USART_bluetooth\MXTmpFiles\license.tmp_save
2023-03-18 21:53:58,162 [INFO] CodeEngine:269 - Generated code: C:\Users\VeliSacikara\Documents\STM32_Projeler\007_5_hal_USART_bluetooth\007_5_hal_USART_bluetooth\MXTmpFiles\license.tmp
2023-03-18 21:53:58,188 [INFO] CodeEngine:245 - oldGeneratedFile, C:\Users\VeliSacikara\Documents\STM32_Projeler\007_5_hal_USART_bluetooth\007_5_hal_USART_bluetooth\Core\Src\stm32f4xx_it.c_save
2023-03-18 21:53:58,500 [INFO] CodeEngine:269 - Generated code: C:\Users\VeliSacikara\Documents\STM32_Projeler\007_5_hal_USART_bluetooth\007_5_hal_USART_bluetooth\Core\Src\stm32f4xx_it.c
2023-03-18 21:53:58,508 [INFO] CodeEngine:245 - oldGeneratedFile, C:\Users\VeliSacikara\Documents\STM32_Projeler\007_5_hal_USART_bluetooth\007_5_hal_USART_bluetooth\Core\Inc\stm32f4xx_it.h_save
2023-03-18 21:53:58,717 [INFO] CodeEngine:269 - Generated code: C:\Users\VeliSacikara\Documents\STM32_Projeler\007_5_hal_USART_bluetooth\007_5_hal_USART_bluetooth\Core\Inc\stm32f4xx_it.h
2023-03-18 21:53:58,818 [INFO] CodeEngine:245 - oldGeneratedFile, C:\Users\VeliSacikara\Documents\STM32_Projeler\007_5_hal_USART_bluetooth\007_5_hal_USART_bluetooth\Core\Src\stm32f4xx_hal_msp.c_save
2023-03-18 21:53:59,022 [INFO] CodeEngine:269 - Generated code: C:\Users\VeliSacikara\Documents\STM32_Projeler\007_5_hal_USART_bluetooth\007_5_hal_USART_bluetooth\Core\Src\stm32f4xx_hal_msp.c
2023-03-18 21:53:59,026 [INFO] CodeEngine:245 - oldGeneratedFile, C:\Users\VeliSacikara\Documents\STM32_Projeler\007_5_hal_USART_bluetooth\007_5_hal_USART_bluetooth\MXTmpFiles\system.tmp_save
2023-03-18 21:53:59,145 [INFO] CodeEngine:269 - Generated code: C:\Users\VeliSacikara\Documents\STM32_Projeler\007_5_hal_USART_bluetooth\007_5_hal_USART_bluetooth\MXTmpFiles\system.tmp
2023-03-18 21:53:59,159 [INFO] CodeEngine:245 - oldGeneratedFile, C:\Users\VeliSacikara\Documents\STM32_Projeler\007_5_hal_USART_bluetooth\007_5_hal_USART_bluetooth\Core\Inc\stm32f4xx_hal_conf.h_save
2023-03-18 21:53:59,352 [INFO] CodeEngine:269 - Generated code: C:\Users\VeliSacikara\Documents\STM32_Projeler\007_5_hal_USART_bluetooth\007_5_hal_USART_bluetooth\Core\Inc\stm32f4xx_hal_conf.h
2023-03-18 21:53:59,439 [INFO] CodeEngine:245 - oldGeneratedFile, C:\Users\VeliSacikara\Documents\STM32_Projeler\007_5_hal_USART_bluetooth\007_5_hal_USART_bluetooth\Core\Inc\main.h_save
2023-03-18 21:53:59,635 [INFO] CodeEngine:269 - Generated code: C:\Users\VeliSacikara\Documents\STM32_Projeler\007_5_hal_USART_bluetooth\007_5_hal_USART_bluetooth\Core\Inc\main.h
2023-03-18 21:53:59,642 [INFO] CodeEngine:245 - oldGeneratedFile, C:\Users\VeliSacikara\Documents\STM32_Projeler\007_5_hal_USART_bluetooth\007_5_hal_USART_bluetooth\Core\Src\main.c_save
2023-03-18 21:53:59,895 [INFO] CodeEngine:269 - Generated code: C:\Users\VeliSacikara\Documents\STM32_Projeler\007_5_hal_USART_bluetooth\007_5_hal_USART_bluetooth\Core\Src\main.c
2023-03-18 21:54:01,474 [INFO] ProjectBuilder:2919 - Time for Copy HAL[1] : 432mS.
2023-03-18 21:54:01,495 [INFO] ProjectBuilder:4117 - Project Generator version: 3.17.1
2023-03-18 21:54:02,106 [INFO] ConfigFileManager:1394 - The Die is : DIE413
2023-03-18 21:54:02,123 [INFO] ApiDbMcu:505 - Load IP Config File for FATFS
2023-03-18 21:54:02,156 [INFO] ApiDbMcu:505 - Load IP Config File for FREERTOS
2023-03-18 21:54:02,160 [INFO] ApiDbMcu:505 - Load IP Config File for LIBJPEG
2023-03-18 21:54:02,173 [INFO] ApiDbMcu:505 - Load IP Config File for LWIP
2023-03-18 21:54:02,180 [INFO] ApiDbMcu:505 - Load IP Config File for MBEDTLS
2023-03-18 21:54:02,194 [INFO] ApiDbMcu:505 - Load IP Config File for USB_DEVICE
2023-03-18 21:54:02,200 [INFO] ApiDbMcu:505 - Load IP Config File for USB_HOST
2023-03-18 21:54:06,254 [INFO] ProjectBuilder:4285 - Time for Generating toolchain IDE Files: 4759mS.
2023-03-18 21:54:06,256 [INFO] ProjectBuilder:2790 - Time for Copy CMSIS : 1mS.
2023-03-18 21:54:06,260 [INFO] ProjectBuilder:2790 - Time for Copy CMSIS : 0mS.
2023-03-18 21:54:07,095 [INFO] McuFinderGlobals:57 - Set McuFinderConnectedMode to true
2023-03-18 21:54:07,099 [INFO] ApiDb:443 - Save user favorites file C:\Users\VeliSacikara/.stm32cubeide/favorites.mcus.txt: 0 item(s)
2023-03-18 21:54:07,100 [INFO] ApiDb:447 - User favorites MCUs=[]
2023-03-18 21:58:02,738 [INFO] UtilMem:74 - End SaveConfig() Used Memory: 777783104 Bytes (1073741824)
2023-03-18 22:38:26,291 [INFO] UtilMem:74 - End SaveConfig() Used Memory: 696648904 Bytes (1073741824)
2023-03-18 22:38:26,989 [INFO] BlockDiagram:2753 - set Specific Code input for plugin: RCC
2023-03-18 22:38:26,989 [INFO] BlockDiagram:2753 - set Specific Code input for plugin: NVIC
2023-03-18 22:38:26,989 [INFO] BlockDiagram:2753 - set Specific Code input for plugin: USART
2023-03-18 22:38:26,989 [INFO] BlockDiagram:2753 - set Specific Code input for plugin: GPIO
2023-03-18 22:38:26,989 [INFO] CodeGenerator:690 - code generatio: config db path: C:\ST\STM32CubeIDE_1.10.1\STM32CubeIDE\plugins\com.st.stm32cube.common.mx_6.6.1.202207061420\\db\
2023-03-18 22:38:27,431 [INFO] CodeEngine:245 - oldGeneratedFile, C:\Users\VeliSacikara\Documents\STM32_Projeler\007_5_hal_USART_bluetooth\007_5_hal_USART_bluetooth\MXTmpFiles\license.tmp_save
2023-03-18 22:38:27,702 [INFO] CodeEngine:269 - Generated code: C:\Users\VeliSacikara\Documents\STM32_Projeler\007_5_hal_USART_bluetooth\007_5_hal_USART_bluetooth\MXTmpFiles\license.tmp
2023-03-18 22:38:27,768 [INFO] CodeEngine:245 - oldGeneratedFile, C:\Users\VeliSacikara\Documents\STM32_Projeler\007_5_hal_USART_bluetooth\007_5_hal_USART_bluetooth\MXTmpFiles\gpio.tmp_save
2023-03-18 22:38:28,105 [INFO] CodeEngine:269 - Generated code: C:\Users\VeliSacikara\Documents\STM32_Projeler\007_5_hal_USART_bluetooth\007_5_hal_USART_bluetooth\MXTmpFiles\gpio.tmp
2023-03-18 22:38:28,225 [INFO] CodeEngine:245 - oldGeneratedFile, C:\Users\VeliSacikara\Documents\STM32_Projeler\007_5_hal_USART_bluetooth\007_5_hal_USART_bluetooth\Core\Src\stm32f4xx_it.c_save
2023-03-18 22:38:28,487 [INFO] CodeEngine:269 - Generated code: C:\Users\VeliSacikara\Documents\STM32_Projeler\007_5_hal_USART_bluetooth\007_5_hal_USART_bluetooth\Core\Src\stm32f4xx_it.c
2023-03-18 22:38:28,503 [INFO] CodeEngine:245 - oldGeneratedFile, C:\Users\VeliSacikara\Documents\STM32_Projeler\007_5_hal_USART_bluetooth\007_5_hal_USART_bluetooth\Core\Inc\stm32f4xx_it.h_save
2023-03-18 22:38:28,699 [INFO] CodeEngine:269 - Generated code: C:\Users\VeliSacikara\Documents\STM32_Projeler\007_5_hal_USART_bluetooth\007_5_hal_USART_bluetooth\Core\Inc\stm32f4xx_it.h
2023-03-18 22:38:28,755 [INFO] CodeEngine:245 - oldGeneratedFile, C:\Users\VeliSacikara\Documents\STM32_Projeler\007_5_hal_USART_bluetooth\007_5_hal_USART_bluetooth\Core\Src\stm32f4xx_hal_msp.c_save
2023-03-18 22:38:29,002 [INFO] CodeEngine:269 - Generated code: C:\Users\VeliSacikara\Documents\STM32_Projeler\007_5_hal_USART_bluetooth\007_5_hal_USART_bluetooth\Core\Src\stm32f4xx_hal_msp.c
2023-03-18 22:38:29,005 [INFO] CodeEngine:245 - oldGeneratedFile, C:\Users\VeliSacikara\Documents\STM32_Projeler\007_5_hal_USART_bluetooth\007_5_hal_USART_bluetooth\MXTmpFiles\system.tmp_save
2023-03-18 22:38:29,156 [INFO] CodeEngine:269 - Generated code: C:\Users\VeliSacikara\Documents\STM32_Projeler\007_5_hal_USART_bluetooth\007_5_hal_USART_bluetooth\MXTmpFiles\system.tmp
2023-03-18 22:38:29,187 [INFO] CodeEngine:245 - oldGeneratedFile, C:\Users\VeliSacikara\Documents\STM32_Projeler\007_5_hal_USART_bluetooth\007_5_hal_USART_bluetooth\Core\Inc\stm32f4xx_hal_conf.h_save
2023-03-18 22:38:29,357 [INFO] CodeEngine:269 - Generated code: C:\Users\VeliSacikara\Documents\STM32_Projeler\007_5_hal_USART_bluetooth\007_5_hal_USART_bluetooth\Core\Inc\stm32f4xx_hal_conf.h
2023-03-18 22:38:29,457 [INFO] CodeEngine:245 - oldGeneratedFile, C:\Users\VeliSacikara\Documents\STM32_Projeler\007_5_hal_USART_bluetooth\007_5_hal_USART_bluetooth\Core\Inc\main.h_save
2023-03-18 22:38:29,647 [INFO] CodeEngine:269 - Generated code: C:\Users\VeliSacikara\Documents\STM32_Projeler\007_5_hal_USART_bluetooth\007_5_hal_USART_bluetooth\Core\Inc\main.h
2023-03-18 22:38:29,672 [INFO] CodeEngine:245 - oldGeneratedFile, C:\Users\VeliSacikara\Documents\STM32_Projeler\007_5_hal_USART_bluetooth\007_5_hal_USART_bluetooth\Core\Src\main.c_save
2023-03-18 22:38:29,986 [INFO] CodeEngine:269 - Generated code: C:\Users\VeliSacikara\Documents\STM32_Projeler\007_5_hal_USART_bluetooth\007_5_hal_USART_bluetooth\Core\Src\main.c
2023-03-18 22:38:31,749 [INFO] ProjectBuilder:2919 - Time for Copy HAL[1] : 435mS.
2023-03-18 22:38:31,757 [INFO] ProjectBuilder:4117 - Project Generator version: 3.17.1
2023-03-18 22:38:32,532 [INFO] ConfigFileManager:1394 - The Die is : DIE413
2023-03-18 22:38:35,480 [INFO] ProjectBuilder:4285 - Time for Generating toolchain IDE Files: 3723mS.
2023-03-18 22:38:35,480 [INFO] ProjectBuilder:2790 - Time for Copy CMSIS : 0mS.
2023-03-18 22:38:35,490 [INFO] ProjectBuilder:2790 - Time for Copy CMSIS : 0mS.
2023-03-18 22:49:35,148 [INFO] UtilMem:74 - End SaveConfig() Used Memory: 808705256 Bytes (1073741824)
2023-03-18 22:49:42,040 [INFO] UtilMem:74 - End SaveConfig() Used Memory: 953239008 Bytes (1073741824)
2023-03-18 22:49:42,641 [INFO] BlockDiagram:2753 - set Specific Code input for plugin: RCC
2023-03-18 22:49:42,641 [INFO] BlockDiagram:2753 - set Specific Code input for plugin: NVIC
2023-03-18 22:49:42,642 [INFO] BlockDiagram:2753 - set Specific Code input for plugin: USART
2023-03-18 22:49:42,642 [INFO] BlockDiagram:2753 - set Specific Code input for plugin: GPIO
2023-03-18 22:49:42,643 [INFO] CodeGenerator:690 - code generatio: config db path: C:\ST\STM32CubeIDE_1.10.1\STM32CubeIDE\plugins\com.st.stm32cube.common.mx_6.6.1.202207061420\\db\
2023-03-18 22:49:42,913 [INFO] CodeEngine:245 - oldGeneratedFile, C:\Users\VeliSacikara\Documents\STM32_Projeler\007_5_hal_USART_bluetooth\007_5_hal_USART_bluetooth\MXTmpFiles\license.tmp_save
2023-03-18 22:49:43,069 [INFO] CodeEngine:269 - Generated code: C:\Users\VeliSacikara\Documents\STM32_Projeler\007_5_hal_USART_bluetooth\007_5_hal_USART_bluetooth\MXTmpFiles\license.tmp
2023-03-18 22:49:43,097 [INFO] CodeEngine:245 - oldGeneratedFile, C:\Users\VeliSacikara\Documents\STM32_Projeler\007_5_hal_USART_bluetooth\007_5_hal_USART_bluetooth\MXTmpFiles\gpio.tmp_save
2023-03-18 22:49:43,342 [INFO] CodeEngine:269 - Generated code: C:\Users\VeliSacikara\Documents\STM32_Projeler\007_5_hal_USART_bluetooth\007_5_hal_USART_bluetooth\MXTmpFiles\gpio.tmp
2023-03-18 22:49:43,415 [INFO] CodeEngine:245 - oldGeneratedFile, C:\Users\VeliSacikara\Documents\STM32_Projeler\007_5_hal_USART_bluetooth\007_5_hal_USART_bluetooth\Core\Src\stm32f4xx_it.c_save
2023-03-18 22:49:43,541 [INFO] CodeEngine:269 - Generated code: C:\Users\VeliSacikara\Documents\STM32_Projeler\007_5_hal_USART_bluetooth\007_5_hal_USART_bluetooth\Core\Src\stm32f4xx_it.c
2023-03-18 22:49:43,548 [INFO] CodeEngine:245 - oldGeneratedFile, C:\Users\VeliSacikara\Documents\STM32_Projeler\007_5_hal_USART_bluetooth\007_5_hal_USART_bluetooth\Core\Inc\stm32f4xx_it.h_save
2023-03-18 22:49:43,648 [INFO] CodeEngine:269 - Generated code: C:\Users\VeliSacikara\Documents\STM32_Projeler\007_5_hal_USART_bluetooth\007_5_hal_USART_bluetooth\Core\Inc\stm32f4xx_it.h
2023-03-18 22:49:43,695 [INFO] CodeEngine:245 - oldGeneratedFile, C:\Users\VeliSacikara\Documents\STM32_Projeler\007_5_hal_USART_bluetooth\007_5_hal_USART_bluetooth\Core\Src\stm32f4xx_hal_msp.c_save
2023-03-18 22:49:43,817 [INFO] CodeEngine:269 - Generated code: C:\Users\VeliSacikara\Documents\STM32_Projeler\007_5_hal_USART_bluetooth\007_5_hal_USART_bluetooth\Core\Src\stm32f4xx_hal_msp.c
2023-03-18 22:49:43,824 [INFO] CodeEngine:245 - oldGeneratedFile, C:\Users\VeliSacikara\Documents\STM32_Projeler\007_5_hal_USART_bluetooth\007_5_hal_USART_bluetooth\MXTmpFiles\system.tmp_save
2023-03-18 22:49:43,925 [INFO] CodeEngine:269 - Generated code: C:\Users\VeliSacikara\Documents\STM32_Projeler\007_5_hal_USART_bluetooth\007_5_hal_USART_bluetooth\MXTmpFiles\system.tmp
2023-03-18 22:49:43,953 [INFO] CodeEngine:245 - oldGeneratedFile, C:\Users\VeliSacikara\Documents\STM32_Projeler\007_5_hal_USART_bluetooth\007_5_hal_USART_bluetooth\Core\Inc\stm32f4xx_hal_conf.h_save
2023-03-18 22:49:44,125 [INFO] CodeEngine:269 - Generated code: C:\Users\VeliSacikara\Documents\STM32_Projeler\007_5_hal_USART_bluetooth\007_5_hal_USART_bluetooth\Core\Inc\stm32f4xx_hal_conf.h
2023-03-18 22:49:44,170 [INFO] CodeEngine:245 - oldGeneratedFile, C:\Users\VeliSacikara\Documents\STM32_Projeler\007_5_hal_USART_bluetooth\007_5_hal_USART_bluetooth\Core\Inc\main.h_save
2023-03-18 22:49:44,277 [INFO] CodeEngine:269 - Generated code: C:\Users\VeliSacikara\Documents\STM32_Projeler\007_5_hal_USART_bluetooth\007_5_hal_USART_bluetooth\Core\Inc\main.h
2023-03-18 22:49:44,292 [INFO] CodeEngine:245 - oldGeneratedFile, C:\Users\VeliSacikara\Documents\STM32_Projeler\007_5_hal_USART_bluetooth\007_5_hal_USART_bluetooth\Core\Src\main.c_save
2023-03-18 22:49:44,442 [INFO] CodeEngine:269 - Generated code: C:\Users\VeliSacikara\Documents\STM32_Projeler\007_5_hal_USART_bluetooth\007_5_hal_USART_bluetooth\Core\Src\main.c
2023-03-18 22:49:45,643 [INFO] ProjectBuilder:2919 - Time for Copy HAL[1] : 387mS.
2023-03-18 22:49:45,646 [INFO] ProjectBuilder:4117 - Project Generator version: 3.17.1
2023-03-18 22:49:46,198 [INFO] ConfigFileManager:1394 - The Die is : DIE413
2023-03-18 22:49:47,994 [INFO] ProjectBuilder:4285 - Time for Generating toolchain IDE Files: 2348mS.
2023-03-18 22:49:47,996 [INFO] ProjectBuilder:2790 - Time for Copy CMSIS : 2mS.
2023-03-18 22:49:47,999 [INFO] ProjectBuilder:2790 - Time for Copy CMSIS : 0mS.
2023-03-19 17:16:32,687 [INFO] Activator:177 - 


2023-03-19 17:16:32,689 [INFO] Activator:178 - !SESSION log4j initialized
2023-03-19 17:17:03,066 [ERROR] LogOutputStream:74 - [STDERR_REDIRECT] SLF4J: Failed to load class "org.slf4j.impl.StaticLoggerBinder".
2023-03-19 17:17:03,067 [ERROR] LogOutputStream:74 - [STDERR_REDIRECT] SLF4J: Defaulting to no-operation (NOP) logger implementation
2023-03-19 17:17:03,071 [ERROR] LogOutputStream:74 - [STDERR_REDIRECT] SLF4J: See http://www.slf4j.org/codes.html#StaticLoggerBinder for further details.
2023-03-19 17:20:03,272 [INFO] Activator:177 - 


2023-03-19 17:20:03,273 [INFO] Activator:178 - !SESSION log4j initialized
2023-03-19 17:20:34,304 [ERROR] LogOutputStream:74 - [STDERR_REDIRECT] SLF4J: Failed to load class "org.slf4j.impl.StaticLoggerBinder".
2023-03-19 17:20:34,308 [ERROR] LogOutputStream:74 - [STDERR_REDIRECT] SLF4J: Defaulting to no-operation (NOP) logger implementation
2023-03-19 17:20:34,311 [ERROR] LogOutputStream:74 - [STDERR_REDIRECT] SLF4J: See http://www.slf4j.org/codes.html#StaticLoggerBinder for further details.
