23:25:17 **** Incremental Build of configuration Debug for project 007_5_hal_USART_bluetooth ****
make -j8 all 
arm-none-eabi-gcc "../Core/Src/main.c" -mcpu=cortex-m4 -std=gnu11 -g3 -DDEBUG -DUSE_HAL_DRIVER -DSTM32F407xx -c -I../Core/Inc -I../Drivers/STM32F4xx_HAL_Driver/Inc -I../Drivers/STM32F4xx_HAL_Driver/Inc/Legacy -I../Drivers/CMSIS/Device/ST/STM32F4xx/Include -I../Drivers/CMSIS/Include -O0 -ffunction-sections -fdata-sections -Wall -fstack-usage -MMD -MP -MF"Core/Src/main.d" -MT"Core/Src/main.o" --specs=nano.specs -mfpu=fpv4-sp-d16 -mfloat-abi=hard -mthumb -o "Core/Src/main.o"
arm-none-eabi-gcc -o "007_5_hal_USART_bluetooth.elf" @"objects.list"   -mcpu=cortex-m4 -T"C:\Users\VeliSacikara\Documents\STM32_Projeler\007_5_hal_USART_bluetooth\007_5_hal_USART_bluetooth\STM32F407VGTX_FLASH.ld" --specs=nosys.specs -Wl,-Map="007_5_hal_USART_bluetooth.map" -Wl,--gc-sections -static --specs=nano.specs -mfpu=fpv4-sp-d16 -mfloat-abi=hard -mthumb -Wl,--start-group -lc -lm -Wl,--end-group
Finished building target: 007_5_hal_USART_bluetooth.elf
 
arm-none-eabi-size   007_5_hal_USART_bluetooth.elf 
arm-none-eabi-objdump -h -S  007_5_hal_USART_bluetooth.elf  > "007_5_hal_USART_bluetooth.list"
   text	   data	    bss	    dec	    hex	filename
  11200	    120	   1760	  13080	   3318	007_5_hal_USART_bluetooth.elf
Finished building: default.size.stdout
 
Finished building: 007_5_hal_USART_bluetooth.list
 
23:25:26 **** Incremental Build of configuration Debug for project 007_5_hal_USART_bluetooth ****
make -j8 all 
arm-none-eabi-size   007_5_hal_USART_bluetooth.elf 
   text	   data	    bss	    dec	    hex	filename
  11200	    120	   1760	  13080	   3318	007_5_hal_USART_bluetooth.elf
Finished building: default.size.stdout
 
23:34:39 **** Incremental Build of configuration Debug for project 007_5_hal_USART_bluetooth ****
make -j8 all 
arm-none-eabi-gcc "../Core/Src/main.c" -mcpu=cortex-m4 -std=gnu11 -g3 -DDEBUG -DUSE_HAL_DRIVER -DSTM32F407xx -c -I../Core/Inc -I../Drivers/STM32F4xx_HAL_Driver/Inc -I../Drivers/STM32F4xx_HAL_Driver/Inc/Legacy -I../Drivers/CMSIS/Device/ST/STM32F4xx/Include -I../Drivers/CMSIS/Include -O0 -ffunction-sections -fdata-sections -Wall -fstack-usage -MMD -MP -MF"Core/Src/main.d" -MT"Core/Src/main.o" --specs=nano.specs -mfpu=fpv4-sp-d16 -mfloat-abi=hard -mthumb -o "Core/Src/main.o"
arm-none-eabi-gcc -o "007_5_hal_USART_bluetooth.elf" @"objects.list"   -mcpu=cortex-m4 -T"C:\Users\VeliSacikara\Documents\STM32_Projeler\007_5_hal_USART_bluetooth\007_5_hal_USART_bluetooth\STM32F407VGTX_FLASH.ld" --specs=nosys.specs -Wl,-Map="007_5_hal_USART_bluetooth.map" -Wl,--gc-sections -static --specs=nano.specs -mfpu=fpv4-sp-d16 -mfloat-abi=hard -mthumb -Wl,--start-group -lc -lm -Wl,--end-group
Finished building target: 007_5_hal_USART_bluetooth.elf
 
arm-none-eabi-size   007_5_hal_USART_bluetooth.elf 
arm-none-eabi-objdump -h -S  007_5_hal_USART_bluetooth.elf  > "007_5_hal_USART_bluetooth.list"
   text	   data	    bss	    dec	    hex	filename
  11184	    120	   1760	  13064	   3308	007_5_hal_USART_bluetooth.elf
Finished building: default.size.stdout
 
Finished building: 007_5_hal_USART_bluetooth.list
 
23:34:48 **** Incremental Build of configuration Debug for project 007_5_hal_USART_bluetooth ****
make -j8 all 
arm-none-eabi-size   007_5_hal_USART_bluetooth.elf 
   text	   data	    bss	    dec	    hex	filename
  11184	    120	   1760	  13064	   3308	007_5_hal_USART_bluetooth.elf
Finished building: default.size.stdout
 
23:34:54 **** Incremental Build of configuration Debug for project 007_5_hal_USART_bluetooth ****
make -j8 all 
arm-none-eabi-size   007_5_hal_USART_bluetooth.elf 
   text	   data	    bss	    dec	    hex	filename
  11184	    120	   1760	  13064	   3308	007_5_hal_USART_bluetooth.elf
Finished building: default.size.stdout
 
23:42:47 **** Incremental Build of configuration Debug for project 007_5_hal_USART_bluetooth ****
make -j8 all 
arm-none-eabi-gcc "../Core/Src/main.c" -mcpu=cortex-m4 -std=gnu11 -g3 -DDEBUG -DUSE_HAL_DRIVER -DSTM32F407xx -c -I../Core/Inc -I../Drivers/STM32F4xx_HAL_Driver/Inc -I../Drivers/STM32F4xx_HAL_Driver/Inc/Legacy -I../Drivers/CMSIS/Device/ST/STM32F4xx/Include -I../Drivers/CMSIS/Include -O0 -ffunction-sections -fdata-sections -Wall -fstack-usage -MMD -MP -MF"Core/Src/main.d" -MT"Core/Src/main.o" --specs=nano.specs -mfpu=fpv4-sp-d16 -mfloat-abi=hard -mthumb -o "Core/Src/main.o"
arm-none-eabi-gcc -o "007_5_hal_USART_bluetooth.elf" @"objects.list"   -mcpu=cortex-m4 -T"C:\Users\VeliSacikara\Documents\STM32_Projeler\007_5_hal_USART_bluetooth\007_5_hal_USART_bluetooth\STM32F407VGTX_FLASH.ld" --specs=nosys.specs -Wl,-Map="007_5_hal_USART_bluetooth.map" -Wl,--gc-sections -static --specs=nano.specs -mfpu=fpv4-sp-d16 -mfloat-abi=hard -mthumb -Wl,--start-group -lc -lm -Wl,--end-group
Finished building target: 007_5_hal_USART_bluetooth.elf
 
arm-none-eabi-size   007_5_hal_USART_bluetooth.elf 
arm-none-eabi-objdump -h -S  007_5_hal_USART_bluetooth.elf  > "007_5_hal_USART_bluetooth.list"
   text	   data	    bss	    dec	    hex	filename
  11188	    120	   1760	  13068	   330c	007_5_hal_USART_bluetooth.elf
Finished building: default.size.stdout
 
Finished building: 007_5_hal_USART_bluetooth.list
 
23:43:25 **** Incremental Build of configuration Debug for project 007_5_hal_USART_bluetooth ****
make -j8 all 
arm-none-eabi-gcc "../Core/Src/main.c" -mcpu=cortex-m4 -std=gnu11 -g3 -DDEBUG -DUSE_HAL_DRIVER -DSTM32F407xx -c -I../Core/Inc -I../Drivers/STM32F4xx_HAL_Driver/Inc -I../Drivers/STM32F4xx_HAL_Driver/Inc/Legacy -I../Drivers/CMSIS/Device/ST/STM32F4xx/Include -I../Drivers/CMSIS/Include -O0 -ffunction-sections -fdata-sections -Wall -fstack-usage -MMD -MP -MF"Core/Src/main.d" -MT"Core/Src/main.o" --specs=nano.specs -mfpu=fpv4-sp-d16 -mfloat-abi=hard -mthumb -o "Core/Src/main.o"
arm-none-eabi-gcc -o "007_5_hal_USART_bluetooth.elf" @"objects.list"   -mcpu=cortex-m4 -T"C:\Users\VeliSacikara\Documents\STM32_Projeler\007_5_hal_USART_bluetooth\007_5_hal_USART_bluetooth\STM32F407VGTX_FLASH.ld" --specs=nosys.specs -Wl,-Map="007_5_hal_USART_bluetooth.map" -Wl,--gc-sections -static --specs=nano.specs -mfpu=fpv4-sp-d16 -mfloat-abi=hard -mthumb -Wl,--start-group -lc -lm -Wl,--end-group
Finished building target: 007_5_hal_USART_bluetooth.elf
 
arm-none-eabi-size   007_5_hal_USART_bluetooth.elf 
arm-none-eabi-objdump -h -S  007_5_hal_USART_bluetooth.elf  > "007_5_hal_USART_bluetooth.list"
   text	   data	    bss	    dec	    hex	filename
  11232	    120	   1760	  13112	   3338	007_5_hal_USART_bluetooth.elf
Finished building: default.size.stdout
 
Finished building: 007_5_hal_USART_bluetooth.list
 
23:43:32 **** Incremental Build of configuration Debug for project 007_5_hal_USART_bluetooth ****
make -j8 all 
arm-none-eabi-size   007_5_hal_USART_bluetooth.elf 
   text	   data	    bss	    dec	    hex	filename
  11232	    120	   1760	  13112	   3338	007_5_hal_USART_bluetooth.elf
Finished building: default.size.stdout
 
23:44:44 **** Incremental Build of configuration Debug for project 007_5_hal_USART_bluetooth ****
make -j8 all 
arm-none-eabi-gcc "../Core/Src/main.c" -mcpu=cortex-m4 -std=gnu11 -g3 -DDEBUG -DUSE_HAL_DRIVER -DSTM32F407xx -c -I../Core/Inc -I../Drivers/STM32F4xx_HAL_Driver/Inc -I../Drivers/STM32F4xx_HAL_Driver/Inc/Legacy -I../Drivers/CMSIS/Device/ST/STM32F4xx/Include -I../Drivers/CMSIS/Include -O0 -ffunction-sections -fdata-sections -Wall -fstack-usage -MMD -MP -MF"Core/Src/main.d" -MT"Core/Src/main.o" --specs=nano.specs -mfpu=fpv4-sp-d16 -mfloat-abi=hard -mthumb -o "Core/Src/main.o"
arm-none-eabi-gcc -o "007_5_hal_USART_bluetooth.elf" @"objects.list"   -mcpu=cortex-m4 -T"C:\Users\VeliSacikara\Documents\STM32_Projeler\007_5_hal_USART_bluetooth\007_5_hal_USART_bluetooth\STM32F407VGTX_FLASH.ld" --specs=nosys.specs -Wl,-Map="007_5_hal_USART_bluetooth.map" -Wl,--gc-sections -static --specs=nano.specs -mfpu=fpv4-sp-d16 -mfloat-abi=hard -mthumb -Wl,--start-group -lc -lm -Wl,--end-group
Finished building target: 007_5_hal_USART_bluetooth.elf
 
arm-none-eabi-size   007_5_hal_USART_bluetooth.elf 
arm-none-eabi-objdump -h -S  007_5_hal_USART_bluetooth.elf  > "007_5_hal_USART_bluetooth.list"
   text	   data	    bss	    dec	    hex	filename
  11184	    120	   1760	  13064	   3308	007_5_hal_USART_bluetooth.elf
Finished building: default.size.stdout
 
Finished building: 007_5_hal_USART_bluetooth.list
 
23:44:49 **** Incremental Build of configuration Debug for project 007_5_hal_USART_bluetooth ****
make -j8 all 
arm-none-eabi-size   007_5_hal_USART_bluetooth.elf 
   text	   data	    bss	    dec	    hex	filename
  11184	    120	   1760	  13064	   3308	007_5_hal_USART_bluetooth.elf
Finished building: default.size.stdout
 
23:47:48 **** Incremental Build of configuration Debug for project 007_5_hal_USART_bluetooth ****
make -j8 all 
arm-none-eabi-size   007_5_hal_USART_bluetooth.elf 
   text	   data	    bss	    dec	    hex	filename
  11184	    120	   1760	  13064	   3308	007_5_hal_USART_bluetooth.elf
Finished building: default.size.stdout
 
17:17:15 **** Incremental Build of configuration Debug for project 007_5_hal_USART_bluetooth ****
make -j8 all 
arm-none-eabi-gcc "../Core/Src/main.c" -mcpu=cortex-m4 -std=gnu11 -g3 -DDEBUG -DUSE_HAL_DRIVER -DSTM32F407xx -c -I../Core/Inc -I../Drivers/STM32F4xx_HAL_Driver/Inc -I../Drivers/STM32F4xx_HAL_Driver/Inc/Legacy -I../Drivers/CMSIS/Device/ST/STM32F4xx/Include -I../Drivers/CMSIS/Include -O0 -ffunction-sections -fdata-sections -Wall -fstack-usage -MMD -MP -MF"Core/Src/main.d" -MT"Core/Src/main.o" --specs=nano.specs -mfpu=fpv4-sp-d16 -mfloat-abi=hard -mthumb -o "Core/Src/main.o"
../Core/Src/main.c: In function 'main':
../Core/Src/main.c:108:95: error: expected ')' before 'rx_buffer'
  108 |    if(rx_buffer[0] == 'l' && rx_buffer[1] == 'e' && rx_buffer[2] == 'd' && rx_buffer[3] == '1'
      |      ~                                                                                        ^
      |                                                                                               )
  109 |    rx_buffer[4] == ' ' && rx_buffer[5] == 'o' && rx_buffer[6] == 'n')
      |    ~~~~~~~~~                                                                                   
make: *** [Core/Src/subdir.mk:34: Core/Src/main.o] Error 1
"make -j8 all" terminated with exit code 2. Build might be incomplete.
17:17:23 **** Incremental Build of configuration Debug for project 007_5_hal_USART_bluetooth ****
make -j8 all 
arm-none-eabi-gcc "../Core/Src/main.c" -mcpu=cortex-m4 -std=gnu11 -g3 -DDEBUG -DUSE_HAL_DRIVER -DSTM32F407xx -c -I../Core/Inc -I../Drivers/STM32F4xx_HAL_Driver/Inc -I../Drivers/STM32F4xx_HAL_Driver/Inc/Legacy -I../Drivers/CMSIS/Device/ST/STM32F4xx/Include -I../Drivers/CMSIS/Include -O0 -ffunction-sections -fdata-sections -Wall -fstack-usage -MMD -MP -MF"Core/Src/main.d" -MT"Core/Src/main.o" --specs=nano.specs -mfpu=fpv4-sp-d16 -mfloat-abi=hard -mthumb -o "Core/Src/main.o"
arm-none-eabi-gcc -o "007_5_hal_USART_bluetooth.elf" @"objects.list"   -mcpu=cortex-m4 -T"C:\Users\VeliSacikara\Documents\STM32_Projeler\007_5_hal_USART_bluetooth\007_5_hal_USART_bluetooth\STM32F407VGTX_FLASH.ld" --specs=nosys.specs -Wl,-Map="007_5_hal_USART_bluetooth.map" -Wl,--gc-sections -static --specs=nano.specs -mfpu=fpv4-sp-d16 -mfloat-abi=hard -mthumb -Wl,--start-group -lc -lm -Wl,--end-group
Finished building target: 007_5_hal_USART_bluetooth.elf
 
arm-none-eabi-size   007_5_hal_USART_bluetooth.elf 
arm-none-eabi-objdump -h -S  007_5_hal_USART_bluetooth.elf  > "007_5_hal_USART_bluetooth.list"
   text	   data	    bss	    dec	    hex	filename
  11192	    120	   1760	  13072	   3310	007_5_hal_USART_bluetooth.elf
Finished building: default.size.stdout
 
Finished building: 007_5_hal_USART_bluetooth.list
 
17:17:56 **** Incremental Build of configuration Debug for project 007_5_hal_USART_bluetooth ****
make -j8 all 
arm-none-eabi-gcc "../Core/Src/main.c" -mcpu=cortex-m4 -std=gnu11 -g3 -DDEBUG -DUSE_HAL_DRIVER -DSTM32F407xx -c -I../Core/Inc -I../Drivers/STM32F4xx_HAL_Driver/Inc -I../Drivers/STM32F4xx_HAL_Driver/Inc/Legacy -I../Drivers/CMSIS/Device/ST/STM32F4xx/Include -I../Drivers/CMSIS/Include -O0 -ffunction-sections -fdata-sections -Wall -fstack-usage -MMD -MP -MF"Core/Src/main.d" -MT"Core/Src/main.o" --specs=nano.specs -mfpu=fpv4-sp-d16 -mfloat-abi=hard -mthumb -o "Core/Src/main.o"
arm-none-eabi-gcc -o "007_5_hal_USART_bluetooth.elf" @"objects.list"   -mcpu=cortex-m4 -T"C:\Users\VeliSacikara\Documents\STM32_Projeler\007_5_hal_USART_bluetooth\007_5_hal_USART_bluetooth\STM32F407VGTX_FLASH.ld" --specs=nosys.specs -Wl,-Map="007_5_hal_USART_bluetooth.map" -Wl,--gc-sections -static --specs=nano.specs -mfpu=fpv4-sp-d16 -mfloat-abi=hard -mthumb -Wl,--start-group -lc -lm -Wl,--end-group
Finished building target: 007_5_hal_USART_bluetooth.elf
 
arm-none-eabi-size   007_5_hal_USART_bluetooth.elf 
arm-none-eabi-objdump -h -S  007_5_hal_USART_bluetooth.elf  > "007_5_hal_USART_bluetooth.list"
   text	   data	    bss	    dec	    hex	filename
  11200	    120	   1760	  13080	   3318	007_5_hal_USART_bluetooth.elf
Finished building: default.size.stdout
 
Finished building: 007_5_hal_USART_bluetooth.list
 
17:19:04 **** Incremental Build of configuration Debug for project 007_5_hal_USART_bluetooth ****
make -j8 all 
arm-none-eabi-gcc "../Core/Src/main.c" -mcpu=cortex-m4 -std=gnu11 -g3 -DDEBUG -DUSE_HAL_DRIVER -DSTM32F407xx -c -I../Core/Inc -I../Drivers/STM32F4xx_HAL_Driver/Inc -I../Drivers/STM32F4xx_HAL_Driver/Inc/Legacy -I../Drivers/CMSIS/Device/ST/STM32F4xx/Include -I../Drivers/CMSIS/Include -O0 -ffunction-sections -fdata-sections -Wall -fstack-usage -MMD -MP -MF"Core/Src/main.d" -MT"Core/Src/main.o" --specs=nano.specs -mfpu=fpv4-sp-d16 -mfloat-abi=hard -mthumb -o "Core/Src/main.o"
arm-none-eabi-gcc -o "007_5_hal_USART_bluetooth.elf" @"objects.list"   -mcpu=cortex-m4 -T"C:\Users\VeliSacikara\Documents\STM32_Projeler\007_5_hal_USART_bluetooth\007_5_hal_USART_bluetooth\STM32F407VGTX_FLASH.ld" --specs=nosys.specs -Wl,-Map="007_5_hal_USART_bluetooth.map" -Wl,--gc-sections -static --specs=nano.specs -mfpu=fpv4-sp-d16 -mfloat-abi=hard -mthumb -Wl,--start-group -lc -lm -Wl,--end-group
Finished building target: 007_5_hal_USART_bluetooth.elf
 
arm-none-eabi-size   007_5_hal_USART_bluetooth.elf 
arm-none-eabi-objdump -h -S  007_5_hal_USART_bluetooth.elf  > "007_5_hal_USART_bluetooth.list"
   text	   data	    bss	    dec	    hex	filename
  11184	    120	   1760	  13064	   3308	007_5_hal_USART_bluetooth.elf
Finished building: default.size.stdout
 
Finished building: 007_5_hal_USART_bluetooth.list
 
