2022-10-13 12:11:24,476 [INFO] Activator:177 - 


2022-10-13 12:11:24,478 [INFO] Activator:178 - !SESSION log4j initialized
2022-10-13 12:11:30,509 [INFO] McuFinderGlobals:44 - Set McuFinder mode to 2 (CubeIDE integrated)
2022-10-13 12:11:32,978 [INFO] ApplicationProperties:181 - Using Application install path: C:\ST\STM32CubeIDE_1.10.1\STM32CubeIDE\plugins\com.st.stm32cube.common.mx_6.6.1.202207061420
2022-10-13 12:11:33,010 [INFO] DbMcusXml:77 - Set database path to: C:\ST\STM32CubeIDE_1.10.1\STM32CubeIDE\plugins\com.st.stm32cube.common.mx_6.6.1.202207061420\\db\/mcu/
2022-10-13 12:11:33,011 [INFO] ApiDb:269 - Set plugin database path to: C:\ST\STM32CubeIDE_1.10.1\STM32CubeIDE\plugins\com.st.stm32cube.common.mx_6.6.1.202207061420\\db\/plugins/boardmanager/
2022-10-13 12:11:33,015 [WARN] ApiDb:254 - Overriding images path with different value:  => C:\ST\STM32CubeIDE_1.10.1\STM32CubeIDE\plugins\com.st.stm32cube.common.mx_6.6.1.202207061420\\db\/plugins/mcufinder/images/
2022-10-13 12:11:33,050 [INFO] ApiDb:249 - Set database path to: C:\Users\VeliSacikara\.stmcufinder\plugins\mcufinder//mcu/
2022-10-13 12:11:33,055 [INFO] DbMcusAds:124 - Set database path to: C:\Users\VeliSacikara\.stmcufinder\plugins\mcufinder//mcu/
2022-10-13 12:11:33,060 [INFO] CrossReferenceDbSqlite:201 - Set database path to: C:\Users\VeliSacikara\.stmcufinder\plugins\mcufinder//mcu/cs/
2022-10-13 12:11:33,247 [INFO] RulesReader:61 - Compatibility file has been processed (282 Rules)
2022-10-13 12:11:33,391 [INFO] DbMcusXml:77 - Set database path to: C:\ST\STM32CubeIDE_1.10.1\STM32CubeIDE\plugins\com.st.stm32cube.common.mx_6.6.1.202207061420\\db\/mcu/
2022-10-13 12:11:33,392 [INFO] ApiDb:269 - Set plugin database path to: C:\ST\STM32CubeIDE_1.10.1\STM32CubeIDE\plugins\com.st.stm32cube.common.mx_6.6.1.202207061420\\db\/plugins/boardmanager/
2022-10-13 12:11:33,393 [INFO] ApiDb:256 - Set plugin images path to: C:\ST\STM32CubeIDE_1.10.1\STM32CubeIDE\plugins\com.st.stm32cube.common.mx_6.6.1.202207061420\\db\/plugins/mcufinder/images/
2022-10-13 12:11:33,393 [WARN] DbFile:40 - Overriding database path with different value: C:\Users\VeliSacikara\.stmcufinder\plugins\mcufinder/ => C:\Users\VeliSacikara\.stmcufinder\plugins\mcufinder
2022-10-13 12:11:33,394 [INFO] ApiDb:249 - Set database path to: C:\Users\VeliSacikara\.stmcufinder\plugins\mcufinder//mcu/
2022-10-13 12:11:33,395 [WARN] DbFile:40 - Overriding database path with different value: C:\Users\VeliSacikara\.stmcufinder\plugins\mcufinder/ => C:\Users\VeliSacikara\.stmcufinder\plugins\mcufinder
2022-10-13 12:11:33,395 [INFO] DbMcusAds:124 - Set database path to: C:\Users\VeliSacikara\.stmcufinder\plugins\mcufinder//mcu/
2022-10-13 12:11:33,396 [WARN] DbFile:40 - Overriding database path with different value: C:\Users\VeliSacikara\.stmcufinder\plugins\mcufinder/ => C:\Users\VeliSacikara\.stmcufinder\plugins\mcufinder
2022-10-13 12:11:33,397 [WARN] DbFile:40 - Overriding database path with different value: C:\Users\VeliSacikara\.stmcufinder\plugins\mcufinder/ => C:\Users\VeliSacikara\.stmcufinder\plugins\mcufinder
2022-10-13 12:11:33,397 [INFO] CrossReferenceDbSqlite:201 - Set database path to: C:\Users\VeliSacikara\.stmcufinder\plugins\mcufinder//mcu/cs/
2022-10-13 12:11:33,516 [INFO] MainPanel:242 - HeapMemory: 268435456
2022-10-13 12:11:33,650 [INFO] DbMcusXml:77 - Set database path to: C:\ST\STM32CubeIDE_1.10.1\STM32CubeIDE\plugins\com.st.stm32cube.common.mx_6.6.1.202207061420\\db\/mcu/
2022-10-13 12:11:33,650 [INFO] ApiDb:269 - Set plugin database path to: C:\ST\STM32CubeIDE_1.10.1\STM32CubeIDE\plugins\com.st.stm32cube.common.mx_6.6.1.202207061420\\db\/plugins/boardmanager/
2022-10-13 12:11:33,650 [INFO] ApiDb:256 - Set plugin images path to: C:\ST\STM32CubeIDE_1.10.1\STM32CubeIDE\plugins\com.st.stm32cube.common.mx_6.6.1.202207061420\\db\/plugins/mcufinder/images/
2022-10-13 12:11:33,652 [WARN] DbFile:40 - Overriding database path with different value: C:\Users\VeliSacikara\.stmcufinder\plugins\mcufinder/ => C:\Users\VeliSacikara\.stmcufinder\plugins\mcufinder
2022-10-13 12:11:33,652 [INFO] ApiDb:249 - Set database path to: C:\Users\VeliSacikara\.stmcufinder\plugins\mcufinder//mcu/
2022-10-13 12:11:33,653 [WARN] DbFile:40 - Overriding database path with different value: C:\Users\VeliSacikara\.stmcufinder\plugins\mcufinder/ => C:\Users\VeliSacikara\.stmcufinder\plugins\mcufinder
2022-10-13 12:11:33,653 [INFO] DbMcusAds:124 - Set database path to: C:\Users\VeliSacikara\.stmcufinder\plugins\mcufinder//mcu/
2022-10-13 12:11:33,653 [WARN] DbFile:40 - Overriding database path with different value: C:\Users\VeliSacikara\.stmcufinder\plugins\mcufinder/ => C:\Users\VeliSacikara\.stmcufinder\plugins\mcufinder
2022-10-13 12:11:33,653 [WARN] DbFile:40 - Overriding database path with different value: C:\Users\VeliSacikara\.stmcufinder\plugins\mcufinder/ => C:\Users\VeliSacikara\.stmcufinder\plugins\mcufinder
2022-10-13 12:11:33,653 [INFO] CrossReferenceDbSqlite:201 - Set database path to: C:\Users\VeliSacikara\.stmcufinder\plugins\mcufinder//mcu/cs/
2022-10-13 12:11:33,681 [INFO] ApplicationProperties:181 - Using Application install path: C:\ST\STM32CubeIDE_1.10.1\STM32CubeIDE\plugins\com.st.stm32cube.common.mx_6.6.1.202207061420
2022-10-13 12:11:33,682 [INFO] PluginManage:193 - Search for loadable plugins [exclusion list=, ]
2022-10-13 12:11:33,686 [INFO] PluginManage:307 - Check plugin analytics
2022-10-13 12:11:33,968 [INFO] AnalyticsPlugin:262 - Accepted Software Licenses: 
2022-10-13 12:11:33,969 [INFO] AnalyticsPlugin:264 - Accepted CMSIS Pack Licenses: 
2022-10-13 12:11:33,970 [INFO] AnalyticsPlugin:266 - Accepted Firmware Licenses: FW.F4.1.27.0
2022-10-13 12:11:33,982 [INFO] PluginManage:356 - Loaded plugin analytics (category:tool,tabindex:-1)
2022-10-13 12:11:33,983 [INFO] PluginManage:307 - Check plugin cadmodel
2022-10-13 12:11:34,002 [INFO] CADModel:65 - Init CAD model plugin
2022-10-13 12:11:34,004 [INFO] PluginManage:356 - Loaded plugin cadmodel (category:power,tabindex:5)
2022-10-13 12:11:34,004 [INFO] PluginManage:307 - Check plugin clock
2022-10-13 12:11:34,039 [INFO] PluginManage:356 - Loaded plugin clock (category:base,tabindex:2)
2022-10-13 12:11:34,040 [INFO] PluginManage:307 - Check plugin ddr
2022-10-13 12:11:34,043 [INFO] PluginManage:356 - Loaded plugin ddr (category:tool,tabindex:6)
2022-10-13 12:11:34,044 [INFO] PluginManage:307 - Check plugin filemanager
2022-10-13 12:11:34,269 [INFO] PluginManage:356 - Loaded plugin filemanager (category:base,tabindex:10)
2022-10-13 12:11:34,270 [INFO] PluginManage:307 - Check plugin ipmanager
2022-10-13 12:11:34,282 [INFO] PluginManage:356 - Loaded plugin ipmanager (category:base,tabindex:5)
2022-10-13 12:11:34,282 [INFO] PluginManage:307 - Check plugin lpbam
2022-10-13 12:11:34,308 [INFO] PluginManage:356 - Loaded plugin lpbam (category:base,tabindex:0)
2022-10-13 12:11:34,309 [INFO] PluginManage:307 - Check plugin pinoutandconfiguration
2022-10-13 12:11:34,367 [INFO] PluginManage:356 - Loaded plugin pinoutandconfiguration (category:base,tabindex:1)
2022-10-13 12:11:34,367 [INFO] PluginManage:307 - Check plugin pinoutconfig
2022-10-13 12:11:34,525 [INFO] PluginManage:356 - Loaded plugin pinoutconfig (category:base,tabindex:0)
2022-10-13 12:11:34,528 [INFO] PluginManage:307 - Check plugin power
2022-10-13 12:11:34,564 [INFO] PluginManage:356 - Loaded plugin power (category:power,tabindex:4)
2022-10-13 12:11:34,565 [INFO] PluginManage:307 - Check plugin projectmanager
2022-10-13 12:11:34,591 [INFO] PluginManage:356 - Loaded plugin projectmanager (category:projectmanager,tabindex:3)
2022-10-13 12:11:34,591 [INFO] PluginManage:307 - Check plugin thirdparty
2022-10-13 12:11:35,119 [WARN] IntegrityCheckThread:82 - waiting for thirdparty lock release [integrity check]
2022-10-13 12:11:35,120 [INFO] PluginManage:356 - Loaded plugin thirdparty (category:base,tabindex:-1)
2022-10-13 12:11:35,120 [INFO] IntegrityCheckThread:84 - entering critical section [integrity check]
2022-10-13 12:11:35,120 [INFO] PluginManage:307 - Check plugin tools
2022-10-13 12:11:35,124 [INFO] ThirdPartyUpdaterWithRetryManager:70 - Updater plugin not ready yet. [1/15]
2022-10-13 12:11:35,160 [INFO] PluginManage:356 - Loaded plugin tools (category:base,tabindex:7)
2022-10-13 12:11:35,163 [INFO] PluginManage:307 - Check plugin tutovideos
2022-10-13 12:11:35,506 [INFO] PluginManage:356 - Loaded plugin tutovideos (category:base,tabindex:-1)
2022-10-13 12:11:35,506 [INFO] PluginManage:307 - Check plugin updater
2022-10-13 12:11:35,527 [INFO] PluginManage:356 - Loaded plugin updater (category:base,tabindex:12)
2022-10-13 12:11:35,529 [INFO] PluginManage:280 - PluginManage : Loaded plugins [15]
2022-10-13 12:11:35,892 [INFO] PinOutPanel:1468 - setPackage(No Configuration,No Configuration)
2022-10-13 12:11:36,003 [INFO] CADModel:98 - CPN selected for project level
2022-10-13 12:11:36,046 [INFO] IPUIPlugin:79 - create IPUIPlugin
2022-10-13 12:11:36,047 [INFO] PluginManager:217 - loadIPPluginJar : add adc
2022-10-13 12:11:36,099 [INFO] IPUIPlugin:79 - create IPUIPlugin
2022-10-13 12:11:36,099 [INFO] PluginManager:217 - loadIPPluginJar : add aes
2022-10-13 12:11:36,156 [INFO] IPUIPlugin:79 - create IPUIPlugin
2022-10-13 12:11:36,157 [INFO] PluginManager:217 - loadIPPluginJar : add can
2022-10-13 12:11:36,189 [INFO] IPUIPlugin:79 - create IPUIPlugin
2022-10-13 12:11:36,190 [INFO] PluginManager:217 - loadIPPluginJar : add comp
2022-10-13 12:11:36,241 [INFO] IPUIPlugin:79 - create IPUIPlugin
2022-10-13 12:11:36,241 [INFO] PluginManager:217 - loadIPPluginJar : add cryp
2022-10-13 12:11:36,288 [INFO] IPUIPlugin:79 - create IPUIPlugin
2022-10-13 12:11:36,289 [INFO] PluginManager:217 - loadIPPluginJar : add dfsdm
2022-10-13 12:11:36,309 [INFO] IPUIPlugin:79 - create IPUIPlugin
2022-10-13 12:11:36,309 [INFO] PluginManager:217 - loadIPPluginJar : add dma
2022-10-13 12:11:36,406 [INFO] IPUIPlugin:79 - create IPUIPlugin
2022-10-13 12:11:36,407 [INFO] PluginManager:217 - loadIPPluginJar : add dma3
2022-10-13 12:11:36,452 [INFO] IPUIPlugin:79 - create IPUIPlugin
2022-10-13 12:11:36,452 [INFO] PluginManager:217 - loadIPPluginJar : add fatfs
2022-10-13 12:11:36,543 [INFO] IPUIPlugin:79 - create IPUIPlugin
2022-10-13 12:11:36,543 [INFO] PluginManager:217 - loadIPPluginJar : add fmc
2022-10-13 12:11:36,564 [INFO] IPUIPlugin:79 - create IPUIPlugin
2022-10-13 12:11:36,564 [INFO] PluginManager:217 - loadIPPluginJar : add freertos
2022-10-13 12:11:36,592 [INFO] IPUIPlugin:79 - create IPUIPlugin
2022-10-13 12:11:36,592 [INFO] PluginManager:217 - loadIPPluginJar : add genericplugin
2022-10-13 12:11:36,739 [INFO] IPUIPlugin:79 - create IPUIPlugin
2022-10-13 12:11:36,739 [INFO] PluginManager:217 - loadIPPluginJar : add gfxmmu
2022-10-13 12:11:37,012 [INFO] IPUIPlugin:79 - create IPUIPlugin
2022-10-13 12:11:37,012 [INFO] PluginManager:217 - loadIPPluginJar : add gic
2022-10-13 12:11:37,054 [INFO] IPUIPlugin:79 - create IPUIPlugin
2022-10-13 12:11:37,054 [INFO] PluginManager:217 - loadIPPluginJar : add gpio
2022-10-13 12:11:37,190 [INFO] IPUIPlugin:79 - create IPUIPlugin
2022-10-13 12:11:37,192 [INFO] PluginManager:217 - loadIPPluginJar : add gtzc
2022-10-13 12:11:37,282 [INFO] IPUIPlugin:79 - create IPUIPlugin
2022-10-13 12:11:37,282 [INFO] PluginManager:217 - loadIPPluginJar : add hash
2022-10-13 12:11:37,373 [INFO] IPUIPlugin:79 - create IPUIPlugin
2022-10-13 12:11:37,373 [INFO] PluginManager:217 - loadIPPluginJar : add i2c
2022-10-13 12:11:37,440 [INFO] IPUIPlugin:79 - create IPUIPlugin
2022-10-13 12:11:37,440 [INFO] PluginManager:217 - loadIPPluginJar : add i2s
2022-10-13 12:11:37,652 [INFO] IPUIPlugin:79 - create IPUIPlugin
2022-10-13 12:11:37,652 [INFO] PluginManager:217 - loadIPPluginJar : add ipddr
2022-10-13 12:11:37,760 [INFO] IPUIPlugin:79 - create IPUIPlugin
2022-10-13 12:11:37,760 [INFO] PluginManager:217 - loadIPPluginJar : add linkedlist
2022-10-13 12:11:37,846 [INFO] IPUIPlugin:79 - create IPUIPlugin
2022-10-13 12:11:37,846 [INFO] PluginManager:217 - loadIPPluginJar : add lorawan
2022-10-13 12:11:37,923 [INFO] IPUIPlugin:79 - create IPUIPlugin
2022-10-13 12:11:37,923 [INFO] PluginManager:217 - loadIPPluginJar : add ltdc
2022-10-13 12:11:37,956 [INFO] IPUIPlugin:79 - create IPUIPlugin
2022-10-13 12:11:37,956 [INFO] PluginManager:217 - loadIPPluginJar : add mdma
2022-10-13 12:11:37,983 [INFO] IPUIPlugin:79 - create IPUIPlugin
2022-10-13 12:11:37,983 [INFO] PluginManager:217 - loadIPPluginJar : add nvic
2022-10-13 12:11:38,060 [INFO] IPUIPlugin:79 - create IPUIPlugin
2022-10-13 12:11:38,060 [INFO] PluginManager:217 - loadIPPluginJar : add opamp
2022-10-13 12:11:38,128 [INFO] ThirdPartyUpdaterWithRetryManager:70 - Updater plugin not ready yet. [2/15]
2022-10-13 12:11:38,157 [INFO] IPUIPlugin:79 - create IPUIPlugin
2022-10-13 12:11:38,160 [INFO] PluginManager:217 - loadIPPluginJar : add openamp
2022-10-13 12:11:38,228 [INFO] IPUIPlugin:79 - create IPUIPlugin
2022-10-13 12:11:38,228 [INFO] PluginManager:217 - loadIPPluginJar : add pdm2pcm
2022-10-13 12:11:38,270 [INFO] IPUIPlugin:79 - create IPUIPlugin
2022-10-13 12:11:38,281 [INFO] PluginManager:217 - loadIPPluginJar : add plateformsettings
2022-10-13 12:11:38,332 [INFO] IPUIPlugin:79 - create IPUIPlugin
2022-10-13 12:11:38,332 [INFO] PluginManager:217 - loadIPPluginJar : add quadspi
2022-10-13 12:11:38,349 [INFO] IPUIPlugin:79 - create IPUIPlugin
2022-10-13 12:11:38,352 [INFO] PluginManager:217 - loadIPPluginJar : add resmgrutility
2022-10-13 12:11:38,415 [INFO] IPUIPlugin:79 - create IPUIPlugin
2022-10-13 12:11:38,416 [INFO] PluginManager:217 - loadIPPluginJar : add sai
2022-10-13 12:11:38,460 [INFO] IPUIPlugin:79 - create IPUIPlugin
2022-10-13 12:11:38,460 [INFO] PluginManager:217 - loadIPPluginJar : add spi
2022-10-13 12:11:38,527 [INFO] IPUIPlugin:79 - create IPUIPlugin
2022-10-13 12:11:38,527 [INFO] PluginManager:217 - loadIPPluginJar : add stm32_wpan
2022-10-13 12:11:38,556 [INFO] IPUIPlugin:79 - create IPUIPlugin
2022-10-13 12:11:38,556 [INFO] PluginManager:217 - loadIPPluginJar : add tim
2022-10-13 12:11:38,625 [INFO] IPUIPlugin:79 - create IPUIPlugin
2022-10-13 12:11:38,625 [INFO] PluginManager:217 - loadIPPluginJar : add touchsensing
2022-10-13 12:11:38,654 [INFO] IPUIPlugin:79 - create IPUIPlugin
2022-10-13 12:11:38,654 [INFO] PluginManager:217 - loadIPPluginJar : add tracer_emb
2022-10-13 12:11:38,684 [INFO] IPUIPlugin:79 - create IPUIPlugin
2022-10-13 12:11:38,684 [INFO] PluginManager:217 - loadIPPluginJar : add ts
2022-10-13 12:11:38,707 [INFO] IPUIPlugin:79 - create IPUIPlugin
2022-10-13 12:11:38,707 [INFO] PluginManager:217 - loadIPPluginJar : add tsc
2022-10-13 12:11:38,741 [INFO] IPUIPlugin:79 - create IPUIPlugin
2022-10-13 12:11:38,742 [INFO] PluginManager:217 - loadIPPluginJar : add ucpd
2022-10-13 12:11:38,787 [INFO] IPUIPlugin:79 - create IPUIPlugin
2022-10-13 12:11:38,787 [INFO] PluginManager:217 - loadIPPluginJar : add usart
2022-10-13 12:11:38,853 [INFO] IPUIPlugin:79 - create IPUIPlugin
2022-10-13 12:11:38,853 [INFO] PluginManager:217 - loadIPPluginJar : add usbx
2022-10-13 12:11:39,305 [FATAL] Updater:301 - Updater called before beeing initialized
2022-10-13 12:11:39,492 [FATAL] Updater:301 - Updater called before beeing initialized
2022-10-13 12:11:39,504 [INFO] DbMcusAds:52 - JSON generation date=Thu Sep 30 09:55:09 TRT 2021 (1632984909247)
2022-10-13 12:11:39,504 [FATAL] Updater:301 - Updater called before beeing initialized
2022-10-13 12:11:39,605 [WARN] DetailPanel:344 - Failed to get advertising image, set to default
2022-10-13 12:11:39,849 [FATAL] Updater:301 - Updater called before beeing initialized
2022-10-13 12:11:39,852 [FATAL] Updater:301 - Updater called before beeing initialized
2022-10-13 12:11:39,852 [FATAL] Updater:301 - Updater called before beeing initialized
2022-10-13 12:11:39,852 [WARN] DetailPanel:344 - Failed to get advertising image, set to default
2022-10-13 12:11:39,854 [FATAL] Updater:301 - Updater called before beeing initialized
2022-10-13 12:11:39,939 [ERROR] Updater:1105 - MainUpdater not yet initialized. External WinMGr cannot be set.
2022-10-13 12:11:39,952 [INFO] Updater:1041 - Updater Version found : 6.6.1
2022-10-13 12:11:39,974 [INFO] ApplicationProperties:181 - Using Application install path: C:\ST\STM32CubeIDE_1.10.1\STM32CubeIDE\plugins\com.st.stm32cube.common.mx_6.6.1.202207061420
2022-10-13 12:11:40,284 [INFO] MainUpdater:2768 - connection check result : 10
2022-10-13 12:11:40,287 [INFO] MainUpdater:280 - Updater Check For Update Now.
2022-10-13 12:11:40,289 [INFO] MicroXplorer:481 - Change Database Version : DB.6.0.60
2022-10-13 12:11:40,640 [INFO] CheckServerUpdateThread:119 - End of CheckServer Thread
2022-10-13 12:11:40,826 [INFO] MainUpdater:2768 - connection check result : 10
2022-10-13 12:11:40,907 [INFO] McuFinderGlobals:57 - Set McuFinderConnectedMode to true
2022-10-13 12:11:41,139 [WARN] MainUpdater:1184 - Updater busy. Cannot search thirdparties
2022-10-13 12:11:41,139 [INFO] ThirdPartyUpdaterWithRetryManager:96 - Updater plugin is busy. [1/15]
2022-10-13 12:11:41,515 [INFO] ServerAccessManage:474 - Download File mcusAds.json._tmp_
2022-10-13 12:11:41,638 [INFO] LoadUrlFilesThread:150 - End of LoadUrlFiles Thread
2022-10-13 12:11:41,963 [INFO] ServerAccessManage:474 - Download File cube-finder-db.zip
2022-10-13 12:11:44,151 [WARN] MainUpdater:1184 - Updater busy. Cannot search thirdparties
2022-10-13 12:11:44,151 [INFO] ThirdPartyUpdaterWithRetryManager:96 - Updater plugin is busy. [2/15]
2022-10-13 12:11:47,152 [WARN] MainUpdater:1184 - Updater busy. Cannot search thirdparties
2022-10-13 12:11:47,152 [INFO] ThirdPartyUpdaterWithRetryManager:96 - Updater plugin is busy. [3/15]
2022-10-13 12:11:50,160 [WARN] MainUpdater:1184 - Updater busy. Cannot search thirdparties
2022-10-13 12:11:50,160 [INFO] ThirdPartyUpdaterWithRetryManager:96 - Updater plugin is busy. [4/15]
2022-10-13 12:11:53,167 [WARN] MainUpdater:1184 - Updater busy. Cannot search thirdparties
2022-10-13 12:11:53,168 [INFO] ThirdPartyUpdaterWithRetryManager:96 - Updater plugin is busy. [5/15]
2022-10-13 12:11:56,176 [WARN] MainUpdater:1184 - Updater busy. Cannot search thirdparties
2022-10-13 12:11:56,176 [INFO] ThirdPartyUpdaterWithRetryManager:96 - Updater plugin is busy. [6/15]
2022-10-13 12:11:59,190 [WARN] MainUpdater:1184 - Updater busy. Cannot search thirdparties
2022-10-13 12:11:59,191 [INFO] ThirdPartyUpdaterWithRetryManager:96 - Updater plugin is busy. [7/15]
2022-10-13 12:12:02,207 [WARN] MainUpdater:1184 - Updater busy. Cannot search thirdparties
2022-10-13 12:12:02,208 [INFO] ThirdPartyUpdaterWithRetryManager:96 - Updater plugin is busy. [8/15]
2022-10-13 12:12:05,217 [WARN] MainUpdater:1184 - Updater busy. Cannot search thirdparties
2022-10-13 12:12:05,217 [INFO] ThirdPartyUpdaterWithRetryManager:96 - Updater plugin is busy. [9/15]
2022-10-13 12:12:08,229 [WARN] MainUpdater:1184 - Updater busy. Cannot search thirdparties
2022-10-13 12:12:08,230 [INFO] ThirdPartyUpdaterWithRetryManager:96 - Updater plugin is busy. [10/15]
2022-10-13 12:12:11,241 [WARN] MainUpdater:1184 - Updater busy. Cannot search thirdparties
2022-10-13 12:12:11,241 [INFO] ThirdPartyUpdaterWithRetryManager:96 - Updater plugin is busy. [11/15]
2022-10-13 12:12:14,242 [WARN] MainUpdater:1184 - Updater busy. Cannot search thirdparties
2022-10-13 12:12:14,242 [INFO] ThirdPartyUpdaterWithRetryManager:96 - Updater plugin is busy. [12/15]
2022-10-13 12:12:17,243 [WARN] MainUpdater:1184 - Updater busy. Cannot search thirdparties
2022-10-13 12:12:17,243 [INFO] ThirdPartyUpdaterWithRetryManager:96 - Updater plugin is busy. [13/15]
2022-10-13 12:12:20,244 [WARN] MainUpdater:1184 - Updater busy. Cannot search thirdparties
2022-10-13 12:12:20,244 [INFO] ThirdPartyUpdaterWithRetryManager:96 - Updater plugin is busy. [14/15]
2022-10-13 12:12:23,258 [WARN] MainUpdater:1184 - Updater busy. Cannot search thirdparties
2022-10-13 12:12:23,258 [INFO] ThirdPartyUpdaterWithRetryManager:96 - Updater plugin is busy. [15/15]
2022-10-13 12:12:23,259 [ERROR] IntegrityCheckThread:128 - Cannot retrieve database content from updater: error -1
2022-10-13 12:12:23,259 [INFO] ThirdParty:929 - Integrity check success = false
2022-10-13 12:12:23,261 [INFO] IntegrityCheckThread:98 - exiting critical section [integrity check]
2022-10-13 12:12:23,261 [INFO] IntegrityCheckThread:101 - End integrity checks thread
2022-10-13 12:15:51,621 [INFO] FileExtend:239 - Unzip File : cube-finder-db.zip
2022-10-13 12:15:51,624 [INFO] FileExtend:254 - Standard Zip Deflate
2022-10-13 12:15:53,832 [INFO] LoadUrlFilesThread:150 - End of LoadUrlFiles Thread
2022-10-13 12:15:55,303 [INFO] ServerAccessManage:474 - Download File crdb.zip
2022-10-13 12:16:02,695 [INFO] FileExtend:239 - Unzip File : crdb.zip
2022-10-13 12:16:02,697 [INFO] FileExtend:254 - Standard Zip Deflate
2022-10-13 12:16:02,918 [INFO] LoadUrlFilesThread:150 - End of LoadUrlFiles Thread
2022-10-13 12:16:04,777 [INFO] ServerAccessManage:474 - Download File tutoVideoDB.zip
2022-10-13 12:16:07,463 [INFO] FileExtend:239 - Unzip File : tutoVideoDB.zip
2022-10-13 12:16:07,464 [INFO] FileExtend:254 - Standard Zip Deflate
2022-10-13 12:16:07,626 [INFO] LoadUrlFilesThread:150 - End of LoadUrlFiles Thread
2022-10-13 12:16:07,657 [INFO] JxBrowserEngine:106 - Initiate JxBrowser Engine with user profile folder
2022-10-13 12:16:08,477 [ERROR] JxBrowserEngine:59 - Can't initiate JxBrowser engine com.teamdev.jxbrowser.engine.ChromiumBinariesExtractionException: Failed to extract Chromium binaries into C:\Users\VeliSacikara\.stm32cubemx\.jxbrowser\Chromium
2022-10-13 12:16:08,480 [WARN] DbFile:40 - Overriding database path with different value: C:\Users\VeliSacikara\.stmcufinder\plugins\mcufinder/ => C:\Users\VeliSacikara\.stmcufinder\plugins\mcufinder
2022-10-13 12:16:08,923 [INFO] ServerAccessManage:474 - Download File api_config.json
2022-10-13 12:16:09,052 [INFO] LoadUrlFilesThread:150 - End of LoadUrlFiles Thread
2022-10-13 12:16:09,054 [INFO] DbMcusAds:52 - JSON generation date=Thu Sep 30 09:55:09 TRT 2021 (1632984909247)
2022-10-13 12:16:09,129 [INFO] LoadUrlFilesThread:177 - End of LoadServerUrlFiles without Thread
2022-10-13 12:16:09,129 [INFO] TargetSelectorAdapter:228 - Refresh data is successful
2022-10-13 12:16:09,428 [INFO] ApiDb:576 - Connected to CubeFinder SQLite database (C:\Users\VeliSacikara\.stmcufinder\plugins\mcufinder\mcu\cube-finder-db.db)
2022-10-13 12:16:09,467 [INFO] ApiDb:663 - CubeFinder database Data Model version=2.1
2022-10-13 12:16:09,468 [INFO] ApiDb:664 - CubeFinder database Configuration version=3.0.32
2022-10-13 12:16:09,468 [INFO] ApiDb:665 - CubeFinder database generation date=2022-08-05 (1659688109)
2022-10-13 12:16:09,468 [INFO] ApiDb:666 - CubeFinder database FW Pack versions=[STM32Cube_FW_C0_V1.0.0, STM32Cube_FW_F4_V1.27.1, STM32Cube_FW_F7_V1.17.0, STM32Cube_FW_G0_V1.6.1, STM32Cube_FW_G4_V1.5.0, STM32Cube_FW_H7_V1.10.0, STM32Cube_FW_L5_V1.4.0, STM32Cube_FW_U5_V1.1.1, STM32Cube_FW_WB_V1.14.1, STM32Cube_FW_WL_V1.2.0, X-CUBE-ALGOBUILD_V1.3.0, X-CUBE-ALS_V1.0.1, X-CUBE-AZRTOS-F4_V1.1.0, X-CUBE-AZRTOS-F7_V1.1.0, X-CUBE-AZRTOS-G0_V1.1.0, X-CUBE-AZRTOS-G4_V1.0.0, X-CUBE-AZRTOS-H7_V2.1.0, X-CUBE-AZRTOS-L4_V1.0.0, X-CUBE-AZRTOS-L5_V1.0.0, X-CUBE-AZRTOS-WL_V1.0.0, X-CUBE-BLE1_V6.2.3, X-CUBE-BLE2_V3.3.0, X-CUBE-EEPRMA1_V3.1.1, X-CUBE-GNSS1_V6.0.0, X-CUBE-MEMS1_V9.1.0, X-CUBE-MEMS1_V9.3.0, X-CUBE-NFC4_V2.0.4, X-CUBE-NFC7_V1.0.0, X-CUBE-SFXS2LP1_V4.0.0, X-CUBE-SUBG2_V5.0.0]
2022-10-13 12:16:13,825 [INFO] ApiDb:239 - Found 138 in-development CPN: [B-WB1M-WPAN1, NUCLEO-C031C6, STEVAL-STWINBX1, STM320518-EVAL, STM32C0116-DK, STM32C011D6Y3TR, STM32C011D6Y6TR, STM32C011F4P3, STM32C011F4P6, STM32C011F4U3, STM32C011F4U6TR, STM32C011F6P3, STM32C011F6P6, STM32C011F6U3, STM32C011F6U6TR, STM32C011J4M3, STM32C011J4M6, STM32C011J6M3, STM32C011J6M6, STM32C0316-DK, STM32C031C4T3, STM32C031C4T6, STM32C031C4U3, STM32C031C4U6, STM32C031C6T3, STM32C031C6T6, STM32C031C6U3, STM32C031C6U6, STM32C031F4P3, STM32C031F4P6, STM32C031F6P3, STM32C031F6P6, STM32C031G4U3, STM32C031G4U6, STM32C031G6U3, STM32C031G6U6, STM32C031K4T3, STM32C031K4T6, STM32C031K4U3, STM32C031K4U6, STM32C031K6T3, STM32C031K6T6, STM32C031K6U3, STM32C031K6U6, STM32G071K8TXN, STM32G071K8UXN, STM32G081GBU6N, STM32G081KBT6N, STM32G081KBUXN, STM32G0B1CCT6N, STM32G0B1KCT6, STM32G0B1NEY6TR, STM32G0B1RCT6N, STM32G0C1CCT6, STM32G0C1CCT6N, STM32G0C1CCU6N, STM32G0C1CET6N, STM32G0C1CEU6N, STM32G0C1KCT6, STM32G0C1NEY6TR, STM32G0C1RCI6N, STM32G0C1RCT6N, STM32G0C1REI6N, STM32G0C1RET6N, STM32G0C1VCI6, STM32G0C1VEI6, STM32G471CCT6, STM32G471CCU6, STM32G471CET3, STM32G471CET6, STM32G471CEU3, STM32G471CEU6, STM32G471MCT6, STM32G471MET3, STM32G471MET6, STM32G471MEY6TR, STM32G471QCT6, STM32G471QET3, STM32G471RCT6, STM32G471RET3, STM32G471RET6, STM32G471VCH6, STM32G471VCI6, STM32G471VCT6, STM32G471VEH3, STM32G471VEH6, STM32G471VEI3, STM32G471VEI6, STM32G471VET3, STM32G471VET6, STM32G474CCT6, STM32L476VGY6PTR, STM32L4R5QGI6STR, STM32MP131AAE3, STM32MP131AAF3, STM32MP131AAG3, STM32MP131CAE3, STM32MP131CAF3, STM32MP131CAG3, STM32MP131DAE7, STM32MP131DAF7, STM32MP131DAG7, STM32MP131FAE7, STM32MP131FAF7, STM32MP131FAG7, STM32MP133AAE3, STM32MP133AAF3, STM32MP133AAG3, STM32MP133CAE3, STM32MP133CAF3, STM32MP133CAG3, STM32MP133DAE7, STM32MP133DAF7, STM32MP133DAG7, STM32MP133FAE7, STM32MP133FAF7, STM32MP133FAG7, STM32MP135AAE3, STM32MP135AAF3, STM32MP135AAG3, STM32MP135CAE3, STM32MP135CAF3, STM32MP135CAG3, STM32MP135DAE7, STM32MP135DAF7, STM32MP135DAG7, STM32MP135F-DK, STM32MP135FAE7, STM32MP135FAF7, STM32MP135FAG7, STM32U595ZJT6Q, STM32U599BJY6QTR, STM32U599NIH6Q, STM32U599NJH6Q, STM32U5A5ZJT6Q, STM32U5A9BJY6QTR, STM32U5A9NJH6Q, STM32WB1MMCH6]
2022-10-13 12:16:13,831 [INFO] DbMcus:215 - Found 3542 MCUs, 3542 are supported
2022-10-13 12:16:13,851 [INFO] ApiDb:418 - Load user favorites file C:\Users\VeliSacikara/.stm32cubeide/favorites.mcus.txt: 0 item(s)
2022-10-13 12:16:13,852 [INFO] ApiDb:422 - User favorites MCUs=[]
2022-10-13 12:16:13,852 [INFO] DbMcus:221 - Set 0 / 0 favorites MCUs
2022-10-13 12:16:13,858 [INFO] ApiDb:663 - CubeFinder database Data Model version=2.1
2022-10-13 12:16:13,858 [INFO] ApiDb:664 - CubeFinder database Configuration version=3.0.32
2022-10-13 12:16:13,858 [INFO] ApiDb:665 - CubeFinder database generation date=2022-08-05 (1659688109)
2022-10-13 12:16:13,858 [INFO] ApiDb:666 - CubeFinder database FW Pack versions=[STM32Cube_FW_C0_V1.0.0, STM32Cube_FW_F4_V1.27.1, STM32Cube_FW_F7_V1.17.0, STM32Cube_FW_G0_V1.6.1, STM32Cube_FW_G4_V1.5.0, STM32Cube_FW_H7_V1.10.0, STM32Cube_FW_L5_V1.4.0, STM32Cube_FW_U5_V1.1.1, STM32Cube_FW_WB_V1.14.1, STM32Cube_FW_WL_V1.2.0, X-CUBE-ALGOBUILD_V1.3.0, X-CUBE-ALS_V1.0.1, X-CUBE-AZRTOS-F4_V1.1.0, X-CUBE-AZRTOS-F7_V1.1.0, X-CUBE-AZRTOS-G0_V1.1.0, X-CUBE-AZRTOS-G4_V1.0.0, X-CUBE-AZRTOS-H7_V2.1.0, X-CUBE-AZRTOS-L4_V1.0.0, X-CUBE-AZRTOS-L5_V1.0.0, X-CUBE-AZRTOS-WL_V1.0.0, X-CUBE-BLE1_V6.2.3, X-CUBE-BLE2_V3.3.0, X-CUBE-EEPRMA1_V3.1.1, X-CUBE-GNSS1_V6.0.0, X-CUBE-MEMS1_V9.1.0, X-CUBE-MEMS1_V9.3.0, X-CUBE-NFC4_V2.0.4, X-CUBE-NFC7_V1.0.0, X-CUBE-SFXS2LP1_V4.0.0, X-CUBE-SUBG2_V5.0.0]
2022-10-13 12:16:14,010 [INFO] DbBoardsSqlite:227 - include board P-NUCLEO-WB55-NUCLEO as a kit item of type 'Nucleo-64'
2022-10-13 12:16:14,010 [INFO] DbBoardsSqlite:227 - include board P-NUCLEO-WB55-USBDONGLE as a kit item of type 'Nucleo USB Dongle'
2022-10-13 12:16:14,016 [INFO] DbBoardsSqlite:227 - include board STEVAL-IDP005V1 as a kit item of type 'Evaluation Board'
2022-10-13 12:16:14,017 [INFO] DbBoardsSqlite:227 - include board STEVAL-IDP005V2 as a kit item of type 'Evaluation Board'
2022-10-13 12:16:14,043 [INFO] ApiDb:239 - Found 138 in-development CPN: [B-WB1M-WPAN1, NUCLEO-C031C6, STEVAL-STWINBX1, STM320518-EVAL, STM32C0116-DK, STM32C011D6Y3TR, STM32C011D6Y6TR, STM32C011F4P3, STM32C011F4P6, STM32C011F4U3, STM32C011F4U6TR, STM32C011F6P3, STM32C011F6P6, STM32C011F6U3, STM32C011F6U6TR, STM32C011J4M3, STM32C011J4M6, STM32C011J6M3, STM32C011J6M6, STM32C0316-DK, STM32C031C4T3, STM32C031C4T6, STM32C031C4U3, STM32C031C4U6, STM32C031C6T3, STM32C031C6T6, STM32C031C6U3, STM32C031C6U6, STM32C031F4P3, STM32C031F4P6, STM32C031F6P3, STM32C031F6P6, STM32C031G4U3, STM32C031G4U6, STM32C031G6U3, STM32C031G6U6, STM32C031K4T3, STM32C031K4T6, STM32C031K4U3, STM32C031K4U6, STM32C031K6T3, STM32C031K6T6, STM32C031K6U3, STM32C031K6U6, STM32G071K8TXN, STM32G071K8UXN, STM32G081GBU6N, STM32G081KBT6N, STM32G081KBUXN, STM32G0B1CCT6N, STM32G0B1KCT6, STM32G0B1NEY6TR, STM32G0B1RCT6N, STM32G0C1CCT6, STM32G0C1CCT6N, STM32G0C1CCU6N, STM32G0C1CET6N, STM32G0C1CEU6N, STM32G0C1KCT6, STM32G0C1NEY6TR, STM32G0C1RCI6N, STM32G0C1RCT6N, STM32G0C1REI6N, STM32G0C1RET6N, STM32G0C1VCI6, STM32G0C1VEI6, STM32G471CCT6, STM32G471CCU6, STM32G471CET3, STM32G471CET6, STM32G471CEU3, STM32G471CEU6, STM32G471MCT6, STM32G471MET3, STM32G471MET6, STM32G471MEY6TR, STM32G471QCT6, STM32G471QET3, STM32G471RCT6, STM32G471RET3, STM32G471RET6, STM32G471VCH6, STM32G471VCI6, STM32G471VCT6, STM32G471VEH3, STM32G471VEH6, STM32G471VEI3, STM32G471VEI6, STM32G471VET3, STM32G471VET6, STM32G474CCT6, STM32L476VGY6PTR, STM32L4R5QGI6STR, STM32MP131AAE3, STM32MP131AAF3, STM32MP131AAG3, STM32MP131CAE3, STM32MP131CAF3, STM32MP131CAG3, STM32MP131DAE7, STM32MP131DAF7, STM32MP131DAG7, STM32MP131FAE7, STM32MP131FAF7, STM32MP131FAG7, STM32MP133AAE3, STM32MP133AAF3, STM32MP133AAG3, STM32MP133CAE3, STM32MP133CAF3, STM32MP133CAG3, STM32MP133DAE7, STM32MP133DAF7, STM32MP133DAG7, STM32MP133FAE7, STM32MP133FAF7, STM32MP133FAG7, STM32MP135AAE3, STM32MP135AAF3, STM32MP135AAG3, STM32MP135CAE3, STM32MP135CAF3, STM32MP135CAG3, STM32MP135DAE7, STM32MP135DAF7, STM32MP135DAG7, STM32MP135F-DK, STM32MP135FAE7, STM32MP135FAF7, STM32MP135FAG7, STM32U595ZJT6Q, STM32U599BJY6QTR, STM32U599NIH6Q, STM32U599NJH6Q, STM32U5A5ZJT6Q, STM32U5A9BJY6QTR, STM32U5A9NJH6Q, STM32WB1MMCH6]
2022-10-13 12:16:14,252 [INFO] BoardInfo:879 - No configuration file found for board P-NUCLEO-WB55
2022-10-13 12:16:14,255 [INFO] DbBoards:156 - Kit is not supported: P-NUCLEO-WB55
2022-10-13 12:16:14,257 [INFO] BoardInfo:879 - No configuration file found for board STEVAL-BFA001V1B
2022-10-13 12:16:14,257 [INFO] DbBoards:156 - Kit is not supported: STEVAL-BFA001V1B
2022-10-13 12:16:14,264 [INFO] BoardInfo:879 - No configuration file found for board STEVAL-BFA001V2B
2022-10-13 12:16:14,264 [INFO] DbBoards:156 - Kit is not supported: STEVAL-BFA001V2B
2022-10-13 12:16:14,514 [INFO] DbBoards:160 - Found 176 boards, 173 are supported
2022-10-13 12:16:14,529 [INFO] ApiDb:418 - Load user favorites file C:\Users\VeliSacikara/.stm32cubeide/favorites.boards.txt: 0 item(s)
2022-10-13 12:16:14,529 [INFO] ApiDb:422 - User favorites Boards=[]
2022-10-13 12:16:14,530 [INFO] DbBoards:189 - Set 0 / 0 favorites Boards
2022-10-13 12:16:14,536 [INFO] ApiDb:663 - CubeFinder database Data Model version=2.1
2022-10-13 12:16:14,536 [INFO] ApiDb:664 - CubeFinder database Configuration version=3.0.32
2022-10-13 12:16:14,536 [INFO] ApiDb:665 - CubeFinder database generation date=2022-08-05 (1659688109)
2022-10-13 12:16:14,536 [INFO] ApiDb:666 - CubeFinder database FW Pack versions=[STM32Cube_FW_C0_V1.0.0, STM32Cube_FW_F4_V1.27.1, STM32Cube_FW_F7_V1.17.0, STM32Cube_FW_G0_V1.6.1, STM32Cube_FW_G4_V1.5.0, STM32Cube_FW_H7_V1.10.0, STM32Cube_FW_L5_V1.4.0, STM32Cube_FW_U5_V1.1.1, STM32Cube_FW_WB_V1.14.1, STM32Cube_FW_WL_V1.2.0, X-CUBE-ALGOBUILD_V1.3.0, X-CUBE-ALS_V1.0.1, X-CUBE-AZRTOS-F4_V1.1.0, X-CUBE-AZRTOS-F7_V1.1.0, X-CUBE-AZRTOS-G0_V1.1.0, X-CUBE-AZRTOS-G4_V1.0.0, X-CUBE-AZRTOS-H7_V2.1.0, X-CUBE-AZRTOS-L4_V1.0.0, X-CUBE-AZRTOS-L5_V1.0.0, X-CUBE-AZRTOS-WL_V1.0.0, X-CUBE-BLE1_V6.2.3, X-CUBE-BLE2_V3.3.0, X-CUBE-EEPRMA1_V3.1.1, X-CUBE-GNSS1_V6.0.0, X-CUBE-MEMS1_V9.1.0, X-CUBE-MEMS1_V9.3.0, X-CUBE-NFC4_V2.0.4, X-CUBE-NFC7_V1.0.0, X-CUBE-SFXS2LP1_V4.0.0, X-CUBE-SUBG2_V5.0.0]
2022-10-13 12:16:15,753 [INFO] DbExamplesSqlite:374 - Ignored 31 examples not supported by CubeIDE
2022-10-13 12:16:15,754 [INFO] DbExamplesSqlite:375 - Found 6197 examples active
2022-10-13 12:16:15,754 [INFO] DbExamplesSqlite:376 - Found 89 examples obsolete
2022-10-13 12:16:15,754 [INFO] DbExamplesSqlite:377 - Found 0 examples under development
2022-10-13 12:16:15,755 [INFO] DbExamplesSqlite:378 - Found 76 examples not building
2022-10-13 12:16:15,758 [INFO] DbExamples:124 - Found 6242 examples
2022-10-13 12:16:15,783 [INFO] DbExamples:221 - Found 77 boards with related examples
2022-10-13 12:16:15,788 [INFO] DbExamples:234 - Found 64 MCUs with related examples
2022-10-13 12:16:15,825 [INFO] ApiDb:409 - User favorites file not found: C:\Users\VeliSacikara/.stm32cubeide/favorites.examples.txt
2022-10-13 12:16:15,825 [INFO] DbExamples:249 - Set 0 / 0 favorites Examples
2022-10-13 12:19:37,518 [INFO] McuFinderGlobals:57 - Set McuFinderConnectedMode to true
2022-10-13 12:19:37,533 [INFO] MultiScanPanel:195 - Auto-refresh data requested => check proxy status ongoing
2022-10-13 12:19:37,539 [INFO] FinderPluginLoader:92 - Searching for filters in installed packs
2022-10-13 12:19:40,353 [INFO] LoadUrlFilesThread:177 - End of LoadServerUrlFiles without Thread
2022-10-13 12:19:40,370 [INFO] DetailPanel:339 - Set advertising image to C:/Users/VeliSacikara/STM32Cube/Repository/\en.Prom_NBSTM32U50921.jpg
2022-10-13 12:20:00,753 [ERROR] LogOutputStream:74 - [STDERR_REDIRECT] SLF4J: Failed to load class "org.slf4j.impl.StaticLoggerBinder".
2022-10-13 12:20:00,754 [ERROR] LogOutputStream:74 - [STDERR_REDIRECT] SLF4J: Defaulting to no-operation (NOP) logger implementation
2022-10-13 12:20:00,757 [ERROR] LogOutputStream:74 - [STDERR_REDIRECT] SLF4J: See http://www.slf4j.org/codes.html#StaticLoggerBinder for further details.
2022-10-13 12:20:15,637 [INFO] MultiScanPanel:195 - Auto-refresh data requested => check proxy status ongoing
2022-10-13 12:20:15,822 [INFO] LoadUrlFilesThread:177 - End of LoadServerUrlFiles without Thread
2022-10-13 12:20:15,822 [INFO] DetailPanel:339 - Set advertising image to C:/Users/VeliSacikara/STM32Cube/Repository/\en.Prom_NBSTM32U50921.jpg
2022-10-13 12:20:15,842 [INFO] DbBoards:628 - Loading board mini-images...
2022-10-13 12:20:16,151 [ERROR] DbBoards:648 - No image file defined for board B-WB1M-WPAN1
2022-10-13 12:20:16,152 [ERROR] DbBoards:648 - No image file defined for board NUCLEO-C031C6
2022-10-13 12:20:18,377 [ERROR] DbBoards:648 - No image file defined for board STEVAL-STWINBX1
2022-10-13 12:20:18,471 [ERROR] DbBoards:648 - No image file defined for board STM32091C-EVAL
2022-10-13 12:20:18,471 [ERROR] DbBoards:648 - No image file defined for board STM32100E-EVAL
2022-10-13 12:20:18,471 [ERROR] DbBoards:648 - No image file defined for board STM3210C-EVAL
2022-10-13 12:20:18,503 [ERROR] DbBoards:648 - No image file defined for board STM3221G-EVAL
2022-10-13 12:20:18,503 [ERROR] DbBoards:648 - No image file defined for board STM32303C-EVAL
2022-10-13 12:20:18,702 [ERROR] DbBoards:648 - No image file defined for board STM32479I-EVAL
2022-10-13 12:20:18,702 [ERROR] DbBoards:648 - No image file defined for board STM32746G-EVAL2
2022-10-13 12:20:18,735 [ERROR] DbBoards:648 - No image file defined for board STM32C0116-DK
2022-10-13 12:20:18,735 [ERROR] DbBoards:648 - No image file defined for board STM32C0316-DK
2022-10-13 12:20:18,791 [ERROR] DbBoards:648 - No image file defined for board STM32F401C-DISCO
2022-10-13 12:20:18,902 [ERROR] DbBoards:648 - No image file defined for board STM32F7308-DK
2022-10-13 12:20:18,988 [ERROR] DbBoards:648 - No image file defined for board STM32F779I-EVAL
2022-10-13 12:20:19,252 [ERROR] DbBoards:648 - No image file defined for board STM32H747I-EVAL
2022-10-13 12:20:19,309 [ERROR] DbBoards:648 - No image file defined for board STM32L-DISCOVERY
2022-10-13 12:20:19,353 [ERROR] DbBoards:648 - No image file defined for board STM32L152D-EVAL
2022-10-13 12:20:19,583 [ERROR] DbBoards:648 - No image file defined for board STM32MP135F-DK
2022-10-13 12:20:19,825 [INFO] DbBoards:651 - Loaded 157 board mini-images
2022-10-13 12:20:56,403 [INFO] MainUpdater:2768 - connection check result : 10
2022-10-13 12:20:56,405 [INFO] MainUpdater:2768 - connection check result : 10
2022-10-13 12:20:56,495 [INFO] MicroXplorer:451 - Change Database Path : 
2022-10-13 12:20:56,498 [INFO] MicroXplorer:481 - Change Database Version : DB.6.0.60
2022-10-13 12:20:56,498 [WARN] ThirdParty:827 - waiting for thirdparty lock release [close project]
2022-10-13 12:20:56,498 [INFO] ThirdParty:829 - entering critical section [close project]
2022-10-13 12:20:56,500 [INFO] ThirdParty:839 - exiting critical section [close project]
2022-10-13 12:20:56,512 [INFO] PinOutPanel:1468 - setPackage(No Configuration,No Configuration)
2022-10-13 12:20:56,529 [INFO] UtilMem:74 - Begin LoadConfig() Used Memory: 430218752 Bytes (466616320)
2022-10-13 12:20:56,533 [INFO] OpenFileManager:307 - Change cursor
2022-10-13 12:20:56,570 [WARN] IntegrityCheckThread:82 - waiting for thirdparty lock release [integrity check]
2022-10-13 12:20:56,570 [INFO] IntegrityCheckThread:84 - entering critical section [integrity check]
2022-10-13 12:20:56,936 [WARN] PackLoader:242 - Cannot read IP mode file for STMicroelectronics.X-CUBE-GNSS1.6.0.0
2022-10-13 12:20:57,029 [WARN] PackLoader:242 - Cannot read IP mode file for STMicroelectronics.X-CUBE-AZRTOS-F4.1.1.0
2022-10-13 12:20:57,106 [WARN] PackLoader:242 - Cannot read IP mode file for STMicroelectronics.X-CUBE-AZRTOS-F7.1.1.0
2022-10-13 12:20:57,130 [WARN] PackLoader:242 - Cannot read IP mode file for STMicroelectronics.X-CUBE-BLE1.6.2.3
2022-10-13 12:20:57,167 [WARN] PackLoader:242 - Cannot read IP mode file for STMicroelectronics.X-CUBE-NFC4.2.0.4
2022-10-13 12:20:57,193 [WARN] PackLoader:242 - Cannot read IP mode file for STMicroelectronics.X-CUBE-TOF1.3.1.0
2022-10-13 12:20:57,215 [WARN] PackLoader:242 - Cannot read IP mode file for wolfSSL.I-CUBE-wolfSSL.5.5.0
2022-10-13 12:20:57,232 [WARN] PackLoader:242 - Cannot read IP mode file for STMicroelectronics.X-CUBE-NFC7.1.0.0
2022-10-13 12:20:57,380 [WARN] PackLoader:242 - Cannot read IP mode file for STMicroelectronics.X-CUBE-MEMS1.9.3.0
2022-10-13 12:20:57,745 [WARN] PackLoader:242 - Cannot read IP mode file for STMicroelectronics.X-CUBE-AI.7.2.0
2022-10-13 12:20:57,776 [WARN] PackLoader:242 - Cannot read IP mode file for STMicroelectronics.X-CUBE-SFXS2LP1.4.0.0
2022-10-13 12:20:57,812 [WARN] PackLoader:242 - Cannot read IP mode file for STMicroelectronics.X-CUBE-BLE2.3.3.0
2022-10-13 12:20:57,875 [WARN] PackLoader:242 - Cannot read IP mode file for STMicroelectronics.X-CUBE-DISPLAY.2.2.0
2022-10-13 12:20:57,905 [WARN] PackLoader:242 - Cannot read IP mode file for STMicroelectronics.X-CUBE-ISPU.1.0.0
2022-10-13 12:20:57,953 [WARN] PackLoader:242 - Cannot read IP mode file for RoweBots.I-CUBE-UNISONRTOS.5.5.0-4
2022-10-13 12:20:58,015 [WARN] PackLoader:242 - Cannot read IP mode file for STMicroelectronics.X-CUBE-AZRTOS-H7.2.1.0
2022-10-13 12:20:58,055 [WARN] PackLoader:242 - Cannot read IP mode file for STMicroelectronics.X-CUBE-BLEMGR.1.0.0
2022-10-13 12:20:58,087 [WARN] PackLoader:242 - Cannot read IP mode file for STMicroelectronics.X-CUBE-ALGOBUILD.1.3.0
2022-10-13 12:20:58,139 [WARN] PackLoader:242 - Cannot read IP mode file for STMicroelectronics.X-CUBE-AZRTOS-G0.1.1.0
2022-10-13 12:20:58,186 [WARN] PackLoader:242 - Cannot read IP mode file for STMicroelectronics.X-CUBE-SUBG2.5.0.0
2022-10-13 12:20:58,299 [WARN] PackLoader:242 - Cannot read IP mode file for SEGGER.I-CUBE-embOS.1.2.0
2022-10-13 12:20:58,423 [WARN] PackLoader:242 - Cannot read IP mode file for STMicroelectronics.FP-ATR-ASTRA1.1.1.1
2022-10-13 12:20:58,479 [WARN] PackLoader:242 - Cannot read IP mode file for STMicroelectronics.X-CUBE-AZRTOS-G4.1.0.0
2022-10-13 12:20:58,520 [WARN] PackLoader:242 - Cannot read IP mode file for STMicroelectronics.X-CUBE-AZRTOS-L4.1.0.0
2022-10-13 12:20:58,552 [WARN] PackLoader:242 - Cannot read IP mode file for emotas.I-CUBE-CANOPEN.1.1.2
2022-10-13 12:20:58,571 [WARN] PackLoader:242 - Cannot read IP mode file for STMicroelectronics.X-CUBE-TOUCHGFX.4.20.0
2022-10-13 12:20:58,605 [WARN] PackLoader:242 - Cannot read IP mode file for STMicroelectronics.X-CUBE-AZRTOS-WL.1.0.0
2022-10-13 12:20:58,632 [WARN] PackLoader:242 - Cannot read IP mode file for portGmbH.I-Cube-SoM-uGOAL.1.1.0
2022-10-13 12:20:58,654 [WARN] PackLoader:242 - Cannot read IP mode file for STMicroelectronics.X-CUBE-ALS.1.0.1
2022-10-13 12:20:58,711 [WARN] PackLoader:242 - Cannot read IP mode file for STMicroelectronics.X-CUBE-AZRTOS-L5.1.0.0
2022-10-13 12:20:58,741 [WARN] PackLoader:242 - Cannot read IP mode file for STMicroelectronics.X-CUBE-EEPRMA1.3.1.1
2022-10-13 12:20:58,744 [INFO] ThirdParty:929 - Integrity check success = true
2022-10-13 12:20:58,744 [INFO] IntegrityCheckThread:98 - exiting critical section [integrity check]
2022-10-13 12:20:58,744 [INFO] IntegrityCheckThread:101 - End integrity checks thread
2022-10-13 12:20:58,798 [INFO] ProjectFactory:399 - No CPN specified for board STM32F407G-DISC1 => set CPN to STM32F407VGT6
2022-10-13 12:20:58,798 [INFO] Mcu:1922 - Initializing MCU STM32F407V(E-G)Tx STM32F407VGTx STM32F407VGT6
2022-10-13 12:21:01,971 [INFO] Context:654 - Trying to add GPIOservice into a context  which must be forbidden
2022-10-13 12:21:02,932 [INFO] Rule:225 - rule 117617 - U5Cobra4M][GTZC] default value MPCBB3 and MPCBB5 - Not Secured memory - MPCBB1 is applicable
2022-10-13 12:21:02,932 [INFO] Rule:225 - rule 117617 - U5Cobra4M][GTZC] default value MPCBB3 and MPCBB5 - Not Secured memory - MPCBB1 is applicable
2022-10-13 12:21:02,932 [INFO] Rule:225 - rule 117617 - U5Cobra4M][GTZC] default value MPCBB3 and MPCBB5 - Not Secured memory - MPCBB2 is applicable
2022-10-13 12:21:02,932 [INFO] Rule:225 - rule 117617 - U5Cobra4M][GTZC] default value MPCBB3 and MPCBB5 - Not Secured memory - MPCBB2 is applicable
2022-10-13 12:21:02,932 [INFO] Rule:225 - rule 117617 - U5Cobra4M][GTZC] default value MPCBB3 and MPCBB5 - Not Secured memory - MPCBB3 is applicable
2022-10-13 12:21:02,932 [INFO] Rule:225 - rule 117617 - U5Cobra4M][GTZC] default value MPCBB3 and MPCBB5 - Not Secured memory - MPCBB3 is applicable
2022-10-13 12:21:02,932 [INFO] Rule:225 - rule 117617 - U5Cobra4M][GTZC] default value MPCBB3 and MPCBB5 - Not Secured memory - MPCBB4 is applicable
2022-10-13 12:21:02,932 [INFO] Rule:225 - rule 117617 - U5Cobra4M][GTZC] default value MPCBB3 and MPCBB5 - Not Secured memory - MPCBB4 is applicable
2022-10-13 12:21:02,932 [INFO] Rule:225 - rule 117617 - U5Cobra4M][GTZC] default value MPCBB3 and MPCBB5 - Secured memory - MPCBB1 is applicable
2022-10-13 12:21:02,932 [INFO] Rule:225 - rule 117617 - U5Cobra4M][GTZC] default value MPCBB3 and MPCBB5 - Secured memory - MPCBB2 is applicable
2022-10-13 12:21:02,932 [INFO] Rule:225 - rule 117617 - U5Cobra4M][GTZC] default value MPCBB3 and MPCBB5 - Secured memory - MPCBB3 is applicable
2022-10-13 12:21:02,932 [INFO] Rule:225 - rule 117617 - U5Cobra4M][GTZC] default value MPCBB3 and MPCBB5 - Secured memory - MPCBB4 is applicable
2022-10-13 12:21:02,932 [INFO] Rule:225 - rule 117617 - U5Cobra4M][GTZC] default value MPCBB3 and MPCBB5 - Privileged memory - MPCBB1 is applicable
2022-10-13 12:21:02,932 [INFO] Rule:225 - rule 117617 - U5Cobra4M][GTZC] default value MPCBB3 and MPCBB5 - Privileged memory - MPCBB2 is applicable
2022-10-13 12:21:02,933 [INFO] Rule:225 - rule 117617 - U5Cobra4M][GTZC] default value MPCBB3 and MPCBB5 - Privileged memory - MPCBB3 is applicable
2022-10-13 12:21:02,933 [INFO] Rule:225 - rule 117617 - U5Cobra4M][GTZC] default value MPCBB3 and MPCBB5 - Privileged memory - MPCBB4 is applicable
2022-10-13 12:21:02,933 [INFO] Rule:225 - rule 117617 - U5Cobra4M][GTZC] default value MPCBB3 and MPCBB5 - Not Privileged memory - MPCBB1 is applicable
2022-10-13 12:21:02,933 [INFO] Rule:225 - rule 117617 - U5Cobra4M][GTZC] default value MPCBB3 and MPCBB5 - Not Privileged memory - MPCBB2 is applicable
2022-10-13 12:21:02,933 [INFO] Rule:225 - rule 117617 - U5Cobra4M][GTZC] default value MPCBB3 and MPCBB5 - Not Privileged memory - MPCBB3 is applicable
2022-10-13 12:21:02,933 [INFO] Rule:225 - rule 117617 - U5Cobra4M][GTZC] default value MPCBB3 and MPCBB5 - Not Privileged memory - MPCBB4 is applicable
2022-10-13 12:21:02,933 [INFO] Rule:225 - rule 117617 - U5Cobra4M][GTZC] default value MPCBB3 and MPCBB5 - Privileged memory - MPCBB1 is applicable
2022-10-13 12:21:02,933 [INFO] Rule:225 - rule 117617 - U5Cobra4M][GTZC] default value MPCBB3 and MPCBB5 - Privileged memory - MPCBB2 is applicable
2022-10-13 12:21:02,933 [INFO] Rule:225 - rule 117617 - U5Cobra4M][GTZC] default value MPCBB3 and MPCBB5 - Privileged memory - MPCBB3 is applicable
2022-10-13 12:21:02,933 [INFO] Rule:225 - rule 117617 - U5Cobra4M][GTZC] default value MPCBB3 and MPCBB5 - Privileged memory - MPCBB4 is applicable
2022-10-13 12:21:02,933 [INFO] Rule:225 - rule 117617 - U5Cobra4M][GTZC] default value MPCBB3 and MPCBB5 - Privileged memory - MPCBB1 is applicable
2022-10-13 12:21:02,933 [INFO] Rule:225 - rule 117617 - U5Cobra4M][GTZC] default value MPCBB3 and MPCBB5 - Privileged memory - MPCBB2 is applicable
2022-10-13 12:21:02,933 [INFO] Rule:225 - rule 117617 - U5Cobra4M][GTZC] default value MPCBB3 and MPCBB5 - Privileged memory - MPCBB3 is applicable
2022-10-13 12:21:02,933 [INFO] Rule:225 - rule 117617 - U5Cobra4M][GTZC] default value MPCBB3 and MPCBB5 - Privileged memory - MPCBB4 is applicable
2022-10-13 12:21:02,933 [INFO] Rule:225 - rule 117617 - U5Cobra4M][GTZC] default value MPCBB3 and MPCBB5 - Not Privileged memory - MPCBB1 is applicable
2022-10-13 12:21:02,934 [INFO] Rule:225 - rule 117617 - U5Cobra4M][GTZC] default value MPCBB3 and MPCBB5 - Not Privileged memory - MPCBB2 is applicable
2022-10-13 12:21:02,934 [INFO] Rule:225 - rule 117617 - U5Cobra4M][GTZC] default value MPCBB3 and MPCBB5 - Not Privileged memory - MPCBB3 is applicable
2022-10-13 12:21:02,934 [INFO] Rule:225 - rule 117617 - U5Cobra4M][GTZC] default value MPCBB3 and MPCBB5 - Not Privileged memory - MPCBB4 is applicable
2022-10-13 12:21:02,934 [INFO] Rule:225 - rule 117617 - U5Cobra4M][GTZC] default value MPCBB3 and MPCBB5 - Privileged memory - MPCBB1 is applicable
2022-10-13 12:21:02,935 [INFO] Rule:225 - rule 117617 - U5Cobra4M][GTZC] default value MPCBB3 and MPCBB5 - Privileged memory - MPCBB2 is applicable
2022-10-13 12:21:02,935 [INFO] Rule:225 - rule 117617 - U5Cobra4M][GTZC] default value MPCBB3 and MPCBB5 - Privileged memory - MPCBB3 is applicable
2022-10-13 12:21:02,935 [INFO] Rule:225 - rule 117617 - U5Cobra4M][GTZC] default value MPCBB3 and MPCBB5 - Privileged memory - MPCBB4 is applicable
2022-10-13 12:21:02,935 [INFO] Rule:225 - rule Rename SubGHz_Phy SUBGHZ_APPLICATION SUBGHZ_PINGPONG to SUBGHZ_ADV_APPLICATION is applicable
2022-10-13 12:21:02,935 [INFO] Rule:225 - rule Rename Enabled to IBEACON is applicable
2022-10-13 12:21:02,935 [INFO] Rule:225 - rule GTZC_S instance for project manager is applicable
2022-10-13 12:21:02,935 [INFO] Rule:225 - rule GTZC_S instance for context M33S is applicable
2022-10-13 12:21:02,935 [INFO] Rule:225 - rule GTZC_S instance value for IP GTZC is applicable
2022-10-13 12:21:02,935 [INFO] Rule:225 - rule GTZC_S instance for mcu.IP is applicable
2022-10-13 12:21:02,935 [INFO] Rule:225 - rule GTZC_S instance for VP is applicable
2022-10-13 12:21:02,935 [INFO] Rule:225 - rule GTZC_S instance for signal is applicable
2022-10-13 12:21:02,935 [INFO] Rule:225 - rule GTZC_S instance for mcu.Pin is applicable
2022-10-13 12:21:02,935 [INFO] Rule:225 - rule GTZC_S instance for VP is applicable
2022-10-13 12:21:02,935 [INFO] Rule:225 - rule GTZC_S instance for signal is applicable
2022-10-13 12:21:02,935 [INFO] Rule:225 - rule GTZC_S instance for mcu is applicable
2022-10-13 12:21:02,935 [INFO] Rule:225 - rule GTZC_S instance for mcu.Pin is applicable
2022-10-13 12:21:02,936 [INFO] Rule:225 - rule GTZC_S instance value for IP GTZC is applicable
2022-10-13 12:21:02,936 [INFO] Rule:225 - rule GTZC_S instance for project manager is applicable
2022-10-13 12:21:02,936 [INFO] Rule:225 - rule GTZC_S instance for context M33S is applicable
2022-10-13 12:21:02,936 [INFO] Rule:225 - rule GTZC_S instance for VP is applicable
2022-10-13 12:21:02,936 [INFO] Rule:225 - rule GTZC_S instance for signal is applicable
2022-10-13 12:21:02,936 [INFO] Rule:225 - rule SPDIFRX instance for mcu is applicable
2022-10-13 12:21:02,936 [INFO] Rule:225 - rule Rename Tracer Mode is applicable
2022-10-13 12:21:02,936 [INFO] Rule:225 - rule SPDIFRX instance value for IP SPDIFRX is applicable
2022-10-13 12:21:02,936 [INFO] Rule:225 - rule SPDIFRX instance for signal is applicable
2022-10-13 12:21:02,936 [INFO] Rule:225 - rule SPDIFRX instance for project manager is applicable
2022-10-13 12:21:02,937 [INFO] Rule:225 - rule SPDIFRX instance for project manager is applicable
2022-10-13 12:21:02,937 [INFO] Rule:225 - rule ADC Scan  fix with FW F7 is applicable
2022-10-13 12:21:02,937 [INFO] Rule:225 - rule ADC Scan  fix with FW F7 is applicable
2022-10-13 12:21:02,937 [INFO] Rule:225 - rule UART/USART WORD LENGTH 7 is applicable
2022-10-13 12:21:02,937 [INFO] Rule:225 - rule UART/USART WORD LENGTH 8 is applicable
2022-10-13 12:21:02,937 [INFO] Rule:225 - rule UART/USART WORD LENGTH 9 is applicable
2022-10-13 12:21:02,937 [INFO] Rule:225 - rule Change Default Value for ADC Clock Prescaler G0 family is applicable
2022-10-13 12:21:02,938 [INFO] Rule:225 - rule ADC SamplingTime fix with FW L0  is applicable
2022-10-13 12:21:02,938 [INFO] Rule:225 - rule ADC SamplingTime fix with FW L0  is applicable
2022-10-13 12:21:02,938 [INFO] Rule:225 - rule ADC SamplingTime fix with FW L0 is applicable
2022-10-13 12:21:02,938 [INFO] Rule:225 - rule ADC SamplingTime fix with FW L0 is applicable
2022-10-13 12:21:02,938 [INFO] Rule:225 - rule ADC SamplingTime fix with FW L0  is applicable
2022-10-13 12:21:02,938 [INFO] Rule:225 - rule ADC SamplingTime fix with FW L0 is applicable
2022-10-13 12:21:02,938 [INFO] Rule:225 - rule Rename USB_OE Signal is applicable
2022-10-13 12:21:02,938 [INFO] Rule:225 - rule Rename Activate_OE Mode is applicable
2022-10-13 12:21:02,938 [INFO] Rule:225 - rule Rename DIE462/DIE415 pin PC14/OSC32_IN -> PC14-OSC32_IN (PC14) is applicable
2022-10-13 12:21:02,938 [INFO] Rule:225 - rule Rename DIE462/DIE415 pin PC15/OSC32_OUT -> PC15-OSC32_OUT (PC15) is applicable
2022-10-13 12:21:02,938 [INFO] Rule:225 - rule Rename DIE462/DIE415 pin PH0/OSC_IN -> PH0-OSC_IN (PH0) is applicable
2022-10-13 12:21:02,938 [INFO] Rule:225 - rule Rename DIE462/DIE415 pin PH1/OSC_OUT -> PH1-OSC_OUT (PH1) is applicable
2022-10-13 12:21:02,939 [INFO] Rule:225 - rule Rename DIE462 pin PA13 -> PA13 (JTMS/SWDIO) is applicable
2022-10-13 12:21:02,939 [INFO] Rule:225 - rule Rename DIE415 pin PA13 -> PA13 (JTMS/SWDIO) is applicable
2022-10-13 12:21:02,939 [INFO] Rule:225 - rule Rename DIE462 pin PA14 -> PA14 (JTCK/SWCLK) is applicable
2022-10-13 12:21:02,939 [INFO] Rule:225 - rule Rename DIE415 pin PA14 -> PA14 (JTCK/SWCLK) is applicable
2022-10-13 12:21:02,939 [INFO] Rule:225 - rule Rename DIE462/DIE415 pin PA15 -> PA15 (JTDI) is applicable
2022-10-13 12:21:02,939 [INFO] Rule:225 - rule Rename DIE462 pin PB3 -> PB3 (JTD0/TRACESWO) is applicable
2022-10-13 12:21:02,939 [INFO] Rule:225 - rule Rename DIE415 pin PB3 -> PB3 (JTD0-TRACESWO) is applicable
2022-10-13 12:21:02,939 [INFO] Rule:225 - rule Rename DIE462/DIE415 pin PB4 -> PB4 (NJTRST) is applicable
2022-10-13 12:21:02,939 [INFO] Rule:225 - rule Rename DIE462 pin PH3/BOOT0 -> PH3-BOOT0 (BOOT0) is applicable
2022-10-13 12:21:02,939 [INFO] Rule:225 - rule Rename CRYP DataEncryptionTypesList to Algorithm is applicable
2022-10-13 12:21:02,939 [INFO] Rule:225 - rule Rename AES DataEncryptionTypesList to Algorithm is applicable
2022-10-13 12:21:02,939 [INFO] Rule:225 - rule Rename TDESECB to CRYP_TDES_ECB is applicable
2022-10-13 12:21:02,939 [INFO] Rule:225 - rule Rename TDESCBC to CRYP_TDES_CBC is applicable
2022-10-13 12:21:02,939 [INFO] Rule:225 - rule Rename DESECB to CRYP_DES_ECB is applicable
2022-10-13 12:21:02,939 [INFO] Rule:225 - rule Rename DESCBC to CRYP_DES_CBC is applicable
2022-10-13 12:21:02,940 [INFO] Rule:225 - rule Rename AESECB to CRYP_AES_ECB is applicable
2022-10-13 12:21:02,940 [INFO] Rule:225 - rule Rename AESCBC to CRYP_AES_CBC is applicable
2022-10-13 12:21:02,940 [INFO] Rule:225 - rule Rename AESCTR to CRYP_AES_CTR is applicable
2022-10-13 12:21:02,940 [INFO] Rule:225 - rule Rename AESGCM to CRYP_AES_GCM is applicable
2022-10-13 12:21:02,940 [INFO] Rule:225 - rule Rename AESCCM to CRYP_AES_CCM is applicable
2022-10-13 12:21:02,940 [INFO] Rule:225 - rule Rename CAN TimeSeg1 to BS1 is applicable
2022-10-13 12:21:02,940 [INFO] Rule:225 - rule Rename CAN TimeSeg2 to BS2 is applicable
2022-10-13 12:21:02,940 [INFO] Rule:225 - rule Rename CAN SyncJumpWidth to SJW is applicable
2022-10-13 12:21:02,940 [INFO] Rule:225 - rule TimeTriggeredMode to TTCM is applicable
2022-10-13 12:21:02,940 [INFO] Rule:225 - rule Rename CAN AutoBusOff to ABOM is applicable
2022-10-13 12:21:02,940 [INFO] Rule:225 - rule Rename CAN AutoWakeUp to AWUM is applicable
2022-10-13 12:21:02,940 [INFO] Rule:225 - rule Rename CAN AutoRetransmission to NART is applicable
2022-10-13 12:21:02,940 [INFO] Rule:225 - rule Rename CAN ReceiveFifoLocked to RFLM is applicable
2022-10-13 12:21:02,941 [INFO] Rule:225 - rule Rename CAN TransmitFifoPriority to TXFP is applicable
2022-10-13 12:21:02,941 [INFO] Rule:225 - rule Rename HRTIMER HRTIM_OUTPUTFAULTLEVEL_HIGH in HRTIMER HRTIM_OUTPUTFAULTLEVEL_HIGHZ is applicable
2022-10-13 12:21:02,941 [INFO] Rule:225 - rule Rename TIMER TIM_CLEARINPUTSOURCE_OCREFCLR in  TIMER TIM_CLEARINPUTSOURCE_NONE for F7 family is applicable
2022-10-13 12:21:02,941 [INFO] Rule:225 - rule FDCAN_R1 - Rename FDCAN mode Master into Classic is applicable
2022-10-13 12:21:02,942 [INFO] Rule:225 - rule FDCAN_R2 - Rename FDCAN mode Slave into Classic is applicable
2022-10-13 12:21:02,942 [INFO] Rule:225 - rule FDCAN1_R3 - if PA10.Mode=FullDuplex, add Pin PA12 is applicable
2022-10-13 12:21:02,942 [INFO] Rule:225 - rule FDCAN1_R3 - if PA9.Mode=FullDuplex, add Pin PA11 is applicable
2022-10-13 12:21:02,942 [INFO] Rule:225 - rule FDCAN1_R3 - Alternatepin_1 - if PE1.Mode=FullDuplex, add Pin PB9 is applicable
2022-10-13 12:21:02,942 [INFO] Rule:225 - rule FDCAN1_R3 - Alternatepin_1 - if PE0.Mode=FullDuplex, add Pin PB8 is applicable
2022-10-13 12:21:02,942 [INFO] Rule:225 - rule FDCAN1_R3 - Alternatepin_2 - if PD5.Mode=FullDuplex, add Pin PD1 is applicable
2022-10-13 12:21:02,942 [INFO] Rule:225 - rule FDCAN1_R3 - Alternatepin_2 - if PD4.Mode=FullDuplex, add Pin PD0 is applicable
2022-10-13 12:21:02,942 [INFO] Rule:225 - rule FDCAN1_R4 - Rename Mode FullDuplex into Enable FDCAN_TXFD for pin PA10 is applicable
2022-10-13 12:21:02,942 [INFO] Rule:225 - rule FDCAN1_R4 - Rename Mode FullDuplex into Enable FDCAN_TXFD for pin PA9 is applicable
2022-10-13 12:21:02,942 [INFO] Rule:225 - rule FDCAN1_R4 - Alternatepin_1 - Rename Mode FullDuplex into Enable FDCAN_TXFD for pin PE1 is applicable
2022-10-13 12:21:02,942 [INFO] Rule:225 - rule FDCAN1_R4 - Alternatepin_1 - Rename Mode FullDuplex into Enable FDCAN_TXFD for pin PE0 is applicable
2022-10-13 12:21:02,942 [INFO] Rule:225 - rule FDCAN1_R4 - Alternatepin_2 - Rename Mode FullDuplex into Enable FDCAN_TXFD for pin PD5 is applicable
2022-10-13 12:21:02,943 [INFO] Rule:225 - rule FDCAN1_R4 - Alternatepin_2 - Rename Mode FullDuplex into Enable FDCAN_TXFD for pin PD4 is applicable
2022-10-13 12:21:02,943 [INFO] Rule:225 - rule FDCAN2_R3 - if PD10.Mode=FullDuplex, add Pin PB13 is applicable
2022-10-13 12:21:02,943 [INFO] Rule:225 - rule FDCAN2_R3 - if PD9.Mode=FullDuplex, add Pin PB12 is applicable
2022-10-13 12:21:02,944 [INFO] Rule:225 - rule FDCAN2_R3 - Alternatepin_1 - if PB7.Mode=FullDuplex, add Pin PB6 is applicable
2022-10-13 12:21:02,944 [INFO] Rule:225 - rule FDCAN2_R3 - Alternatepin_1 - if PD9.Mode=FullDuplex, add Pin PB12 is applicable
2022-10-13 12:21:02,944 [INFO] Rule:225 - rule FDCAN2_R4 - Rename Mode FullDuplex into Enable FDCAN_TXFD for pin PD10 is applicable
2022-10-13 12:21:02,944 [INFO] Rule:225 - rule FDCAN2_R4 - Rename Mode FullDuplex into Enable FDCAN_TXFD for pin PD9 is applicable
2022-10-13 12:21:02,944 [INFO] Rule:225 - rule FDCAN2_R4 - Alternatepin_1 - Rename Mode FullDuplex into Enable FDCAN_TXFD for pin PB7 is applicable
2022-10-13 12:21:02,944 [INFO] Rule:225 - rule FDCAN2_R4 - Alternatepin_1 - Rename Mode FullDuplex into Enable FDCAN_TXFD for pin PD6 is applicable
2022-10-13 12:21:02,944 [INFO] Rule:225 - rule USART TxPinLevelInvertParam Mode is applicable
2022-10-13 12:21:02,944 [INFO] Rule:225 - rule USART RxPinLevelInvertParam Mode is applicable
2022-10-13 12:21:02,945 [INFO] Rule:225 - rule USART DataInvertParam Mode is applicable
2022-10-13 12:21:02,945 [INFO] Rule:225 - rule USART SwapParam Mode is applicable
2022-10-13 12:21:02,945 [INFO] Rule:225 - rule USART OverrunDisableParam Mode is applicable
2022-10-13 12:21:02,945 [INFO] Rule:225 - rule USART DMADisableonRxErrorParam Mode is applicable
2022-10-13 12:21:02,945 [INFO] Rule:225 - rule USART MSBFirstParam Mode is applicable
2022-10-13 12:21:02,945 [INFO] Rule:225 - rule Update MwName for USB_DEVICE is applicable
2022-10-13 12:21:02,945 [INFO] Rule:225 - rule Change PWR_Regulator_Voltage_Scale Default Value for RCC  H7 family is applicable
2022-10-13 12:21:02,945 [INFO] Rule:225 - rule UART/USART IPParameter rename Prescaler parameter to ClockPrescaler is applicable
2022-10-13 12:21:02,945 [INFO] Rule:225 - rule UART/USART Prescaler rename Prescaler parameter to ClockPrescaler is applicable
2022-10-13 12:21:02,945 [INFO] Rule:225 - rule TIM1CLockSelection is applicable
2022-10-13 12:21:02,945 [INFO] Rule:225 - rule TIM15CLockSelection is applicable
2022-10-13 12:21:02,945 [INFO] Rule:225 - rule align RCC SDMMC3CLockSelection default value on MP1 is applicable
2022-10-13 12:21:02,945 [INFO] Rule:225 - rule align RCC SDMMC12CLockSelection default value on MP1 is applicable
2022-10-13 12:21:02,945 [INFO] Rule:225 - rule align RCC QSPICLockSelection default value on MP1 is applicable
2022-10-13 12:21:02,945 [INFO] Rule:225 - rule align RCC QSPICLockSelection default value on MP1 is applicable
2022-10-13 12:21:02,945 [INFO] Rule:225 - rule align RCC SPI6CLockSelection default value on MP1 is applicable
2022-10-13 12:21:02,945 [INFO] Rule:225 - rule align RCC LPTIM23CLockSelection default value on MP1 is applicable
2022-10-13 12:21:02,945 [INFO] Rule:225 - rule align RCC LPTIM1CLockSelection default value on MP1 is applicable
2022-10-13 12:21:02,945 [INFO] Rule:225 - rule align RCC USART1CLockSelection default value on MP1 is applicable
2022-10-13 12:21:02,945 [INFO] Rule:225 - rule align RCC USART24CLockSelection default value on MP1 is applicable
2022-10-13 12:21:02,945 [INFO] Rule:225 - rule align RCC USART6CLockSelection default value on MP1 is applicable
2022-10-13 12:21:02,945 [INFO] Rule:225 - rule align RCC UART78CLockSelection default value on MP1 is applicable
2022-10-13 12:21:02,945 [INFO] Rule:225 - rule align RCC USART35CLockSelection default value on MP1 is applicable
2022-10-13 12:21:02,945 [INFO] Rule:225 - rule align RCC SPI45CLockSelection default value on MP1 is applicable
2022-10-13 12:21:02,945 [INFO] Rule:225 - rule align RCC I2C46CLockSelection BCLK value on MP1 is applicable
2022-10-13 12:21:02,945 [INFO] Rule:225 - rule align RCC SPI45CLockSelection default value on MP1 is applicable
2022-10-13 12:21:02,945 [INFO] Rule:225 - rule align RCC I2C12CLockSelection default value on MP1 is applicable
2022-10-13 12:21:02,945 [INFO] Rule:225 - rule align RCC I2C35CLockSelection default value on MP1 is applicable
2022-10-13 12:21:02,945 [INFO] Rule:225 - rule align RCC LPTIM45CLockSelection default value on MP1 is applicable
2022-10-13 12:21:02,945 [INFO] Rule:225 - rule Rename DCMI PIXCK signal is applicable
2022-10-13 12:21:02,945 [INFO] Rule:225 - rule Change Default Value for I2C46CLockSelection MP1 family is applicable
2022-10-13 12:21:02,945 [INFO] Rule:225 - rule Change Default Value for UART for G4, G0 and WB families is applicable
2022-10-13 12:21:02,945 [INFO] Rule:225 - rule Change Default Value for USART for G4, G0 and WB families is applicable
2022-10-13 12:21:02,948 [INFO] Rule:225 - rule Change Default Value for USART for G4 family is applicable
2022-10-13 12:21:02,948 [INFO] Rule:225 - rule Change USART1CLockSelection refparam name for MP1 is applicable
2022-10-13 12:21:02,948 [INFO] Rule:225 - rule Change USART2CLockSelection refparam name for MP1 is applicable
2022-10-13 12:21:02,948 [INFO] Rule:225 - rule Change USART3CLockSelection refparam name for MP1 is applicable
2022-10-13 12:21:02,948 [INFO] Rule:225 - rule Change UART4CLockSelection refparam name for MP1 is applicable
2022-10-13 12:21:02,948 [INFO] Rule:225 - rule Change UART5CLockSelection refparam name for MP1 is applicable
2022-10-13 12:21:02,948 [INFO] Rule:225 - rule Change LPUART1CLockSelection refparam name for MP1 is applicable
2022-10-13 12:21:02,948 [INFO] Rule:225 - rule Change LPTIM1CLockSelection refparam name for MP1 is applicable
2022-10-13 12:21:02,948 [INFO] Rule:225 - rule Change LPTIM2CLockSelection refparam name for MP1 is applicable
2022-10-13 12:21:02,949 [INFO] Rule:225 - rule Change RCC_MCO1Source refparam name for MP1 is applicable
2022-10-13 12:21:02,949 [INFO] Rule:225 - rule Change LSCOSource1 refparam name for MP1 is applicable
2022-10-13 12:21:02,949 [INFO] Rule:225 - rule Change SMPSCLockSelection refparam name for MP1 is applicable
2022-10-13 12:21:02,949 [INFO] Rule:225 - rule Change LPTIM3CLockSelection refparam name for MP1 is applicable
2022-10-13 12:21:02,949 [INFO] Rule:225 - rule Change MPCBB* Default Template Mode to Parameters is applicable
2022-10-13 12:21:02,949 [INFO] Rule:225 - rule Change MPCWM* or MPCBB* Secure Mode to Parameters is applicable
2022-10-13 12:21:02,949 [INFO] Rule:225 - rule Change MPCWM* or MPCBB* No Secure Mode to Parameters is applicable
2022-10-13 12:21:02,949 [INFO] Rule:225 - rule Change TZSC IP Secure Mode to Parameters is applicable
2022-10-13 12:21:02,949 [INFO] Rule:225 - rule Change TZSC IP No Secure Mode to Parameters is applicable
2022-10-13 12:21:02,949 [INFO] Rule:225 - rule Change TZSC IP Privilege Mode to Parameters is applicable
2022-10-13 12:21:02,949 [INFO] Rule:225 - rule Change TZSC IP No Privilege Mode to Parameters is applicable
2022-10-13 12:21:02,949 [INFO] Rule:225 - rule Change TZIC IT Secure Mode to Parameters is applicable
2022-10-13 12:21:02,949 [INFO] Rule:225 - rule Change TZIC IT No Secure Mode to Parameters is applicable
2022-10-13 12:21:02,949 [INFO] Rule:225 - rule Add MPCBB1_NonSecureArea_Start_Address value with referenced to MPCBB1_NonSecureArea_Start value is applicable
2022-10-13 12:21:02,949 [INFO] Rule:225 - rule Add MPCBB2_NonSecureArea_Start_Address value with referenced to MPCBB2_NonSecureArea_Start value is applicable
2022-10-13 12:21:02,950 [INFO] Rule:225 - rule Add MPCWM1_NonSecureArea*_Start_Address value with referenced to MPCWM1_NonSecureArea*_Start value is applicable
2022-10-13 12:21:02,950 [INFO] Rule:225 - rule Add MPCWM2_NonSecureArea*_Start_Address value with referenced to MPCWM2_NonSecureArea*_Start value is applicable
2022-10-13 12:21:02,950 [INFO] Rule:225 - rule Add MPCWM3_NonSecureArea_Start_Address value with referenced to MPCWM3_NonSecureArea_Start value is applicable
2022-10-13 12:21:02,950 [INFO] Rule:225 - rule Change Default Value for PLL1UserDefinedConfig is applicable
2022-10-13 12:21:02,950 [INFO] Rule:225 - rule Change GPIO_PuPd Default Value for USART in async mode is applicable
2022-10-13 12:21:02,950 [INFO] Rule:225 - rule Change SMPSDivider Default Value is applicable
2022-10-13 12:21:02,950 [INFO] Rule:225 - rule OPAMP is applicable
2022-10-13 12:21:02,950 [INFO] Rule:225 - rule LPUART IPParameter rename Prescaler parameter to ClockPrescaler for STM32H7 is applicable
2022-10-13 12:21:02,950 [INFO] Rule:225 - rule LPUART IPParameter rename Prescaler parameter to ClockPrescaler for STM32H7 is applicable
2022-10-13 12:21:02,950 [INFO] Rule:225 - rule LPUART IPParameter rename Prescaler parameter to ClockPrescaler for STM32WB is applicable
2022-10-13 12:21:02,950 [INFO] Rule:225 - rule LPUART IPParameter rename Prescaler parameter to ClockPrescaler for STM32WB is applicable
2022-10-13 12:21:02,950 [INFO] Rule:225 - rule LPUART IPParameter rename Prescaler parameter to ClockPrescaler for STM32G4 is applicable
2022-10-13 12:21:02,950 [INFO] Rule:225 - rule LPUART IPParameter rename Prescaler parameter to ClockPrescaler for STM32G4 is applicable
2022-10-13 12:21:02,950 [INFO] Rule:225 - rule LPUART IPParameter rename Prescaler parameter to ClockPrescaler for STM32L5 is applicable
2022-10-13 12:21:02,950 [INFO] Rule:225 - rule LPUART IPParameter rename Prescaler parameter to ClockPrescaler for STM32L5 is applicable
2022-10-13 12:21:02,950 [INFO] Rule:225 - rule LPUART IPParameter rename Prescaler parameter to ClockPrescaler for STM32G4 is applicable
2022-10-13 12:21:02,951 [INFO] Rule:225 - rule LPUART IPParameter rename Prescaler parameter to ClockPrescaler for STM32G4 is applicable
2022-10-13 12:21:02,951 [INFO] Rule:225 - rule USB device lib V2.5.3 for L0 rename USBD_SUPPORT_USER_STRING parameter to USBD_SUPPORT_USER_STRING_DESC4 is applicable
2022-10-13 12:21:02,951 [INFO] Rule:225 - rule I2SCLockSelection clock entry align is applicable
2022-10-13 12:21:02,951 [INFO] Rule:225 - rule Assign TIMx context if used as SYS timebase is applicable
2022-10-13 12:21:02,951 [INFO] Rule:225 - rule Change GPIO_Pu Default Value for I2C is applicable
2022-10-13 12:21:02,951 [INFO] Rule:225 - rule Change GPIO_Pu Default Value for SMBus is applicable
2022-10-13 12:21:02,951 [INFO] Rule:225 - rule change FDCAN default value is applicable
2022-10-13 12:21:02,951 [INFO] Rule:225 - rule Change mode sai is applicable
2022-10-13 12:21:02,951 [INFO] Rule:225 - rule **Change sai mode is applicable
2022-10-13 12:21:02,978 [INFO] DbConfProperties:305 - Apply Compatibility (34/215 Rules)
2022-10-13 12:21:03,055 [INFO] ImportTextPane:193 - (OptionalMessage_ERROR) Unable to find key (Mcu.ThirdPartyNb) in loaded IOC file
2022-10-13 12:21:03,227 [WARN] ApiManager:308 - Cannot register API 'Board Extension:GNSS1A1' from pack STMicroelectronics.X-CUBE-GNSS1.6.0.0: no header file found
2022-10-13 12:21:03,227 [WARN] ApiManager:308 - Cannot register API 'Board Support:Custom' from pack STMicroelectronics.X-CUBE-GNSS1.6.0.0: no header file found
2022-10-13 12:21:03,227 [WARN] ApiManager:308 - Cannot register API 'Data Exchange:lib_gnss' from pack STMicroelectronics.X-CUBE-GNSS1.6.0.0: no header file found
2022-10-13 12:21:03,236 [WARN] ApiManager:308 - Cannot register API 'Wireless:BlueNRG-MS' from pack STMicroelectronics.X-CUBE-BLE1.6.2.3: no header file found
2022-10-13 12:21:03,247 [INFO] RtosManager:488 - Registered RTOS mode: class=CMSIS, group=RTOS, mode=CMSIS_V1, owner=FREERTOS
2022-10-13 12:21:03,247 [INFO] RtosManager:488 - Registered RTOS mode: class=CMSIS, group=RTOS2, mode=CMSIS_V2, owner=FREERTOS
2022-10-13 12:21:03,248 [INFO] RtosManager:488 - Registered RTOS mode: class=RTOS, group=Core, mode=CMSIS_V1, owner=FREERTOS
2022-10-13 12:21:03,248 [INFO] RtosManager:488 - Registered RTOS mode: class=RTOS, group=Core, mode=CMSIS_V2, owner=FREERTOS
2022-10-13 12:21:03,248 [WARN] ModelIntegratedComponent:185 - Missing modes for component STMicroelectronics:FreeRTOS:0.0.1:STMicroelectronics:RTOS:FreeRTOS:Core:::10.2.0:
2022-10-13 12:21:03,264 [WARN] ApiManager:308 - Cannot register API 'Board Extension:S2868A1' from pack STMicroelectronics.X-CUBE-SUBG2.5.0.0: no header file found
2022-10-13 12:21:03,264 [WARN] ApiManager:308 - Cannot register API 'Board Extension:S2868A2' from pack STMicroelectronics.X-CUBE-SUBG2.5.0.0: no header file found
2022-10-13 12:21:03,264 [WARN] ApiManager:308 - Cannot register API 'Board Extension:S2915A1' from pack STMicroelectronics.X-CUBE-SUBG2.5.0.0: no header file found
2022-10-13 12:21:03,277 [WARN] ApiManager:308 - Cannot register API 'Board Extension:NFC04A1' from pack STMicroelectronics.X-CUBE-NFC4.2.0.4: no header file found
2022-10-13 12:21:03,288 [WARN] ModelIntegratedComponent:64 - No mode defined for component null
2022-10-13 12:21:03,291 [WARN] ModelIntegratedComponent:64 - No mode defined for component null
2022-10-13 12:21:03,291 [WARN] ModelIntegratedComponent:64 - No mode defined for component null
2022-10-13 12:21:03,291 [WARN] ModelIntegratedComponent:64 - No mode defined for component null
2022-10-13 12:21:03,291 [WARN] ModelIntegratedComponent:64 - No mode defined for component null
2022-10-13 12:21:03,291 [WARN] ModelIntegratedComponent:64 - No mode defined for component null
2022-10-13 12:21:03,291 [WARN] ModelIntegratedComponent:64 - No mode defined for component null
2022-10-13 12:21:03,291 [WARN] ModelIntegratedComponent:64 - No mode defined for component null
2022-10-13 12:21:03,292 [WARN] ModelIntegratedComponent:64 - No mode defined for component null
2022-10-13 12:21:03,292 [WARN] ModelIntegratedComponent:64 - No mode defined for component null
2022-10-13 12:21:03,292 [WARN] ModelIntegratedComponent:64 - No mode defined for component null
2022-10-13 12:21:03,292 [WARN] ModelIntegratedComponent:64 - No mode defined for component null
2022-10-13 12:21:03,292 [WARN] ModelIntegratedComponent:64 - No mode defined for component null
2022-10-13 12:21:03,292 [WARN] ModelIntegratedComponent:64 - No mode defined for component null
2022-10-13 12:21:03,292 [WARN] ModelIntegratedComponent:64 - No mode defined for component null
2022-10-13 12:21:03,292 [WARN] ModelIntegratedComponent:64 - No mode defined for component null
2022-10-13 12:21:03,292 [WARN] ModelIntegratedComponent:64 - No mode defined for component null
2022-10-13 12:21:03,292 [WARN] ModelIntegratedComponent:64 - No mode defined for component null
2022-10-13 12:21:03,292 [WARN] ModelIntegratedComponent:64 - No mode defined for component null
2022-10-13 12:21:03,292 [WARN] ModelIntegratedComponent:64 - No mode defined for component null
2022-10-13 12:21:03,292 [WARN] ModelIntegratedComponent:64 - No mode defined for component null
2022-10-13 12:21:03,292 [WARN] ModelIntegratedComponent:64 - No mode defined for component null
2022-10-13 12:21:03,292 [WARN] ModelIntegratedComponent:64 - No mode defined for component null
2022-10-13 12:21:03,292 [WARN] ModelIntegratedComponent:64 - No mode defined for component null
2022-10-13 12:21:03,292 [WARN] ModelIntegratedComponent:64 - No mode defined for component null
2022-10-13 12:21:03,292 [WARN] ModelIntegratedComponent:64 - No mode defined for component null
2022-10-13 12:21:03,292 [WARN] ModelIntegratedComponent:64 - No mode defined for component null
2022-10-13 12:21:03,292 [WARN] ModelIntegratedComponent:64 - No mode defined for component null
2022-10-13 12:21:03,292 [WARN] ModelIntegratedComponent:64 - No mode defined for component null
2022-10-13 12:21:03,292 [WARN] ModelIntegratedComponent:64 - No mode defined for component null
2022-10-13 12:21:03,292 [WARN] ModelIntegratedComponent:64 - No mode defined for component null
2022-10-13 12:21:03,292 [WARN] ModelIntegratedComponent:64 - No mode defined for component null
2022-10-13 12:21:03,292 [WARN] ModelIntegratedComponent:64 - No mode defined for component null
2022-10-13 12:21:03,297 [WARN] ApiManager:308 - Cannot register API 'Board Extension:NFC07A1' from pack STMicroelectronics.X-CUBE-NFC7.1.0.0: no header file found
2022-10-13 12:21:03,530 [WARN] ApiManager:308 - Cannot register API 'Board Extension:IKS01A3' from pack STMicroelectronics.X-CUBE-MEMS1.9.3.0: no header file found
2022-10-13 12:21:03,530 [WARN] ApiManager:308 - Cannot register API 'Board Extension:IKS01A2' from pack STMicroelectronics.X-CUBE-MEMS1.9.3.0: no header file found
2022-10-13 12:21:03,530 [WARN] ApiManager:308 - Cannot register API 'Board Extension:IKS02A1' from pack STMicroelectronics.X-CUBE-MEMS1.9.3.0: no header file found
2022-10-13 12:21:03,539 [WARN] ApiManager:308 - Cannot register API 'Board Extension:EEPRMA1' from pack STMicroelectronics.X-CUBE-EEPRMA1.3.1.1: no header file found
2022-10-13 12:21:03,540 [WARN] ApiManager:308 - Cannot register API 'Board Extension:EEPRMA2' from pack STMicroelectronics.X-CUBE-EEPRMA1.3.1.1: no header file found
2022-10-13 12:21:03,541 [WARN] ApiManager:308 - Cannot register API 'Board Extension:S2868A1' from pack STMicroelectronics.X-CUBE-SFXS2LP1.4.0.0: no header file found
2022-10-13 12:21:03,542 [WARN] ApiManager:308 - Cannot register API 'Board Extension:S2868A2' from pack STMicroelectronics.X-CUBE-SFXS2LP1.4.0.0: no header file found
2022-10-13 12:21:03,542 [WARN] ApiManager:308 - Cannot register API 'Board Extension:S2915A1' from pack STMicroelectronics.X-CUBE-SFXS2LP1.4.0.0: no header file found
2022-10-13 12:21:03,542 [WARN] ApiManager:308 - Cannot register API 'Wireless:BlueNRG-2' from pack STMicroelectronics.X-CUBE-BLE2.3.3.0: no header file found
2022-10-13 12:21:03,556 [INFO] ThirdPartyModel:289 - Start build external matchings
2022-10-13 12:21:03,903 [INFO] ThirdPartyModel:302 - End build external matchings
2022-10-13 12:21:04,414 [INFO] UtilMem:74 - End LoadConfig() Used Memory: 523781080 Bytes (687865856)
2022-10-13 12:21:04,462 [WARN] ThirdParty:789 - waiting for thirdparty lock release [change project]
2022-10-13 12:21:04,462 [INFO] ThirdParty:791 - entering critical section [change project]
2022-10-13 12:21:04,462 [INFO] ThirdParty:981 - CMSIS Pack Vendor :RoweBots I-CUBE-UNISONRTOS 5.5.0-4
2022-10-13 12:21:04,462 [INFO] ThirdParty:981 - CMSIS Pack Vendor :STMicroelectronics X-CUBE-GNSS1 6.0.0
2022-10-13 12:21:04,462 [INFO] ThirdParty:981 - CMSIS Pack Vendor :STMicroelectronics X-CUBE-AZRTOS-H7 2.1.0
2022-10-13 12:21:04,462 [INFO] ThirdParty:981 - CMSIS Pack Vendor :STMicroelectronics USB_HOST 2.0.0
2022-10-13 12:21:04,463 [INFO] ThirdParty:981 - CMSIS Pack Vendor :STMicroelectronics X-CUBE-AZRTOS-F4 1.1.0
2022-10-13 12:21:04,463 [INFO] ThirdParty:981 - CMSIS Pack Vendor :STMicroelectronics LIBJPEG 8.0.0
2022-10-13 12:21:04,463 [INFO] ThirdParty:981 - CMSIS Pack Vendor :STMicroelectronics USB_DEVICE 3.0.0
2022-10-13 12:21:04,463 [INFO] ThirdParty:981 - CMSIS Pack Vendor :STMicroelectronics X-CUBE-BLEMGR 1.0.0
2022-10-13 12:21:04,463 [INFO] ThirdParty:981 - CMSIS Pack Vendor :STMicroelectronics X-CUBE-AZRTOS-F7 1.1.0
2022-10-13 12:21:04,463 [INFO] ThirdParty:981 - CMSIS Pack Vendor :STMicroelectronics USB_DEVICE 2.0.0
2022-10-13 12:21:04,463 [INFO] ThirdParty:981 - CMSIS Pack Vendor :STMicroelectronics X-CUBE-BLE1 6.2.3
2022-10-13 12:21:04,463 [INFO] ThirdParty:981 - CMSIS Pack Vendor :STMicroelectronics X-CUBE-ALGOBUILD 1.3.0
2022-10-13 12:21:04,464 [INFO] ThirdParty:981 - CMSIS Pack Vendor :STMicroelectronics FreeRTOS 0.0.1
2022-10-13 12:21:04,464 [INFO] ThirdParty:981 - CMSIS Pack Vendor :STMicroelectronics X-CUBE-AZRTOS-G0 1.1.0
2022-10-13 12:21:04,464 [INFO] ThirdParty:981 - CMSIS Pack Vendor :STMicroelectronics X-CUBE-SUBG2 5.0.0
2022-10-13 12:21:04,464 [INFO] ThirdParty:981 - CMSIS Pack Vendor :SEGGER I-CUBE-embOS 1.2.0
2022-10-13 12:21:04,464 [INFO] ThirdParty:981 - CMSIS Pack Vendor :STMicroelectronics STM32_WPAN 1.0.0
2022-10-13 12:21:04,464 [INFO] ThirdParty:981 - CMSIS Pack Vendor :STMicroelectronics lwIP 2.0.3
2022-10-13 12:21:04,465 [INFO] ThirdParty:981 - CMSIS Pack Vendor :STMicroelectronics X-CUBE-NFC4 2.0.4
2022-10-13 12:21:04,465 [INFO] ThirdParty:981 - CMSIS Pack Vendor :STMicroelectronics USB_HOST 1.0.0
2022-10-13 12:21:04,465 [INFO] ThirdParty:981 - CMSIS Pack Vendor :STMicroelectronics PDM2PCM 3.1.0
2022-10-13 12:21:04,465 [INFO] ThirdParty:981 - CMSIS Pack Vendor :STMicroelectronics FP-ATR-ASTRA1 1.1.1
2022-10-13 12:21:04,465 [INFO] ThirdParty:981 - CMSIS Pack Vendor :STMicroelectronics PDM2PCM 3.3.0
2022-10-13 12:21:04,465 [INFO] ThirdParty:981 - CMSIS Pack Vendor :STMicroelectronics X-CUBE-TOF1 3.1.0
2022-10-13 12:21:04,465 [INFO] ThirdParty:981 - CMSIS Pack Vendor :STMicroelectronics X-CUBE-AZRTOS-G4 1.0.0
2022-10-13 12:21:04,466 [INFO] ThirdParty:981 - CMSIS Pack Vendor :STMicroelectronics X-CUBE-AZRTOS-L4 1.0.0
2022-10-13 12:21:04,466 [INFO] ThirdParty:981 - CMSIS Pack Vendor :wolfSSL I-CUBE-wolfSSL 5.5.0
2022-10-13 12:21:04,466 [INFO] ThirdParty:981 - CMSIS Pack Vendor :STMicroelectronics HAL Drivers 0.0.0
2022-10-13 12:21:04,466 [INFO] ThirdParty:981 - CMSIS Pack Vendor :STMicroelectronics MBEDTLS 2.16.2
2022-10-13 12:21:04,466 [INFO] ThirdParty:981 - CMSIS Pack Vendor :emotas I-CUBE-CANOPEN 1.1.2
2022-10-13 12:21:04,466 [INFO] ThirdParty:981 - CMSIS Pack Vendor :STMicroelectronics X-CUBE-TOUCHGFX 4.20.0
2022-10-13 12:21:04,466 [INFO] ThirdParty:981 - CMSIS Pack Vendor :STMicroelectronics MBEDTLS 2.14.1
2022-10-13 12:21:04,467 [INFO] ThirdParty:981 - CMSIS Pack Vendor :STMicroelectronics X-CUBE-NFC7 1.0.0
2022-10-13 12:21:04,467 [INFO] ThirdParty:981 - CMSIS Pack Vendor :STMicroelectronics X-CUBE-AZRTOS-WL 1.0.0
2022-10-13 12:21:04,467 [INFO] ThirdParty:981 - CMSIS Pack Vendor :STMicroelectronics X-CUBE-MEMS1 9.3.0
2022-10-13 12:21:04,468 [INFO] ThirdParty:981 - CMSIS Pack Vendor :portGmbH I-Cube-SoM-uGOAL 1.1.0
2022-10-13 12:21:04,468 [INFO] ThirdParty:981 - CMSIS Pack Vendor :STMicroelectronics X-CUBE-ALS 1.0.1
2022-10-13 12:21:04,468 [INFO] ThirdParty:981 - CMSIS Pack Vendor :STMicroelectronics X-CUBE-AI 7.2.0
2022-10-13 12:21:04,468 [INFO] ThirdParty:981 - CMSIS Pack Vendor :STMicroelectronics ThreadX 1.0.0
2022-10-13 12:21:04,469 [INFO] ThirdParty:981 - CMSIS Pack Vendor :STMicroelectronics X-CUBE-AZRTOS-L5 1.0.0
2022-10-13 12:21:04,469 [INFO] ThirdParty:981 - CMSIS Pack Vendor :STMicroelectronics USB_DEVICE 1.0.0
2022-10-13 12:21:04,469 [INFO] ThirdParty:981 - CMSIS Pack Vendor :STMicroelectronics X-CUBE-EEPRMA1 3.1.1
2022-10-13 12:21:04,469 [INFO] ThirdParty:981 - CMSIS Pack Vendor :STMicroelectronics ThreadX 0.0.2
2022-10-13 12:21:04,469 [INFO] ThirdParty:981 - CMSIS Pack Vendor :STMicroelectronics lwIP 2.1.2
2022-10-13 12:21:04,469 [INFO] ThirdParty:981 - CMSIS Pack Vendor :STMicroelectronics X-CUBE-SFXS2LP1 4.0.0
2022-10-13 12:21:04,469 [INFO] ThirdParty:981 - CMSIS Pack Vendor :STMicroelectronics X-CUBE-BLE2 3.3.0
2022-10-13 12:21:04,469 [INFO] ThirdParty:981 - CMSIS Pack Vendor :STMicroelectronics X-CUBE-DISPLAY 2.2.0
2022-10-13 12:21:04,470 [INFO] ThirdParty:981 - CMSIS Pack Vendor :STMicroelectronics PDM2PCM 3.2.0
2022-10-13 12:21:04,470 [INFO] ThirdParty:981 - CMSIS Pack Vendor :STMicroelectronics X-CUBE-ISPU 1.0.0
2022-10-13 12:21:04,470 [INFO] ThirdParty:797 - exiting critical section [change project]
2022-10-13 12:21:05,109 [INFO] PinOutPanel:1468 - setPackage(No Configuration,No Configuration)
2022-10-13 12:21:05,112 [INFO] PinOutPanel:1468 - setPackage(STM32F407VGTx,LQFP100)
2022-10-13 12:21:05,814 [INFO] UtilMem:74 - Before build in PCC Used Memory: 512656536 Bytes (687865856)
2022-10-13 12:21:06,846 [INFO] UtilMem:74 - After build in PCC Used Memory: 548454400 Bytes (687865856)
2022-10-13 12:21:06,887 [INFO] IPUIPlugin:79 - create IPUIPlugin
2022-10-13 12:21:06,887 [INFO] IPUIPlugin:79 - create IPUIPlugin
2022-10-13 12:21:06,887 [INFO] IPUIPlugin:79 - create IPUIPlugin
2022-10-13 12:21:06,887 [INFO] IPUIPlugin:79 - create IPUIPlugin
2022-10-13 12:21:06,887 [INFO] IPUIPlugin:79 - create IPUIPlugin
2022-10-13 12:21:06,887 [INFO] IPUIPlugin:79 - create IPUIPlugin
2022-10-13 12:21:06,887 [INFO] IPUIPlugin:79 - create IPUIPlugin
2022-10-13 12:21:06,887 [INFO] IPUIPlugin:79 - create IPUIPlugin
2022-10-13 12:21:06,887 [INFO] IPUIPlugin:79 - create IPUIPlugin
2022-10-13 12:21:06,887 [INFO] IPUIPlugin:79 - create IPUIPlugin
2022-10-13 12:21:06,887 [INFO] IPUIPlugin:79 - create IPUIPlugin
2022-10-13 12:21:06,887 [INFO] IPUIPlugin:79 - create IPUIPlugin
2022-10-13 12:21:06,887 [INFO] IPUIPlugin:79 - create IPUIPlugin
2022-10-13 12:21:06,896 [INFO] IPUIPlugin:79 - create IPUIPlugin
2022-10-13 12:21:06,896 [INFO] IPUIPlugin:79 - create IPUIPlugin
2022-10-13 12:21:06,897 [INFO] IPUIPlugin:79 - create IPUIPlugin
2022-10-13 12:21:06,897 [INFO] IPUIPlugin:79 - create IPUIPlugin
2022-10-13 12:21:06,897 [INFO] IPUIPlugin:79 - create IPUIPlugin
2022-10-13 12:21:06,898 [INFO] IPUIPlugin:79 - create IPUIPlugin
2022-10-13 12:21:06,898 [INFO] IPUIPlugin:79 - create IPUIPlugin
2022-10-13 12:21:06,898 [INFO] IPUIPlugin:79 - create IPUIPlugin
2022-10-13 12:21:06,899 [INFO] IPUIPlugin:79 - create IPUIPlugin
2022-10-13 12:21:06,900 [INFO] IPUIPlugin:79 - create IPUIPlugin
2022-10-13 12:21:06,900 [INFO] IPUIPlugin:79 - create IPUIPlugin
2022-10-13 12:21:06,900 [INFO] IPUIPlugin:79 - create IPUIPlugin
2022-10-13 12:21:06,900 [INFO] IPUIPlugin:79 - create IPUIPlugin
2022-10-13 12:21:06,900 [INFO] IPUIPlugin:79 - create IPUIPlugin
2022-10-13 12:21:06,903 [INFO] IPUIPlugin:79 - create IPUIPlugin
2022-10-13 12:21:06,904 [INFO] IPUIPlugin:79 - create IPUIPlugin
2022-10-13 12:21:06,904 [INFO] IPUIPlugin:79 - create IPUIPlugin
2022-10-13 12:21:06,904 [INFO] IPUIPlugin:79 - create IPUIPlugin
2022-10-13 12:21:06,904 [INFO] IPUIPlugin:79 - create IPUIPlugin
2022-10-13 12:21:06,904 [INFO] IPUIPlugin:79 - create IPUIPlugin
2022-10-13 12:21:06,904 [INFO] IPUIPlugin:79 - create IPUIPlugin
2022-10-13 12:21:06,904 [INFO] IPUIPlugin:79 - create IPUIPlugin
2022-10-13 12:21:06,904 [INFO] IPUIPlugin:79 - create IPUIPlugin
2022-10-13 12:21:06,904 [INFO] IPUIPlugin:79 - create IPUIPlugin
2022-10-13 12:21:06,904 [INFO] IPUIPlugin:79 - create IPUIPlugin
2022-10-13 12:21:06,904 [INFO] IPUIPlugin:79 - create IPUIPlugin
2022-10-13 12:21:06,904 [INFO] IPUIPlugin:79 - create IPUIPlugin
2022-10-13 12:21:06,904 [INFO] IPUIPlugin:79 - create IPUIPlugin
2022-10-13 12:21:06,904 [INFO] IPUIPlugin:79 - create IPUIPlugin
2022-10-13 12:21:06,904 [INFO] IPUIPlugin:79 - create IPUIPlugin
2022-10-13 12:21:06,904 [INFO] IPUIPlugin:79 - create IPUIPlugin
2022-10-13 12:21:06,904 [INFO] IPUIPlugin:79 - create IPUIPlugin
2022-10-13 12:21:06,904 [INFO] IPUIPlugin:79 - create IPUIPlugin
2022-10-13 12:21:06,904 [INFO] IPUIPlugin:79 - create IPUIPlugin
2022-10-13 12:21:06,904 [INFO] IPUIPlugin:79 - create IPUIPlugin
2022-10-13 12:21:06,904 [INFO] IPUIPlugin:79 - create IPUIPlugin
2022-10-13 12:21:06,904 [INFO] IPUIPlugin:79 - create IPUIPlugin
2022-10-13 12:21:06,904 [INFO] IPUIPlugin:79 - create IPUIPlugin
2022-10-13 12:21:06,904 [INFO] IPUIPlugin:79 - create IPUIPlugin
2022-10-13 12:21:06,904 [INFO] IPUIPlugin:79 - create IPUIPlugin
2022-10-13 12:21:06,904 [INFO] IPUIPlugin:79 - create IPUIPlugin
2022-10-13 12:21:06,920 [INFO] IPUIPlugin:79 - create IPUIPlugin
2022-10-13 12:21:06,920 [INFO] IPUIPlugin:79 - create IPUIPlugin
2022-10-13 12:21:06,922 [INFO] IPUIPlugin:79 - create IPUIPlugin
2022-10-13 12:21:06,923 [INFO] IPUIPlugin:79 - create IPUIPlugin
2022-10-13 12:21:07,037 [INFO] ApiDbMcu:505 - Load IP Config File for PDM2PCM
2022-10-13 12:21:07,364 [INFO] OpenFileManager:327 - Restore cursor
2022-10-13 12:21:09,154 [INFO] UtilMem:74 - End SaveConfig() Used Memory: 548678944 Bytes (687865856)
2022-10-13 12:21:09,277 [INFO] UtilMem:74 - End SaveConfig() Used Memory: 567612096 Bytes (687865856)
2022-10-13 12:21:10,006 [INFO] BlockDiagram:2753 - set Specific Code input for plugin: SYS
2022-10-13 12:21:10,006 [INFO] BlockDiagram:2753 - set Specific Code input for plugin: RCC
2022-10-13 12:21:10,006 [INFO] BlockDiagram:2753 - set Specific Code input for plugin: NVIC
2022-10-13 12:21:10,007 [INFO] BlockDiagram:2753 - set Specific Code input for plugin: GPIO
2022-10-13 12:21:10,008 [INFO] CodeGenerator:690 - code generatio: config db path: C:\ST\STM32CubeIDE_1.10.1\STM32CubeIDE\plugins\com.st.stm32cube.common.mx_6.6.1.202207061420\\db\
2022-10-13 12:21:10,925 [INFO] CodeEngine:245 - oldGeneratedFile, C:\Users\VeliSacikara\Documents\STM32_Projeler\Example-HCSR04\Example_HCSR04\MXTmpFiles\license.tmp_save
2022-10-13 12:21:11,710 [INFO] CodeEngine:269 - Generated code: C:\Users\VeliSacikara\Documents\STM32_Projeler\Example-HCSR04\Example_HCSR04\MXTmpFiles\license.tmp
2022-10-13 12:21:12,042 [INFO] CodeEngine:245 - oldGeneratedFile, C:\Users\VeliSacikara\Documents\STM32_Projeler\Example-HCSR04\Example_HCSR04\MXTmpFiles\gpio.tmp_save
2022-10-13 12:21:12,282 [INFO] CodeEngine:269 - Generated code: C:\Users\VeliSacikara\Documents\STM32_Projeler\Example-HCSR04\Example_HCSR04\MXTmpFiles\gpio.tmp
2022-10-13 12:21:12,405 [INFO] CodeEngine:245 - oldGeneratedFile, C:\Users\VeliSacikara\Documents\STM32_Projeler\Example-HCSR04\Example_HCSR04\Core\Src\stm32f4xx_it.c_save
2022-10-13 12:21:12,719 [INFO] CodeEngine:269 - Generated code: C:\Users\VeliSacikara\Documents\STM32_Projeler\Example-HCSR04\Example_HCSR04\Core\Src\stm32f4xx_it.c
2022-10-13 12:21:12,733 [INFO] CodeEngine:245 - oldGeneratedFile, C:\Users\VeliSacikara\Documents\STM32_Projeler\Example-HCSR04\Example_HCSR04\Core\Inc\stm32f4xx_it.h_save
2022-10-13 12:21:12,893 [INFO] CodeEngine:269 - Generated code: C:\Users\VeliSacikara\Documents\STM32_Projeler\Example-HCSR04\Example_HCSR04\Core\Inc\stm32f4xx_it.h
2022-10-13 12:21:12,944 [INFO] CodeEngine:245 - oldGeneratedFile, C:\Users\VeliSacikara\Documents\STM32_Projeler\Example-HCSR04\Example_HCSR04\Core\Src\stm32f4xx_hal_msp.c_save
2022-10-13 12:21:13,183 [INFO] CodeEngine:269 - Generated code: C:\Users\VeliSacikara\Documents\STM32_Projeler\Example-HCSR04\Example_HCSR04\Core\Src\stm32f4xx_hal_msp.c
2022-10-13 12:21:13,199 [INFO] CodeEngine:245 - oldGeneratedFile, C:\Users\VeliSacikara\Documents\STM32_Projeler\Example-HCSR04\Example_HCSR04\MXTmpFiles\system.tmp_save
2022-10-13 12:21:13,341 [INFO] CodeEngine:269 - Generated code: C:\Users\VeliSacikara\Documents\STM32_Projeler\Example-HCSR04\Example_HCSR04\MXTmpFiles\system.tmp
2022-10-13 12:21:13,386 [INFO] CodeEngine:245 - oldGeneratedFile, C:\Users\VeliSacikara\Documents\STM32_Projeler\Example-HCSR04\Example_HCSR04\Core\Inc\stm32f4xx_hal_conf.h_save
2022-10-13 12:21:13,593 [INFO] CodeEngine:269 - Generated code: C:\Users\VeliSacikara\Documents\STM32_Projeler\Example-HCSR04\Example_HCSR04\Core\Inc\stm32f4xx_hal_conf.h
2022-10-13 12:21:13,725 [INFO] CodeEngine:245 - oldGeneratedFile, C:\Users\VeliSacikara\Documents\STM32_Projeler\Example-HCSR04\Example_HCSR04\Core\Inc\main.h_save
2022-10-13 12:21:13,934 [INFO] CodeEngine:269 - Generated code: C:\Users\VeliSacikara\Documents\STM32_Projeler\Example-HCSR04\Example_HCSR04\Core\Inc\main.h
2022-10-13 12:21:13,952 [INFO] CodeEngine:245 - oldGeneratedFile, C:\Users\VeliSacikara\Documents\STM32_Projeler\Example-HCSR04\Example_HCSR04\Core\Src\main.c_save
2022-10-13 12:21:14,289 [INFO] CodeEngine:269 - Generated code: C:\Users\VeliSacikara\Documents\STM32_Projeler\Example-HCSR04\Example_HCSR04\Core\Src\main.c
2022-10-13 12:21:16,056 [INFO] ProjectBuilder:2919 - Time for Copy HAL[1] : 738mS.
2022-10-13 12:21:16,101 [INFO] ProjectBuilder:4117 - Project Generator version: 3.17.1
2022-10-13 12:21:16,789 [INFO] ConfigFileManager:1394 - The Die is : DIE413
2022-10-13 12:21:16,818 [INFO] ApiDbMcu:505 - Load IP Config File for FATFS
2022-10-13 12:21:16,867 [INFO] ApiDbMcu:505 - Load IP Config File for FREERTOS
2022-10-13 12:21:16,881 [INFO] ApiDbMcu:505 - Load IP Config File for LIBJPEG
2022-10-13 12:21:16,973 [INFO] ApiDbMcu:505 - Load IP Config File for LWIP
2022-10-13 12:21:17,061 [INFO] ApiDbMcu:505 - Load IP Config File for MBEDTLS
2022-10-13 12:21:17,155 [INFO] ApiDbMcu:505 - Load IP Config File for USB_DEVICE
2022-10-13 12:21:17,235 [INFO] ApiDbMcu:505 - Load IP Config File for USB_HOST
2022-10-13 12:21:27,512 [INFO] ProjectBuilder:4285 - Time for Generating toolchain IDE Files: 11412mS.
2022-10-13 12:21:27,514 [INFO] ProjectBuilder:2790 - Time for Copy CMSIS : 1mS.
2022-10-13 12:21:27,517 [INFO] ProjectBuilder:2790 - Time for Copy CMSIS : 0mS.
2022-10-13 12:21:28,956 [INFO] McuFinderGlobals:57 - Set McuFinderConnectedMode to true
2022-10-13 12:21:28,956 [INFO] ApiDb:443 - Save user favorites file C:\Users\VeliSacikara/.stm32cubeide/favorites.mcus.txt: 0 item(s)
2022-10-13 12:21:28,956 [INFO] ApiDb:447 - User favorites MCUs=[]
2022-10-13 12:21:28,965 [INFO] ApiDb:443 - Save user favorites file C:\Users\VeliSacikara/.stm32cubeide/favorites.boards.txt: 0 item(s)
2022-10-13 12:21:28,965 [INFO] ApiDb:447 - User favorites Boards=[]
2022-10-13 12:27:56,552 [INFO] UtilMem:74 - End SaveConfig() Used Memory: 254533200 Bytes (1069547520)
2022-10-13 12:27:56,793 [INFO] UtilMem:74 - End SaveConfig() Used Memory: 281273936 Bytes (1069547520)
2022-10-13 12:27:57,264 [INFO] BlockDiagram:2753 - set Specific Code input for plugin: SYS
2022-10-13 12:27:57,264 [INFO] BlockDiagram:2753 - set Specific Code input for plugin: RCC
2022-10-13 12:27:57,265 [INFO] BlockDiagram:2753 - set Specific Code input for plugin: NVIC
2022-10-13 12:27:57,265 [INFO] BlockDiagram:2753 - set Specific Code input for plugin: GPIO
2022-10-13 12:27:57,267 [INFO] CodeGenerator:690 - code generatio: config db path: C:\ST\STM32CubeIDE_1.10.1\STM32CubeIDE\plugins\com.st.stm32cube.common.mx_6.6.1.202207061420\\db\
2022-10-13 12:27:57,559 [INFO] CodeEngine:245 - oldGeneratedFile, C:\Users\VeliSacikara\Documents\STM32_Projeler\Example-HCSR04\Example_HCSR04\MXTmpFiles\license.tmp_save
2022-10-13 12:27:57,845 [INFO] CodeEngine:269 - Generated code: C:\Users\VeliSacikara\Documents\STM32_Projeler\Example-HCSR04\Example_HCSR04\MXTmpFiles\license.tmp
2022-10-13 12:27:57,877 [INFO] CodeEngine:245 - oldGeneratedFile, C:\Users\VeliSacikara\Documents\STM32_Projeler\Example-HCSR04\Example_HCSR04\MXTmpFiles\gpio.tmp_save
2022-10-13 12:27:58,032 [INFO] CodeEngine:269 - Generated code: C:\Users\VeliSacikara\Documents\STM32_Projeler\Example-HCSR04\Example_HCSR04\MXTmpFiles\gpio.tmp
2022-10-13 12:27:58,081 [INFO] CodeEngine:245 - oldGeneratedFile, C:\Users\VeliSacikara\Documents\STM32_Projeler\Example-HCSR04\Example_HCSR04\Core\Src\stm32f4xx_it.c_save
2022-10-13 12:27:58,215 [INFO] CodeEngine:269 - Generated code: C:\Users\VeliSacikara\Documents\STM32_Projeler\Example-HCSR04\Example_HCSR04\Core\Src\stm32f4xx_it.c
2022-10-13 12:27:58,227 [INFO] CodeEngine:245 - oldGeneratedFile, C:\Users\VeliSacikara\Documents\STM32_Projeler\Example-HCSR04\Example_HCSR04\Core\Inc\stm32f4xx_it.h_save
2022-10-13 12:27:58,372 [INFO] CodeEngine:269 - Generated code: C:\Users\VeliSacikara\Documents\STM32_Projeler\Example-HCSR04\Example_HCSR04\Core\Inc\stm32f4xx_it.h
2022-10-13 12:27:58,403 [INFO] CodeEngine:245 - oldGeneratedFile, C:\Users\VeliSacikara\Documents\STM32_Projeler\Example-HCSR04\Example_HCSR04\Core\Src\stm32f4xx_hal_msp.c_save
2022-10-13 12:27:58,552 [INFO] CodeEngine:269 - Generated code: C:\Users\VeliSacikara\Documents\STM32_Projeler\Example-HCSR04\Example_HCSR04\Core\Src\stm32f4xx_hal_msp.c
2022-10-13 12:27:58,561 [INFO] CodeEngine:245 - oldGeneratedFile, C:\Users\VeliSacikara\Documents\STM32_Projeler\Example-HCSR04\Example_HCSR04\MXTmpFiles\system.tmp_save
2022-10-13 12:27:58,666 [INFO] CodeEngine:269 - Generated code: C:\Users\VeliSacikara\Documents\STM32_Projeler\Example-HCSR04\Example_HCSR04\MXTmpFiles\system.tmp
2022-10-13 12:27:58,686 [INFO] CodeEngine:245 - oldGeneratedFile, C:\Users\VeliSacikara\Documents\STM32_Projeler\Example-HCSR04\Example_HCSR04\Core\Inc\stm32f4xx_hal_conf.h_save
2022-10-13 12:27:58,856 [INFO] CodeEngine:269 - Generated code: C:\Users\VeliSacikara\Documents\STM32_Projeler\Example-HCSR04\Example_HCSR04\Core\Inc\stm32f4xx_hal_conf.h
2022-10-13 12:27:58,946 [INFO] CodeEngine:245 - oldGeneratedFile, C:\Users\VeliSacikara\Documents\STM32_Projeler\Example-HCSR04\Example_HCSR04\Core\Inc\main.h_save
2022-10-13 12:27:59,087 [INFO] CodeEngine:269 - Generated code: C:\Users\VeliSacikara\Documents\STM32_Projeler\Example-HCSR04\Example_HCSR04\Core\Inc\main.h
2022-10-13 12:27:59,105 [INFO] CodeEngine:245 - oldGeneratedFile, C:\Users\VeliSacikara\Documents\STM32_Projeler\Example-HCSR04\Example_HCSR04\Core\Src\main.c_save
2022-10-13 12:27:59,274 [INFO] CodeEngine:269 - Generated code: C:\Users\VeliSacikara\Documents\STM32_Projeler\Example-HCSR04\Example_HCSR04\Core\Src\main.c
2022-10-13 12:28:00,187 [INFO] ProjectBuilder:2919 - Time for Copy HAL[1] : 405mS.
2022-10-13 12:28:00,193 [INFO] ProjectBuilder:4117 - Project Generator version: 3.17.1
2022-10-13 12:28:00,527 [INFO] ConfigFileManager:1394 - The Die is : DIE413
2022-10-13 12:28:02,689 [INFO] ProjectBuilder:4285 - Time for Generating toolchain IDE Files: 2496mS.
2022-10-13 12:28:02,690 [INFO] ProjectBuilder:2790 - Time for Copy CMSIS : 1mS.
2022-10-13 12:28:02,693 [INFO] ProjectBuilder:2790 - Time for Copy CMSIS : 0mS.
2022-10-13 13:04:35,904 [ERROR] LogOutputStream:74 - [STDERR_REDIRECT] 
