2022-10-06 13:38:35,545 [INFO] Activator:177 - 


2022-10-06 13:38:35,545 [INFO] Activator:178 - !SESSION log4j initialized
2022-10-06 13:38:38,248 [ERROR] ConfigurationRetriever:139 - IOException on connection: sw-center.st.com
2022-10-06 13:38:38,250 [ERROR] ConfigurationRetriever:139 - IOException on connection: sw-center.st.com
2022-10-06 13:38:38,252 [ERROR] ConfigurationRetriever:139 - IOException on connection: sw-center.st.com
2022-10-06 13:38:54,556 [INFO] McuFinderGlobals:44 - Set McuFinder mode to 2 (CubeIDE integrated)
2022-10-06 13:38:54,749 [INFO] ApplicationProperties:181 - Using Application install path: C:\ST\STM32CubeIDE_1.10.1\STM32CubeIDE\plugins\com.st.stm32cube.common.mx_6.6.1.202207061420
2022-10-06 13:38:54,772 [INFO] DbMcusXml:77 - Set database path to: C:\ST\STM32CubeIDE_1.10.1\STM32CubeIDE\plugins\com.st.stm32cube.common.mx_6.6.1.202207061420\\db\/mcu/
2022-10-06 13:38:54,773 [INFO] ApiDb:269 - Set plugin database path to: C:\ST\STM32CubeIDE_1.10.1\STM32CubeIDE\plugins\com.st.stm32cube.common.mx_6.6.1.202207061420\\db\/plugins/boardmanager/
2022-10-06 13:38:54,776 [WARN] ApiDb:254 - Overriding images path with different value:  => C:\ST\STM32CubeIDE_1.10.1\STM32CubeIDE\plugins\com.st.stm32cube.common.mx_6.6.1.202207061420\\db\/plugins/mcufinder/images/
2022-10-06 13:38:54,797 [INFO] ApiDb:249 - Set database path to: C:\Users\VeliSacikara\.stmcufinder\plugins\mcufinder//mcu/
2022-10-06 13:38:54,798 [INFO] DbMcusAds:124 - Set database path to: C:\Users\VeliSacikara\.stmcufinder\plugins\mcufinder//mcu/
2022-10-06 13:38:54,805 [INFO] CrossReferenceDbSqlite:201 - Set database path to: C:\Users\VeliSacikara\.stmcufinder\plugins\mcufinder//mcu/cs/
2022-10-06 13:38:54,964 [INFO] RulesReader:61 - Compatibility file has been processed (282 Rules)
2022-10-06 13:38:55,095 [INFO] DbMcusXml:77 - Set database path to: C:\ST\STM32CubeIDE_1.10.1\STM32CubeIDE\plugins\com.st.stm32cube.common.mx_6.6.1.202207061420\\db\/mcu/
2022-10-06 13:38:55,096 [INFO] ApiDb:269 - Set plugin database path to: C:\ST\STM32CubeIDE_1.10.1\STM32CubeIDE\plugins\com.st.stm32cube.common.mx_6.6.1.202207061420\\db\/plugins/boardmanager/
2022-10-06 13:38:55,096 [INFO] ApiDb:256 - Set plugin images path to: C:\ST\STM32CubeIDE_1.10.1\STM32CubeIDE\plugins\com.st.stm32cube.common.mx_6.6.1.202207061420\\db\/plugins/mcufinder/images/
2022-10-06 13:38:55,097 [WARN] DbFile:40 - Overriding database path with different value: C:\Users\VeliSacikara\.stmcufinder\plugins\mcufinder/ => C:\Users\VeliSacikara\.stmcufinder\plugins\mcufinder
2022-10-06 13:38:55,097 [INFO] ApiDb:249 - Set database path to: C:\Users\VeliSacikara\.stmcufinder\plugins\mcufinder//mcu/
2022-10-06 13:38:55,098 [WARN] DbFile:40 - Overriding database path with different value: C:\Users\VeliSacikara\.stmcufinder\plugins\mcufinder/ => C:\Users\VeliSacikara\.stmcufinder\plugins\mcufinder
2022-10-06 13:38:55,098 [INFO] DbMcusAds:124 - Set database path to: C:\Users\VeliSacikara\.stmcufinder\plugins\mcufinder//mcu/
2022-10-06 13:38:55,099 [WARN] DbFile:40 - Overriding database path with different value: C:\Users\VeliSacikara\.stmcufinder\plugins\mcufinder/ => C:\Users\VeliSacikara\.stmcufinder\plugins\mcufinder
2022-10-06 13:38:55,099 [WARN] DbFile:40 - Overriding database path with different value: C:\Users\VeliSacikara\.stmcufinder\plugins\mcufinder/ => C:\Users\VeliSacikara\.stmcufinder\plugins\mcufinder
2022-10-06 13:38:55,099 [INFO] CrossReferenceDbSqlite:201 - Set database path to: C:\Users\VeliSacikara\.stmcufinder\plugins\mcufinder//mcu/cs/
2022-10-06 13:38:55,206 [INFO] MainPanel:242 - HeapMemory: 268435456
2022-10-06 13:38:55,319 [INFO] DbMcusXml:77 - Set database path to: C:\ST\STM32CubeIDE_1.10.1\STM32CubeIDE\plugins\com.st.stm32cube.common.mx_6.6.1.202207061420\\db\/mcu/
2022-10-06 13:38:55,331 [INFO] ApiDb:269 - Set plugin database path to: C:\ST\STM32CubeIDE_1.10.1\STM32CubeIDE\plugins\com.st.stm32cube.common.mx_6.6.1.202207061420\\db\/plugins/boardmanager/
2022-10-06 13:38:55,350 [INFO] ApiDb:256 - Set plugin images path to: C:\ST\STM32CubeIDE_1.10.1\STM32CubeIDE\plugins\com.st.stm32cube.common.mx_6.6.1.202207061420\\db\/plugins/mcufinder/images/
2022-10-06 13:38:55,353 [WARN] DbFile:40 - Overriding database path with different value: C:\Users\VeliSacikara\.stmcufinder\plugins\mcufinder/ => C:\Users\VeliSacikara\.stmcufinder\plugins\mcufinder
2022-10-06 13:38:55,353 [INFO] ApiDb:249 - Set database path to: C:\Users\VeliSacikara\.stmcufinder\plugins\mcufinder//mcu/
2022-10-06 13:38:55,353 [WARN] DbFile:40 - Overriding database path with different value: C:\Users\VeliSacikara\.stmcufinder\plugins\mcufinder/ => C:\Users\VeliSacikara\.stmcufinder\plugins\mcufinder
2022-10-06 13:38:55,355 [INFO] DbMcusAds:124 - Set database path to: C:\Users\VeliSacikara\.stmcufinder\plugins\mcufinder//mcu/
2022-10-06 13:38:55,356 [WARN] DbFile:40 - Overriding database path with different value: C:\Users\VeliSacikara\.stmcufinder\plugins\mcufinder/ => C:\Users\VeliSacikara\.stmcufinder\plugins\mcufinder
2022-10-06 13:38:55,356 [WARN] DbFile:40 - Overriding database path with different value: C:\Users\VeliSacikara\.stmcufinder\plugins\mcufinder/ => C:\Users\VeliSacikara\.stmcufinder\plugins\mcufinder
2022-10-06 13:38:55,357 [INFO] CrossReferenceDbSqlite:201 - Set database path to: C:\Users\VeliSacikara\.stmcufinder\plugins\mcufinder//mcu/cs/
2022-10-06 13:38:55,432 [INFO] ApplicationProperties:181 - Using Application install path: C:\ST\STM32CubeIDE_1.10.1\STM32CubeIDE\plugins\com.st.stm32cube.common.mx_6.6.1.202207061420
2022-10-06 13:38:55,433 [INFO] PluginManage:193 - Search for loadable plugins [exclusion list=, ]
2022-10-06 13:38:55,439 [INFO] PluginManage:307 - Check plugin analytics
2022-10-06 13:38:55,755 [INFO] AnalyticsPlugin:262 - Accepted Software Licenses: 
2022-10-06 13:38:55,756 [INFO] AnalyticsPlugin:264 - Accepted CMSIS Pack Licenses: 
2022-10-06 13:38:55,757 [INFO] AnalyticsPlugin:266 - Accepted Firmware Licenses: FW.F4.1.27.0
2022-10-06 13:38:55,764 [ERROR] ConfigurationRetriever:140 - IOException on connection: sw-center.st.com
2022-10-06 13:38:55,766 [ERROR] ConfigurationRetriever:140 - IOException on connection: sw-center.st.com
2022-10-06 13:38:55,766 [ERROR] ConfigurationRetriever:140 - IOException on connection: sw-center.st.com
2022-10-06 13:38:55,769 [INFO] PluginManage:356 - Loaded plugin analytics (category:tool,tabindex:-1)
2022-10-06 13:38:55,770 [INFO] PluginManage:307 - Check plugin cadmodel
2022-10-06 13:38:55,775 [INFO] CADModel:65 - Init CAD model plugin
2022-10-06 13:38:55,775 [INFO] PluginManage:356 - Loaded plugin cadmodel (category:power,tabindex:5)
2022-10-06 13:38:55,775 [INFO] PluginManage:307 - Check plugin clock
2022-10-06 13:38:55,791 [INFO] PluginManage:356 - Loaded plugin clock (category:base,tabindex:2)
2022-10-06 13:38:55,791 [INFO] PluginManage:307 - Check plugin ddr
2022-10-06 13:38:55,795 [INFO] PluginManage:356 - Loaded plugin ddr (category:tool,tabindex:6)
2022-10-06 13:38:55,796 [INFO] PluginManage:307 - Check plugin filemanager
2022-10-06 13:38:55,995 [INFO] PluginManage:356 - Loaded plugin filemanager (category:base,tabindex:10)
2022-10-06 13:38:55,995 [INFO] PluginManage:307 - Check plugin ipmanager
2022-10-06 13:38:56,005 [INFO] PluginManage:356 - Loaded plugin ipmanager (category:base,tabindex:5)
2022-10-06 13:38:56,006 [INFO] PluginManage:307 - Check plugin lpbam
2022-10-06 13:38:56,017 [INFO] PluginManage:356 - Loaded plugin lpbam (category:base,tabindex:0)
2022-10-06 13:38:56,018 [INFO] PluginManage:307 - Check plugin pinoutandconfiguration
2022-10-06 13:38:56,025 [INFO] PluginManage:356 - Loaded plugin pinoutandconfiguration (category:base,tabindex:1)
2022-10-06 13:38:56,025 [INFO] PluginManage:307 - Check plugin pinoutconfig
2022-10-06 13:38:56,067 [INFO] PluginManage:356 - Loaded plugin pinoutconfig (category:base,tabindex:0)
2022-10-06 13:38:56,067 [INFO] PluginManage:307 - Check plugin power
2022-10-06 13:38:56,080 [INFO] PluginManage:356 - Loaded plugin power (category:power,tabindex:4)
2022-10-06 13:38:56,081 [INFO] PluginManage:307 - Check plugin projectmanager
2022-10-06 13:38:56,106 [INFO] PluginManage:356 - Loaded plugin projectmanager (category:projectmanager,tabindex:3)
2022-10-06 13:38:56,107 [INFO] PluginManage:307 - Check plugin thirdparty
2022-10-06 13:38:56,345 [WARN] IntegrityCheckThread:82 - waiting for thirdparty lock release [integrity check]
2022-10-06 13:38:56,345 [INFO] PluginManage:356 - Loaded plugin thirdparty (category:base,tabindex:-1)
2022-10-06 13:38:56,345 [INFO] IntegrityCheckThread:84 - entering critical section [integrity check]
2022-10-06 13:38:56,346 [INFO] PluginManage:307 - Check plugin tools
2022-10-06 13:38:56,349 [INFO] ThirdPartyUpdaterWithRetryManager:70 - Updater plugin not ready yet. [1/15]
2022-10-06 13:38:56,350 [INFO] PluginManage:356 - Loaded plugin tools (category:base,tabindex:7)
2022-10-06 13:38:56,350 [INFO] PluginManage:307 - Check plugin tutovideos
2022-10-06 13:38:56,596 [INFO] PluginManage:356 - Loaded plugin tutovideos (category:base,tabindex:-1)
2022-10-06 13:38:56,598 [INFO] PluginManage:307 - Check plugin updater
2022-10-06 13:38:56,615 [INFO] PluginManage:356 - Loaded plugin updater (category:base,tabindex:12)
2022-10-06 13:38:56,616 [INFO] PluginManage:280 - PluginManage : Loaded plugins [15]
2022-10-06 13:38:56,958 [INFO] PinOutPanel:1468 - setPackage(No Configuration,No Configuration)
2022-10-06 13:38:57,068 [INFO] CADModel:98 - CPN selected for project level
2022-10-06 13:38:57,086 [INFO] IPUIPlugin:79 - create IPUIPlugin
2022-10-06 13:38:57,086 [INFO] PluginManager:217 - loadIPPluginJar : add adc
2022-10-06 13:38:57,093 [INFO] IPUIPlugin:79 - create IPUIPlugin
2022-10-06 13:38:57,093 [INFO] PluginManager:217 - loadIPPluginJar : add aes
2022-10-06 13:38:57,093 [INFO] IPUIPlugin:79 - create IPUIPlugin
2022-10-06 13:38:57,093 [INFO] PluginManager:217 - loadIPPluginJar : add can
2022-10-06 13:38:57,101 [INFO] IPUIPlugin:79 - create IPUIPlugin
2022-10-06 13:38:57,101 [INFO] PluginManager:217 - loadIPPluginJar : add comp
2022-10-06 13:38:57,101 [INFO] IPUIPlugin:79 - create IPUIPlugin
2022-10-06 13:38:57,101 [INFO] PluginManager:217 - loadIPPluginJar : add cryp
2022-10-06 13:38:57,101 [INFO] IPUIPlugin:79 - create IPUIPlugin
2022-10-06 13:38:57,101 [INFO] PluginManager:217 - loadIPPluginJar : add dfsdm
2022-10-06 13:38:57,116 [INFO] IPUIPlugin:79 - create IPUIPlugin
2022-10-06 13:38:57,116 [INFO] PluginManager:217 - loadIPPluginJar : add dma
2022-10-06 13:38:57,121 [INFO] IPUIPlugin:79 - create IPUIPlugin
2022-10-06 13:38:57,121 [INFO] PluginManager:217 - loadIPPluginJar : add dma3
2022-10-06 13:38:57,122 [INFO] IPUIPlugin:79 - create IPUIPlugin
2022-10-06 13:38:57,122 [INFO] PluginManager:217 - loadIPPluginJar : add fatfs
2022-10-06 13:38:57,132 [INFO] IPUIPlugin:79 - create IPUIPlugin
2022-10-06 13:38:57,132 [INFO] PluginManager:217 - loadIPPluginJar : add fmc
2022-10-06 13:38:57,139 [INFO] IPUIPlugin:79 - create IPUIPlugin
2022-10-06 13:38:57,142 [INFO] PluginManager:217 - loadIPPluginJar : add freertos
2022-10-06 13:38:57,144 [INFO] IPUIPlugin:79 - create IPUIPlugin
2022-10-06 13:38:57,144 [INFO] PluginManager:217 - loadIPPluginJar : add genericplugin
2022-10-06 13:38:57,146 [INFO] IPUIPlugin:79 - create IPUIPlugin
2022-10-06 13:38:57,148 [INFO] PluginManager:217 - loadIPPluginJar : add gfxmmu
2022-10-06 13:38:57,154 [INFO] IPUIPlugin:79 - create IPUIPlugin
2022-10-06 13:38:57,154 [INFO] PluginManager:217 - loadIPPluginJar : add gic
2022-10-06 13:38:57,158 [INFO] IPUIPlugin:79 - create IPUIPlugin
2022-10-06 13:38:57,158 [INFO] PluginManager:217 - loadIPPluginJar : add gpio
2022-10-06 13:38:57,166 [INFO] IPUIPlugin:79 - create IPUIPlugin
2022-10-06 13:38:57,166 [INFO] PluginManager:217 - loadIPPluginJar : add gtzc
2022-10-06 13:38:57,171 [INFO] IPUIPlugin:79 - create IPUIPlugin
2022-10-06 13:38:57,171 [INFO] PluginManager:217 - loadIPPluginJar : add hash
2022-10-06 13:38:57,175 [INFO] IPUIPlugin:79 - create IPUIPlugin
2022-10-06 13:38:57,175 [INFO] PluginManager:217 - loadIPPluginJar : add i2c
2022-10-06 13:38:57,175 [INFO] IPUIPlugin:79 - create IPUIPlugin
2022-10-06 13:38:57,175 [INFO] PluginManager:217 - loadIPPluginJar : add i2s
2022-10-06 13:38:57,175 [INFO] IPUIPlugin:79 - create IPUIPlugin
2022-10-06 13:38:57,185 [INFO] PluginManager:217 - loadIPPluginJar : add ipddr
2022-10-06 13:38:57,195 [INFO] IPUIPlugin:79 - create IPUIPlugin
2022-10-06 13:38:57,196 [INFO] PluginManager:217 - loadIPPluginJar : add linkedlist
2022-10-06 13:38:57,197 [INFO] IPUIPlugin:79 - create IPUIPlugin
2022-10-06 13:38:57,197 [INFO] PluginManager:217 - loadIPPluginJar : add lorawan
2022-10-06 13:38:57,202 [INFO] IPUIPlugin:79 - create IPUIPlugin
2022-10-06 13:38:57,203 [INFO] PluginManager:217 - loadIPPluginJar : add ltdc
2022-10-06 13:38:57,211 [INFO] IPUIPlugin:79 - create IPUIPlugin
2022-10-06 13:38:57,211 [INFO] PluginManager:217 - loadIPPluginJar : add mdma
2022-10-06 13:38:57,216 [INFO] IPUIPlugin:79 - create IPUIPlugin
2022-10-06 13:38:57,217 [INFO] PluginManager:217 - loadIPPluginJar : add nvic
2022-10-06 13:38:57,221 [INFO] IPUIPlugin:79 - create IPUIPlugin
2022-10-06 13:38:57,221 [INFO] PluginManager:217 - loadIPPluginJar : add opamp
2022-10-06 13:38:57,226 [INFO] IPUIPlugin:79 - create IPUIPlugin
2022-10-06 13:38:57,226 [INFO] PluginManager:217 - loadIPPluginJar : add openamp
2022-10-06 13:38:57,227 [INFO] IPUIPlugin:79 - create IPUIPlugin
2022-10-06 13:38:57,227 [INFO] PluginManager:217 - loadIPPluginJar : add pdm2pcm
2022-10-06 13:38:57,235 [INFO] IPUIPlugin:79 - create IPUIPlugin
2022-10-06 13:38:57,235 [INFO] PluginManager:217 - loadIPPluginJar : add plateformsettings
2022-10-06 13:38:57,235 [INFO] IPUIPlugin:79 - create IPUIPlugin
2022-10-06 13:38:57,235 [INFO] PluginManager:217 - loadIPPluginJar : add quadspi
2022-10-06 13:38:57,235 [INFO] IPUIPlugin:79 - create IPUIPlugin
2022-10-06 13:38:57,251 [INFO] PluginManager:217 - loadIPPluginJar : add resmgrutility
2022-10-06 13:38:57,252 [INFO] IPUIPlugin:79 - create IPUIPlugin
2022-10-06 13:38:57,252 [INFO] PluginManager:217 - loadIPPluginJar : add sai
2022-10-06 13:38:57,252 [INFO] IPUIPlugin:79 - create IPUIPlugin
2022-10-06 13:38:57,252 [INFO] PluginManager:217 - loadIPPluginJar : add spi
2022-10-06 13:38:57,263 [INFO] IPUIPlugin:79 - create IPUIPlugin
2022-10-06 13:38:57,263 [INFO] PluginManager:217 - loadIPPluginJar : add stm32_wpan
2022-10-06 13:38:57,266 [INFO] IPUIPlugin:79 - create IPUIPlugin
2022-10-06 13:38:57,266 [INFO] PluginManager:217 - loadIPPluginJar : add tim
2022-10-06 13:38:57,269 [INFO] IPUIPlugin:79 - create IPUIPlugin
2022-10-06 13:38:57,269 [INFO] PluginManager:217 - loadIPPluginJar : add touchsensing
2022-10-06 13:38:57,269 [INFO] IPUIPlugin:79 - create IPUIPlugin
2022-10-06 13:38:57,274 [INFO] PluginManager:217 - loadIPPluginJar : add tracer_emb
2022-10-06 13:38:57,277 [INFO] IPUIPlugin:79 - create IPUIPlugin
2022-10-06 13:38:57,277 [INFO] PluginManager:217 - loadIPPluginJar : add ts
2022-10-06 13:38:57,277 [INFO] IPUIPlugin:79 - create IPUIPlugin
2022-10-06 13:38:57,277 [INFO] PluginManager:217 - loadIPPluginJar : add tsc
2022-10-06 13:38:57,283 [INFO] IPUIPlugin:79 - create IPUIPlugin
2022-10-06 13:38:57,284 [INFO] PluginManager:217 - loadIPPluginJar : add ucpd
2022-10-06 13:38:57,287 [INFO] IPUIPlugin:79 - create IPUIPlugin
2022-10-06 13:38:57,287 [INFO] PluginManager:217 - loadIPPluginJar : add usart
2022-10-06 13:38:57,294 [INFO] IPUIPlugin:79 - create IPUIPlugin
2022-10-06 13:38:57,294 [INFO] PluginManager:217 - loadIPPluginJar : add usbx
2022-10-06 13:38:57,967 [FATAL] Updater:301 - Updater called before beeing initialized
2022-10-06 13:38:58,210 [FATAL] Updater:301 - Updater called before beeing initialized
2022-10-06 13:38:58,225 [INFO] DbMcusAds:52 - JSON generation date=Thu Sep 30 09:55:09 TRT 2021 (1632984909247)
2022-10-06 13:38:58,226 [FATAL] Updater:301 - Updater called before beeing initialized
2022-10-06 13:38:58,285 [WARN] DetailPanel:344 - Failed to get advertising image, set to default
2022-10-06 13:38:58,482 [FATAL] Updater:301 - Updater called before beeing initialized
2022-10-06 13:38:58,483 [FATAL] Updater:301 - Updater called before beeing initialized
2022-10-06 13:38:58,483 [FATAL] Updater:301 - Updater called before beeing initialized
2022-10-06 13:38:58,483 [WARN] DetailPanel:344 - Failed to get advertising image, set to default
2022-10-06 13:38:58,486 [FATAL] Updater:301 - Updater called before beeing initialized
2022-10-06 13:38:58,556 [ERROR] Updater:1105 - MainUpdater not yet initialized. External WinMGr cannot be set.
2022-10-06 13:38:58,564 [INFO] Updater:1041 - Updater Version found : 6.6.1
2022-10-06 13:38:58,581 [INFO] ApplicationProperties:181 - Using Application install path: C:\ST\STM32CubeIDE_1.10.1\STM32CubeIDE\plugins\com.st.stm32cube.common.mx_6.6.1.202207061420
2022-10-06 13:38:58,715 [ERROR] ServerAccessManage:1147 - Warning during Server Connexion :  Unknown host sw-center.st.com
2022-10-06 13:38:58,720 [INFO] MainUpdater:2768 - connection check result : 22
2022-10-06 13:38:58,721 [INFO] MainUpdater:280 - Updater Check For Update Now.
2022-10-06 13:38:58,721 [INFO] MicroXplorer:481 - Change Database Version : DB.6.0.60
2022-10-06 13:38:58,934 [INFO] CheckServerUpdateThread:119 - End of CheckServer Thread
2022-10-06 13:38:58,948 [ERROR] ServerAccessManage:1147 - Warning during Server Connexion :  Unknown host sw-center.st.com
2022-10-06 13:38:58,952 [INFO] MainUpdater:2768 - connection check result : 22
2022-10-06 13:38:59,656 [WARN] PackLoader:242 - Cannot read IP mode file for STMicroelectronics.X-CUBE-GNSS1.6.0.0
2022-10-06 13:38:59,755 [WARN] PackLoader:242 - Cannot read IP mode file for STMicroelectronics.X-CUBE-AZRTOS-F4.1.1.0
2022-10-06 13:38:59,829 [WARN] PackLoader:242 - Cannot read IP mode file for STMicroelectronics.X-CUBE-AZRTOS-F7.1.1.0
2022-10-06 13:38:59,846 [WARN] PackLoader:242 - Cannot read IP mode file for STMicroelectronics.X-CUBE-BLE1.6.2.3
2022-10-06 13:38:59,862 [WARN] PackLoader:242 - Cannot read IP mode file for STMicroelectronics.X-CUBE-NFC4.2.0.4
2022-10-06 13:38:59,890 [WARN] PackLoader:242 - Cannot read IP mode file for STMicroelectronics.X-CUBE-TOF1.3.1.0
2022-10-06 13:38:59,911 [WARN] PackLoader:242 - Cannot read IP mode file for wolfSSL.I-CUBE-wolfSSL.5.5.0
2022-10-06 13:38:59,923 [WARN] PackLoader:242 - Cannot read IP mode file for STMicroelectronics.X-CUBE-NFC7.1.0.0
2022-10-06 13:39:00,002 [WARN] PackLoader:242 - Cannot read IP mode file for STMicroelectronics.X-CUBE-MEMS1.9.3.0
2022-10-06 13:39:00,281 [WARN] PackLoader:242 - Cannot read IP mode file for STMicroelectronics.X-CUBE-AI.7.2.0
2022-10-06 13:39:00,290 [WARN] PackLoader:242 - Cannot read IP mode file for STMicroelectronics.X-CUBE-SFXS2LP1.4.0.0
2022-10-06 13:39:00,302 [WARN] PackLoader:242 - Cannot read IP mode file for STMicroelectronics.X-CUBE-BLE2.3.3.0
2022-10-06 13:39:00,318 [WARN] PackLoader:242 - Cannot read IP mode file for STMicroelectronics.X-CUBE-DISPLAY.2.2.0
2022-10-06 13:39:00,327 [WARN] PackLoader:242 - Cannot read IP mode file for STMicroelectronics.X-CUBE-ISPU.1.0.0
2022-10-06 13:39:00,338 [WARN] PackLoader:242 - Cannot read IP mode file for RoweBots.I-CUBE-UNISONRTOS.5.5.0-4
2022-10-06 13:39:00,368 [WARN] PackLoader:242 - Cannot read IP mode file for STMicroelectronics.X-CUBE-AZRTOS-H7.2.1.0
2022-10-06 13:39:00,391 [WARN] PackLoader:242 - Cannot read IP mode file for STMicroelectronics.X-CUBE-BLEMGR.1.0.0
2022-10-06 13:39:00,400 [WARN] PackLoader:242 - Cannot read IP mode file for STMicroelectronics.X-CUBE-ALGOBUILD.1.3.0
2022-10-06 13:39:00,430 [WARN] PackLoader:242 - Cannot read IP mode file for STMicroelectronics.X-CUBE-AZRTOS-G0.1.1.0
2022-10-06 13:39:00,452 [WARN] PackLoader:242 - Cannot read IP mode file for STMicroelectronics.X-CUBE-SUBG2.5.0.0
2022-10-06 13:39:00,521 [WARN] PackLoader:242 - Cannot read IP mode file for SEGGER.I-CUBE-embOS.1.2.0
2022-10-06 13:39:00,602 [WARN] PackLoader:242 - Cannot read IP mode file for STMicroelectronics.FP-ATR-ASTRA1.1.1.1
2022-10-06 13:39:00,620 [WARN] PackLoader:242 - Cannot read IP mode file for STMicroelectronics.X-CUBE-AZRTOS-G4.1.0.0
2022-10-06 13:39:00,650 [WARN] PackLoader:242 - Cannot read IP mode file for STMicroelectronics.X-CUBE-AZRTOS-L4.1.0.0
2022-10-06 13:39:00,659 [WARN] PackLoader:242 - Cannot read IP mode file for emotas.I-CUBE-CANOPEN.1.1.2
2022-10-06 13:39:00,667 [WARN] PackLoader:242 - Cannot read IP mode file for STMicroelectronics.X-CUBE-TOUCHGFX.4.20.0
2022-10-06 13:39:00,676 [WARN] PackLoader:242 - Cannot read IP mode file for STMicroelectronics.X-CUBE-AZRTOS-WL.1.0.0
2022-10-06 13:39:00,686 [WARN] PackLoader:242 - Cannot read IP mode file for portGmbH.I-Cube-SoM-uGOAL.1.1.0
2022-10-06 13:39:00,690 [WARN] PackLoader:242 - Cannot read IP mode file for STMicroelectronics.X-CUBE-ALS.1.0.1
2022-10-06 13:39:00,709 [WARN] PackLoader:242 - Cannot read IP mode file for STMicroelectronics.X-CUBE-AZRTOS-L5.1.0.0
2022-10-06 13:39:00,721 [WARN] PackLoader:242 - Cannot read IP mode file for STMicroelectronics.X-CUBE-EEPRMA1.3.1.1
2022-10-06 13:39:00,725 [INFO] ThirdParty:929 - Integrity check success = true
2022-10-06 13:39:00,726 [INFO] IntegrityCheckThread:98 - exiting critical section [integrity check]
2022-10-06 13:39:00,726 [INFO] IntegrityCheckThread:101 - End integrity checks thread
2022-10-06 13:39:02,989 [INFO] McuFinderGlobals:57 - Set McuFinderConnectedMode to false
2022-10-06 13:39:03,003 [INFO] MultiScanPanel:195 - Auto-refresh data requested => check proxy status ongoing
2022-10-06 13:39:03,005 [INFO] MultiScanPanel:199 - Proxy status is invalid
2022-10-06 13:39:03,010 [INFO] FinderPluginLoader:92 - Searching for filters in installed packs
2022-10-06 13:39:03,180 [INFO] ApiDb:576 - Connected to CubeFinder SQLite database (C:\Users\VeliSacikara\.stmcufinder\plugins\mcufinder\mcu\cube-finder-db.db)
2022-10-06 13:39:03,215 [INFO] ApiDb:663 - CubeFinder database Data Model version=2.1
2022-10-06 13:39:03,216 [INFO] ApiDb:664 - CubeFinder database Configuration version=3.0.32
2022-10-06 13:39:03,216 [INFO] ApiDb:665 - CubeFinder database generation date=2022-08-05 (1659688109)
2022-10-06 13:39:03,216 [INFO] ApiDb:666 - CubeFinder database FW Pack versions=[STM32Cube_FW_C0_V1.0.0, STM32Cube_FW_F4_V1.27.1, STM32Cube_FW_F7_V1.17.0, STM32Cube_FW_G0_V1.6.1, STM32Cube_FW_G4_V1.5.0, STM32Cube_FW_H7_V1.10.0, STM32Cube_FW_L5_V1.4.0, STM32Cube_FW_U5_V1.1.1, STM32Cube_FW_WB_V1.14.1, STM32Cube_FW_WL_V1.2.0, X-CUBE-ALGOBUILD_V1.3.0, X-CUBE-ALS_V1.0.1, X-CUBE-AZRTOS-F4_V1.1.0, X-CUBE-AZRTOS-F7_V1.1.0, X-CUBE-AZRTOS-G0_V1.1.0, X-CUBE-AZRTOS-G4_V1.0.0, X-CUBE-AZRTOS-H7_V2.1.0, X-CUBE-AZRTOS-L4_V1.0.0, X-CUBE-AZRTOS-L5_V1.0.0, X-CUBE-AZRTOS-WL_V1.0.0, X-CUBE-BLE1_V6.2.3, X-CUBE-BLE2_V3.3.0, X-CUBE-EEPRMA1_V3.1.1, X-CUBE-GNSS1_V6.0.0, X-CUBE-MEMS1_V9.1.0, X-CUBE-MEMS1_V9.3.0, X-CUBE-NFC4_V2.0.4, X-CUBE-NFC7_V1.0.0, X-CUBE-SFXS2LP1_V4.0.0, X-CUBE-SUBG2_V5.0.0]
2022-10-06 13:39:06,086 [INFO] ApiDb:239 - Found 138 in-development CPN: [B-WB1M-WPAN1, NUCLEO-C031C6, STEVAL-STWINBX1, STM320518-EVAL, STM32C0116-DK, STM32C011D6Y3TR, STM32C011D6Y6TR, STM32C011F4P3, STM32C011F4P6, STM32C011F4U3, STM32C011F4U6TR, STM32C011F6P3, STM32C011F6P6, STM32C011F6U3, STM32C011F6U6TR, STM32C011J4M3, STM32C011J4M6, STM32C011J6M3, STM32C011J6M6, STM32C0316-DK, STM32C031C4T3, STM32C031C4T6, STM32C031C4U3, STM32C031C4U6, STM32C031C6T3, STM32C031C6T6, STM32C031C6U3, STM32C031C6U6, STM32C031F4P3, STM32C031F4P6, STM32C031F6P3, STM32C031F6P6, STM32C031G4U3, STM32C031G4U6, STM32C031G6U3, STM32C031G6U6, STM32C031K4T3, STM32C031K4T6, STM32C031K4U3, STM32C031K4U6, STM32C031K6T3, STM32C031K6T6, STM32C031K6U3, STM32C031K6U6, STM32G071K8TXN, STM32G071K8UXN, STM32G081GBU6N, STM32G081KBT6N, STM32G081KBUXN, STM32G0B1CCT6N, STM32G0B1KCT6, STM32G0B1NEY6TR, STM32G0B1RCT6N, STM32G0C1CCT6, STM32G0C1CCT6N, STM32G0C1CCU6N, STM32G0C1CET6N, STM32G0C1CEU6N, STM32G0C1KCT6, STM32G0C1NEY6TR, STM32G0C1RCI6N, STM32G0C1RCT6N, STM32G0C1REI6N, STM32G0C1RET6N, STM32G0C1VCI6, STM32G0C1VEI6, STM32G471CCT6, STM32G471CCU6, STM32G471CET3, STM32G471CET6, STM32G471CEU3, STM32G471CEU6, STM32G471MCT6, STM32G471MET3, STM32G471MET6, STM32G471MEY6TR, STM32G471QCT6, STM32G471QET3, STM32G471RCT6, STM32G471RET3, STM32G471RET6, STM32G471VCH6, STM32G471VCI6, STM32G471VCT6, STM32G471VEH3, STM32G471VEH6, STM32G471VEI3, STM32G471VEI6, STM32G471VET3, STM32G471VET6, STM32G474CCT6, STM32L476VGY6PTR, STM32L4R5QGI6STR, STM32MP131AAE3, STM32MP131AAF3, STM32MP131AAG3, STM32MP131CAE3, STM32MP131CAF3, STM32MP131CAG3, STM32MP131DAE7, STM32MP131DAF7, STM32MP131DAG7, STM32MP131FAE7, STM32MP131FAF7, STM32MP131FAG7, STM32MP133AAE3, STM32MP133AAF3, STM32MP133AAG3, STM32MP133CAE3, STM32MP133CAF3, STM32MP133CAG3, STM32MP133DAE7, STM32MP133DAF7, STM32MP133DAG7, STM32MP133FAE7, STM32MP133FAF7, STM32MP133FAG7, STM32MP135AAE3, STM32MP135AAF3, STM32MP135AAG3, STM32MP135CAE3, STM32MP135CAF3, STM32MP135CAG3, STM32MP135DAE7, STM32MP135DAF7, STM32MP135DAG7, STM32MP135F-DK, STM32MP135FAE7, STM32MP135FAF7, STM32MP135FAG7, STM32U595ZJT6Q, STM32U599BJY6QTR, STM32U599NIH6Q, STM32U599NJH6Q, STM32U5A5ZJT6Q, STM32U5A9BJY6QTR, STM32U5A9NJH6Q, STM32WB1MMCH6]
2022-10-06 13:39:06,092 [INFO] DbMcus:215 - Found 3542 MCUs, 3542 are supported
2022-10-06 13:39:06,096 [INFO] ApiDb:418 - Load user favorites file C:\Users\VeliSacikara/.stm32cubeide/favorites.mcus.txt: 0 item(s)
2022-10-06 13:39:06,097 [INFO] ApiDb:422 - User favorites MCUs=[]
2022-10-06 13:39:06,097 [INFO] DbMcus:221 - Set 0 / 0 favorites MCUs
2022-10-06 13:39:08,271 [INFO] DetailPanel:339 - Set advertising image to C:/Users/VeliSacikara/STM32Cube/Repository/\en.Prom_NBSTM32U50921.jpg
2022-10-06 13:39:09,237 [INFO] ApiDb:663 - CubeFinder database Data Model version=2.1
2022-10-06 13:39:09,240 [INFO] ApiDb:664 - CubeFinder database Configuration version=3.0.32
2022-10-06 13:39:09,240 [INFO] ApiDb:665 - CubeFinder database generation date=2022-08-05 (1659688109)
2022-10-06 13:39:09,240 [INFO] ApiDb:666 - CubeFinder database FW Pack versions=[STM32Cube_FW_C0_V1.0.0, STM32Cube_FW_F4_V1.27.1, STM32Cube_FW_F7_V1.17.0, STM32Cube_FW_G0_V1.6.1, STM32Cube_FW_G4_V1.5.0, STM32Cube_FW_H7_V1.10.0, STM32Cube_FW_L5_V1.4.0, STM32Cube_FW_U5_V1.1.1, STM32Cube_FW_WB_V1.14.1, STM32Cube_FW_WL_V1.2.0, X-CUBE-ALGOBUILD_V1.3.0, X-CUBE-ALS_V1.0.1, X-CUBE-AZRTOS-F4_V1.1.0, X-CUBE-AZRTOS-F7_V1.1.0, X-CUBE-AZRTOS-G0_V1.1.0, X-CUBE-AZRTOS-G4_V1.0.0, X-CUBE-AZRTOS-H7_V2.1.0, X-CUBE-AZRTOS-L4_V1.0.0, X-CUBE-AZRTOS-L5_V1.0.0, X-CUBE-AZRTOS-WL_V1.0.0, X-CUBE-BLE1_V6.2.3, X-CUBE-BLE2_V3.3.0, X-CUBE-EEPRMA1_V3.1.1, X-CUBE-GNSS1_V6.0.0, X-CUBE-MEMS1_V9.1.0, X-CUBE-MEMS1_V9.3.0, X-CUBE-NFC4_V2.0.4, X-CUBE-NFC7_V1.0.0, X-CUBE-SFXS2LP1_V4.0.0, X-CUBE-SUBG2_V5.0.0]
2022-10-06 13:39:09,345 [INFO] DbBoardsSqlite:227 - include board P-NUCLEO-WB55-NUCLEO as a kit item of type 'Nucleo-64'
2022-10-06 13:39:09,345 [INFO] DbBoardsSqlite:227 - include board P-NUCLEO-WB55-USBDONGLE as a kit item of type 'Nucleo USB Dongle'
2022-10-06 13:39:09,345 [INFO] DbBoardsSqlite:227 - include board STEVAL-IDP005V1 as a kit item of type 'Evaluation Board'
2022-10-06 13:39:09,350 [INFO] DbBoardsSqlite:227 - include board STEVAL-IDP005V2 as a kit item of type 'Evaluation Board'
2022-10-06 13:39:09,360 [INFO] ApiDb:239 - Found 138 in-development CPN: [B-WB1M-WPAN1, NUCLEO-C031C6, STEVAL-STWINBX1, STM320518-EVAL, STM32C0116-DK, STM32C011D6Y3TR, STM32C011D6Y6TR, STM32C011F4P3, STM32C011F4P6, STM32C011F4U3, STM32C011F4U6TR, STM32C011F6P3, STM32C011F6P6, STM32C011F6U3, STM32C011F6U6TR, STM32C011J4M3, STM32C011J4M6, STM32C011J6M3, STM32C011J6M6, STM32C0316-DK, STM32C031C4T3, STM32C031C4T6, STM32C031C4U3, STM32C031C4U6, STM32C031C6T3, STM32C031C6T6, STM32C031C6U3, STM32C031C6U6, STM32C031F4P3, STM32C031F4P6, STM32C031F6P3, STM32C031F6P6, STM32C031G4U3, STM32C031G4U6, STM32C031G6U3, STM32C031G6U6, STM32C031K4T3, STM32C031K4T6, STM32C031K4U3, STM32C031K4U6, STM32C031K6T3, STM32C031K6T6, STM32C031K6U3, STM32C031K6U6, STM32G071K8TXN, STM32G071K8UXN, STM32G081GBU6N, STM32G081KBT6N, STM32G081KBUXN, STM32G0B1CCT6N, STM32G0B1KCT6, STM32G0B1NEY6TR, STM32G0B1RCT6N, STM32G0C1CCT6, STM32G0C1CCT6N, STM32G0C1CCU6N, STM32G0C1CET6N, STM32G0C1CEU6N, STM32G0C1KCT6, STM32G0C1NEY6TR, STM32G0C1RCI6N, STM32G0C1RCT6N, STM32G0C1REI6N, STM32G0C1RET6N, STM32G0C1VCI6, STM32G0C1VEI6, STM32G471CCT6, STM32G471CCU6, STM32G471CET3, STM32G471CET6, STM32G471CEU3, STM32G471CEU6, STM32G471MCT6, STM32G471MET3, STM32G471MET6, STM32G471MEY6TR, STM32G471QCT6, STM32G471QET3, STM32G471RCT6, STM32G471RET3, STM32G471RET6, STM32G471VCH6, STM32G471VCI6, STM32G471VCT6, STM32G471VEH3, STM32G471VEH6, STM32G471VEI3, STM32G471VEI6, STM32G471VET3, STM32G471VET6, STM32G474CCT6, STM32L476VGY6PTR, STM32L4R5QGI6STR, STM32MP131AAE3, STM32MP131AAF3, STM32MP131AAG3, STM32MP131CAE3, STM32MP131CAF3, STM32MP131CAG3, STM32MP131DAE7, STM32MP131DAF7, STM32MP131DAG7, STM32MP131FAE7, STM32MP131FAF7, STM32MP131FAG7, STM32MP133AAE3, STM32MP133AAF3, STM32MP133AAG3, STM32MP133CAE3, STM32MP133CAF3, STM32MP133CAG3, STM32MP133DAE7, STM32MP133DAF7, STM32MP133DAG7, STM32MP133FAE7, STM32MP133FAF7, STM32MP133FAG7, STM32MP135AAE3, STM32MP135AAF3, STM32MP135AAG3, STM32MP135CAE3, STM32MP135CAF3, STM32MP135CAG3, STM32MP135DAE7, STM32MP135DAF7, STM32MP135DAG7, STM32MP135F-DK, STM32MP135FAE7, STM32MP135FAF7, STM32MP135FAG7, STM32U595ZJT6Q, STM32U599BJY6QTR, STM32U599NIH6Q, STM32U599NJH6Q, STM32U5A5ZJT6Q, STM32U5A9BJY6QTR, STM32U5A9NJH6Q, STM32WB1MMCH6]
2022-10-06 13:39:09,566 [INFO] BoardInfo:879 - No configuration file found for board P-NUCLEO-WB55
2022-10-06 13:39:09,566 [INFO] DbBoards:156 - Kit is not supported: P-NUCLEO-WB55
2022-10-06 13:39:09,579 [INFO] BoardInfo:879 - No configuration file found for board STEVAL-BFA001V1B
2022-10-06 13:39:09,579 [INFO] DbBoards:156 - Kit is not supported: STEVAL-BFA001V1B
2022-10-06 13:39:09,580 [INFO] BoardInfo:879 - No configuration file found for board STEVAL-BFA001V2B
2022-10-06 13:39:09,580 [INFO] DbBoards:156 - Kit is not supported: STEVAL-BFA001V2B
2022-10-06 13:39:09,852 [INFO] DbBoards:160 - Found 176 boards, 173 are supported
2022-10-06 13:39:09,858 [INFO] ApiDb:418 - Load user favorites file C:\Users\VeliSacikara/.stm32cubeide/favorites.boards.txt: 0 item(s)
2022-10-06 13:39:09,858 [INFO] ApiDb:422 - User favorites Boards=[]
2022-10-06 13:39:09,858 [INFO] DbBoards:189 - Set 0 / 0 favorites Boards
2022-10-06 13:39:11,976 [ERROR] LogOutputStream:74 - [STDERR_REDIRECT] SLF4J: Failed to load class "org.slf4j.impl.StaticLoggerBinder".
2022-10-06 13:39:11,983 [ERROR] LogOutputStream:74 - [STDERR_REDIRECT] SLF4J: Defaulting to no-operation (NOP) logger implementation
2022-10-06 13:39:11,989 [ERROR] LogOutputStream:74 - [STDERR_REDIRECT] SLF4J: See http://www.slf4j.org/codes.html#StaticLoggerBinder for further details.
2022-10-06 13:39:15,471 [INFO] MultiScanPanel:195 - Auto-refresh data requested => check proxy status ongoing
2022-10-06 13:39:15,471 [INFO] MultiScanPanel:199 - Proxy status is invalid
2022-10-06 13:39:15,793 [INFO] DetailPanel:339 - Set advertising image to C:/Users/VeliSacikara/STM32Cube/Repository/\en.Prom_NBSTM32U50921.jpg
2022-10-06 13:39:15,810 [INFO] DbBoards:628 - Loading board mini-images...
2022-10-06 13:39:16,026 [ERROR] DbBoards:648 - No image file defined for board B-WB1M-WPAN1
2022-10-06 13:39:16,026 [ERROR] DbBoards:648 - No image file defined for board NUCLEO-C031C6
2022-10-06 13:39:18,341 [ERROR] DbBoards:648 - No image file defined for board STEVAL-STWINBX1
2022-10-06 13:39:18,472 [ERROR] DbBoards:648 - No image file defined for board STM32091C-EVAL
2022-10-06 13:39:18,472 [ERROR] DbBoards:648 - No image file defined for board STM32100E-EVAL
2022-10-06 13:39:18,472 [ERROR] DbBoards:648 - No image file defined for board STM3210C-EVAL
2022-10-06 13:39:18,497 [ERROR] DbBoards:648 - No image file defined for board STM3221G-EVAL
2022-10-06 13:39:18,497 [ERROR] DbBoards:648 - No image file defined for board STM32303C-EVAL
2022-10-06 13:39:18,694 [ERROR] DbBoards:648 - No image file defined for board STM32479I-EVAL
2022-10-06 13:39:18,694 [ERROR] DbBoards:648 - No image file defined for board STM32746G-EVAL2
2022-10-06 13:39:18,710 [ERROR] DbBoards:648 - No image file defined for board STM32C0116-DK
2022-10-06 13:39:18,710 [ERROR] DbBoards:648 - No image file defined for board STM32C0316-DK
2022-10-06 13:39:18,779 [ERROR] DbBoards:648 - No image file defined for board STM32F401C-DISCO
2022-10-06 13:39:18,902 [ERROR] DbBoards:648 - No image file defined for board STM32F7308-DK
2022-10-06 13:39:19,002 [ERROR] DbBoards:648 - No image file defined for board STM32F779I-EVAL
2022-10-06 13:39:19,402 [ERROR] DbBoards:648 - No image file defined for board STM32H747I-EVAL
2022-10-06 13:39:19,518 [ERROR] DbBoards:648 - No image file defined for board STM32L-DISCOVERY
2022-10-06 13:39:19,608 [ERROR] DbBoards:648 - No image file defined for board STM32L152D-EVAL
2022-10-06 13:39:19,968 [ERROR] DbBoards:648 - No image file defined for board STM32MP135F-DK
2022-10-06 13:39:20,501 [INFO] DbBoards:651 - Loaded 157 board mini-images
2022-10-06 13:40:06,901 [ERROR] ServerAccessManage:1147 - Warning during Server Connexion :  Unknown host sw-center.st.com
2022-10-06 13:40:06,904 [INFO] MainUpdater:2768 - connection check result : 22
2022-10-06 13:40:06,909 [ERROR] ServerAccessManage:1147 - Warning during Server Connexion :  Unknown host sw-center.st.com
2022-10-06 13:40:06,910 [INFO] MainUpdater:2768 - connection check result : 22
2022-10-06 13:40:08,693 [INFO] MicroXplorer:451 - Change Database Path : 
2022-10-06 13:40:08,693 [INFO] MicroXplorer:481 - Change Database Version : DB.6.0.60
2022-10-06 13:40:08,696 [WARN] ThirdParty:827 - waiting for thirdparty lock release [close project]
2022-10-06 13:40:08,696 [INFO] ThirdParty:829 - entering critical section [close project]
2022-10-06 13:40:08,697 [INFO] ThirdParty:839 - exiting critical section [close project]
2022-10-06 13:40:08,708 [INFO] PinOutPanel:1468 - setPackage(No Configuration,No Configuration)
2022-10-06 13:40:08,720 [INFO] UtilMem:74 - Begin LoadConfig() Used Memory: 326410040 Bytes (382730240)
2022-10-06 13:40:08,724 [INFO] OpenFileManager:307 - Change cursor
2022-10-06 13:40:08,810 [INFO] ProjectFactory:399 - No CPN specified for board STM32F407G-DISC1 => set CPN to STM32F407VGT6
2022-10-06 13:40:08,811 [INFO] Mcu:1922 - Initializing MCU STM32F407V(E-G)Tx STM32F407VGTx STM32F407VGT6
2022-10-06 13:40:11,498 [INFO] Context:654 - Trying to add GPIOservice into a context  which must be forbidden
2022-10-06 13:40:12,254 [INFO] Rule:225 - rule 117617 - U5Cobra4M][GTZC] default value MPCBB3 and MPCBB5 - Not Secured memory - MPCBB1 is applicable
2022-10-06 13:40:12,254 [INFO] Rule:225 - rule 117617 - U5Cobra4M][GTZC] default value MPCBB3 and MPCBB5 - Not Secured memory - MPCBB1 is applicable
2022-10-06 13:40:12,254 [INFO] Rule:225 - rule 117617 - U5Cobra4M][GTZC] default value MPCBB3 and MPCBB5 - Not Secured memory - MPCBB2 is applicable
2022-10-06 13:40:12,254 [INFO] Rule:225 - rule 117617 - U5Cobra4M][GTZC] default value MPCBB3 and MPCBB5 - Not Secured memory - MPCBB2 is applicable
2022-10-06 13:40:12,254 [INFO] Rule:225 - rule 117617 - U5Cobra4M][GTZC] default value MPCBB3 and MPCBB5 - Not Secured memory - MPCBB3 is applicable
2022-10-06 13:40:12,254 [INFO] Rule:225 - rule 117617 - U5Cobra4M][GTZC] default value MPCBB3 and MPCBB5 - Not Secured memory - MPCBB3 is applicable
2022-10-06 13:40:12,254 [INFO] Rule:225 - rule 117617 - U5Cobra4M][GTZC] default value MPCBB3 and MPCBB5 - Not Secured memory - MPCBB4 is applicable
2022-10-06 13:40:12,254 [INFO] Rule:225 - rule 117617 - U5Cobra4M][GTZC] default value MPCBB3 and MPCBB5 - Not Secured memory - MPCBB4 is applicable
2022-10-06 13:40:12,254 [INFO] Rule:225 - rule 117617 - U5Cobra4M][GTZC] default value MPCBB3 and MPCBB5 - Secured memory - MPCBB1 is applicable
2022-10-06 13:40:12,254 [INFO] Rule:225 - rule 117617 - U5Cobra4M][GTZC] default value MPCBB3 and MPCBB5 - Secured memory - MPCBB2 is applicable
2022-10-06 13:40:12,254 [INFO] Rule:225 - rule 117617 - U5Cobra4M][GTZC] default value MPCBB3 and MPCBB5 - Secured memory - MPCBB3 is applicable
2022-10-06 13:40:12,254 [INFO] Rule:225 - rule 117617 - U5Cobra4M][GTZC] default value MPCBB3 and MPCBB5 - Secured memory - MPCBB4 is applicable
2022-10-06 13:40:12,254 [INFO] Rule:225 - rule 117617 - U5Cobra4M][GTZC] default value MPCBB3 and MPCBB5 - Privileged memory - MPCBB1 is applicable
2022-10-06 13:40:12,254 [INFO] Rule:225 - rule 117617 - U5Cobra4M][GTZC] default value MPCBB3 and MPCBB5 - Privileged memory - MPCBB2 is applicable
2022-10-06 13:40:12,254 [INFO] Rule:225 - rule 117617 - U5Cobra4M][GTZC] default value MPCBB3 and MPCBB5 - Privileged memory - MPCBB3 is applicable
2022-10-06 13:40:12,254 [INFO] Rule:225 - rule 117617 - U5Cobra4M][GTZC] default value MPCBB3 and MPCBB5 - Privileged memory - MPCBB4 is applicable
2022-10-06 13:40:12,254 [INFO] Rule:225 - rule 117617 - U5Cobra4M][GTZC] default value MPCBB3 and MPCBB5 - Not Privileged memory - MPCBB1 is applicable
2022-10-06 13:40:12,260 [INFO] Rule:225 - rule 117617 - U5Cobra4M][GTZC] default value MPCBB3 and MPCBB5 - Not Privileged memory - MPCBB2 is applicable
2022-10-06 13:40:12,260 [INFO] Rule:225 - rule 117617 - U5Cobra4M][GTZC] default value MPCBB3 and MPCBB5 - Not Privileged memory - MPCBB3 is applicable
2022-10-06 13:40:12,260 [INFO] Rule:225 - rule 117617 - U5Cobra4M][GTZC] default value MPCBB3 and MPCBB5 - Not Privileged memory - MPCBB4 is applicable
2022-10-06 13:40:12,260 [INFO] Rule:225 - rule 117617 - U5Cobra4M][GTZC] default value MPCBB3 and MPCBB5 - Privileged memory - MPCBB1 is applicable
2022-10-06 13:40:12,260 [INFO] Rule:225 - rule 117617 - U5Cobra4M][GTZC] default value MPCBB3 and MPCBB5 - Privileged memory - MPCBB2 is applicable
2022-10-06 13:40:12,260 [INFO] Rule:225 - rule 117617 - U5Cobra4M][GTZC] default value MPCBB3 and MPCBB5 - Privileged memory - MPCBB3 is applicable
2022-10-06 13:40:12,261 [INFO] Rule:225 - rule 117617 - U5Cobra4M][GTZC] default value MPCBB3 and MPCBB5 - Privileged memory - MPCBB4 is applicable
2022-10-06 13:40:12,261 [INFO] Rule:225 - rule 117617 - U5Cobra4M][GTZC] default value MPCBB3 and MPCBB5 - Privileged memory - MPCBB1 is applicable
2022-10-06 13:40:12,261 [INFO] Rule:225 - rule 117617 - U5Cobra4M][GTZC] default value MPCBB3 and MPCBB5 - Privileged memory - MPCBB2 is applicable
2022-10-06 13:40:12,261 [INFO] Rule:225 - rule 117617 - U5Cobra4M][GTZC] default value MPCBB3 and MPCBB5 - Privileged memory - MPCBB3 is applicable
2022-10-06 13:40:12,261 [INFO] Rule:225 - rule 117617 - U5Cobra4M][GTZC] default value MPCBB3 and MPCBB5 - Privileged memory - MPCBB4 is applicable
2022-10-06 13:40:12,261 [INFO] Rule:225 - rule 117617 - U5Cobra4M][GTZC] default value MPCBB3 and MPCBB5 - Not Privileged memory - MPCBB1 is applicable
2022-10-06 13:40:12,261 [INFO] Rule:225 - rule 117617 - U5Cobra4M][GTZC] default value MPCBB3 and MPCBB5 - Not Privileged memory - MPCBB2 is applicable
2022-10-06 13:40:12,261 [INFO] Rule:225 - rule 117617 - U5Cobra4M][GTZC] default value MPCBB3 and MPCBB5 - Not Privileged memory - MPCBB3 is applicable
2022-10-06 13:40:12,261 [INFO] Rule:225 - rule 117617 - U5Cobra4M][GTZC] default value MPCBB3 and MPCBB5 - Not Privileged memory - MPCBB4 is applicable
2022-10-06 13:40:12,261 [INFO] Rule:225 - rule 117617 - U5Cobra4M][GTZC] default value MPCBB3 and MPCBB5 - Privileged memory - MPCBB1 is applicable
2022-10-06 13:40:12,261 [INFO] Rule:225 - rule 117617 - U5Cobra4M][GTZC] default value MPCBB3 and MPCBB5 - Privileged memory - MPCBB2 is applicable
2022-10-06 13:40:12,261 [INFO] Rule:225 - rule 117617 - U5Cobra4M][GTZC] default value MPCBB3 and MPCBB5 - Privileged memory - MPCBB3 is applicable
2022-10-06 13:40:12,261 [INFO] Rule:225 - rule 117617 - U5Cobra4M][GTZC] default value MPCBB3 and MPCBB5 - Privileged memory - MPCBB4 is applicable
2022-10-06 13:40:12,261 [INFO] Rule:225 - rule Rename SubGHz_Phy SUBGHZ_APPLICATION SUBGHZ_PINGPONG to SUBGHZ_ADV_APPLICATION is applicable
2022-10-06 13:40:12,261 [INFO] Rule:225 - rule Rename Enabled to IBEACON is applicable
2022-10-06 13:40:12,261 [INFO] Rule:225 - rule GTZC_S instance for project manager is applicable
2022-10-06 13:40:12,261 [INFO] Rule:225 - rule GTZC_S instance for context M33S is applicable
2022-10-06 13:40:12,261 [INFO] Rule:225 - rule GTZC_S instance value for IP GTZC is applicable
2022-10-06 13:40:12,261 [INFO] Rule:225 - rule GTZC_S instance for mcu.IP is applicable
2022-10-06 13:40:12,261 [INFO] Rule:225 - rule GTZC_S instance for VP is applicable
2022-10-06 13:40:12,261 [INFO] Rule:225 - rule GTZC_S instance for signal is applicable
2022-10-06 13:40:12,261 [INFO] Rule:225 - rule GTZC_S instance for mcu.Pin is applicable
2022-10-06 13:40:12,263 [INFO] Rule:225 - rule GTZC_S instance for VP is applicable
2022-10-06 13:40:12,263 [INFO] Rule:225 - rule GTZC_S instance for signal is applicable
2022-10-06 13:40:12,263 [INFO] Rule:225 - rule GTZC_S instance for mcu is applicable
2022-10-06 13:40:12,263 [INFO] Rule:225 - rule GTZC_S instance for mcu.Pin is applicable
2022-10-06 13:40:12,263 [INFO] Rule:225 - rule GTZC_S instance value for IP GTZC is applicable
2022-10-06 13:40:12,263 [INFO] Rule:225 - rule GTZC_S instance for project manager is applicable
2022-10-06 13:40:12,264 [INFO] Rule:225 - rule GTZC_S instance for context M33S is applicable
2022-10-06 13:40:12,264 [INFO] Rule:225 - rule GTZC_S instance for VP is applicable
2022-10-06 13:40:12,264 [INFO] Rule:225 - rule GTZC_S instance for signal is applicable
2022-10-06 13:40:12,264 [INFO] Rule:225 - rule SPDIFRX instance for mcu is applicable
2022-10-06 13:40:12,264 [INFO] Rule:225 - rule Rename Tracer Mode is applicable
2022-10-06 13:40:12,264 [INFO] Rule:225 - rule SPDIFRX instance value for IP SPDIFRX is applicable
2022-10-06 13:40:12,264 [INFO] Rule:225 - rule SPDIFRX instance for signal is applicable
2022-10-06 13:40:12,264 [INFO] Rule:225 - rule SPDIFRX instance for project manager is applicable
2022-10-06 13:40:12,264 [INFO] Rule:225 - rule SPDIFRX instance for project manager is applicable
2022-10-06 13:40:12,265 [INFO] Rule:225 - rule ADC Scan  fix with FW F7 is applicable
2022-10-06 13:40:12,265 [INFO] Rule:225 - rule ADC Scan  fix with FW F7 is applicable
2022-10-06 13:40:12,265 [INFO] Rule:225 - rule UART/USART WORD LENGTH 7 is applicable
2022-10-06 13:40:12,265 [INFO] Rule:225 - rule UART/USART WORD LENGTH 8 is applicable
2022-10-06 13:40:12,265 [INFO] Rule:225 - rule UART/USART WORD LENGTH 9 is applicable
2022-10-06 13:40:12,265 [INFO] Rule:225 - rule Change Default Value for ADC Clock Prescaler G0 family is applicable
2022-10-06 13:40:12,265 [INFO] Rule:225 - rule ADC SamplingTime fix with FW L0  is applicable
2022-10-06 13:40:12,265 [INFO] Rule:225 - rule ADC SamplingTime fix with FW L0  is applicable
2022-10-06 13:40:12,265 [INFO] Rule:225 - rule ADC SamplingTime fix with FW L0 is applicable
2022-10-06 13:40:12,265 [INFO] Rule:225 - rule ADC SamplingTime fix with FW L0 is applicable
2022-10-06 13:40:12,265 [INFO] Rule:225 - rule ADC SamplingTime fix with FW L0  is applicable
2022-10-06 13:40:12,265 [INFO] Rule:225 - rule ADC SamplingTime fix with FW L0 is applicable
2022-10-06 13:40:12,265 [INFO] Rule:225 - rule Rename USB_OE Signal is applicable
2022-10-06 13:40:12,265 [INFO] Rule:225 - rule Rename Activate_OE Mode is applicable
2022-10-06 13:40:12,265 [INFO] Rule:225 - rule Rename DIE462/DIE415 pin PC14/OSC32_IN -> PC14-OSC32_IN (PC14) is applicable
2022-10-06 13:40:12,265 [INFO] Rule:225 - rule Rename DIE462/DIE415 pin PC15/OSC32_OUT -> PC15-OSC32_OUT (PC15) is applicable
2022-10-06 13:40:12,265 [INFO] Rule:225 - rule Rename DIE462/DIE415 pin PH0/OSC_IN -> PH0-OSC_IN (PH0) is applicable
2022-10-06 13:40:12,265 [INFO] Rule:225 - rule Rename DIE462/DIE415 pin PH1/OSC_OUT -> PH1-OSC_OUT (PH1) is applicable
2022-10-06 13:40:12,265 [INFO] Rule:225 - rule Rename DIE462 pin PA13 -> PA13 (JTMS/SWDIO) is applicable
2022-10-06 13:40:12,265 [INFO] Rule:225 - rule Rename DIE415 pin PA13 -> PA13 (JTMS/SWDIO) is applicable
2022-10-06 13:40:12,265 [INFO] Rule:225 - rule Rename DIE462 pin PA14 -> PA14 (JTCK/SWCLK) is applicable
2022-10-06 13:40:12,265 [INFO] Rule:225 - rule Rename DIE415 pin PA14 -> PA14 (JTCK/SWCLK) is applicable
2022-10-06 13:40:12,265 [INFO] Rule:225 - rule Rename DIE462/DIE415 pin PA15 -> PA15 (JTDI) is applicable
2022-10-06 13:40:12,265 [INFO] Rule:225 - rule Rename DIE462 pin PB3 -> PB3 (JTD0/TRACESWO) is applicable
2022-10-06 13:40:12,265 [INFO] Rule:225 - rule Rename DIE415 pin PB3 -> PB3 (JTD0-TRACESWO) is applicable
2022-10-06 13:40:12,265 [INFO] Rule:225 - rule Rename DIE462/DIE415 pin PB4 -> PB4 (NJTRST) is applicable
2022-10-06 13:40:12,265 [INFO] Rule:225 - rule Rename DIE462 pin PH3/BOOT0 -> PH3-BOOT0 (BOOT0) is applicable
2022-10-06 13:40:12,265 [INFO] Rule:225 - rule Rename CRYP DataEncryptionTypesList to Algorithm is applicable
2022-10-06 13:40:12,265 [INFO] Rule:225 - rule Rename AES DataEncryptionTypesList to Algorithm is applicable
2022-10-06 13:40:12,270 [INFO] Rule:225 - rule Rename TDESECB to CRYP_TDES_ECB is applicable
2022-10-06 13:40:12,270 [INFO] Rule:225 - rule Rename TDESCBC to CRYP_TDES_CBC is applicable
2022-10-06 13:40:12,270 [INFO] Rule:225 - rule Rename DESECB to CRYP_DES_ECB is applicable
2022-10-06 13:40:12,270 [INFO] Rule:225 - rule Rename DESCBC to CRYP_DES_CBC is applicable
2022-10-06 13:40:12,270 [INFO] Rule:225 - rule Rename AESECB to CRYP_AES_ECB is applicable
2022-10-06 13:40:12,270 [INFO] Rule:225 - rule Rename AESCBC to CRYP_AES_CBC is applicable
2022-10-06 13:40:12,270 [INFO] Rule:225 - rule Rename AESCTR to CRYP_AES_CTR is applicable
2022-10-06 13:40:12,270 [INFO] Rule:225 - rule Rename AESGCM to CRYP_AES_GCM is applicable
2022-10-06 13:40:12,271 [INFO] Rule:225 - rule Rename AESCCM to CRYP_AES_CCM is applicable
2022-10-06 13:40:12,271 [INFO] Rule:225 - rule Rename CAN TimeSeg1 to BS1 is applicable
2022-10-06 13:40:12,271 [INFO] Rule:225 - rule Rename CAN TimeSeg2 to BS2 is applicable
2022-10-06 13:40:12,271 [INFO] Rule:225 - rule Rename CAN SyncJumpWidth to SJW is applicable
2022-10-06 13:40:12,271 [INFO] Rule:225 - rule TimeTriggeredMode to TTCM is applicable
2022-10-06 13:40:12,271 [INFO] Rule:225 - rule Rename CAN AutoBusOff to ABOM is applicable
2022-10-06 13:40:12,271 [INFO] Rule:225 - rule Rename CAN AutoWakeUp to AWUM is applicable
2022-10-06 13:40:12,271 [INFO] Rule:225 - rule Rename CAN AutoRetransmission to NART is applicable
2022-10-06 13:40:12,271 [INFO] Rule:225 - rule Rename CAN ReceiveFifoLocked to RFLM is applicable
2022-10-06 13:40:12,271 [INFO] Rule:225 - rule Rename CAN TransmitFifoPriority to TXFP is applicable
2022-10-06 13:40:12,271 [INFO] Rule:225 - rule Rename HRTIMER HRTIM_OUTPUTFAULTLEVEL_HIGH in HRTIMER HRTIM_OUTPUTFAULTLEVEL_HIGHZ is applicable
2022-10-06 13:40:12,271 [INFO] Rule:225 - rule Rename TIMER TIM_CLEARINPUTSOURCE_OCREFCLR in  TIMER TIM_CLEARINPUTSOURCE_NONE for F7 family is applicable
2022-10-06 13:40:12,271 [INFO] Rule:225 - rule FDCAN_R1 - Rename FDCAN mode Master into Classic is applicable
2022-10-06 13:40:12,271 [INFO] Rule:225 - rule FDCAN_R2 - Rename FDCAN mode Slave into Classic is applicable
2022-10-06 13:40:12,271 [INFO] Rule:225 - rule FDCAN1_R3 - if PA10.Mode=FullDuplex, add Pin PA12 is applicable
2022-10-06 13:40:12,271 [INFO] Rule:225 - rule FDCAN1_R3 - if PA9.Mode=FullDuplex, add Pin PA11 is applicable
2022-10-06 13:40:12,271 [INFO] Rule:225 - rule FDCAN1_R3 - Alternatepin_1 - if PE1.Mode=FullDuplex, add Pin PB9 is applicable
2022-10-06 13:40:12,271 [INFO] Rule:225 - rule FDCAN1_R3 - Alternatepin_1 - if PE0.Mode=FullDuplex, add Pin PB8 is applicable
2022-10-06 13:40:12,271 [INFO] Rule:225 - rule FDCAN1_R3 - Alternatepin_2 - if PD5.Mode=FullDuplex, add Pin PD1 is applicable
2022-10-06 13:40:12,271 [INFO] Rule:225 - rule FDCAN1_R3 - Alternatepin_2 - if PD4.Mode=FullDuplex, add Pin PD0 is applicable
2022-10-06 13:40:12,271 [INFO] Rule:225 - rule FDCAN1_R4 - Rename Mode FullDuplex into Enable FDCAN_TXFD for pin PA10 is applicable
2022-10-06 13:40:12,271 [INFO] Rule:225 - rule FDCAN1_R4 - Rename Mode FullDuplex into Enable FDCAN_TXFD for pin PA9 is applicable
2022-10-06 13:40:12,271 [INFO] Rule:225 - rule FDCAN1_R4 - Alternatepin_1 - Rename Mode FullDuplex into Enable FDCAN_TXFD for pin PE1 is applicable
2022-10-06 13:40:12,271 [INFO] Rule:225 - rule FDCAN1_R4 - Alternatepin_1 - Rename Mode FullDuplex into Enable FDCAN_TXFD for pin PE0 is applicable
2022-10-06 13:40:12,271 [INFO] Rule:225 - rule FDCAN1_R4 - Alternatepin_2 - Rename Mode FullDuplex into Enable FDCAN_TXFD for pin PD5 is applicable
2022-10-06 13:40:12,271 [INFO] Rule:225 - rule FDCAN1_R4 - Alternatepin_2 - Rename Mode FullDuplex into Enable FDCAN_TXFD for pin PD4 is applicable
2022-10-06 13:40:12,271 [INFO] Rule:225 - rule FDCAN2_R3 - if PD10.Mode=FullDuplex, add Pin PB13 is applicable
2022-10-06 13:40:12,271 [INFO] Rule:225 - rule FDCAN2_R3 - if PD9.Mode=FullDuplex, add Pin PB12 is applicable
2022-10-06 13:40:12,274 [INFO] Rule:225 - rule FDCAN2_R3 - Alternatepin_1 - if PB7.Mode=FullDuplex, add Pin PB6 is applicable
2022-10-06 13:40:12,274 [INFO] Rule:225 - rule FDCAN2_R3 - Alternatepin_1 - if PD9.Mode=FullDuplex, add Pin PB12 is applicable
2022-10-06 13:40:12,274 [INFO] Rule:225 - rule FDCAN2_R4 - Rename Mode FullDuplex into Enable FDCAN_TXFD for pin PD10 is applicable
2022-10-06 13:40:12,274 [INFO] Rule:225 - rule FDCAN2_R4 - Rename Mode FullDuplex into Enable FDCAN_TXFD for pin PD9 is applicable
2022-10-06 13:40:12,274 [INFO] Rule:225 - rule FDCAN2_R4 - Alternatepin_1 - Rename Mode FullDuplex into Enable FDCAN_TXFD for pin PB7 is applicable
2022-10-06 13:40:12,274 [INFO] Rule:225 - rule FDCAN2_R4 - Alternatepin_1 - Rename Mode FullDuplex into Enable FDCAN_TXFD for pin PD6 is applicable
2022-10-06 13:40:12,274 [INFO] Rule:225 - rule USART TxPinLevelInvertParam Mode is applicable
2022-10-06 13:40:12,275 [INFO] Rule:225 - rule USART RxPinLevelInvertParam Mode is applicable
2022-10-06 13:40:12,275 [INFO] Rule:225 - rule USART DataInvertParam Mode is applicable
2022-10-06 13:40:12,275 [INFO] Rule:225 - rule USART SwapParam Mode is applicable
2022-10-06 13:40:12,275 [INFO] Rule:225 - rule USART OverrunDisableParam Mode is applicable
2022-10-06 13:40:12,275 [INFO] Rule:225 - rule USART DMADisableonRxErrorParam Mode is applicable
2022-10-06 13:40:12,275 [INFO] Rule:225 - rule USART MSBFirstParam Mode is applicable
2022-10-06 13:40:12,275 [INFO] Rule:225 - rule Update MwName for USB_DEVICE is applicable
2022-10-06 13:40:12,275 [INFO] Rule:225 - rule Change PWR_Regulator_Voltage_Scale Default Value for RCC  H7 family is applicable
2022-10-06 13:40:12,275 [INFO] Rule:225 - rule UART/USART IPParameter rename Prescaler parameter to ClockPrescaler is applicable
2022-10-06 13:40:12,275 [INFO] Rule:225 - rule UART/USART Prescaler rename Prescaler parameter to ClockPrescaler is applicable
2022-10-06 13:40:12,275 [INFO] Rule:225 - rule TIM1CLockSelection is applicable
2022-10-06 13:40:12,275 [INFO] Rule:225 - rule TIM15CLockSelection is applicable
2022-10-06 13:40:12,275 [INFO] Rule:225 - rule align RCC SDMMC3CLockSelection default value on MP1 is applicable
2022-10-06 13:40:12,275 [INFO] Rule:225 - rule align RCC SDMMC12CLockSelection default value on MP1 is applicable
2022-10-06 13:40:12,275 [INFO] Rule:225 - rule align RCC QSPICLockSelection default value on MP1 is applicable
2022-10-06 13:40:12,275 [INFO] Rule:225 - rule align RCC QSPICLockSelection default value on MP1 is applicable
2022-10-06 13:40:12,275 [INFO] Rule:225 - rule align RCC SPI6CLockSelection default value on MP1 is applicable
2022-10-06 13:40:12,275 [INFO] Rule:225 - rule align RCC LPTIM23CLockSelection default value on MP1 is applicable
2022-10-06 13:40:12,275 [INFO] Rule:225 - rule align RCC LPTIM1CLockSelection default value on MP1 is applicable
2022-10-06 13:40:12,275 [INFO] Rule:225 - rule align RCC USART1CLockSelection default value on MP1 is applicable
2022-10-06 13:40:12,275 [INFO] Rule:225 - rule align RCC USART24CLockSelection default value on MP1 is applicable
2022-10-06 13:40:12,275 [INFO] Rule:225 - rule align RCC USART6CLockSelection default value on MP1 is applicable
2022-10-06 13:40:12,275 [INFO] Rule:225 - rule align RCC UART78CLockSelection default value on MP1 is applicable
2022-10-06 13:40:12,275 [INFO] Rule:225 - rule align RCC USART35CLockSelection default value on MP1 is applicable
2022-10-06 13:40:12,275 [INFO] Rule:225 - rule align RCC SPI45CLockSelection default value on MP1 is applicable
2022-10-06 13:40:12,278 [INFO] Rule:225 - rule align RCC I2C46CLockSelection BCLK value on MP1 is applicable
2022-10-06 13:40:12,278 [INFO] Rule:225 - rule align RCC SPI45CLockSelection default value on MP1 is applicable
2022-10-06 13:40:12,278 [INFO] Rule:225 - rule align RCC I2C12CLockSelection default value on MP1 is applicable
2022-10-06 13:40:12,278 [INFO] Rule:225 - rule align RCC I2C35CLockSelection default value on MP1 is applicable
2022-10-06 13:40:12,278 [INFO] Rule:225 - rule align RCC LPTIM45CLockSelection default value on MP1 is applicable
2022-10-06 13:40:12,278 [INFO] Rule:225 - rule Rename DCMI PIXCK signal is applicable
2022-10-06 13:40:12,278 [INFO] Rule:225 - rule Change Default Value for I2C46CLockSelection MP1 family is applicable
2022-10-06 13:40:12,278 [INFO] Rule:225 - rule Change Default Value for UART for G4, G0 and WB families is applicable
2022-10-06 13:40:12,278 [INFO] Rule:225 - rule Change Default Value for USART for G4, G0 and WB families is applicable
2022-10-06 13:40:12,278 [INFO] Rule:225 - rule Change Default Value for USART for G4 family is applicable
2022-10-06 13:40:12,278 [INFO] Rule:225 - rule Change USART1CLockSelection refparam name for MP1 is applicable
2022-10-06 13:40:12,279 [INFO] Rule:225 - rule Change USART2CLockSelection refparam name for MP1 is applicable
2022-10-06 13:40:12,279 [INFO] Rule:225 - rule Change USART3CLockSelection refparam name for MP1 is applicable
2022-10-06 13:40:12,279 [INFO] Rule:225 - rule Change UART4CLockSelection refparam name for MP1 is applicable
2022-10-06 13:40:12,279 [INFO] Rule:225 - rule Change UART5CLockSelection refparam name for MP1 is applicable
2022-10-06 13:40:12,279 [INFO] Rule:225 - rule Change LPUART1CLockSelection refparam name for MP1 is applicable
2022-10-06 13:40:12,279 [INFO] Rule:225 - rule Change LPTIM1CLockSelection refparam name for MP1 is applicable
2022-10-06 13:40:12,279 [INFO] Rule:225 - rule Change LPTIM2CLockSelection refparam name for MP1 is applicable
2022-10-06 13:40:12,279 [INFO] Rule:225 - rule Change RCC_MCO1Source refparam name for MP1 is applicable
2022-10-06 13:40:12,279 [INFO] Rule:225 - rule Change LSCOSource1 refparam name for MP1 is applicable
2022-10-06 13:40:12,279 [INFO] Rule:225 - rule Change SMPSCLockSelection refparam name for MP1 is applicable
2022-10-06 13:40:12,279 [INFO] Rule:225 - rule Change LPTIM3CLockSelection refparam name for MP1 is applicable
2022-10-06 13:40:12,279 [INFO] Rule:225 - rule Change MPCBB* Default Template Mode to Parameters is applicable
2022-10-06 13:40:12,279 [INFO] Rule:225 - rule Change MPCWM* or MPCBB* Secure Mode to Parameters is applicable
2022-10-06 13:40:12,279 [INFO] Rule:225 - rule Change MPCWM* or MPCBB* No Secure Mode to Parameters is applicable
2022-10-06 13:40:12,279 [INFO] Rule:225 - rule Change TZSC IP Secure Mode to Parameters is applicable
2022-10-06 13:40:12,279 [INFO] Rule:225 - rule Change TZSC IP No Secure Mode to Parameters is applicable
2022-10-06 13:40:12,279 [INFO] Rule:225 - rule Change TZSC IP Privilege Mode to Parameters is applicable
2022-10-06 13:40:12,279 [INFO] Rule:225 - rule Change TZSC IP No Privilege Mode to Parameters is applicable
2022-10-06 13:40:12,279 [INFO] Rule:225 - rule Change TZIC IT Secure Mode to Parameters is applicable
2022-10-06 13:40:12,279 [INFO] Rule:225 - rule Change TZIC IT No Secure Mode to Parameters is applicable
2022-10-06 13:40:12,280 [INFO] Rule:225 - rule Add MPCBB1_NonSecureArea_Start_Address value with referenced to MPCBB1_NonSecureArea_Start value is applicable
2022-10-06 13:40:12,280 [INFO] Rule:225 - rule Add MPCBB2_NonSecureArea_Start_Address value with referenced to MPCBB2_NonSecureArea_Start value is applicable
2022-10-06 13:40:12,280 [INFO] Rule:225 - rule Add MPCWM1_NonSecureArea*_Start_Address value with referenced to MPCWM1_NonSecureArea*_Start value is applicable
2022-10-06 13:40:12,280 [INFO] Rule:225 - rule Add MPCWM2_NonSecureArea*_Start_Address value with referenced to MPCWM2_NonSecureArea*_Start value is applicable
2022-10-06 13:40:12,280 [INFO] Rule:225 - rule Add MPCWM3_NonSecureArea_Start_Address value with referenced to MPCWM3_NonSecureArea_Start value is applicable
2022-10-06 13:40:12,280 [INFO] Rule:225 - rule Change Default Value for PLL1UserDefinedConfig is applicable
2022-10-06 13:40:12,280 [INFO] Rule:225 - rule Change GPIO_PuPd Default Value for USART in async mode is applicable
2022-10-06 13:40:12,280 [INFO] Rule:225 - rule Change SMPSDivider Default Value is applicable
2022-10-06 13:40:12,280 [INFO] Rule:225 - rule OPAMP is applicable
2022-10-06 13:40:12,280 [INFO] Rule:225 - rule LPUART IPParameter rename Prescaler parameter to ClockPrescaler for STM32H7 is applicable
2022-10-06 13:40:12,280 [INFO] Rule:225 - rule LPUART IPParameter rename Prescaler parameter to ClockPrescaler for STM32H7 is applicable
2022-10-06 13:40:12,280 [INFO] Rule:225 - rule LPUART IPParameter rename Prescaler parameter to ClockPrescaler for STM32WB is applicable
2022-10-06 13:40:12,281 [INFO] Rule:225 - rule LPUART IPParameter rename Prescaler parameter to ClockPrescaler for STM32WB is applicable
2022-10-06 13:40:12,281 [INFO] Rule:225 - rule LPUART IPParameter rename Prescaler parameter to ClockPrescaler for STM32G4 is applicable
2022-10-06 13:40:12,281 [INFO] Rule:225 - rule LPUART IPParameter rename Prescaler parameter to ClockPrescaler for STM32G4 is applicable
2022-10-06 13:40:12,281 [INFO] Rule:225 - rule LPUART IPParameter rename Prescaler parameter to ClockPrescaler for STM32L5 is applicable
2022-10-06 13:40:12,281 [INFO] Rule:225 - rule LPUART IPParameter rename Prescaler parameter to ClockPrescaler for STM32L5 is applicable
2022-10-06 13:40:12,281 [INFO] Rule:225 - rule LPUART IPParameter rename Prescaler parameter to ClockPrescaler for STM32G4 is applicable
2022-10-06 13:40:12,281 [INFO] Rule:225 - rule LPUART IPParameter rename Prescaler parameter to ClockPrescaler for STM32G4 is applicable
2022-10-06 13:40:12,281 [INFO] Rule:225 - rule USB device lib V2.5.3 for L0 rename USBD_SUPPORT_USER_STRING parameter to USBD_SUPPORT_USER_STRING_DESC4 is applicable
2022-10-06 13:40:12,281 [INFO] Rule:225 - rule I2SCLockSelection clock entry align is applicable
2022-10-06 13:40:12,282 [INFO] Rule:225 - rule Assign TIMx context if used as SYS timebase is applicable
2022-10-06 13:40:12,282 [INFO] Rule:225 - rule Change GPIO_Pu Default Value for I2C is applicable
2022-10-06 13:40:12,282 [INFO] Rule:225 - rule Change GPIO_Pu Default Value for SMBus is applicable
2022-10-06 13:40:12,282 [INFO] Rule:225 - rule change FDCAN default value is applicable
2022-10-06 13:40:12,282 [INFO] Rule:225 - rule Change mode sai is applicable
2022-10-06 13:40:12,282 [INFO] Rule:225 - rule **Change sai mode is applicable
2022-10-06 13:40:12,305 [INFO] DbConfProperties:305 - Apply Compatibility (34/215 Rules)
2022-10-06 13:40:12,328 [INFO] ImportTextPane:193 - (OptionalMessage_ERROR) Unable to find key (Mcu.ThirdPartyNb) in loaded IOC file
2022-10-06 13:40:12,472 [WARN] ApiManager:308 - Cannot register API 'Board Extension:GNSS1A1' from pack STMicroelectronics.X-CUBE-GNSS1.6.0.0: no header file found
2022-10-06 13:40:12,472 [WARN] ApiManager:308 - Cannot register API 'Board Support:Custom' from pack STMicroelectronics.X-CUBE-GNSS1.6.0.0: no header file found
2022-10-06 13:40:12,479 [WARN] ApiManager:308 - Cannot register API 'Data Exchange:lib_gnss' from pack STMicroelectronics.X-CUBE-GNSS1.6.0.0: no header file found
2022-10-06 13:40:12,496 [WARN] ApiManager:308 - Cannot register API 'Wireless:BlueNRG-MS' from pack STMicroelectronics.X-CUBE-BLE1.6.2.3: no header file found
2022-10-06 13:40:12,503 [INFO] RtosManager:488 - Registered RTOS mode: class=CMSIS, group=RTOS, mode=CMSIS_V1, owner=FREERTOS
2022-10-06 13:40:12,504 [INFO] RtosManager:488 - Registered RTOS mode: class=CMSIS, group=RTOS2, mode=CMSIS_V2, owner=FREERTOS
2022-10-06 13:40:12,504 [INFO] RtosManager:488 - Registered RTOS mode: class=RTOS, group=Core, mode=CMSIS_V1, owner=FREERTOS
2022-10-06 13:40:12,504 [INFO] RtosManager:488 - Registered RTOS mode: class=RTOS, group=Core, mode=CMSIS_V2, owner=FREERTOS
2022-10-06 13:40:12,505 [WARN] ModelIntegratedComponent:185 - Missing modes for component STMicroelectronics:FreeRTOS:0.0.1:STMicroelectronics:RTOS:FreeRTOS:Core:::10.2.0:
2022-10-06 13:40:12,513 [WARN] ApiManager:308 - Cannot register API 'Board Extension:S2868A1' from pack STMicroelectronics.X-CUBE-SUBG2.5.0.0: no header file found
2022-10-06 13:40:12,513 [WARN] ApiManager:308 - Cannot register API 'Board Extension:S2868A2' from pack STMicroelectronics.X-CUBE-SUBG2.5.0.0: no header file found
2022-10-06 13:40:12,513 [WARN] ApiManager:308 - Cannot register API 'Board Extension:S2915A1' from pack STMicroelectronics.X-CUBE-SUBG2.5.0.0: no header file found
2022-10-06 13:40:12,530 [WARN] ApiManager:308 - Cannot register API 'Board Extension:NFC04A1' from pack STMicroelectronics.X-CUBE-NFC4.2.0.4: no header file found
2022-10-06 13:40:12,538 [WARN] ModelIntegratedComponent:64 - No mode defined for component null
2022-10-06 13:40:12,539 [WARN] ModelIntegratedComponent:64 - No mode defined for component null
2022-10-06 13:40:12,539 [WARN] ModelIntegratedComponent:64 - No mode defined for component null
2022-10-06 13:40:12,539 [WARN] ModelIntegratedComponent:64 - No mode defined for component null
2022-10-06 13:40:12,539 [WARN] ModelIntegratedComponent:64 - No mode defined for component null
2022-10-06 13:40:12,539 [WARN] ModelIntegratedComponent:64 - No mode defined for component null
2022-10-06 13:40:12,539 [WARN] ModelIntegratedComponent:64 - No mode defined for component null
2022-10-06 13:40:12,539 [WARN] ModelIntegratedComponent:64 - No mode defined for component null
2022-10-06 13:40:12,539 [WARN] ModelIntegratedComponent:64 - No mode defined for component null
2022-10-06 13:40:12,539 [WARN] ModelIntegratedComponent:64 - No mode defined for component null
2022-10-06 13:40:12,539 [WARN] ModelIntegratedComponent:64 - No mode defined for component null
2022-10-06 13:40:12,539 [WARN] ModelIntegratedComponent:64 - No mode defined for component null
2022-10-06 13:40:12,539 [WARN] ModelIntegratedComponent:64 - No mode defined for component null
2022-10-06 13:40:12,539 [WARN] ModelIntegratedComponent:64 - No mode defined for component null
2022-10-06 13:40:12,540 [WARN] ModelIntegratedComponent:64 - No mode defined for component null
2022-10-06 13:40:12,540 [WARN] ModelIntegratedComponent:64 - No mode defined for component null
2022-10-06 13:40:12,540 [WARN] ModelIntegratedComponent:64 - No mode defined for component null
2022-10-06 13:40:12,540 [WARN] ModelIntegratedComponent:64 - No mode defined for component null
2022-10-06 13:40:12,540 [WARN] ModelIntegratedComponent:64 - No mode defined for component null
2022-10-06 13:40:12,540 [WARN] ModelIntegratedComponent:64 - No mode defined for component null
2022-10-06 13:40:12,540 [WARN] ModelIntegratedComponent:64 - No mode defined for component null
2022-10-06 13:40:12,540 [WARN] ModelIntegratedComponent:64 - No mode defined for component null
2022-10-06 13:40:12,540 [WARN] ModelIntegratedComponent:64 - No mode defined for component null
2022-10-06 13:40:12,540 [WARN] ModelIntegratedComponent:64 - No mode defined for component null
2022-10-06 13:40:12,540 [WARN] ModelIntegratedComponent:64 - No mode defined for component null
2022-10-06 13:40:12,540 [WARN] ModelIntegratedComponent:64 - No mode defined for component null
2022-10-06 13:40:12,542 [WARN] ModelIntegratedComponent:64 - No mode defined for component null
2022-10-06 13:40:12,542 [WARN] ModelIntegratedComponent:64 - No mode defined for component null
2022-10-06 13:40:12,542 [WARN] ModelIntegratedComponent:64 - No mode defined for component null
2022-10-06 13:40:12,542 [WARN] ModelIntegratedComponent:64 - No mode defined for component null
2022-10-06 13:40:12,542 [WARN] ModelIntegratedComponent:64 - No mode defined for component null
2022-10-06 13:40:12,542 [WARN] ModelIntegratedComponent:64 - No mode defined for component null
2022-10-06 13:40:12,542 [WARN] ModelIntegratedComponent:64 - No mode defined for component null
2022-10-06 13:40:12,545 [WARN] ApiManager:308 - Cannot register API 'Board Extension:NFC07A1' from pack STMicroelectronics.X-CUBE-NFC7.1.0.0: no header file found
2022-10-06 13:40:12,703 [WARN] ApiManager:308 - Cannot register API 'Board Extension:IKS01A3' from pack STMicroelectronics.X-CUBE-MEMS1.9.3.0: no header file found
2022-10-06 13:40:12,703 [WARN] ApiManager:308 - Cannot register API 'Board Extension:IKS01A2' from pack STMicroelectronics.X-CUBE-MEMS1.9.3.0: no header file found
2022-10-06 13:40:12,703 [WARN] ApiManager:308 - Cannot register API 'Board Extension:IKS02A1' from pack STMicroelectronics.X-CUBE-MEMS1.9.3.0: no header file found
2022-10-06 13:40:12,715 [WARN] ApiManager:308 - Cannot register API 'Board Extension:EEPRMA1' from pack STMicroelectronics.X-CUBE-EEPRMA1.3.1.1: no header file found
2022-10-06 13:40:12,715 [WARN] ApiManager:308 - Cannot register API 'Board Extension:EEPRMA2' from pack STMicroelectronics.X-CUBE-EEPRMA1.3.1.1: no header file found
2022-10-06 13:40:12,715 [WARN] ApiManager:308 - Cannot register API 'Board Extension:S2868A1' from pack STMicroelectronics.X-CUBE-SFXS2LP1.4.0.0: no header file found
2022-10-06 13:40:12,715 [WARN] ApiManager:308 - Cannot register API 'Board Extension:S2868A2' from pack STMicroelectronics.X-CUBE-SFXS2LP1.4.0.0: no header file found
2022-10-06 13:40:12,715 [WARN] ApiManager:308 - Cannot register API 'Board Extension:S2915A1' from pack STMicroelectronics.X-CUBE-SFXS2LP1.4.0.0: no header file found
2022-10-06 13:40:12,715 [WARN] ApiManager:308 - Cannot register API 'Wireless:BlueNRG-2' from pack STMicroelectronics.X-CUBE-BLE2.3.3.0: no header file found
2022-10-06 13:40:12,733 [INFO] ThirdPartyModel:289 - Start build external matchings
2022-10-06 13:40:13,155 [INFO] ThirdPartyModel:302 - End build external matchings
2022-10-06 13:40:13,609 [INFO] UtilMem:74 - End LoadConfig() Used Memory: 380175448 Bytes (438304768)
2022-10-06 13:40:13,630 [WARN] ThirdParty:789 - waiting for thirdparty lock release [change project]
2022-10-06 13:40:13,630 [INFO] ThirdParty:791 - entering critical section [change project]
2022-10-06 13:40:13,631 [INFO] ThirdParty:981 - CMSIS Pack Vendor :RoweBots I-CUBE-UNISONRTOS 5.5.0-4
2022-10-06 13:40:13,631 [INFO] ThirdParty:981 - CMSIS Pack Vendor :STMicroelectronics X-CUBE-GNSS1 6.0.0
2022-10-06 13:40:13,631 [INFO] ThirdParty:981 - CMSIS Pack Vendor :STMicroelectronics X-CUBE-AZRTOS-H7 2.1.0
2022-10-06 13:40:13,632 [INFO] ThirdParty:981 - CMSIS Pack Vendor :STMicroelectronics USB_HOST 2.0.0
2022-10-06 13:40:13,632 [INFO] ThirdParty:981 - CMSIS Pack Vendor :STMicroelectronics X-CUBE-AZRTOS-F4 1.1.0
2022-10-06 13:40:13,632 [INFO] ThirdParty:981 - CMSIS Pack Vendor :STMicroelectronics LIBJPEG 8.0.0
2022-10-06 13:40:13,632 [INFO] ThirdParty:981 - CMSIS Pack Vendor :STMicroelectronics USB_DEVICE 3.0.0
2022-10-06 13:40:13,632 [INFO] ThirdParty:981 - CMSIS Pack Vendor :STMicroelectronics X-CUBE-BLEMGR 1.0.0
2022-10-06 13:40:13,632 [INFO] ThirdParty:981 - CMSIS Pack Vendor :STMicroelectronics X-CUBE-AZRTOS-F7 1.1.0
2022-10-06 13:40:13,632 [INFO] ThirdParty:981 - CMSIS Pack Vendor :STMicroelectronics USB_DEVICE 2.0.0
2022-10-06 13:40:13,632 [INFO] ThirdParty:981 - CMSIS Pack Vendor :STMicroelectronics X-CUBE-BLE1 6.2.3
2022-10-06 13:40:13,632 [INFO] ThirdParty:981 - CMSIS Pack Vendor :STMicroelectronics X-CUBE-ALGOBUILD 1.3.0
2022-10-06 13:40:13,632 [INFO] ThirdParty:981 - CMSIS Pack Vendor :STMicroelectronics FreeRTOS 0.0.1
2022-10-06 13:40:13,632 [INFO] ThirdParty:981 - CMSIS Pack Vendor :STMicroelectronics X-CUBE-AZRTOS-G0 1.1.0
2022-10-06 13:40:13,632 [INFO] ThirdParty:981 - CMSIS Pack Vendor :STMicroelectronics X-CUBE-SUBG2 5.0.0
2022-10-06 13:40:13,633 [INFO] ThirdParty:981 - CMSIS Pack Vendor :SEGGER I-CUBE-embOS 1.2.0
2022-10-06 13:40:13,633 [INFO] ThirdParty:981 - CMSIS Pack Vendor :STMicroelectronics STM32_WPAN 1.0.0
2022-10-06 13:40:13,633 [INFO] ThirdParty:981 - CMSIS Pack Vendor :STMicroelectronics lwIP 2.0.3
2022-10-06 13:40:13,633 [INFO] ThirdParty:981 - CMSIS Pack Vendor :STMicroelectronics X-CUBE-NFC4 2.0.4
2022-10-06 13:40:13,633 [INFO] ThirdParty:981 - CMSIS Pack Vendor :STMicroelectronics USB_HOST 1.0.0
2022-10-06 13:40:13,633 [INFO] ThirdParty:981 - CMSIS Pack Vendor :STMicroelectronics PDM2PCM 3.1.0
2022-10-06 13:40:13,633 [INFO] ThirdParty:981 - CMSIS Pack Vendor :STMicroelectronics FP-ATR-ASTRA1 1.1.1
2022-10-06 13:40:13,633 [INFO] ThirdParty:981 - CMSIS Pack Vendor :STMicroelectronics PDM2PCM 3.3.0
2022-10-06 13:40:13,633 [INFO] ThirdParty:981 - CMSIS Pack Vendor :STMicroelectronics X-CUBE-TOF1 3.1.0
2022-10-06 13:40:13,633 [INFO] ThirdParty:981 - CMSIS Pack Vendor :STMicroelectronics X-CUBE-AZRTOS-G4 1.0.0
2022-10-06 13:40:13,634 [INFO] ThirdParty:981 - CMSIS Pack Vendor :STMicroelectronics X-CUBE-AZRTOS-L4 1.0.0
2022-10-06 13:40:13,634 [INFO] ThirdParty:981 - CMSIS Pack Vendor :wolfSSL I-CUBE-wolfSSL 5.5.0
2022-10-06 13:40:13,634 [INFO] ThirdParty:981 - CMSIS Pack Vendor :STMicroelectronics HAL Drivers 0.0.0
2022-10-06 13:40:13,634 [INFO] ThirdParty:981 - CMSIS Pack Vendor :STMicroelectronics MBEDTLS 2.16.2
2022-10-06 13:40:13,634 [INFO] ThirdParty:981 - CMSIS Pack Vendor :emotas I-CUBE-CANOPEN 1.1.2
2022-10-06 13:40:13,634 [INFO] ThirdParty:981 - CMSIS Pack Vendor :STMicroelectronics X-CUBE-TOUCHGFX 4.20.0
2022-10-06 13:40:13,634 [INFO] ThirdParty:981 - CMSIS Pack Vendor :STMicroelectronics MBEDTLS 2.14.1
2022-10-06 13:40:13,634 [INFO] ThirdParty:981 - CMSIS Pack Vendor :STMicroelectronics X-CUBE-NFC7 1.0.0
2022-10-06 13:40:13,634 [INFO] ThirdParty:981 - CMSIS Pack Vendor :STMicroelectronics X-CUBE-AZRTOS-WL 1.0.0
2022-10-06 13:40:13,635 [INFO] ThirdParty:981 - CMSIS Pack Vendor :STMicroelectronics X-CUBE-MEMS1 9.3.0
2022-10-06 13:40:13,635 [INFO] ThirdParty:981 - CMSIS Pack Vendor :portGmbH I-Cube-SoM-uGOAL 1.1.0
2022-10-06 13:40:13,635 [INFO] ThirdParty:981 - CMSIS Pack Vendor :STMicroelectronics X-CUBE-ALS 1.0.1
2022-10-06 13:40:13,635 [INFO] ThirdParty:981 - CMSIS Pack Vendor :STMicroelectronics X-CUBE-AI 7.2.0
2022-10-06 13:40:13,635 [INFO] ThirdParty:981 - CMSIS Pack Vendor :STMicroelectronics ThreadX 1.0.0
2022-10-06 13:40:13,635 [INFO] ThirdParty:981 - CMSIS Pack Vendor :STMicroelectronics X-CUBE-AZRTOS-L5 1.0.0
2022-10-06 13:40:13,635 [INFO] ThirdParty:981 - CMSIS Pack Vendor :STMicroelectronics USB_DEVICE 1.0.0
2022-10-06 13:40:13,635 [INFO] ThirdParty:981 - CMSIS Pack Vendor :STMicroelectronics X-CUBE-EEPRMA1 3.1.1
2022-10-06 13:40:13,636 [INFO] ThirdParty:981 - CMSIS Pack Vendor :STMicroelectronics ThreadX 0.0.2
2022-10-06 13:40:13,636 [INFO] ThirdParty:981 - CMSIS Pack Vendor :STMicroelectronics lwIP 2.1.2
2022-10-06 13:40:13,636 [INFO] ThirdParty:981 - CMSIS Pack Vendor :STMicroelectronics X-CUBE-SFXS2LP1 4.0.0
2022-10-06 13:40:13,636 [INFO] ThirdParty:981 - CMSIS Pack Vendor :STMicroelectronics X-CUBE-BLE2 3.3.0
2022-10-06 13:40:13,636 [INFO] ThirdParty:981 - CMSIS Pack Vendor :STMicroelectronics X-CUBE-DISPLAY 2.2.0
2022-10-06 13:40:13,636 [INFO] ThirdParty:981 - CMSIS Pack Vendor :STMicroelectronics PDM2PCM 3.2.0
2022-10-06 13:40:13,636 [INFO] ThirdParty:981 - CMSIS Pack Vendor :STMicroelectronics X-CUBE-ISPU 1.0.0
2022-10-06 13:40:13,637 [INFO] ThirdParty:797 - exiting critical section [change project]
2022-10-06 13:40:14,207 [INFO] PinOutPanel:1468 - setPackage(No Configuration,No Configuration)
2022-10-06 13:40:14,209 [INFO] PinOutPanel:1468 - setPackage(STM32F407VGTx,LQFP100)
2022-10-06 13:40:14,858 [INFO] UtilMem:74 - Before build in PCC Used Memory: 336629056 Bytes (438304768)
2022-10-06 13:40:15,713 [INFO] UtilMem:74 - After build in PCC Used Memory: 333201208 Bytes (438304768)
2022-10-06 13:40:15,754 [INFO] IPUIPlugin:79 - create IPUIPlugin
2022-10-06 13:40:15,754 [INFO] IPUIPlugin:79 - create IPUIPlugin
2022-10-06 13:40:15,760 [INFO] IPUIPlugin:79 - create IPUIPlugin
2022-10-06 13:40:15,760 [INFO] IPUIPlugin:79 - create IPUIPlugin
2022-10-06 13:40:15,760 [INFO] IPUIPlugin:79 - create IPUIPlugin
2022-10-06 13:40:15,761 [INFO] IPUIPlugin:79 - create IPUIPlugin
2022-10-06 13:40:15,761 [INFO] IPUIPlugin:79 - create IPUIPlugin
2022-10-06 13:40:15,761 [INFO] IPUIPlugin:79 - create IPUIPlugin
2022-10-06 13:40:15,762 [INFO] IPUIPlugin:79 - create IPUIPlugin
2022-10-06 13:40:15,762 [INFO] IPUIPlugin:79 - create IPUIPlugin
2022-10-06 13:40:15,762 [INFO] IPUIPlugin:79 - create IPUIPlugin
2022-10-06 13:40:15,762 [INFO] IPUIPlugin:79 - create IPUIPlugin
2022-10-06 13:40:15,762 [INFO] IPUIPlugin:79 - create IPUIPlugin
2022-10-06 13:40:15,762 [INFO] IPUIPlugin:79 - create IPUIPlugin
2022-10-06 13:40:15,762 [INFO] IPUIPlugin:79 - create IPUIPlugin
2022-10-06 13:40:15,762 [INFO] IPUIPlugin:79 - create IPUIPlugin
2022-10-06 13:40:15,762 [INFO] IPUIPlugin:79 - create IPUIPlugin
2022-10-06 13:40:15,762 [INFO] IPUIPlugin:79 - create IPUIPlugin
2022-10-06 13:40:15,762 [INFO] IPUIPlugin:79 - create IPUIPlugin
2022-10-06 13:40:15,762 [INFO] IPUIPlugin:79 - create IPUIPlugin
2022-10-06 13:40:15,762 [INFO] IPUIPlugin:79 - create IPUIPlugin
2022-10-06 13:40:15,762 [INFO] IPUIPlugin:79 - create IPUIPlugin
2022-10-06 13:40:15,762 [INFO] IPUIPlugin:79 - create IPUIPlugin
2022-10-06 13:40:15,762 [INFO] IPUIPlugin:79 - create IPUIPlugin
2022-10-06 13:40:15,762 [INFO] IPUIPlugin:79 - create IPUIPlugin
2022-10-06 13:40:15,767 [INFO] IPUIPlugin:79 - create IPUIPlugin
2022-10-06 13:40:15,767 [INFO] IPUIPlugin:79 - create IPUIPlugin
2022-10-06 13:40:15,768 [INFO] IPUIPlugin:79 - create IPUIPlugin
2022-10-06 13:40:15,768 [INFO] IPUIPlugin:79 - create IPUIPlugin
2022-10-06 13:40:15,768 [INFO] IPUIPlugin:79 - create IPUIPlugin
2022-10-06 13:40:15,769 [INFO] IPUIPlugin:79 - create IPUIPlugin
2022-10-06 13:40:15,769 [INFO] IPUIPlugin:79 - create IPUIPlugin
2022-10-06 13:40:15,770 [INFO] IPUIPlugin:79 - create IPUIPlugin
2022-10-06 13:40:15,770 [INFO] IPUIPlugin:79 - create IPUIPlugin
2022-10-06 13:40:15,771 [INFO] IPUIPlugin:79 - create IPUIPlugin
2022-10-06 13:40:15,772 [INFO] IPUIPlugin:79 - create IPUIPlugin
2022-10-06 13:40:15,772 [INFO] IPUIPlugin:79 - create IPUIPlugin
2022-10-06 13:40:15,772 [INFO] IPUIPlugin:79 - create IPUIPlugin
2022-10-06 13:40:15,774 [INFO] IPUIPlugin:79 - create IPUIPlugin
2022-10-06 13:40:15,774 [INFO] IPUIPlugin:79 - create IPUIPlugin
2022-10-06 13:40:15,775 [INFO] IPUIPlugin:79 - create IPUIPlugin
2022-10-06 13:40:15,775 [INFO] IPUIPlugin:79 - create IPUIPlugin
2022-10-06 13:40:15,776 [INFO] IPUIPlugin:79 - create IPUIPlugin
2022-10-06 13:40:15,776 [INFO] IPUIPlugin:79 - create IPUIPlugin
2022-10-06 13:40:15,777 [INFO] IPUIPlugin:79 - create IPUIPlugin
2022-10-06 13:40:15,777 [INFO] IPUIPlugin:79 - create IPUIPlugin
2022-10-06 13:40:15,778 [INFO] IPUIPlugin:79 - create IPUIPlugin
2022-10-06 13:40:15,779 [INFO] IPUIPlugin:79 - create IPUIPlugin
2022-10-06 13:40:15,779 [INFO] IPUIPlugin:79 - create IPUIPlugin
2022-10-06 13:40:15,780 [INFO] IPUIPlugin:79 - create IPUIPlugin
2022-10-06 13:40:15,780 [INFO] IPUIPlugin:79 - create IPUIPlugin
2022-10-06 13:40:15,780 [INFO] IPUIPlugin:79 - create IPUIPlugin
2022-10-06 13:40:15,782 [INFO] IPUIPlugin:79 - create IPUIPlugin
2022-10-06 13:40:15,783 [INFO] IPUIPlugin:79 - create IPUIPlugin
2022-10-06 13:40:15,784 [INFO] IPUIPlugin:79 - create IPUIPlugin
2022-10-06 13:40:15,784 [INFO] IPUIPlugin:79 - create IPUIPlugin
2022-10-06 13:40:15,784 [INFO] IPUIPlugin:79 - create IPUIPlugin
2022-10-06 13:40:15,784 [INFO] IPUIPlugin:79 - create IPUIPlugin
2022-10-06 13:40:15,850 [INFO] ApiDbMcu:505 - Load IP Config File for PDM2PCM
2022-10-06 13:40:16,143 [INFO] OpenFileManager:327 - Restore cursor
2022-10-06 13:40:16,956 [INFO] UtilMem:74 - End SaveConfig() Used Memory: 335521520 Bytes (438304768)
2022-10-06 13:40:17,045 [ERROR] ConfigurationRetriever:140 - IOException on connection: sw-center.st.com
2022-10-06 13:40:17,045 [ERROR] ConfigurationRetriever:140 - IOException on connection: sw-center.st.com
2022-10-06 13:40:17,046 [ERROR] ConfigurationRetriever:140 - IOException on connection: sw-center.st.com
2022-10-06 13:40:17,096 [INFO] UtilMem:74 - End SaveConfig() Used Memory: 355970800 Bytes (438304768)
2022-10-06 13:40:17,723 [INFO] BlockDiagram:2753 - set Specific Code input for plugin: SYS
2022-10-06 13:40:17,724 [INFO] BlockDiagram:2753 - set Specific Code input for plugin: RCC
2022-10-06 13:40:17,724 [INFO] BlockDiagram:2753 - set Specific Code input for plugin: NVIC
2022-10-06 13:40:17,726 [INFO] BlockDiagram:2753 - set Specific Code input for plugin: GPIO
2022-10-06 13:40:17,744 [INFO] CodeGenerator:690 - code generatio: config db path: C:\ST\STM32CubeIDE_1.10.1\STM32CubeIDE\plugins\com.st.stm32cube.common.mx_6.6.1.202207061420\\db\
2022-10-06 13:40:18,338 [INFO] CodeEngine:245 - oldGeneratedFile, C:\Users\VeliSacikara\Documents\STM32_Projeler\002_buton_led_blink_hal\002_buton_led_blink_hal\MXTmpFiles\license.tmp_save
2022-10-06 13:40:18,930 [INFO] CodeEngine:269 - Generated code: C:\Users\VeliSacikara\Documents\STM32_Projeler\002_buton_led_blink_hal\002_buton_led_blink_hal\MXTmpFiles\license.tmp
2022-10-06 13:40:19,108 [INFO] CodeEngine:245 - oldGeneratedFile, C:\Users\VeliSacikara\Documents\STM32_Projeler\002_buton_led_blink_hal\002_buton_led_blink_hal\MXTmpFiles\gpio.tmp_save
2022-10-06 13:40:19,341 [INFO] CodeEngine:269 - Generated code: C:\Users\VeliSacikara\Documents\STM32_Projeler\002_buton_led_blink_hal\002_buton_led_blink_hal\MXTmpFiles\gpio.tmp
2022-10-06 13:40:19,428 [INFO] CodeEngine:245 - oldGeneratedFile, C:\Users\VeliSacikara\Documents\STM32_Projeler\002_buton_led_blink_hal\002_buton_led_blink_hal\Core\Src\stm32f4xx_it.c_save
2022-10-06 13:40:19,666 [INFO] CodeEngine:269 - Generated code: C:\Users\VeliSacikara\Documents\STM32_Projeler\002_buton_led_blink_hal\002_buton_led_blink_hal\Core\Src\stm32f4xx_it.c
2022-10-06 13:40:19,674 [INFO] CodeEngine:245 - oldGeneratedFile, C:\Users\VeliSacikara\Documents\STM32_Projeler\002_buton_led_blink_hal\002_buton_led_blink_hal\Core\Inc\stm32f4xx_it.h_save
2022-10-06 13:40:19,833 [INFO] CodeEngine:269 - Generated code: C:\Users\VeliSacikara\Documents\STM32_Projeler\002_buton_led_blink_hal\002_buton_led_blink_hal\Core\Inc\stm32f4xx_it.h
2022-10-06 13:40:19,852 [INFO] CodeEngine:245 - oldGeneratedFile, C:\Users\VeliSacikara\Documents\STM32_Projeler\002_buton_led_blink_hal\002_buton_led_blink_hal\Core\Src\stm32f4xx_hal_msp.c_save
2022-10-06 13:40:20,040 [INFO] CodeEngine:269 - Generated code: C:\Users\VeliSacikara\Documents\STM32_Projeler\002_buton_led_blink_hal\002_buton_led_blink_hal\Core\Src\stm32f4xx_hal_msp.c
2022-10-06 13:40:20,048 [INFO] CodeEngine:245 - oldGeneratedFile, C:\Users\VeliSacikara\Documents\STM32_Projeler\002_buton_led_blink_hal\002_buton_led_blink_hal\MXTmpFiles\system.tmp_save
2022-10-06 13:40:20,139 [INFO] CodeEngine:269 - Generated code: C:\Users\VeliSacikara\Documents\STM32_Projeler\002_buton_led_blink_hal\002_buton_led_blink_hal\MXTmpFiles\system.tmp
2022-10-06 13:40:20,151 [INFO] CodeEngine:245 - oldGeneratedFile, C:\Users\VeliSacikara\Documents\STM32_Projeler\002_buton_led_blink_hal\002_buton_led_blink_hal\Core\Inc\stm32f4xx_hal_conf.h_save
2022-10-06 13:40:20,342 [INFO] CodeEngine:269 - Generated code: C:\Users\VeliSacikara\Documents\STM32_Projeler\002_buton_led_blink_hal\002_buton_led_blink_hal\Core\Inc\stm32f4xx_hal_conf.h
2022-10-06 13:40:20,436 [INFO] CodeEngine:245 - oldGeneratedFile, C:\Users\VeliSacikara\Documents\STM32_Projeler\002_buton_led_blink_hal\002_buton_led_blink_hal\Core\Inc\main.h_save
2022-10-06 13:40:20,577 [INFO] CodeEngine:269 - Generated code: C:\Users\VeliSacikara\Documents\STM32_Projeler\002_buton_led_blink_hal\002_buton_led_blink_hal\Core\Inc\main.h
2022-10-06 13:40:20,584 [INFO] CodeEngine:245 - oldGeneratedFile, C:\Users\VeliSacikara\Documents\STM32_Projeler\002_buton_led_blink_hal\002_buton_led_blink_hal\Core\Src\main.c_save
2022-10-06 13:40:20,807 [INFO] CodeEngine:269 - Generated code: C:\Users\VeliSacikara\Documents\STM32_Projeler\002_buton_led_blink_hal\002_buton_led_blink_hal\Core\Src\main.c
2022-10-06 13:40:22,462 [INFO] ProjectBuilder:2919 - Time for Copy HAL[1] : 520mS.
2022-10-06 13:40:22,491 [INFO] ProjectBuilder:4117 - Project Generator version: 3.17.1
2022-10-06 13:40:23,025 [INFO] ConfigFileManager:1394 - The Die is : DIE413
2022-10-06 13:40:23,085 [INFO] ApiDbMcu:505 - Load IP Config File for FATFS
2022-10-06 13:40:23,133 [INFO] ApiDbMcu:505 - Load IP Config File for FREERTOS
2022-10-06 13:40:23,152 [INFO] ApiDbMcu:505 - Load IP Config File for LIBJPEG
2022-10-06 13:40:23,235 [INFO] ApiDbMcu:505 - Load IP Config File for LWIP
2022-10-06 13:40:23,274 [INFO] ApiDbMcu:505 - Load IP Config File for MBEDTLS
2022-10-06 13:40:23,329 [INFO] ApiDbMcu:505 - Load IP Config File for USB_DEVICE
2022-10-06 13:40:23,373 [INFO] ApiDbMcu:505 - Load IP Config File for USB_HOST
2022-10-06 13:40:27,858 [INFO] ProjectBuilder:4285 - Time for Generating toolchain IDE Files: 5367mS.
2022-10-06 13:40:27,859 [INFO] ProjectBuilder:2790 - Time for Copy CMSIS : 0mS.
2022-10-06 13:40:27,862 [INFO] ProjectBuilder:2790 - Time for Copy CMSIS : 0mS.
2022-10-06 13:40:28,347 [ERROR] ConfigurationRetriever:139 - IOException on connection: sw-center.st.com
2022-10-06 13:40:28,349 [ERROR] ConfigurationRetriever:139 - IOException on connection: sw-center.st.com
2022-10-06 13:40:28,350 [ERROR] ConfigurationRetriever:139 - IOException on connection: sw-center.st.com
2022-10-06 13:40:28,509 [INFO] McuFinderGlobals:57 - Set McuFinderConnectedMode to true
2022-10-06 13:40:28,512 [INFO] ApiDb:443 - Save user favorites file C:\Users\VeliSacikara/.stm32cubeide/favorites.mcus.txt: 0 item(s)
2022-10-06 13:40:28,512 [INFO] ApiDb:447 - User favorites MCUs=[]
2022-10-06 13:40:28,513 [INFO] ApiDb:443 - Save user favorites file C:\Users\VeliSacikara/.stm32cubeide/favorites.boards.txt: 0 item(s)
2022-10-06 13:40:28,513 [INFO] ApiDb:447 - User favorites Boards=[]
2022-10-06 13:44:42,323 [INFO] UtilMem:74 - End SaveConfig() Used Memory: 673039736 Bytes (791674880)
2022-10-06 13:44:42,530 [INFO] UtilMem:74 - End SaveConfig() Used Memory: 698734704 Bytes (791674880)
2022-10-06 13:44:42,874 [INFO] BlockDiagram:2753 - set Specific Code input for plugin: SYS
2022-10-06 13:44:42,874 [INFO] BlockDiagram:2753 - set Specific Code input for plugin: RCC
2022-10-06 13:44:42,875 [INFO] BlockDiagram:2753 - set Specific Code input for plugin: NVIC
2022-10-06 13:44:42,875 [INFO] BlockDiagram:2753 - set Specific Code input for plugin: GPIO
2022-10-06 13:44:42,876 [INFO] CodeGenerator:690 - code generatio: config db path: C:\ST\STM32CubeIDE_1.10.1\STM32CubeIDE\plugins\com.st.stm32cube.common.mx_6.6.1.202207061420\\db\
2022-10-06 13:44:43,089 [INFO] CodeEngine:245 - oldGeneratedFile, C:\Users\VeliSacikara\Documents\STM32_Projeler\002_buton_led_blink_hal\002_buton_led_blink_hal\MXTmpFiles\license.tmp_save
2022-10-06 13:44:43,210 [INFO] CodeEngine:269 - Generated code: C:\Users\VeliSacikara\Documents\STM32_Projeler\002_buton_led_blink_hal\002_buton_led_blink_hal\MXTmpFiles\license.tmp
2022-10-06 13:44:43,255 [INFO] CodeEngine:245 - oldGeneratedFile, C:\Users\VeliSacikara\Documents\STM32_Projeler\002_buton_led_blink_hal\002_buton_led_blink_hal\MXTmpFiles\gpio.tmp_save
2022-10-06 13:44:43,406 [INFO] CodeEngine:269 - Generated code: C:\Users\VeliSacikara\Documents\STM32_Projeler\002_buton_led_blink_hal\002_buton_led_blink_hal\MXTmpFiles\gpio.tmp
2022-10-06 13:44:43,449 [INFO] CodeEngine:245 - oldGeneratedFile, C:\Users\VeliSacikara\Documents\STM32_Projeler\002_buton_led_blink_hal\002_buton_led_blink_hal\Core\Src\stm32f4xx_it.c_save
2022-10-06 13:44:43,598 [INFO] CodeEngine:269 - Generated code: C:\Users\VeliSacikara\Documents\STM32_Projeler\002_buton_led_blink_hal\002_buton_led_blink_hal\Core\Src\stm32f4xx_it.c
2022-10-06 13:44:43,607 [INFO] CodeEngine:245 - oldGeneratedFile, C:\Users\VeliSacikara\Documents\STM32_Projeler\002_buton_led_blink_hal\002_buton_led_blink_hal\Core\Inc\stm32f4xx_it.h_save
2022-10-06 13:44:43,697 [INFO] CodeEngine:269 - Generated code: C:\Users\VeliSacikara\Documents\STM32_Projeler\002_buton_led_blink_hal\002_buton_led_blink_hal\Core\Inc\stm32f4xx_it.h
2022-10-06 13:44:43,718 [INFO] CodeEngine:245 - oldGeneratedFile, C:\Users\VeliSacikara\Documents\STM32_Projeler\002_buton_led_blink_hal\002_buton_led_blink_hal\Core\Src\stm32f4xx_hal_msp.c_save
2022-10-06 13:44:43,857 [INFO] CodeEngine:269 - Generated code: C:\Users\VeliSacikara\Documents\STM32_Projeler\002_buton_led_blink_hal\002_buton_led_blink_hal\Core\Src\stm32f4xx_hal_msp.c
2022-10-06 13:44:43,863 [INFO] CodeEngine:245 - oldGeneratedFile, C:\Users\VeliSacikara\Documents\STM32_Projeler\002_buton_led_blink_hal\002_buton_led_blink_hal\MXTmpFiles\system.tmp_save
2022-10-06 13:44:43,982 [INFO] CodeEngine:269 - Generated code: C:\Users\VeliSacikara\Documents\STM32_Projeler\002_buton_led_blink_hal\002_buton_led_blink_hal\MXTmpFiles\system.tmp
2022-10-06 13:44:44,004 [INFO] CodeEngine:245 - oldGeneratedFile, C:\Users\VeliSacikara\Documents\STM32_Projeler\002_buton_led_blink_hal\002_buton_led_blink_hal\Core\Inc\stm32f4xx_hal_conf.h_save
2022-10-06 13:44:44,170 [INFO] CodeEngine:269 - Generated code: C:\Users\VeliSacikara\Documents\STM32_Projeler\002_buton_led_blink_hal\002_buton_led_blink_hal\Core\Inc\stm32f4xx_hal_conf.h
2022-10-06 13:44:44,237 [INFO] CodeEngine:245 - oldGeneratedFile, C:\Users\VeliSacikara\Documents\STM32_Projeler\002_buton_led_blink_hal\002_buton_led_blink_hal\Core\Inc\main.h_save
2022-10-06 13:44:44,382 [INFO] CodeEngine:269 - Generated code: C:\Users\VeliSacikara\Documents\STM32_Projeler\002_buton_led_blink_hal\002_buton_led_blink_hal\Core\Inc\main.h
2022-10-06 13:44:44,400 [INFO] CodeEngine:245 - oldGeneratedFile, C:\Users\VeliSacikara\Documents\STM32_Projeler\002_buton_led_blink_hal\002_buton_led_blink_hal\Core\Src\main.c_save
2022-10-06 13:44:44,586 [INFO] CodeEngine:269 - Generated code: C:\Users\VeliSacikara\Documents\STM32_Projeler\002_buton_led_blink_hal\002_buton_led_blink_hal\Core\Src\main.c
2022-10-06 13:44:45,742 [INFO] ProjectBuilder:2919 - Time for Copy HAL[1] : 607mS.
2022-10-06 13:44:45,749 [INFO] ProjectBuilder:4117 - Project Generator version: 3.17.1
2022-10-06 13:44:46,171 [INFO] ConfigFileManager:1394 - The Die is : DIE413
2022-10-06 13:44:47,737 [INFO] ProjectBuilder:4285 - Time for Generating toolchain IDE Files: 1988mS.
2022-10-06 13:44:47,738 [INFO] ProjectBuilder:2790 - Time for Copy CMSIS : 1mS.
2022-10-06 13:44:47,739 [INFO] ProjectBuilder:2790 - Time for Copy CMSIS : 0mS.
2022-10-06 13:48:18,555 [ERROR] ConfigurationRetriever:139 - IOException on connection: sw-center.st.com
2022-10-06 13:48:18,556 [ERROR] ConfigurationRetriever:139 - IOException on connection: sw-center.st.com
2022-10-06 13:48:18,557 [ERROR] ConfigurationRetriever:139 - IOException on connection: sw-center.st.com
2022-10-06 13:49:14,219 [ERROR] ConfigurationRetriever:139 - IOException on connection: sw-center.st.com
2022-10-06 13:49:14,220 [ERROR] ConfigurationRetriever:139 - IOException on connection: sw-center.st.com
2022-10-06 13:49:14,222 [ERROR] ConfigurationRetriever:139 - IOException on connection: sw-center.st.com
2022-10-06 13:49:14,287 [ERROR] ConfigurationRetriever:139 - IOException on connection: sw-center.st.com
2022-10-06 13:49:14,288 [ERROR] ConfigurationRetriever:139 - IOException on connection: sw-center.st.com
2022-10-06 13:49:14,289 [ERROR] ConfigurationRetriever:139 - IOException on connection: sw-center.st.com
2022-10-06 13:54:06,192 [ERROR] ConfigurationRetriever:139 - IOException on connection: Read timed out
2022-10-06 13:54:24,685 [ERROR] ConfigurationRetriever:139 - IOException on connection: Read timed out
2022-10-06 13:54:26,700 [ERROR] ConfigurationRetriever:139 - IOException on connection: connect timed out
2022-10-06 13:56:30,804 [ERROR] ConfigurationRetriever:139 - IOException on connection: sw-center.st.com
2022-10-06 13:56:30,807 [ERROR] ConfigurationRetriever:139 - IOException on connection: sw-center.st.com
2022-10-06 13:56:30,808 [ERROR] ConfigurationRetriever:139 - IOException on connection: sw-center.st.com
2022-10-06 13:56:30,862 [ERROR] ConfigurationRetriever:139 - IOException on connection: sw-center.st.com
2022-10-06 13:56:30,862 [ERROR] ConfigurationRetriever:139 - IOException on connection: sw-center.st.com
2022-10-06 13:56:30,863 [ERROR] ConfigurationRetriever:139 - IOException on connection: sw-center.st.com
2022-10-06 13:57:18,292 [ERROR] ConfigurationRetriever:139 - IOException on connection: Read timed out
2022-10-06 13:57:20,302 [ERROR] ConfigurationRetriever:139 - IOException on connection: connect timed out
