2023-02-07 10:15:24,330 [INFO] Activator:177 - 


2023-02-07 10:15:24,335 [INFO] Activator:178 - !SESSION log4j initialized
2023-02-07 10:15:40,251 [INFO] McuFinderGlobals:44 - Set McuFinder mode to 2 (CubeIDE integrated)
2023-02-07 10:15:40,850 [INFO] ApplicationProperties:181 - Using Application install path: C:\ST\STM32CubeIDE_1.10.1\STM32CubeIDE\plugins\com.st.stm32cube.common.mx_6.6.1.202207061420
2023-02-07 10:15:40,880 [INFO] DbMcusXml:77 - Set database path to: C:\ST\STM32CubeIDE_1.10.1\STM32CubeIDE\plugins\com.st.stm32cube.common.mx_6.6.1.202207061420\\db\/mcu/
2023-02-07 10:15:40,881 [INFO] ApiDb:269 - Set plugin database path to: C:\ST\STM32CubeIDE_1.10.1\STM32CubeIDE\plugins\com.st.stm32cube.common.mx_6.6.1.202207061420\\db\/plugins/boardmanager/
2023-02-07 10:15:40,885 [WARN] ApiDb:254 - Overriding images path with different value:  => C:\ST\STM32CubeIDE_1.10.1\STM32CubeIDE\plugins\com.st.stm32cube.common.mx_6.6.1.202207061420\\db\/plugins/mcufinder/images/
2023-02-07 10:15:40,917 [INFO] ApiDb:249 - Set database path to: C:\Users\VeliSacikara\.stmcufinder\plugins\mcufinder//mcu/
2023-02-07 10:15:40,919 [INFO] DbMcusAds:124 - Set database path to: C:\Users\VeliSacikara\.stmcufinder\plugins\mcufinder//mcu/
2023-02-07 10:15:40,928 [INFO] CrossReferenceDbSqlite:201 - Set database path to: C:\Users\VeliSacikara\.stmcufinder\plugins\mcufinder//mcu/cs/
2023-02-07 10:15:41,099 [INFO] RulesReader:61 - Compatibility file has been processed (282 Rules)
2023-02-07 10:15:41,224 [INFO] DbMcusXml:77 - Set database path to: C:\ST\STM32CubeIDE_1.10.1\STM32CubeIDE\plugins\com.st.stm32cube.common.mx_6.6.1.202207061420\\db\/mcu/
2023-02-07 10:15:41,225 [INFO] ApiDb:269 - Set plugin database path to: C:\ST\STM32CubeIDE_1.10.1\STM32CubeIDE\plugins\com.st.stm32cube.common.mx_6.6.1.202207061420\\db\/plugins/boardmanager/
2023-02-07 10:15:41,226 [INFO] ApiDb:256 - Set plugin images path to: C:\ST\STM32CubeIDE_1.10.1\STM32CubeIDE\plugins\com.st.stm32cube.common.mx_6.6.1.202207061420\\db\/plugins/mcufinder/images/
2023-02-07 10:15:41,227 [WARN] DbFile:40 - Overriding database path with different value: C:\Users\VeliSacikara\.stmcufinder\plugins\mcufinder/ => C:\Users\VeliSacikara\.stmcufinder\plugins\mcufinder
2023-02-07 10:15:41,227 [INFO] ApiDb:249 - Set database path to: C:\Users\VeliSacikara\.stmcufinder\plugins\mcufinder//mcu/
2023-02-07 10:15:41,227 [WARN] DbFile:40 - Overriding database path with different value: C:\Users\VeliSacikara\.stmcufinder\plugins\mcufinder/ => C:\Users\VeliSacikara\.stmcufinder\plugins\mcufinder
2023-02-07 10:15:41,227 [INFO] DbMcusAds:124 - Set database path to: C:\Users\VeliSacikara\.stmcufinder\plugins\mcufinder//mcu/
2023-02-07 10:15:41,227 [WARN] DbFile:40 - Overriding database path with different value: C:\Users\VeliSacikara\.stmcufinder\plugins\mcufinder/ => C:\Users\VeliSacikara\.stmcufinder\plugins\mcufinder
2023-02-07 10:15:41,227 [WARN] DbFile:40 - Overriding database path with different value: C:\Users\VeliSacikara\.stmcufinder\plugins\mcufinder/ => C:\Users\VeliSacikara\.stmcufinder\plugins\mcufinder
2023-02-07 10:15:41,227 [INFO] CrossReferenceDbSqlite:201 - Set database path to: C:\Users\VeliSacikara\.stmcufinder\plugins\mcufinder//mcu/cs/
2023-02-07 10:15:41,352 [INFO] MainPanel:242 - HeapMemory: 268435456
2023-02-07 10:15:41,517 [INFO] DbMcusXml:77 - Set database path to: C:\ST\STM32CubeIDE_1.10.1\STM32CubeIDE\plugins\com.st.stm32cube.common.mx_6.6.1.202207061420\\db\/mcu/
2023-02-07 10:15:41,517 [INFO] ApiDb:269 - Set plugin database path to: C:\ST\STM32CubeIDE_1.10.1\STM32CubeIDE\plugins\com.st.stm32cube.common.mx_6.6.1.202207061420\\db\/plugins/boardmanager/
2023-02-07 10:15:41,517 [INFO] ApiDb:256 - Set plugin images path to: C:\ST\STM32CubeIDE_1.10.1\STM32CubeIDE\plugins\com.st.stm32cube.common.mx_6.6.1.202207061420\\db\/plugins/mcufinder/images/
2023-02-07 10:15:41,518 [WARN] DbFile:40 - Overriding database path with different value: C:\Users\VeliSacikara\.stmcufinder\plugins\mcufinder/ => C:\Users\VeliSacikara\.stmcufinder\plugins\mcufinder
2023-02-07 10:15:41,518 [INFO] ApiDb:249 - Set database path to: C:\Users\VeliSacikara\.stmcufinder\plugins\mcufinder//mcu/
2023-02-07 10:15:41,518 [WARN] DbFile:40 - Overriding database path with different value: C:\Users\VeliSacikara\.stmcufinder\plugins\mcufinder/ => C:\Users\VeliSacikara\.stmcufinder\plugins\mcufinder
2023-02-07 10:15:41,519 [INFO] DbMcusAds:124 - Set database path to: C:\Users\VeliSacikara\.stmcufinder\plugins\mcufinder//mcu/
2023-02-07 10:15:41,519 [WARN] DbFile:40 - Overriding database path with different value: C:\Users\VeliSacikara\.stmcufinder\plugins\mcufinder/ => C:\Users\VeliSacikara\.stmcufinder\plugins\mcufinder
2023-02-07 10:15:41,519 [WARN] DbFile:40 - Overriding database path with different value: C:\Users\VeliSacikara\.stmcufinder\plugins\mcufinder/ => C:\Users\VeliSacikara\.stmcufinder\plugins\mcufinder
2023-02-07 10:15:41,519 [INFO] CrossReferenceDbSqlite:201 - Set database path to: C:\Users\VeliSacikara\.stmcufinder\plugins\mcufinder//mcu/cs/
2023-02-07 10:15:41,552 [INFO] ApplicationProperties:181 - Using Application install path: C:\ST\STM32CubeIDE_1.10.1\STM32CubeIDE\plugins\com.st.stm32cube.common.mx_6.6.1.202207061420
2023-02-07 10:15:41,555 [INFO] PluginManage:193 - Search for loadable plugins [exclusion list=, ]
2023-02-07 10:15:41,557 [INFO] PluginManage:307 - Check plugin analytics
2023-02-07 10:15:41,800 [INFO] AnalyticsPlugin:262 - Accepted Software Licenses: 
2023-02-07 10:15:41,801 [INFO] AnalyticsPlugin:264 - Accepted CMSIS Pack Licenses: 
2023-02-07 10:15:41,802 [INFO] AnalyticsPlugin:266 - Accepted Firmware Licenses: FW.F4.1.27.0
2023-02-07 10:15:41,815 [INFO] PluginManage:356 - Loaded plugin analytics (category:tool,tabindex:-1)
2023-02-07 10:15:41,815 [INFO] PluginManage:307 - Check plugin cadmodel
2023-02-07 10:15:41,835 [INFO] CADModel:65 - Init CAD model plugin
2023-02-07 10:15:41,836 [INFO] PluginManage:356 - Loaded plugin cadmodel (category:power,tabindex:5)
2023-02-07 10:15:41,836 [INFO] PluginManage:307 - Check plugin clock
2023-02-07 10:15:41,867 [INFO] PluginManage:356 - Loaded plugin clock (category:base,tabindex:2)
2023-02-07 10:15:41,868 [INFO] PluginManage:307 - Check plugin ddr
2023-02-07 10:15:41,871 [INFO] PluginManage:356 - Loaded plugin ddr (category:tool,tabindex:6)
2023-02-07 10:15:41,872 [INFO] PluginManage:307 - Check plugin filemanager
2023-02-07 10:15:42,120 [INFO] PluginManage:356 - Loaded plugin filemanager (category:base,tabindex:10)
2023-02-07 10:15:42,120 [INFO] PluginManage:307 - Check plugin ipmanager
2023-02-07 10:15:42,135 [INFO] PluginManage:356 - Loaded plugin ipmanager (category:base,tabindex:5)
2023-02-07 10:15:42,135 [INFO] PluginManage:307 - Check plugin lpbam
2023-02-07 10:15:42,160 [INFO] PluginManage:356 - Loaded plugin lpbam (category:base,tabindex:0)
2023-02-07 10:15:42,160 [INFO] PluginManage:307 - Check plugin pinoutandconfiguration
2023-02-07 10:15:42,188 [INFO] PluginManage:356 - Loaded plugin pinoutandconfiguration (category:base,tabindex:1)
2023-02-07 10:15:42,188 [INFO] PluginManage:307 - Check plugin pinoutconfig
2023-02-07 10:15:42,243 [INFO] PluginManage:356 - Loaded plugin pinoutconfig (category:base,tabindex:0)
2023-02-07 10:15:42,244 [INFO] PluginManage:307 - Check plugin power
2023-02-07 10:15:42,269 [INFO] PluginManage:356 - Loaded plugin power (category:power,tabindex:4)
2023-02-07 10:15:42,269 [INFO] PluginManage:307 - Check plugin projectmanager
2023-02-07 10:15:42,293 [INFO] PluginManage:356 - Loaded plugin projectmanager (category:projectmanager,tabindex:3)
2023-02-07 10:15:42,293 [INFO] PluginManage:307 - Check plugin thirdparty
2023-02-07 10:15:42,673 [WARN] IntegrityCheckThread:82 - waiting for thirdparty lock release [integrity check]
2023-02-07 10:15:42,675 [INFO] PluginManage:356 - Loaded plugin thirdparty (category:base,tabindex:-1)
2023-02-07 10:15:42,675 [INFO] IntegrityCheckThread:84 - entering critical section [integrity check]
2023-02-07 10:15:42,675 [INFO] PluginManage:307 - Check plugin tools
2023-02-07 10:15:42,678 [INFO] ThirdPartyUpdaterWithRetryManager:70 - Updater plugin not ready yet. [1/15]
2023-02-07 10:15:42,711 [INFO] PluginManage:356 - Loaded plugin tools (category:base,tabindex:7)
2023-02-07 10:15:42,711 [INFO] PluginManage:307 - Check plugin tutovideos
2023-02-07 10:15:43,156 [INFO] PluginManage:356 - Loaded plugin tutovideos (category:base,tabindex:-1)
2023-02-07 10:15:43,157 [INFO] PluginManage:307 - Check plugin updater
2023-02-07 10:15:43,176 [INFO] PluginManage:356 - Loaded plugin updater (category:base,tabindex:12)
2023-02-07 10:15:43,176 [INFO] PluginManage:280 - PluginManage : Loaded plugins [15]
2023-02-07 10:15:43,520 [INFO] PinOutPanel:1468 - setPackage(No Configuration,No Configuration)
2023-02-07 10:15:43,618 [INFO] CADModel:98 - CPN selected for project level
2023-02-07 10:15:43,655 [INFO] IPUIPlugin:79 - create IPUIPlugin
2023-02-07 10:15:43,655 [INFO] PluginManager:217 - loadIPPluginJar : add adc
2023-02-07 10:15:43,704 [INFO] IPUIPlugin:79 - create IPUIPlugin
2023-02-07 10:15:43,705 [INFO] PluginManager:217 - loadIPPluginJar : add aes
2023-02-07 10:15:43,759 [INFO] IPUIPlugin:79 - create IPUIPlugin
2023-02-07 10:15:43,759 [INFO] PluginManager:217 - loadIPPluginJar : add can
2023-02-07 10:15:43,785 [INFO] IPUIPlugin:79 - create IPUIPlugin
2023-02-07 10:15:43,785 [INFO] PluginManager:217 - loadIPPluginJar : add comp
2023-02-07 10:15:43,828 [INFO] IPUIPlugin:79 - create IPUIPlugin
2023-02-07 10:15:43,828 [INFO] PluginManager:217 - loadIPPluginJar : add cryp
2023-02-07 10:15:43,876 [INFO] IPUIPlugin:79 - create IPUIPlugin
2023-02-07 10:15:43,876 [INFO] PluginManager:217 - loadIPPluginJar : add dfsdm
2023-02-07 10:15:43,899 [INFO] IPUIPlugin:79 - create IPUIPlugin
2023-02-07 10:15:43,899 [INFO] PluginManager:217 - loadIPPluginJar : add dma
2023-02-07 10:15:44,007 [INFO] IPUIPlugin:79 - create IPUIPlugin
2023-02-07 10:15:44,015 [INFO] PluginManager:217 - loadIPPluginJar : add dma3
2023-02-07 10:15:44,072 [INFO] IPUIPlugin:79 - create IPUIPlugin
2023-02-07 10:15:44,072 [INFO] PluginManager:217 - loadIPPluginJar : add fatfs
2023-02-07 10:15:44,196 [INFO] IPUIPlugin:79 - create IPUIPlugin
2023-02-07 10:15:44,196 [INFO] PluginManager:217 - loadIPPluginJar : add fmc
2023-02-07 10:15:44,228 [INFO] IPUIPlugin:79 - create IPUIPlugin
2023-02-07 10:15:44,235 [INFO] PluginManager:217 - loadIPPluginJar : add freertos
2023-02-07 10:15:44,275 [INFO] IPUIPlugin:79 - create IPUIPlugin
2023-02-07 10:15:44,275 [INFO] PluginManager:217 - loadIPPluginJar : add genericplugin
2023-02-07 10:15:44,415 [INFO] IPUIPlugin:79 - create IPUIPlugin
2023-02-07 10:15:44,415 [INFO] PluginManager:217 - loadIPPluginJar : add gfxmmu
2023-02-07 10:15:44,648 [INFO] IPUIPlugin:79 - create IPUIPlugin
2023-02-07 10:15:44,648 [INFO] PluginManager:217 - loadIPPluginJar : add gic
2023-02-07 10:15:44,685 [INFO] IPUIPlugin:79 - create IPUIPlugin
2023-02-07 10:15:44,685 [INFO] PluginManager:217 - loadIPPluginJar : add gpio
2023-02-07 10:15:44,850 [INFO] IPUIPlugin:79 - create IPUIPlugin
2023-02-07 10:15:44,850 [INFO] PluginManager:217 - loadIPPluginJar : add gtzc
2023-02-07 10:15:44,915 [INFO] IPUIPlugin:79 - create IPUIPlugin
2023-02-07 10:15:44,917 [INFO] PluginManager:217 - loadIPPluginJar : add hash
2023-02-07 10:15:45,038 [INFO] IPUIPlugin:79 - create IPUIPlugin
2023-02-07 10:15:45,038 [INFO] PluginManager:217 - loadIPPluginJar : add i2c
2023-02-07 10:15:45,118 [INFO] IPUIPlugin:79 - create IPUIPlugin
2023-02-07 10:15:45,120 [INFO] PluginManager:217 - loadIPPluginJar : add i2s
2023-02-07 10:15:45,386 [INFO] IPUIPlugin:79 - create IPUIPlugin
2023-02-07 10:15:45,387 [INFO] PluginManager:217 - loadIPPluginJar : add ipddr
2023-02-07 10:15:45,651 [INFO] IPUIPlugin:79 - create IPUIPlugin
2023-02-07 10:15:45,651 [INFO] PluginManager:217 - loadIPPluginJar : add linkedlist
2023-02-07 10:15:45,681 [INFO] ThirdPartyUpdaterWithRetryManager:70 - Updater plugin not ready yet. [2/15]
2023-02-07 10:15:45,788 [INFO] IPUIPlugin:79 - create IPUIPlugin
2023-02-07 10:15:45,789 [INFO] PluginManager:217 - loadIPPluginJar : add lorawan
2023-02-07 10:15:45,927 [INFO] IPUIPlugin:79 - create IPUIPlugin
2023-02-07 10:15:45,927 [INFO] PluginManager:217 - loadIPPluginJar : add ltdc
2023-02-07 10:15:46,001 [INFO] IPUIPlugin:79 - create IPUIPlugin
2023-02-07 10:15:46,003 [INFO] PluginManager:217 - loadIPPluginJar : add mdma
2023-02-07 10:15:46,049 [INFO] IPUIPlugin:79 - create IPUIPlugin
2023-02-07 10:15:46,051 [INFO] PluginManager:217 - loadIPPluginJar : add nvic
2023-02-07 10:15:46,188 [INFO] IPUIPlugin:79 - create IPUIPlugin
2023-02-07 10:15:46,189 [INFO] PluginManager:217 - loadIPPluginJar : add opamp
2023-02-07 10:15:46,330 [INFO] IPUIPlugin:79 - create IPUIPlugin
2023-02-07 10:15:46,331 [INFO] PluginManager:217 - loadIPPluginJar : add openamp
2023-02-07 10:15:46,427 [INFO] IPUIPlugin:79 - create IPUIPlugin
2023-02-07 10:15:46,428 [INFO] PluginManager:217 - loadIPPluginJar : add pdm2pcm
2023-02-07 10:15:46,472 [INFO] IPUIPlugin:79 - create IPUIPlugin
2023-02-07 10:15:46,480 [INFO] PluginManager:217 - loadIPPluginJar : add plateformsettings
2023-02-07 10:15:46,542 [INFO] IPUIPlugin:79 - create IPUIPlugin
2023-02-07 10:15:46,542 [INFO] PluginManager:217 - loadIPPluginJar : add quadspi
2023-02-07 10:15:46,575 [INFO] IPUIPlugin:79 - create IPUIPlugin
2023-02-07 10:15:46,576 [INFO] PluginManager:217 - loadIPPluginJar : add resmgrutility
2023-02-07 10:15:46,725 [INFO] IPUIPlugin:79 - create IPUIPlugin
2023-02-07 10:15:46,726 [INFO] PluginManager:217 - loadIPPluginJar : add sai
2023-02-07 10:15:46,844 [INFO] IPUIPlugin:79 - create IPUIPlugin
2023-02-07 10:15:46,845 [INFO] PluginManager:217 - loadIPPluginJar : add spi
2023-02-07 10:15:46,951 [INFO] IPUIPlugin:79 - create IPUIPlugin
2023-02-07 10:15:46,951 [INFO] PluginManager:217 - loadIPPluginJar : add stm32_wpan
2023-02-07 10:15:47,006 [INFO] IPUIPlugin:79 - create IPUIPlugin
2023-02-07 10:15:47,006 [INFO] PluginManager:217 - loadIPPluginJar : add tim
2023-02-07 10:15:47,116 [INFO] IPUIPlugin:79 - create IPUIPlugin
2023-02-07 10:15:47,116 [INFO] PluginManager:217 - loadIPPluginJar : add touchsensing
2023-02-07 10:15:47,167 [INFO] IPUIPlugin:79 - create IPUIPlugin
2023-02-07 10:15:47,167 [INFO] PluginManager:217 - loadIPPluginJar : add tracer_emb
2023-02-07 10:15:47,228 [INFO] IPUIPlugin:79 - create IPUIPlugin
2023-02-07 10:15:47,228 [INFO] PluginManager:217 - loadIPPluginJar : add ts
2023-02-07 10:15:47,276 [INFO] IPUIPlugin:79 - create IPUIPlugin
2023-02-07 10:15:47,276 [INFO] PluginManager:217 - loadIPPluginJar : add tsc
2023-02-07 10:15:47,324 [INFO] IPUIPlugin:79 - create IPUIPlugin
2023-02-07 10:15:47,325 [INFO] PluginManager:217 - loadIPPluginJar : add ucpd
2023-02-07 10:15:47,416 [INFO] IPUIPlugin:79 - create IPUIPlugin
2023-02-07 10:15:47,417 [INFO] PluginManager:217 - loadIPPluginJar : add usart
2023-02-07 10:15:47,500 [INFO] IPUIPlugin:79 - create IPUIPlugin
2023-02-07 10:15:47,500 [INFO] PluginManager:217 - loadIPPluginJar : add usbx
2023-02-07 10:15:48,260 [FATAL] Updater:301 - Updater called before beeing initialized
2023-02-07 10:15:48,571 [FATAL] Updater:301 - Updater called before beeing initialized
2023-02-07 10:15:48,595 [INFO] DbMcusAds:52 - JSON generation date=Wed Jan 18 17:17:18 TRT 2023 (1674051438939)
2023-02-07 10:15:48,595 [FATAL] Updater:301 - Updater called before beeing initialized
2023-02-07 10:15:48,696 [INFO] ThirdPartyUpdaterWithRetryManager:70 - Updater plugin not ready yet. [3/15]
2023-02-07 10:15:48,808 [WARN] DetailPanel:344 - Failed to get advertising image, set to default
2023-02-07 10:15:49,208 [FATAL] Updater:301 - Updater called before beeing initialized
2023-02-07 10:15:49,209 [FATAL] Updater:301 - Updater called before beeing initialized
2023-02-07 10:15:49,209 [FATAL] Updater:301 - Updater called before beeing initialized
2023-02-07 10:15:49,209 [WARN] DetailPanel:344 - Failed to get advertising image, set to default
2023-02-07 10:15:49,218 [FATAL] Updater:301 - Updater called before beeing initialized
2023-02-07 10:15:49,437 [ERROR] Updater:1105 - MainUpdater not yet initialized. External WinMGr cannot be set.
2023-02-07 10:15:49,466 [INFO] Updater:1041 - Updater Version found : 6.6.1
2023-02-07 10:15:49,508 [INFO] ApplicationProperties:181 - Using Application install path: C:\ST\STM32CubeIDE_1.10.1\STM32CubeIDE\plugins\com.st.stm32cube.common.mx_6.6.1.202207061420
2023-02-07 10:15:49,900 [INFO] MainUpdater:2768 - connection check result : 10
2023-02-07 10:15:49,901 [INFO] MainUpdater:3453 - Updater definition file requires update
2023-02-07 10:15:49,906 [INFO] MainUpdater:280 - Updater Check For Update Now.
2023-02-07 10:15:49,906 [INFO] MicroXplorer:481 - Change Database Version : DB.6.0.60
2023-02-07 10:15:49,973 [INFO] ServerAccessManage:474 - Download File updaters.zip
2023-02-07 10:15:50,419 [INFO] FileExtend:239 - Unzip File : updaters.zip
2023-02-07 10:15:50,419 [INFO] FileExtend:254 - Standard Zip Deflate
2023-02-07 10:15:51,305 [INFO] ServerAccessManage:474 - Download File PacksControlFlags.xml
2023-02-07 10:15:51,661 [INFO] ServerAccessManage:474 - Download File cubemx.pidx
2023-02-07 10:15:51,716 [WARN] MainUpdater:1184 - Updater busy. Cannot search thirdparties
2023-02-07 10:15:51,717 [INFO] ThirdPartyUpdaterWithRetryManager:96 - Updater plugin is busy. [1/15]
2023-02-07 10:15:52,053 [INFO] LoadServerUpdatesThread:367 - End of LoadServerUpdate Thread
2023-02-07 10:15:52,308 [INFO] CheckServerUpdateThread:119 - End of CheckServer Thread
2023-02-07 10:15:52,371 [INFO] MainUpdater:2768 - connection check result : 10
2023-02-07 10:15:52,408 [INFO] McuFinderGlobals:57 - Set McuFinderConnectedMode to true
2023-02-07 10:15:52,626 [INFO] ServerAccessManage:474 - Download File mcusAds.json._tmp_
2023-02-07 10:15:52,742 [INFO] LoadUrlFilesThread:150 - End of LoadUrlFiles Thread
2023-02-07 10:15:52,809 [INFO] ServerAccessManage:474 - Download File cube-finder-db.zip
2023-02-07 10:15:53,067 [ERROR] LogOutputStream:74 - [STDERR_REDIRECT] SLF4J: Failed to load class "org.slf4j.impl.StaticLoggerBinder".
2023-02-07 10:15:53,068 [ERROR] LogOutputStream:74 - [STDERR_REDIRECT] SLF4J: Defaulting to no-operation (NOP) logger implementation
2023-02-07 10:15:53,073 [ERROR] LogOutputStream:74 - [STDERR_REDIRECT] SLF4J: See http://www.slf4j.org/codes.html#StaticLoggerBinder for further details.
2023-02-07 10:15:54,721 [WARN] MainUpdater:1184 - Updater busy. Cannot search thirdparties
2023-02-07 10:15:54,722 [INFO] ThirdPartyUpdaterWithRetryManager:96 - Updater plugin is busy. [2/15]
2023-02-07 10:15:57,733 [WARN] MainUpdater:1184 - Updater busy. Cannot search thirdparties
2023-02-07 10:15:57,734 [INFO] ThirdPartyUpdaterWithRetryManager:96 - Updater plugin is busy. [3/15]
2023-02-07 10:16:00,743 [WARN] MainUpdater:1184 - Updater busy. Cannot search thirdparties
2023-02-07 10:16:00,743 [INFO] ThirdPartyUpdaterWithRetryManager:96 - Updater plugin is busy. [4/15]
2023-02-07 10:16:03,757 [WARN] MainUpdater:1184 - Updater busy. Cannot search thirdparties
2023-02-07 10:16:03,758 [INFO] ThirdPartyUpdaterWithRetryManager:96 - Updater plugin is busy. [5/15]
2023-02-07 10:16:06,759 [WARN] MainUpdater:1184 - Updater busy. Cannot search thirdparties
2023-02-07 10:16:06,760 [INFO] ThirdPartyUpdaterWithRetryManager:96 - Updater plugin is busy. [6/15]
2023-02-07 10:16:09,765 [WARN] MainUpdater:1184 - Updater busy. Cannot search thirdparties
2023-02-07 10:16:09,765 [INFO] ThirdPartyUpdaterWithRetryManager:96 - Updater plugin is busy. [7/15]
2023-02-07 10:16:12,770 [WARN] MainUpdater:1184 - Updater busy. Cannot search thirdparties
2023-02-07 10:16:12,771 [INFO] ThirdPartyUpdaterWithRetryManager:96 - Updater plugin is busy. [8/15]
2023-02-07 10:16:13,975 [INFO] FileExtend:239 - Unzip File : cube-finder-db.zip
2023-02-07 10:16:13,976 [INFO] FileExtend:254 - Standard Zip Deflate
2023-02-07 10:16:15,573 [INFO] LoadUrlFilesThread:150 - End of LoadUrlFiles Thread
2023-02-07 10:16:15,772 [WARN] MainUpdater:1184 - Updater busy. Cannot search thirdparties
2023-02-07 10:16:15,773 [INFO] ThirdPartyUpdaterWithRetryManager:96 - Updater plugin is busy. [9/15]
2023-02-07 10:16:16,030 [INFO] ServerAccessManage:474 - Download File crdb.zip
2023-02-07 10:16:16,576 [INFO] FileExtend:239 - Unzip File : crdb.zip
2023-02-07 10:16:16,578 [INFO] FileExtend:254 - Standard Zip Deflate
2023-02-07 10:16:16,806 [INFO] LoadUrlFilesThread:150 - End of LoadUrlFiles Thread
2023-02-07 10:16:16,867 [INFO] ServerAccessManage:474 - Download File tutoVideoDB.zip
2023-02-07 10:16:16,953 [INFO] FileExtend:239 - Unzip File : tutoVideoDB.zip
2023-02-07 10:16:16,954 [INFO] FileExtend:254 - Standard Zip Deflate
2023-02-07 10:16:17,095 [INFO] LoadUrlFilesThread:150 - End of LoadUrlFiles Thread
2023-02-07 10:16:17,109 [INFO] JxBrowserEngine:106 - Initiate JxBrowser Engine with user profile folder
2023-02-07 10:16:17,463 [ERROR] JxBrowserEngine:59 - Can't initiate JxBrowser engine com.teamdev.jxbrowser.engine.ChromiumBinariesExtractionException: Failed to extract Chromium binaries into C:\Users\VeliSacikara\.stm32cubemx\.jxbrowser\Chromium
2023-02-07 10:16:17,465 [WARN] DbFile:40 - Overriding database path with different value: C:\Users\VeliSacikara\.stmcufinder\plugins\mcufinder/ => C:\Users\VeliSacikara\.stmcufinder\plugins\mcufinder
2023-02-07 10:16:17,509 [INFO] ServerAccessManage:474 - Download File api_config.json
2023-02-07 10:16:17,621 [INFO] LoadUrlFilesThread:150 - End of LoadUrlFiles Thread
2023-02-07 10:16:17,622 [INFO] DbMcusAds:52 - JSON generation date=Wed Jan 18 17:17:18 TRT 2023 (1674051438939)
2023-02-07 10:16:17,683 [INFO] LoadUrlFilesThread:177 - End of LoadServerUrlFiles without Thread
2023-02-07 10:16:17,685 [INFO] TargetSelectorAdapter:228 - Refresh data is successful
2023-02-07 10:16:17,935 [INFO] ApiDb:576 - Connected to CubeFinder SQLite database (C:\Users\VeliSacikara\.stmcufinder\plugins\mcufinder\mcu\cube-finder-db.db)
2023-02-07 10:16:18,035 [INFO] ApiDb:663 - CubeFinder database Data Model version=2.1
2023-02-07 10:16:18,035 [INFO] ApiDb:664 - CubeFinder database Configuration version=3.0.35
2023-02-07 10:16:18,047 [INFO] ApiDb:665 - CubeFinder database generation date=2023-02-02 (1675320190)
2023-02-07 10:16:18,047 [INFO] ApiDb:666 - CubeFinder database FW Pack versions=[FP-ATR-ASTRA1_V1.1.1, STM32Cube_FW_C0_V1.0.1, STM32Cube_FW_F4_V1.27.1, STM32Cube_FW_F7_V1.17.0, STM32Cube_FW_G0_V1.6.1, STM32Cube_FW_G4_V1.5.0, STM32Cube_FW_H5_V0.5.1, STM32Cube_FW_H7_V1.11.0, STM32Cube_FW_L5_V1.5.0, STM32Cube_FW_U5_V1.1.1, STM32Cube_FW_WBA_V0.2.0, STM32Cube_FW_WB_V1.15.0, STM32Cube_FW_WB_V1.15.0RC1, STM32Cube_FW_WL_V1.3.0, X-CUBE-ALGOBUILD_V1.3.0, X-CUBE-ALS_V1.0.1, X-CUBE-AZRTOS-F4_V1.1.0, X-CUBE-AZRTOS-F7_V1.1.0, X-CUBE-AZRTOS-G0_V1.1.0, X-CUBE-AZRTOS-G4_V1.0.0, X-CUBE-AZRTOS-H7_V3.0.0, X-CUBE-AZRTOS-L4_V1.0.0, X-CUBE-AZRTOS-L5_V1.1.0, X-CUBE-AZRTOS-WB_V1.1.0, X-CUBE-AZRTOS-WL_V1.0.0, X-CUBE-BLE1_V6.2.4, X-CUBE-BLE2_V3.3.0, X-CUBE-BLEMGR_V1.3.0, X-CUBE-EEPRMA1_V4.1.0, X-CUBE-GNSS1_V6.0.0, X-CUBE-MEMS1_V9.1.0, X-CUBE-MEMS1_V9.3.0, X-CUBE-MEMS1_V9.4.0, X-CUBE-NFC4_V3.0.0, X-CUBE-NFC7_V1.0.0, X-CUBE-SFXS2LP1_V4.0.0, X-CUBE-SUBG2_V5.0.0]
2023-02-07 10:16:19,163 [WARN] PackLoader:242 - Cannot read IP mode file for STMicroelectronics.X-CUBE-GNSS1.6.0.0
2023-02-07 10:16:19,256 [WARN] PackLoader:242 - Cannot read IP mode file for STMicroelectronics.X-CUBE-AZRTOS-F4.1.1.0
2023-02-07 10:16:19,340 [WARN] PackLoader:242 - Cannot read IP mode file for STMicroelectronics.X-CUBE-AZRTOS-F7.1.1.0
2023-02-07 10:16:19,376 [WARN] PackLoader:242 - Cannot read IP mode file for STMicroelectronics.X-CUBE-BLE1.6.2.3
2023-02-07 10:16:19,399 [WARN] PackLoader:242 - Cannot read IP mode file for STMicroelectronics.X-CUBE-BLE1.6.2.4
2023-02-07 10:16:19,422 [WARN] PackLoader:242 - Cannot read IP mode file for STMicroelectronics.X-CUBE-NFC4.2.0.5
2023-02-07 10:16:19,440 [WARN] PackLoader:242 - Cannot read IP mode file for STMicroelectronics.X-CUBE-NFC4.2.0.4
2023-02-07 10:16:19,474 [WARN] PackLoader:242 - Cannot read IP mode file for STMicroelectronics.X-CUBE-TOF1.3.1.0
2023-02-07 10:16:19,513 [WARN] PackLoader:242 - Cannot read IP mode file for STMicroelectronics.X-CUBE-DISPLAY.3.0.0
2023-02-07 10:16:19,546 [WARN] PackLoader:242 - Cannot read IP mode file for wolfSSL.I-CUBE-wolfSSL.5.5.0
2023-02-07 10:16:19,570 [WARN] PackLoader:242 - Cannot read IP mode file for STMicroelectronics.X-CUBE-NFC7.1.0.0
2023-02-07 10:16:19,710 [WARN] PackLoader:242 - Cannot read IP mode file for STMicroelectronics.X-CUBE-MEMS1.9.3.0
2023-02-07 10:16:19,992 [WARN] PackLoader:242 - Cannot read IP mode file for STMicroelectronics.X-CUBE-EEPRMA1.4.1.0
2023-02-07 10:16:20,017 [WARN] PackLoader:242 - Cannot read IP mode file for STMicroelectronics.X-CUBE-AI.7.2.0
2023-02-07 10:16:20,043 [WARN] PackLoader:242 - Cannot read IP mode file for STMicroelectronics.X-CUBE-SFXS2LP1.4.0.0
2023-02-07 10:16:20,068 [WARN] PackLoader:242 - Cannot read IP mode file for STMicroelectronics.X-CUBE-BLE2.3.3.0
2023-02-07 10:16:20,093 [WARN] PackLoader:242 - Cannot read IP mode file for STMicroelectronics.X-CUBE-DISPLAY.2.2.0
2023-02-07 10:16:20,128 [WARN] PackLoader:242 - Cannot read IP mode file for STMicroelectronics.X-CUBE-TOF1.3.2.0
2023-02-07 10:16:20,219 [WARN] PackLoader:242 - Cannot read IP mode file for STMicroelectronics.X-CUBE-AZRTOS-H7.3.0.0
2023-02-07 10:16:20,240 [WARN] PackLoader:242 - Cannot read IP mode file for STMicroelectronics.X-CUBE-ISPU.1.0.0
2023-02-07 10:16:20,260 [WARN] PackLoader:242 - Cannot read IP mode file for STMicroelectronics.X-CUBE-ISPU.1.1.0
2023-02-07 10:16:20,286 [WARN] PackLoader:242 - Cannot read IP mode file for RoweBots.I-CUBE-UNISONRTOS.5.5.0-4
2023-02-07 10:16:20,353 [WARN] PackLoader:242 - Cannot read IP mode file for STMicroelectronics.X-CUBE-AZRTOS-H7.2.1.0
2023-02-07 10:16:20,380 [WARN] PackLoader:242 - Cannot read IP mode file for STMicroelectronics.X-CUBE-TOUCHGFX.4.21.1
2023-02-07 10:16:20,395 [WARN] PackLoader:242 - Cannot read IP mode file for STMicroelectronics.X-CUBE-TOUCHGFX.4.21.0
2023-02-07 10:16:20,418 [WARN] PackLoader:242 - Cannot read IP mode file for STMicroelectronics.X-CUBE-BLEMGR.1.0.0
2023-02-07 10:16:20,546 [WARN] PackLoader:242 - Cannot read IP mode file for STMicroelectronics.X-CUBE-MEMS1.9.4.0
2023-02-07 10:16:20,778 [WARN] PackLoader:242 - Cannot read IP mode file for STMicroelectronics.X-CUBE-AI.7.3.0
2023-02-07 10:16:20,799 [WARN] PackLoader:242 - Cannot read IP mode file for STMicroelectronics.X-CUBE-ALGOBUILD.1.3.0
2023-02-07 10:16:20,835 [WARN] PackLoader:242 - Cannot read IP mode file for STMicroelectronics.X-CUBE-AZRTOS-L5.1.1.0
2023-02-07 10:16:20,889 [WARN] PackLoader:242 - Cannot read IP mode file for STMicroelectronics.X-CUBE-AZRTOS-G0.1.1.0
2023-02-07 10:16:20,931 [WARN] PackLoader:242 - Cannot read IP mode file for STMicroelectronics.X-CUBE-SUBG2.5.0.0
2023-02-07 10:16:20,965 [WARN] PackLoader:242 - Cannot read IP mode file for STMicroelectronics.X-CUBE-NFC4.3.0.0
2023-02-07 10:16:21,073 [WARN] PackLoader:242 - Cannot read IP mode file for SEGGER.I-CUBE-embOS.1.2.0
2023-02-07 10:16:21,201 [WARN] PackLoader:242 - Cannot read IP mode file for STMicroelectronics.FP-ATR-ASTRA1.1.1.1
2023-02-07 10:16:21,221 [WARN] PackLoader:242 - Cannot read IP mode file for STMicroelectronics.X-CUBE-BLEMGR.1.3.0
2023-02-07 10:16:21,292 [WARN] PackLoader:242 - Cannot read IP mode file for STMicroelectronics.X-CUBE-AZRTOS-G4.1.0.0
2023-02-07 10:16:21,313 [WARN] PackLoader:242 - Cannot read IP mode file for STMicroelectronics.FP-ATR-SIGFOX1.3.2.0
2023-02-07 10:16:21,383 [WARN] PackLoader:242 - Cannot read IP mode file for STMicroelectronics.X-CUBE-AZRTOS-L4.1.0.0
2023-02-07 10:16:21,414 [WARN] PackLoader:242 - Cannot read IP mode file for emotas.I-CUBE-CANOPEN.1.1.2
2023-02-07 10:16:21,440 [WARN] PackLoader:242 - Cannot read IP mode file for STMicroelectronics.X-CUBE-TOUCHGFX.4.20.0
2023-02-07 10:16:21,469 [WARN] PackLoader:242 - Cannot read IP mode file for STMicroelectronics.X-CUBE-AZRTOS-WL.1.0.0
2023-02-07 10:16:21,491 [WARN] PackLoader:242 - Cannot read IP mode file for portGmbH.I-Cube-SoM-uGOAL.1.1.0
2023-02-07 10:16:21,517 [WARN] PackLoader:242 - Cannot read IP mode file for STMicroelectronics.X-CUBE-ALS.1.0.1
2023-02-07 10:16:21,557 [WARN] PackLoader:242 - Cannot read IP mode file for STMicroelectronics.X-CUBE-AZRTOS-WB.1.1.0
2023-02-07 10:16:21,617 [WARN] PackLoader:242 - Cannot read IP mode file for STMicroelectronics.X-CUBE-AZRTOS-L5.1.0.0
2023-02-07 10:16:21,653 [WARN] PackLoader:242 - Cannot read IP mode file for STMicroelectronics.X-CUBE-EEPRMA1.3.1.1
2023-02-07 10:16:21,663 [INFO] ThirdParty:929 - Integrity check success = true
2023-02-07 10:16:21,663 [INFO] IntegrityCheckThread:98 - exiting critical section [integrity check]
2023-02-07 10:16:21,663 [INFO] IntegrityCheckThread:101 - End integrity checks thread
2023-02-07 10:16:22,376 [INFO] ApiDb:239 - Found 138 in-development CPN: [B-WB1M-WPAN1, NUCLEO-C031C6, STEVAL-STWINBX1, STM320518-EVAL, STM32C0116-DK, STM32C011D6Y3TR, STM32C011D6Y6TR, STM32C011F4P3, STM32C011F4P6, STM32C011F4U3, STM32C011F4U6TR, STM32C011F6P3, STM32C011F6P6, STM32C011F6U3, STM32C011F6U6TR, STM32C011J4M3, STM32C011J4M6, STM32C011J6M3, STM32C011J6M6, STM32C0316-DK, STM32C031C4T3, STM32C031C4T6, STM32C031C4U3, STM32C031C4U6, STM32C031C6T3, STM32C031C6T6, STM32C031C6U3, STM32C031C6U6, STM32C031F4P3, STM32C031F4P6, STM32C031F6P3, STM32C031F6P6, STM32C031G4U3, STM32C031G4U6, STM32C031G6U3, STM32C031G6U6, STM32C031K4T3, STM32C031K4T6, STM32C031K4U3, STM32C031K4U6, STM32C031K6T3, STM32C031K6T6, STM32C031K6U3, STM32C031K6U6, STM32G071K8TXN, STM32G071K8UXN, STM32G081GBU6N, STM32G081KBT6N, STM32G081KBUXN, STM32G0B1CCT6N, STM32G0B1KCT6, STM32G0B1NEY6TR, STM32G0B1RCT6N, STM32G0C1CCT6, STM32G0C1CCT6N, STM32G0C1CCU6N, STM32G0C1CET6N, STM32G0C1CEU6N, STM32G0C1KCT6, STM32G0C1NEY6TR, STM32G0C1RCI6N, STM32G0C1RCT6N, STM32G0C1REI6N, STM32G0C1RET6N, STM32G0C1VCI6, STM32G0C1VEI6, STM32G471CCT6, STM32G471CCU6, STM32G471CET3, STM32G471CET6, STM32G471CEU3, STM32G471CEU6, STM32G471MCT6, STM32G471MET3, STM32G471MET6, STM32G471MEY6TR, STM32G471QCT6, STM32G471QET3, STM32G471RCT6, STM32G471RET3, STM32G471RET6, STM32G471VCH6, STM32G471VCI6, STM32G471VCT6, STM32G471VEH3, STM32G471VEH6, STM32G471VEI3, STM32G471VEI6, STM32G471VET3, STM32G471VET6, STM32G474CCT6, STM32L476VGY6PTR, STM32L4R5QGI6STR, STM32MP131AAE3, STM32MP131AAF3, STM32MP131AAG3, STM32MP131CAE3, STM32MP131CAF3, STM32MP131CAG3, STM32MP131DAE7, STM32MP131DAF7, STM32MP131DAG7, STM32MP131FAE7, STM32MP131FAF7, STM32MP131FAG7, STM32MP133AAE3, STM32MP133AAF3, STM32MP133AAG3, STM32MP133CAE3, STM32MP133CAF3, STM32MP133CAG3, STM32MP133DAE7, STM32MP133DAF7, STM32MP133DAG7, STM32MP133FAE7, STM32MP133FAF7, STM32MP133FAG7, STM32MP135AAE3, STM32MP135AAF3, STM32MP135AAG3, STM32MP135CAE3, STM32MP135CAF3, STM32MP135CAG3, STM32MP135DAE7, STM32MP135DAF7, STM32MP135DAG7, STM32MP135F-DK, STM32MP135FAE7, STM32MP135FAF7, STM32MP135FAG7, STM32U595ZJT6Q, STM32U599BJY6QTR, STM32U599NIH6Q, STM32U599NJH6Q, STM32U5A5ZJT6Q, STM32U5A9BJY6QTR, STM32U5A9NJH6Q, STM32WB1MMCH6]
2023-02-07 10:16:22,381 [INFO] DbMcus:215 - Found 3580 MCUs, 3580 are supported
2023-02-07 10:16:22,386 [INFO] ApiDb:418 - Load user favorites file C:\Users\VeliSacikara/.stm32cubeide/favorites.mcus.txt: 0 item(s)
2023-02-07 10:16:22,386 [INFO] ApiDb:422 - User favorites MCUs=[]
2023-02-07 10:16:22,386 [INFO] DbMcus:221 - Set 0 / 0 favorites MCUs
2023-02-07 10:16:22,393 [INFO] ApiDb:663 - CubeFinder database Data Model version=2.1
2023-02-07 10:16:22,394 [INFO] ApiDb:664 - CubeFinder database Configuration version=3.0.35
2023-02-07 10:16:22,394 [INFO] ApiDb:665 - CubeFinder database generation date=2023-02-02 (1675320190)
2023-02-07 10:16:22,394 [INFO] ApiDb:666 - CubeFinder database FW Pack versions=[FP-ATR-ASTRA1_V1.1.1, STM32Cube_FW_C0_V1.0.1, STM32Cube_FW_F4_V1.27.1, STM32Cube_FW_F7_V1.17.0, STM32Cube_FW_G0_V1.6.1, STM32Cube_FW_G4_V1.5.0, STM32Cube_FW_H5_V0.5.1, STM32Cube_FW_H7_V1.11.0, STM32Cube_FW_L5_V1.5.0, STM32Cube_FW_U5_V1.1.1, STM32Cube_FW_WBA_V0.2.0, STM32Cube_FW_WB_V1.15.0, STM32Cube_FW_WB_V1.15.0RC1, STM32Cube_FW_WL_V1.3.0, X-CUBE-ALGOBUILD_V1.3.0, X-CUBE-ALS_V1.0.1, X-CUBE-AZRTOS-F4_V1.1.0, X-CUBE-AZRTOS-F7_V1.1.0, X-CUBE-AZRTOS-G0_V1.1.0, X-CUBE-AZRTOS-G4_V1.0.0, X-CUBE-AZRTOS-H7_V3.0.0, X-CUBE-AZRTOS-L4_V1.0.0, X-CUBE-AZRTOS-L5_V1.1.0, X-CUBE-AZRTOS-WB_V1.1.0, X-CUBE-AZRTOS-WL_V1.0.0, X-CUBE-BLE1_V6.2.4, X-CUBE-BLE2_V3.3.0, X-CUBE-BLEMGR_V1.3.0, X-CUBE-EEPRMA1_V4.1.0, X-CUBE-GNSS1_V6.0.0, X-CUBE-MEMS1_V9.1.0, X-CUBE-MEMS1_V9.3.0, X-CUBE-MEMS1_V9.4.0, X-CUBE-NFC4_V3.0.0, X-CUBE-NFC7_V1.0.0, X-CUBE-SFXS2LP1_V4.0.0, X-CUBE-SUBG2_V5.0.0]
2023-02-07 10:16:22,519 [INFO] DbBoardsSqlite:227 - include board P-NUCLEO-WB55-NUCLEO as a kit item of type 'Nucleo-64'
2023-02-07 10:16:22,519 [INFO] DbBoardsSqlite:227 - include board P-NUCLEO-WB55-USBDONGLE as a kit item of type 'Nucleo USB Dongle'
2023-02-07 10:16:22,519 [INFO] DbBoardsSqlite:227 - include board STEVAL-IDP005V1 as a kit item of type 'Evaluation Board'
2023-02-07 10:16:22,519 [INFO] DbBoardsSqlite:227 - include board STEVAL-IDP005V2 as a kit item of type 'Evaluation Board'
2023-02-07 10:16:22,571 [INFO] ApiDb:239 - Found 138 in-development CPN: [B-WB1M-WPAN1, NUCLEO-C031C6, STEVAL-STWINBX1, STM320518-EVAL, STM32C0116-DK, STM32C011D6Y3TR, STM32C011D6Y6TR, STM32C011F4P3, STM32C011F4P6, STM32C011F4U3, STM32C011F4U6TR, STM32C011F6P3, STM32C011F6P6, STM32C011F6U3, STM32C011F6U6TR, STM32C011J4M3, STM32C011J4M6, STM32C011J6M3, STM32C011J6M6, STM32C0316-DK, STM32C031C4T3, STM32C031C4T6, STM32C031C4U3, STM32C031C4U6, STM32C031C6T3, STM32C031C6T6, STM32C031C6U3, STM32C031C6U6, STM32C031F4P3, STM32C031F4P6, STM32C031F6P3, STM32C031F6P6, STM32C031G4U3, STM32C031G4U6, STM32C031G6U3, STM32C031G6U6, STM32C031K4T3, STM32C031K4T6, STM32C031K4U3, STM32C031K4U6, STM32C031K6T3, STM32C031K6T6, STM32C031K6U3, STM32C031K6U6, STM32G071K8TXN, STM32G071K8UXN, STM32G081GBU6N, STM32G081KBT6N, STM32G081KBUXN, STM32G0B1CCT6N, STM32G0B1KCT6, STM32G0B1NEY6TR, STM32G0B1RCT6N, STM32G0C1CCT6, STM32G0C1CCT6N, STM32G0C1CCU6N, STM32G0C1CET6N, STM32G0C1CEU6N, STM32G0C1KCT6, STM32G0C1NEY6TR, STM32G0C1RCI6N, STM32G0C1RCT6N, STM32G0C1REI6N, STM32G0C1RET6N, STM32G0C1VCI6, STM32G0C1VEI6, STM32G471CCT6, STM32G471CCU6, STM32G471CET3, STM32G471CET6, STM32G471CEU3, STM32G471CEU6, STM32G471MCT6, STM32G471MET3, STM32G471MET6, STM32G471MEY6TR, STM32G471QCT6, STM32G471QET3, STM32G471RCT6, STM32G471RET3, STM32G471RET6, STM32G471VCH6, STM32G471VCI6, STM32G471VCT6, STM32G471VEH3, STM32G471VEH6, STM32G471VEI3, STM32G471VEI6, STM32G471VET3, STM32G471VET6, STM32G474CCT6, STM32L476VGY6PTR, STM32L4R5QGI6STR, STM32MP131AAE3, STM32MP131AAF3, STM32MP131AAG3, STM32MP131CAE3, STM32MP131CAF3, STM32MP131CAG3, STM32MP131DAE7, STM32MP131DAF7, STM32MP131DAG7, STM32MP131FAE7, STM32MP131FAF7, STM32MP131FAG7, STM32MP133AAE3, STM32MP133AAF3, STM32MP133AAG3, STM32MP133CAE3, STM32MP133CAF3, STM32MP133CAG3, STM32MP133DAE7, STM32MP133DAF7, STM32MP133DAG7, STM32MP133FAE7, STM32MP133FAF7, STM32MP133FAG7, STM32MP135AAE3, STM32MP135AAF3, STM32MP135AAG3, STM32MP135CAE3, STM32MP135CAF3, STM32MP135CAG3, STM32MP135DAE7, STM32MP135DAF7, STM32MP135DAG7, STM32MP135F-DK, STM32MP135FAE7, STM32MP135FAF7, STM32MP135FAG7, STM32U595ZJT6Q, STM32U599BJY6QTR, STM32U599NIH6Q, STM32U599NJH6Q, STM32U5A5ZJT6Q, STM32U5A9BJY6QTR, STM32U5A9NJH6Q, STM32WB1MMCH6]
2023-02-07 10:16:22,749 [INFO] BoardInfo:879 - No configuration file found for board P-NUCLEO-WB55
2023-02-07 10:16:22,749 [INFO] DbBoards:156 - Kit is not supported: P-NUCLEO-WB55
2023-02-07 10:16:22,773 [INFO] BoardInfo:879 - No configuration file found for board STEVAL-BFA001V1B
2023-02-07 10:16:22,773 [INFO] DbBoards:156 - Kit is not supported: STEVAL-BFA001V1B
2023-02-07 10:16:22,774 [INFO] BoardInfo:879 - No configuration file found for board STEVAL-BFA001V2B
2023-02-07 10:16:22,774 [INFO] DbBoards:156 - Kit is not supported: STEVAL-BFA001V2B
2023-02-07 10:16:22,774 [INFO] BoardInfo:879 - No configuration file found for board STEVAL-PROTEUS1
2023-02-07 10:16:22,774 [INFO] DbBoards:156 - Board is not supported: STEVAL-PROTEUS1
2023-02-07 10:16:22,971 [INFO] DbBoards:160 - Found 178 boards, 174 are supported
2023-02-07 10:16:22,985 [INFO] ApiDb:418 - Load user favorites file C:\Users\VeliSacikara/.stm32cubeide/favorites.boards.txt: 0 item(s)
2023-02-07 10:16:22,985 [INFO] ApiDb:422 - User favorites Boards=[]
2023-02-07 10:16:22,985 [INFO] DbBoards:189 - Set 0 / 0 favorites Boards
2023-02-07 10:16:22,985 [INFO] ApiDb:663 - CubeFinder database Data Model version=2.1
2023-02-07 10:16:22,985 [INFO] ApiDb:664 - CubeFinder database Configuration version=3.0.35
2023-02-07 10:16:22,985 [INFO] ApiDb:665 - CubeFinder database generation date=2023-02-02 (1675320190)
2023-02-07 10:16:22,985 [INFO] ApiDb:666 - CubeFinder database FW Pack versions=[FP-ATR-ASTRA1_V1.1.1, STM32Cube_FW_C0_V1.0.1, STM32Cube_FW_F4_V1.27.1, STM32Cube_FW_F7_V1.17.0, STM32Cube_FW_G0_V1.6.1, STM32Cube_FW_G4_V1.5.0, STM32Cube_FW_H5_V0.5.1, STM32Cube_FW_H7_V1.11.0, STM32Cube_FW_L5_V1.5.0, STM32Cube_FW_U5_V1.1.1, STM32Cube_FW_WBA_V0.2.0, STM32Cube_FW_WB_V1.15.0, STM32Cube_FW_WB_V1.15.0RC1, STM32Cube_FW_WL_V1.3.0, X-CUBE-ALGOBUILD_V1.3.0, X-CUBE-ALS_V1.0.1, X-CUBE-AZRTOS-F4_V1.1.0, X-CUBE-AZRTOS-F7_V1.1.0, X-CUBE-AZRTOS-G0_V1.1.0, X-CUBE-AZRTOS-G4_V1.0.0, X-CUBE-AZRTOS-H7_V3.0.0, X-CUBE-AZRTOS-L4_V1.0.0, X-CUBE-AZRTOS-L5_V1.1.0, X-CUBE-AZRTOS-WB_V1.1.0, X-CUBE-AZRTOS-WL_V1.0.0, X-CUBE-BLE1_V6.2.4, X-CUBE-BLE2_V3.3.0, X-CUBE-BLEMGR_V1.3.0, X-CUBE-EEPRMA1_V4.1.0, X-CUBE-GNSS1_V6.0.0, X-CUBE-MEMS1_V9.1.0, X-CUBE-MEMS1_V9.3.0, X-CUBE-MEMS1_V9.4.0, X-CUBE-NFC4_V3.0.0, X-CUBE-NFC7_V1.0.0, X-CUBE-SFXS2LP1_V4.0.0, X-CUBE-SUBG2_V5.0.0]
2023-02-07 10:16:24,318 [INFO] DbExamplesSqlite:374 - Ignored 32 examples not supported by CubeIDE
2023-02-07 10:16:24,318 [INFO] DbExamplesSqlite:375 - Found 6238 examples active
2023-02-07 10:16:24,318 [INFO] DbExamplesSqlite:376 - Found 276 examples obsolete
2023-02-07 10:16:24,318 [INFO] DbExamplesSqlite:377 - Found 0 examples under development
2023-02-07 10:16:24,318 [INFO] DbExamplesSqlite:378 - Found 76 examples not building
2023-02-07 10:16:24,318 [INFO] DbExamples:124 - Found 6282 examples
2023-02-07 10:16:24,376 [ERROR] DbExamples:207 - Found 14 examples with invalid data (board or MCU)
2023-02-07 10:16:24,376 [INFO] DbExamples:221 - Found 77 boards with related examples
2023-02-07 10:16:24,379 [INFO] DbExamples:234 - Found 64 MCUs with related examples
2023-02-07 10:16:24,396 [INFO] ApiDb:409 - User favorites file not found: C:\Users\VeliSacikara/.stm32cubeide/favorites.examples.txt
2023-02-07 10:16:24,396 [INFO] DbExamples:249 - Set 0 / 0 favorites Examples
2023-02-07 10:16:25,159 [INFO] McuFinderGlobals:57 - Set McuFinderConnectedMode to true
2023-02-07 10:16:25,178 [INFO] MultiScanPanel:195 - Auto-refresh data requested => check proxy status ongoing
2023-02-07 10:16:25,183 [INFO] FinderPluginLoader:92 - Searching for filters in installed packs
2023-02-07 10:16:27,893 [INFO] LoadUrlFilesThread:177 - End of LoadServerUrlFiles without Thread
2023-02-07 10:16:27,948 [INFO] DetailPanel:339 - Set advertising image to C:/Users/VeliSacikara/STM32Cube/Repository/\en.prom-stm32c0-0123.jpg
2023-02-07 10:17:09,824 [INFO] MainUpdater:2768 - connection check result : 10
2023-02-07 10:17:09,826 [INFO] MainUpdater:2768 - connection check result : 10
2023-02-07 10:17:09,899 [INFO] MicroXplorer:451 - Change Database Path : 
2023-02-07 10:17:09,899 [INFO] MicroXplorer:481 - Change Database Version : DB.6.0.60
2023-02-07 10:17:09,900 [WARN] ThirdParty:827 - waiting for thirdparty lock release [close project]
2023-02-07 10:17:09,900 [INFO] ThirdParty:829 - entering critical section [close project]
2023-02-07 10:17:09,902 [INFO] ThirdParty:839 - exiting critical section [close project]
2023-02-07 10:17:09,914 [INFO] PinOutPanel:1468 - setPackage(No Configuration,No Configuration)
2023-02-07 10:17:09,932 [INFO] UtilMem:74 - Begin LoadConfig() Used Memory: 563716992 Bytes (701497344)
2023-02-07 10:17:09,934 [INFO] MicroXplorer:451 - Change Database Path : 
2023-02-07 10:17:09,935 [INFO] MicroXplorer:481 - Change Database Version : DB.6.0.60
2023-02-07 10:17:09,935 [INFO] OpenFileManager:307 - Change cursor
2023-02-07 10:17:10,145 [INFO] Mcu:1922 - Initializing MCU STM32F407VGTx STM32F407VGTx 
2023-02-07 10:17:10,146 [INFO] Mcu:1935 - No CPN specified => set CPN to STM32F407VGT6
2023-02-07 10:17:14,667 [INFO] Context:654 - Trying to add GPIOservice into a context  which must be forbidden
2023-02-07 10:17:16,681 [INFO] ImportTextPane:193 - (OptionalMessage_ERROR) Unable to find key (Mcu.ThirdPartyNb) in loaded IOC file
2023-02-07 10:17:16,681 [INFO] ImportTextPane:193 - (OptionalMessage_ERROR) Unable to find key (Mcu.PinsNb) in loaded IOC file
2023-02-07 10:17:16,682 [INFO] ImportTextPane:193 - (OptionalMessage_ERROR) Unable to find key (Mcu.IPNb) in loaded IOC file
2023-02-07 10:17:16,910 [WARN] ApiManager:308 - Cannot register API 'Board Extension:GNSS1A1' from pack STMicroelectronics.X-CUBE-GNSS1.6.0.0: no header file found
2023-02-07 10:17:16,911 [WARN] ApiManager:308 - Cannot register API 'Board Support:Custom' from pack STMicroelectronics.X-CUBE-GNSS1.6.0.0: no header file found
2023-02-07 10:17:16,911 [WARN] ApiManager:308 - Cannot register API 'Data Exchange:lib_gnss' from pack STMicroelectronics.X-CUBE-GNSS1.6.0.0: no header file found
2023-02-07 10:17:17,392 [WARN] ApiManager:308 - Cannot register API 'Board Extension:IKS01A3' from pack STMicroelectronics.X-CUBE-MEMS1.9.4.0: no header file found
2023-02-07 10:17:17,392 [WARN] ApiManager:308 - Cannot register API 'Board Extension:IKS01A2' from pack STMicroelectronics.X-CUBE-MEMS1.9.4.0: no header file found
2023-02-07 10:17:17,400 [WARN] ApiManager:308 - Cannot register API 'Board Extension:IKS02A1' from pack STMicroelectronics.X-CUBE-MEMS1.9.4.0: no header file found
2023-02-07 10:17:17,421 [WARN] ApiManager:308 - Cannot register API 'Wireless:BlueNRG-MS' from pack STMicroelectronics.X-CUBE-BLE1.6.2.3: no header file found
2023-02-07 10:17:17,421 [WARN] ApiManager:308 - Cannot register API 'Wireless:BlueNRG-MS' from pack STMicroelectronics.X-CUBE-BLE1.6.2.4: no header file found
2023-02-07 10:17:17,432 [INFO] RtosManager:488 - Registered RTOS mode: class=CMSIS, group=RTOS, mode=CMSIS_V1, owner=FREERTOS
2023-02-07 10:17:17,432 [INFO] RtosManager:488 - Registered RTOS mode: class=CMSIS, group=RTOS2, mode=CMSIS_V2, owner=FREERTOS
2023-02-07 10:17:17,432 [INFO] RtosManager:488 - Registered RTOS mode: class=RTOS, group=Core, mode=CMSIS_V1, owner=FREERTOS
2023-02-07 10:17:17,432 [INFO] RtosManager:488 - Registered RTOS mode: class=RTOS, group=Core, mode=CMSIS_V2, owner=FREERTOS
2023-02-07 10:17:17,432 [WARN] ModelIntegratedComponent:185 - Missing modes for component STMicroelectronics:FreeRTOS:0.0.1:STMicroelectronics:RTOS:FreeRTOS:Core:::10.2.0:
2023-02-07 10:17:17,461 [WARN] ApiManager:308 - Cannot register API 'Board Extension:S2868A1' from pack STMicroelectronics.X-CUBE-SUBG2.5.0.0: no header file found
2023-02-07 10:17:17,461 [WARN] ApiManager:308 - Cannot register API 'Board Extension:S2868A2' from pack STMicroelectronics.X-CUBE-SUBG2.5.0.0: no header file found
2023-02-07 10:17:17,461 [WARN] ApiManager:308 - Cannot register API 'Board Extension:S2915A1' from pack STMicroelectronics.X-CUBE-SUBG2.5.0.0: no header file found
2023-02-07 10:17:17,464 [WARN] ApiManager:308 - Cannot register API 'Board Extension:NFC04A1' from pack STMicroelectronics.X-CUBE-NFC4.3.0.0: no header file found
2023-02-07 10:17:17,481 [WARN] ApiManager:308 - Cannot register API 'Board Extension:NFC04A1' from pack STMicroelectronics.X-CUBE-NFC4.2.0.5: no header file found
2023-02-07 10:17:17,483 [WARN] ApiManager:308 - Cannot register API 'Board Extension:NFC04A1' from pack STMicroelectronics.X-CUBE-NFC4.2.0.4: no header file found
2023-02-07 10:17:17,503 [WARN] ModelIntegratedComponent:64 - No mode defined for component null
2023-02-07 10:17:17,504 [WARN] ModelIntegratedComponent:64 - No mode defined for component null
2023-02-07 10:17:17,504 [WARN] ModelIntegratedComponent:64 - No mode defined for component null
2023-02-07 10:17:17,504 [WARN] ModelIntegratedComponent:64 - No mode defined for component null
2023-02-07 10:17:17,504 [WARN] ModelIntegratedComponent:64 - No mode defined for component null
2023-02-07 10:17:17,505 [WARN] ModelIntegratedComponent:64 - No mode defined for component null
2023-02-07 10:17:17,505 [WARN] ModelIntegratedComponent:64 - No mode defined for component null
2023-02-07 10:17:17,506 [WARN] ModelIntegratedComponent:64 - No mode defined for component null
2023-02-07 10:17:17,506 [WARN] ModelIntegratedComponent:64 - No mode defined for component null
2023-02-07 10:17:17,506 [WARN] ModelIntegratedComponent:64 - No mode defined for component null
2023-02-07 10:17:17,506 [WARN] ModelIntegratedComponent:64 - No mode defined for component null
2023-02-07 10:17:17,507 [WARN] ModelIntegratedComponent:64 - No mode defined for component null
2023-02-07 10:17:17,508 [WARN] ModelIntegratedComponent:64 - No mode defined for component null
2023-02-07 10:17:17,508 [WARN] ModelIntegratedComponent:64 - No mode defined for component null
2023-02-07 10:17:17,509 [WARN] ModelIntegratedComponent:64 - No mode defined for component null
2023-02-07 10:17:17,509 [WARN] ModelIntegratedComponent:64 - No mode defined for component null
2023-02-07 10:17:17,509 [WARN] ModelIntegratedComponent:64 - No mode defined for component null
2023-02-07 10:17:17,509 [WARN] ModelIntegratedComponent:64 - No mode defined for component null
2023-02-07 10:17:17,509 [WARN] ModelIntegratedComponent:64 - No mode defined for component null
2023-02-07 10:17:17,509 [WARN] ModelIntegratedComponent:64 - No mode defined for component null
2023-02-07 10:17:17,509 [WARN] ModelIntegratedComponent:64 - No mode defined for component null
2023-02-07 10:17:17,510 [WARN] ModelIntegratedComponent:64 - No mode defined for component null
2023-02-07 10:17:17,510 [WARN] ModelIntegratedComponent:64 - No mode defined for component null
2023-02-07 10:17:17,510 [WARN] ModelIntegratedComponent:64 - No mode defined for component null
2023-02-07 10:17:17,510 [WARN] ModelIntegratedComponent:64 - No mode defined for component null
2023-02-07 10:17:17,510 [WARN] ModelIntegratedComponent:64 - No mode defined for component null
2023-02-07 10:17:17,511 [WARN] ModelIntegratedComponent:64 - No mode defined for component null
2023-02-07 10:17:17,511 [WARN] ModelIntegratedComponent:64 - No mode defined for component null
2023-02-07 10:17:17,511 [WARN] ModelIntegratedComponent:64 - No mode defined for component null
2023-02-07 10:17:17,512 [WARN] ModelIntegratedComponent:64 - No mode defined for component null
2023-02-07 10:17:17,512 [WARN] ModelIntegratedComponent:64 - No mode defined for component null
2023-02-07 10:17:17,512 [WARN] ModelIntegratedComponent:64 - No mode defined for component null
2023-02-07 10:17:17,512 [WARN] ModelIntegratedComponent:64 - No mode defined for component null
2023-02-07 10:17:17,513 [WARN] ApiManager:308 - Cannot register API 'Board Extension:NFC07A1' from pack STMicroelectronics.X-CUBE-NFC7.1.0.0: no header file found
2023-02-07 10:17:17,942 [WARN] ApiManager:308 - Cannot register API 'Board Extension:IKS01A3' from pack STMicroelectronics.X-CUBE-MEMS1.9.3.0: no header file found
2023-02-07 10:17:17,942 [WARN] ApiManager:308 - Cannot register API 'Board Extension:IKS01A2' from pack STMicroelectronics.X-CUBE-MEMS1.9.3.0: no header file found
2023-02-07 10:17:17,942 [WARN] ApiManager:308 - Cannot register API 'Board Extension:IKS02A1' from pack STMicroelectronics.X-CUBE-MEMS1.9.3.0: no header file found
2023-02-07 10:17:17,960 [WARN] ApiManager:308 - Cannot register API 'Board Extension:EEPRMA1' from pack STMicroelectronics.X-CUBE-EEPRMA1.4.1.0: no header file found
2023-02-07 10:17:17,960 [WARN] ApiManager:308 - Cannot register API 'Board Extension:EEPRMA2' from pack STMicroelectronics.X-CUBE-EEPRMA1.4.1.0: no header file found
2023-02-07 10:17:17,960 [WARN] ApiManager:308 - Cannot register API 'Board Extension:PGEEZ1' from pack STMicroelectronics.X-CUBE-EEPRMA1.4.1.0: no header file found
2023-02-07 10:17:17,960 [WARN] ApiManager:308 - Cannot register API 'Board Part:M24' from pack STMicroelectronics.X-CUBE-EEPRMA1.4.1.0: no header file found
2023-02-07 10:17:17,960 [WARN] ApiManager:308 - Cannot register API 'Board Part:M95' from pack STMicroelectronics.X-CUBE-EEPRMA1.4.1.0: no header file found
2023-02-07 10:17:17,961 [WARN] ApiManager:308 - Cannot register API 'Board Part:M95P32' from pack STMicroelectronics.X-CUBE-EEPRMA1.4.1.0: no header file found
2023-02-07 10:17:17,961 [WARN] ApiManager:308 - Cannot register API 'PGEEZ1:SPI' from pack STMicroelectronics.X-CUBE-EEPRMA1.4.1.0: no header file found
2023-02-07 10:17:17,961 [WARN] ApiManager:308 - Cannot register API 'PGEEZ1:QDSPI' from pack STMicroelectronics.X-CUBE-EEPRMA1.4.1.0: no header file found
2023-02-07 10:17:17,962 [WARN] ApiManager:308 - Cannot register API 'Board Extension:EEPRMA1' from pack STMicroelectronics.X-CUBE-EEPRMA1.3.1.1: no header file found
2023-02-07 10:17:17,962 [WARN] ApiManager:308 - Cannot register API 'Board Extension:EEPRMA2' from pack STMicroelectronics.X-CUBE-EEPRMA1.3.1.1: no header file found
2023-02-07 10:17:17,970 [WARN] ApiManager:308 - Cannot register API 'Board Extension:S2868A1' from pack STMicroelectronics.X-CUBE-SFXS2LP1.4.0.0: no header file found
2023-02-07 10:17:17,971 [WARN] ApiManager:308 - Cannot register API 'Board Extension:S2868A2' from pack STMicroelectronics.X-CUBE-SFXS2LP1.4.0.0: no header file found
2023-02-07 10:17:17,971 [WARN] ApiManager:308 - Cannot register API 'Board Extension:S2915A1' from pack STMicroelectronics.X-CUBE-SFXS2LP1.4.0.0: no header file found
2023-02-07 10:17:17,974 [WARN] ApiManager:308 - Cannot register API 'Wireless:BlueNRG-2' from pack STMicroelectronics.X-CUBE-BLE2.3.3.0: no header file found
2023-02-07 10:17:18,015 [INFO] ThirdPartyModel:289 - Start build external matchings
2023-02-07 10:17:21,057 [INFO] ThirdPartyModel:302 - End build external matchings
2023-02-07 10:17:21,994 [INFO] UtilMem:74 - End LoadConfig() Used Memory: 488572312 Bytes (701497344)
2023-02-07 10:17:22,030 [WARN] ThirdParty:789 - waiting for thirdparty lock release [change project]
2023-02-07 10:17:22,030 [INFO] ThirdParty:791 - entering critical section [change project]
2023-02-07 10:17:22,032 [INFO] ThirdParty:981 - CMSIS Pack Vendor :STMicroelectronics X-CUBE-ISPU 1.1.0
2023-02-07 10:17:22,032 [INFO] ThirdParty:981 - CMSIS Pack Vendor :RoweBots I-CUBE-UNISONRTOS 5.5.0-4
2023-02-07 10:17:22,032 [INFO] ThirdParty:981 - CMSIS Pack Vendor :STMicroelectronics X-CUBE-GNSS1 6.0.0
2023-02-07 10:17:22,032 [INFO] ThirdParty:981 - CMSIS Pack Vendor :STMicroelectronics X-CUBE-AZRTOS-H7 2.1.0
2023-02-07 10:17:22,032 [INFO] ThirdParty:981 - CMSIS Pack Vendor :STMicroelectronics USB_HOST 2.0.0
2023-02-07 10:17:22,033 [INFO] ThirdParty:981 - CMSIS Pack Vendor :STMicroelectronics X-CUBE-AZRTOS-F4 1.1.0
2023-02-07 10:17:22,033 [INFO] ThirdParty:981 - CMSIS Pack Vendor :STMicroelectronics LIBJPEG 8.0.0
2023-02-07 10:17:22,033 [INFO] ThirdParty:981 - CMSIS Pack Vendor :STMicroelectronics USB_DEVICE 3.0.0
2023-02-07 10:17:22,033 [INFO] ThirdParty:981 - CMSIS Pack Vendor :STMicroelectronics X-CUBE-TOUCHGFX 4.21.1
2023-02-07 10:17:22,034 [INFO] ThirdParty:981 - CMSIS Pack Vendor :STMicroelectronics X-CUBE-TOUCHGFX 4.21.0
2023-02-07 10:17:22,034 [INFO] ThirdParty:981 - CMSIS Pack Vendor :STMicroelectronics X-CUBE-BLEMGR 1.0.0
2023-02-07 10:17:22,034 [INFO] ThirdParty:981 - CMSIS Pack Vendor :STMicroelectronics X-CUBE-AZRTOS-F7 1.1.0
2023-02-07 10:17:22,034 [INFO] ThirdParty:981 - CMSIS Pack Vendor :STMicroelectronics X-CUBE-MEMS1 9.4.0
2023-02-07 10:17:22,034 [INFO] ThirdParty:981 - CMSIS Pack Vendor :STMicroelectronics USB_DEVICE 2.0.0
2023-02-07 10:17:22,035 [INFO] ThirdParty:981 - CMSIS Pack Vendor :STMicroelectronics X-CUBE-AI 7.3.0
2023-02-07 10:17:22,035 [INFO] ThirdParty:981 - CMSIS Pack Vendor :STMicroelectronics X-CUBE-BLE1 6.2.3
2023-02-07 10:17:22,035 [INFO] ThirdParty:981 - CMSIS Pack Vendor :STMicroelectronics X-CUBE-ALGOBUILD 1.3.0
2023-02-07 10:17:22,035 [INFO] ThirdParty:981 - CMSIS Pack Vendor :STMicroelectronics X-CUBE-BLE1 6.2.4
2023-02-07 10:17:22,036 [INFO] ThirdParty:981 - CMSIS Pack Vendor :STMicroelectronics X-CUBE-AZRTOS-L5 1.1.0
2023-02-07 10:17:22,036 [INFO] ThirdParty:981 - CMSIS Pack Vendor :STMicroelectronics FreeRTOS 0.0.1
2023-02-07 10:17:22,036 [INFO] ThirdParty:981 - CMSIS Pack Vendor :STMicroelectronics X-CUBE-AZRTOS-G0 1.1.0
2023-02-07 10:17:22,036 [INFO] ThirdParty:981 - CMSIS Pack Vendor :STMicroelectronics X-CUBE-SUBG2 5.0.0
2023-02-07 10:17:22,036 [INFO] ThirdParty:981 - CMSIS Pack Vendor :STMicroelectronics X-CUBE-NFC4 3.0.0
2023-02-07 10:17:22,036 [INFO] ThirdParty:981 - CMSIS Pack Vendor :SEGGER I-CUBE-embOS 1.2.0
2023-02-07 10:17:22,037 [INFO] ThirdParty:981 - CMSIS Pack Vendor :STMicroelectronics STM32_WPAN 1.0.0
2023-02-07 10:17:22,037 [INFO] ThirdParty:981 - CMSIS Pack Vendor :STMicroelectronics lwIP 2.0.3
2023-02-07 10:17:22,037 [INFO] ThirdParty:981 - CMSIS Pack Vendor :STMicroelectronics X-CUBE-NFC4 2.0.5
2023-02-07 10:17:22,037 [INFO] ThirdParty:981 - CMSIS Pack Vendor :STMicroelectronics X-CUBE-NFC4 2.0.4
2023-02-07 10:17:22,038 [INFO] ThirdParty:981 - CMSIS Pack Vendor :STMicroelectronics USB_HOST 1.0.0
2023-02-07 10:17:22,038 [INFO] ThirdParty:981 - CMSIS Pack Vendor :STMicroelectronics PDM2PCM 3.1.0
2023-02-07 10:17:22,038 [INFO] ThirdParty:981 - CMSIS Pack Vendor :STMicroelectronics FP-ATR-ASTRA1 1.1.1
2023-02-07 10:17:22,038 [INFO] ThirdParty:981 - CMSIS Pack Vendor :STMicroelectronics PDM2PCM 3.3.0
2023-02-07 10:17:22,038 [INFO] ThirdParty:981 - CMSIS Pack Vendor :STMicroelectronics X-CUBE-TOF1 3.1.0
2023-02-07 10:17:22,038 [INFO] ThirdParty:981 - CMSIS Pack Vendor :STMicroelectronics X-CUBE-DISPLAY 3.0.0
2023-02-07 10:17:22,039 [INFO] ThirdParty:981 - CMSIS Pack Vendor :STMicroelectronics X-CUBE-BLEMGR 1.3.0
2023-02-07 10:17:22,039 [INFO] ThirdParty:981 - CMSIS Pack Vendor :STMicroelectronics X-CUBE-AZRTOS-G4 1.0.0
2023-02-07 10:17:22,039 [INFO] ThirdParty:981 - CMSIS Pack Vendor :STMicroelectronics FP-ATR-SIGFOX1 3.2.0
2023-02-07 10:17:22,040 [INFO] ThirdParty:981 - CMSIS Pack Vendor :STMicroelectronics X-CUBE-AZRTOS-L4 1.0.0
2023-02-07 10:17:22,040 [INFO] ThirdParty:981 - CMSIS Pack Vendor :wolfSSL I-CUBE-wolfSSL 5.5.0
2023-02-07 10:17:22,041 [INFO] ThirdParty:981 - CMSIS Pack Vendor :STMicroelectronics HAL Drivers 0.0.0
2023-02-07 10:17:22,041 [INFO] ThirdParty:981 - CMSIS Pack Vendor :STMicroelectronics MBEDTLS 2.16.2
2023-02-07 10:17:22,041 [INFO] ThirdParty:981 - CMSIS Pack Vendor :emotas I-CUBE-CANOPEN 1.1.2
2023-02-07 10:17:22,041 [INFO] ThirdParty:981 - CMSIS Pack Vendor :STMicroelectronics X-CUBE-TOUCHGFX 4.20.0
2023-02-07 10:17:22,041 [INFO] ThirdParty:981 - CMSIS Pack Vendor :STMicroelectronics MBEDTLS 2.14.1
2023-02-07 10:17:22,041 [INFO] ThirdParty:981 - CMSIS Pack Vendor :STMicroelectronics X-CUBE-NFC7 1.0.0
2023-02-07 10:17:22,042 [INFO] ThirdParty:981 - CMSIS Pack Vendor :STMicroelectronics X-CUBE-AZRTOS-WL 1.0.0
2023-02-07 10:17:22,042 [INFO] ThirdParty:981 - CMSIS Pack Vendor :STMicroelectronics X-CUBE-MEMS1 9.3.0
2023-02-07 10:17:22,042 [INFO] ThirdParty:981 - CMSIS Pack Vendor :STMicroelectronics X-CUBE-EEPRMA1 4.1.0
2023-02-07 10:17:22,042 [INFO] ThirdParty:981 - CMSIS Pack Vendor :portGmbH I-Cube-SoM-uGOAL 1.1.0
2023-02-07 10:17:22,042 [INFO] ThirdParty:981 - CMSIS Pack Vendor :STMicroelectronics X-CUBE-ALS 1.0.1
2023-02-07 10:17:22,042 [INFO] ThirdParty:981 - CMSIS Pack Vendor :STMicroelectronics X-CUBE-AI 7.2.0
2023-02-07 10:17:22,042 [INFO] ThirdParty:981 - CMSIS Pack Vendor :STMicroelectronics ThreadX 1.0.0
2023-02-07 10:17:22,042 [INFO] ThirdParty:981 - CMSIS Pack Vendor :STMicroelectronics X-CUBE-AZRTOS-WB 1.1.0
2023-02-07 10:17:22,042 [INFO] ThirdParty:981 - CMSIS Pack Vendor :STMicroelectronics X-CUBE-AZRTOS-L5 1.0.0
2023-02-07 10:17:22,042 [INFO] ThirdParty:981 - CMSIS Pack Vendor :STMicroelectronics USB_DEVICE 1.0.0
2023-02-07 10:17:22,042 [INFO] ThirdParty:981 - CMSIS Pack Vendor :STMicroelectronics X-CUBE-EEPRMA1 3.1.1
2023-02-07 10:17:22,042 [INFO] ThirdParty:981 - CMSIS Pack Vendor :STMicroelectronics ThreadX 0.0.2
2023-02-07 10:17:22,042 [INFO] ThirdParty:981 - CMSIS Pack Vendor :STMicroelectronics lwIP 2.1.2
2023-02-07 10:17:22,042 [INFO] ThirdParty:981 - CMSIS Pack Vendor :STMicroelectronics X-CUBE-SFXS2LP1 4.0.0
2023-02-07 10:17:22,042 [INFO] ThirdParty:981 - CMSIS Pack Vendor :STMicroelectronics X-CUBE-BLE2 3.3.0
2023-02-07 10:17:22,042 [INFO] ThirdParty:981 - CMSIS Pack Vendor :STMicroelectronics X-CUBE-DISPLAY 2.2.0
2023-02-07 10:17:22,042 [INFO] ThirdParty:981 - CMSIS Pack Vendor :STMicroelectronics X-CUBE-TOF1 3.2.0
2023-02-07 10:17:22,042 [INFO] ThirdParty:981 - CMSIS Pack Vendor :STMicroelectronics PDM2PCM 3.2.0
2023-02-07 10:17:22,042 [INFO] ThirdParty:981 - CMSIS Pack Vendor :STMicroelectronics X-CUBE-AZRTOS-H7 3.0.0
2023-02-07 10:17:22,042 [INFO] ThirdParty:981 - CMSIS Pack Vendor :STMicroelectronics X-CUBE-ISPU 1.0.0
2023-02-07 10:17:22,042 [INFO] ThirdParty:797 - exiting critical section [change project]
2023-02-07 10:17:22,985 [INFO] PinOutPanel:1468 - setPackage(No Configuration,No Configuration)
2023-02-07 10:17:22,989 [INFO] PinOutPanel:1468 - setPackage(STM32F407VGTx,LQFP100)
2023-02-07 10:17:24,257 [INFO] UtilMem:74 - Before build in PCC Used Memory: 500006224 Bytes (701497344)
2023-02-07 10:17:25,765 [INFO] UtilMem:74 - After build in PCC Used Memory: 503631568 Bytes (701497344)
2023-02-07 10:17:25,829 [INFO] IPUIPlugin:79 - create IPUIPlugin
2023-02-07 10:17:25,829 [INFO] IPUIPlugin:79 - create IPUIPlugin
2023-02-07 10:17:25,831 [INFO] IPUIPlugin:79 - create IPUIPlugin
2023-02-07 10:17:25,831 [INFO] IPUIPlugin:79 - create IPUIPlugin
2023-02-07 10:17:25,831 [INFO] IPUIPlugin:79 - create IPUIPlugin
2023-02-07 10:17:25,832 [INFO] IPUIPlugin:79 - create IPUIPlugin
2023-02-07 10:17:25,832 [INFO] IPUIPlugin:79 - create IPUIPlugin
2023-02-07 10:17:25,833 [INFO] IPUIPlugin:79 - create IPUIPlugin
2023-02-07 10:17:25,833 [INFO] IPUIPlugin:79 - create IPUIPlugin
2023-02-07 10:17:25,834 [INFO] IPUIPlugin:79 - create IPUIPlugin
2023-02-07 10:17:25,834 [INFO] IPUIPlugin:79 - create IPUIPlugin
2023-02-07 10:17:25,834 [INFO] IPUIPlugin:79 - create IPUIPlugin
2023-02-07 10:17:25,834 [INFO] IPUIPlugin:79 - create IPUIPlugin
2023-02-07 10:17:25,835 [INFO] IPUIPlugin:79 - create IPUIPlugin
2023-02-07 10:17:25,835 [INFO] IPUIPlugin:79 - create IPUIPlugin
2023-02-07 10:17:25,835 [INFO] IPUIPlugin:79 - create IPUIPlugin
2023-02-07 10:17:25,835 [INFO] IPUIPlugin:79 - create IPUIPlugin
2023-02-07 10:17:25,836 [INFO] IPUIPlugin:79 - create IPUIPlugin
2023-02-07 10:17:25,837 [INFO] IPUIPlugin:79 - create IPUIPlugin
2023-02-07 10:17:25,838 [INFO] IPUIPlugin:79 - create IPUIPlugin
2023-02-07 10:17:25,840 [INFO] IPUIPlugin:79 - create IPUIPlugin
2023-02-07 10:17:25,841 [INFO] IPUIPlugin:79 - create IPUIPlugin
2023-02-07 10:17:25,842 [INFO] IPUIPlugin:79 - create IPUIPlugin
2023-02-07 10:17:25,842 [INFO] IPUIPlugin:79 - create IPUIPlugin
2023-02-07 10:17:25,843 [INFO] IPUIPlugin:79 - create IPUIPlugin
2023-02-07 10:17:25,843 [INFO] IPUIPlugin:79 - create IPUIPlugin
2023-02-07 10:17:25,843 [INFO] IPUIPlugin:79 - create IPUIPlugin
2023-02-07 10:17:25,844 [INFO] IPUIPlugin:79 - create IPUIPlugin
2023-02-07 10:17:25,844 [INFO] IPUIPlugin:79 - create IPUIPlugin
2023-02-07 10:17:25,845 [INFO] IPUIPlugin:79 - create IPUIPlugin
2023-02-07 10:17:25,846 [INFO] IPUIPlugin:79 - create IPUIPlugin
2023-02-07 10:17:25,847 [INFO] IPUIPlugin:79 - create IPUIPlugin
2023-02-07 10:17:25,847 [INFO] IPUIPlugin:79 - create IPUIPlugin
2023-02-07 10:17:25,848 [INFO] IPUIPlugin:79 - create IPUIPlugin
2023-02-07 10:17:25,848 [INFO] IPUIPlugin:79 - create IPUIPlugin
2023-02-07 10:17:25,849 [INFO] IPUIPlugin:79 - create IPUIPlugin
2023-02-07 10:17:25,849 [INFO] IPUIPlugin:79 - create IPUIPlugin
2023-02-07 10:17:25,850 [INFO] IPUIPlugin:79 - create IPUIPlugin
2023-02-07 10:17:25,850 [INFO] IPUIPlugin:79 - create IPUIPlugin
2023-02-07 10:17:25,851 [INFO] IPUIPlugin:79 - create IPUIPlugin
2023-02-07 10:17:25,852 [INFO] IPUIPlugin:79 - create IPUIPlugin
2023-02-07 10:17:25,852 [INFO] IPUIPlugin:79 - create IPUIPlugin
2023-02-07 10:17:25,854 [INFO] IPUIPlugin:79 - create IPUIPlugin
2023-02-07 10:17:25,854 [INFO] IPUIPlugin:79 - create IPUIPlugin
2023-02-07 10:17:25,856 [INFO] IPUIPlugin:79 - create IPUIPlugin
2023-02-07 10:17:25,857 [INFO] IPUIPlugin:79 - create IPUIPlugin
2023-02-07 10:17:25,858 [INFO] IPUIPlugin:79 - create IPUIPlugin
2023-02-07 10:17:25,859 [INFO] IPUIPlugin:79 - create IPUIPlugin
2023-02-07 10:17:25,860 [INFO] IPUIPlugin:79 - create IPUIPlugin
2023-02-07 10:17:25,860 [INFO] IPUIPlugin:79 - create IPUIPlugin
2023-02-07 10:17:25,861 [INFO] IPUIPlugin:79 - create IPUIPlugin
2023-02-07 10:17:25,861 [INFO] IPUIPlugin:79 - create IPUIPlugin
2023-02-07 10:17:25,861 [INFO] IPUIPlugin:79 - create IPUIPlugin
2023-02-07 10:17:25,861 [INFO] IPUIPlugin:79 - create IPUIPlugin
2023-02-07 10:17:25,865 [INFO] IPUIPlugin:79 - create IPUIPlugin
2023-02-07 10:17:25,866 [INFO] IPUIPlugin:79 - create IPUIPlugin
2023-02-07 10:17:25,867 [INFO] IPUIPlugin:79 - create IPUIPlugin
2023-02-07 10:17:25,868 [INFO] IPUIPlugin:79 - create IPUIPlugin
2023-02-07 10:17:25,957 [INFO] ApiDbMcu:505 - Load IP Config File for PDM2PCM
2023-02-07 10:17:26,284 [INFO] OpenFileManager:327 - Restore cursor
2023-02-07 10:17:28,881 [INFO] UtilMem:74 - End SaveConfig() Used Memory: 519805952 Bytes (701497344)
2023-02-07 10:17:28,991 [INFO] UtilMem:74 - End SaveConfig() Used Memory: 540777472 Bytes (701497344)
2023-02-07 10:17:30,125 [INFO] BlockDiagram:2753 - set Specific Code input for plugin: RCC
2023-02-07 10:17:30,125 [INFO] BlockDiagram:2753 - set Specific Code input for plugin: NVIC
2023-02-07 10:17:30,128 [INFO] CodeGenerator:690 - code generatio: config db path: C:\ST\STM32CubeIDE_1.10.1\STM32CubeIDE\plugins\com.st.stm32cube.common.mx_6.6.1.202207061420\\db\
2023-02-07 10:17:31,022 [INFO] CodeEngine:245 - oldGeneratedFile, C:\Users\VeliSacikara\Documents\STM32_Projeler\005_DAC_hal\005_DAC_hal\MXTmpFiles\license.tmp_save
2023-02-07 10:17:31,709 [INFO] CodeEngine:269 - Generated code: C:\Users\VeliSacikara\Documents\STM32_Projeler\005_DAC_hal\005_DAC_hal\MXTmpFiles\license.tmp
2023-02-07 10:17:31,758 [INFO] CodeEngine:245 - oldGeneratedFile, C:\Users\VeliSacikara\Documents\STM32_Projeler\005_DAC_hal\005_DAC_hal\Core\Src\stm32f4xx_it.c_save
2023-02-07 10:17:32,068 [INFO] CodeEngine:269 - Generated code: C:\Users\VeliSacikara\Documents\STM32_Projeler\005_DAC_hal\005_DAC_hal\Core\Src\stm32f4xx_it.c
2023-02-07 10:17:32,103 [INFO] CodeEngine:245 - oldGeneratedFile, C:\Users\VeliSacikara\Documents\STM32_Projeler\005_DAC_hal\005_DAC_hal\Core\Inc\stm32f4xx_it.h_save
2023-02-07 10:17:32,381 [INFO] CodeEngine:269 - Generated code: C:\Users\VeliSacikara\Documents\STM32_Projeler\005_DAC_hal\005_DAC_hal\Core\Inc\stm32f4xx_it.h
2023-02-07 10:17:32,590 [INFO] CodeEngine:245 - oldGeneratedFile, C:\Users\VeliSacikara\Documents\STM32_Projeler\005_DAC_hal\005_DAC_hal\Core\Src\stm32f4xx_hal_msp.c_save
2023-02-07 10:17:32,987 [INFO] CodeEngine:269 - Generated code: C:\Users\VeliSacikara\Documents\STM32_Projeler\005_DAC_hal\005_DAC_hal\Core\Src\stm32f4xx_hal_msp.c
2023-02-07 10:17:33,016 [INFO] CodeEngine:245 - oldGeneratedFile, C:\Users\VeliSacikara\Documents\STM32_Projeler\005_DAC_hal\005_DAC_hal\MXTmpFiles\system.tmp_save
2023-02-07 10:17:33,235 [INFO] CodeEngine:269 - Generated code: C:\Users\VeliSacikara\Documents\STM32_Projeler\005_DAC_hal\005_DAC_hal\MXTmpFiles\system.tmp
2023-02-07 10:17:33,289 [INFO] CodeEngine:245 - oldGeneratedFile, C:\Users\VeliSacikara\Documents\STM32_Projeler\005_DAC_hal\005_DAC_hal\Core\Inc\stm32f4xx_hal_conf.h_save
2023-02-07 10:17:33,608 [INFO] CodeEngine:269 - Generated code: C:\Users\VeliSacikara\Documents\STM32_Projeler\005_DAC_hal\005_DAC_hal\Core\Inc\stm32f4xx_hal_conf.h
2023-02-07 10:17:33,728 [INFO] CodeEngine:245 - oldGeneratedFile, C:\Users\VeliSacikara\Documents\STM32_Projeler\005_DAC_hal\005_DAC_hal\Core\Inc\main.h_save
2023-02-07 10:17:33,914 [INFO] CodeEngine:269 - Generated code: C:\Users\VeliSacikara\Documents\STM32_Projeler\005_DAC_hal\005_DAC_hal\Core\Inc\main.h
2023-02-07 10:17:33,944 [INFO] CodeEngine:245 - oldGeneratedFile, C:\Users\VeliSacikara\Documents\STM32_Projeler\005_DAC_hal\005_DAC_hal\Core\Src\main.c_save
2023-02-07 10:17:34,201 [INFO] CodeEngine:269 - Generated code: C:\Users\VeliSacikara\Documents\STM32_Projeler\005_DAC_hal\005_DAC_hal\Core\Src\main.c
2023-02-07 10:17:35,774 [INFO] ProjectBuilder:2919 - Time for Copy HAL[1] : 433mS.
2023-02-07 10:17:35,792 [INFO] ProjectBuilder:4117 - Project Generator version: 3.17.1
2023-02-07 10:17:36,369 [INFO] ConfigFileManager:1394 - The Die is : DIE413
2023-02-07 10:17:36,405 [INFO] ApiDbMcu:505 - Load IP Config File for FATFS
2023-02-07 10:17:36,425 [INFO] ApiDbMcu:505 - Load IP Config File for FREERTOS
2023-02-07 10:17:36,439 [INFO] ApiDbMcu:505 - Load IP Config File for LIBJPEG
2023-02-07 10:17:36,459 [INFO] ApiDbMcu:505 - Load IP Config File for LWIP
2023-02-07 10:17:36,477 [INFO] ApiDbMcu:505 - Load IP Config File for MBEDTLS
2023-02-07 10:17:36,502 [INFO] ApiDbMcu:505 - Load IP Config File for USB_DEVICE
2023-02-07 10:17:36,521 [INFO] ApiDbMcu:505 - Load IP Config File for USB_HOST
2023-02-07 10:17:46,767 [INFO] ProjectBuilder:4285 - Time for Generating toolchain IDE Files: 10975mS.
2023-02-07 10:17:46,771 [INFO] ProjectBuilder:2790 - Time for Copy CMSIS : 4mS.
2023-02-07 10:17:46,777 [INFO] ProjectBuilder:2790 - Time for Copy CMSIS : 0mS.
2023-02-07 10:17:48,122 [INFO] McuFinderGlobals:57 - Set McuFinderConnectedMode to true
2023-02-07 10:17:48,125 [INFO] ApiDb:443 - Save user favorites file C:\Users\VeliSacikara/.stm32cubeide/favorites.mcus.txt: 0 item(s)
2023-02-07 10:17:48,125 [INFO] ApiDb:447 - User favorites MCUs=[]
2023-02-07 10:22:46,853 [INFO] UtilMem:74 - End SaveConfig() Used Memory: 1016726384 Bytes (1068498944)
2023-02-07 10:22:47,039 [INFO] UtilMem:74 - End SaveConfig() Used Memory: 1045283104 Bytes (1068498944)
2023-02-07 10:22:47,517 [INFO] BlockDiagram:2753 - set Specific Code input for plugin: RCC
2023-02-07 10:22:47,517 [INFO] BlockDiagram:2753 - set Specific Code input for plugin: NVIC
2023-02-07 10:22:47,518 [INFO] BlockDiagram:2753 - set Specific Code input for plugin: DAC
2023-02-07 10:22:47,518 [INFO] BlockDiagram:2753 - set Specific Code input for plugin: GPIO
2023-02-07 10:22:47,520 [INFO] CodeGenerator:690 - code generatio: config db path: C:\ST\STM32CubeIDE_1.10.1\STM32CubeIDE\plugins\com.st.stm32cube.common.mx_6.6.1.202207061420\\db\
2023-02-07 10:22:47,797 [INFO] CodeEngine:245 - oldGeneratedFile, C:\Users\VeliSacikara\Documents\STM32_Projeler\005_DAC_hal\005_DAC_hal\MXTmpFiles\license.tmp_save
2023-02-07 10:22:47,986 [INFO] CodeEngine:269 - Generated code: C:\Users\VeliSacikara\Documents\STM32_Projeler\005_DAC_hal\005_DAC_hal\MXTmpFiles\license.tmp
2023-02-07 10:22:48,109 [INFO] CodeEngine:245 - oldGeneratedFile, C:\Users\VeliSacikara\Documents\STM32_Projeler\005_DAC_hal\005_DAC_hal\MXTmpFiles\gpio.tmp_save
2023-02-07 10:22:48,275 [INFO] CodeEngine:269 - Generated code: C:\Users\VeliSacikara\Documents\STM32_Projeler\005_DAC_hal\005_DAC_hal\MXTmpFiles\gpio.tmp
2023-02-07 10:22:48,398 [INFO] CodeEngine:245 - oldGeneratedFile, C:\Users\VeliSacikara\Documents\STM32_Projeler\005_DAC_hal\005_DAC_hal\Core\Src\stm32f4xx_it.c_save
2023-02-07 10:22:48,571 [INFO] CodeEngine:269 - Generated code: C:\Users\VeliSacikara\Documents\STM32_Projeler\005_DAC_hal\005_DAC_hal\Core\Src\stm32f4xx_it.c
2023-02-07 10:22:48,581 [INFO] CodeEngine:245 - oldGeneratedFile, C:\Users\VeliSacikara\Documents\STM32_Projeler\005_DAC_hal\005_DAC_hal\Core\Inc\stm32f4xx_it.h_save
2023-02-07 10:22:48,755 [INFO] CodeEngine:269 - Generated code: C:\Users\VeliSacikara\Documents\STM32_Projeler\005_DAC_hal\005_DAC_hal\Core\Inc\stm32f4xx_it.h
2023-02-07 10:22:48,785 [INFO] CodeEngine:245 - oldGeneratedFile, C:\Users\VeliSacikara\Documents\STM32_Projeler\005_DAC_hal\005_DAC_hal\Core\Src\stm32f4xx_hal_msp.c_save
2023-02-07 10:22:48,957 [INFO] CodeEngine:269 - Generated code: C:\Users\VeliSacikara\Documents\STM32_Projeler\005_DAC_hal\005_DAC_hal\Core\Src\stm32f4xx_hal_msp.c
2023-02-07 10:22:48,963 [INFO] CodeEngine:245 - oldGeneratedFile, C:\Users\VeliSacikara\Documents\STM32_Projeler\005_DAC_hal\005_DAC_hal\MXTmpFiles\system.tmp_save
2023-02-07 10:22:49,041 [INFO] CodeEngine:269 - Generated code: C:\Users\VeliSacikara\Documents\STM32_Projeler\005_DAC_hal\005_DAC_hal\MXTmpFiles\system.tmp
2023-02-07 10:22:49,061 [INFO] CodeEngine:245 - oldGeneratedFile, C:\Users\VeliSacikara\Documents\STM32_Projeler\005_DAC_hal\005_DAC_hal\Core\Inc\stm32f4xx_hal_conf.h_save
2023-02-07 10:22:49,219 [INFO] CodeEngine:269 - Generated code: C:\Users\VeliSacikara\Documents\STM32_Projeler\005_DAC_hal\005_DAC_hal\Core\Inc\stm32f4xx_hal_conf.h
2023-02-07 10:22:49,360 [INFO] CodeEngine:245 - oldGeneratedFile, C:\Users\VeliSacikara\Documents\STM32_Projeler\005_DAC_hal\005_DAC_hal\Core\Inc\main.h_save
2023-02-07 10:22:49,561 [INFO] CodeEngine:269 - Generated code: C:\Users\VeliSacikara\Documents\STM32_Projeler\005_DAC_hal\005_DAC_hal\Core\Inc\main.h
2023-02-07 10:22:49,576 [INFO] CodeEngine:245 - oldGeneratedFile, C:\Users\VeliSacikara\Documents\STM32_Projeler\005_DAC_hal\005_DAC_hal\Core\Src\main.c_save
2023-02-07 10:22:49,771 [INFO] CodeEngine:269 - Generated code: C:\Users\VeliSacikara\Documents\STM32_Projeler\005_DAC_hal\005_DAC_hal\Core\Src\main.c
2023-02-07 10:22:50,757 [INFO] ProjectBuilder:2919 - Time for Copy HAL[1] : 294mS.
2023-02-07 10:22:50,761 [INFO] ProjectBuilder:4117 - Project Generator version: 3.17.1
2023-02-07 10:22:51,289 [INFO] ConfigFileManager:1394 - The Die is : DIE413
2023-02-07 10:22:53,943 [INFO] ProjectBuilder:4285 - Time for Generating toolchain IDE Files: 3182mS.
2023-02-07 10:22:53,944 [INFO] ProjectBuilder:2790 - Time for Copy CMSIS : 0mS.
2023-02-07 10:22:53,946 [INFO] ProjectBuilder:2790 - Time for Copy CMSIS : 0mS.
2023-02-07 10:45:39,152 [ERROR] LogOutputStream:74 - [STDERR_REDIRECT] 
