2023-03-18 20:56:27,019 [INFO] Activator:177 - 


2023-03-18 20:56:27,021 [INFO] Activator:178 - !SESSION log4j initialized
2023-03-18 20:56:32,943 [INFO] McuFinderGlobals:44 - Set McuFinder mode to 2 (CubeIDE integrated)
2023-03-18 20:56:33,136 [INFO] ApplicationProperties:181 - Using Application install path: C:\ST\STM32CubeIDE_1.10.1\STM32CubeIDE\plugins\com.st.stm32cube.common.mx_6.6.1.202207061420
2023-03-18 20:56:33,157 [INFO] DbMcusXml:77 - Set database path to: C:\ST\STM32CubeIDE_1.10.1\STM32CubeIDE\plugins\com.st.stm32cube.common.mx_6.6.1.202207061420\\db\/mcu/
2023-03-18 20:56:33,157 [INFO] ApiDb:269 - Set plugin database path to: C:\ST\STM32CubeIDE_1.10.1\STM32CubeIDE\plugins\com.st.stm32cube.common.mx_6.6.1.202207061420\\db\/plugins/boardmanager/
2023-03-18 20:56:33,179 [WARN] ApiDb:254 - Overriding images path with different value:  => C:\ST\STM32CubeIDE_1.10.1\STM32CubeIDE\plugins\com.st.stm32cube.common.mx_6.6.1.202207061420\\db\/plugins/mcufinder/images/
2023-03-18 20:56:33,196 [INFO] ApiDb:249 - Set database path to: C:\Users\VeliSacikara\.stmcufinder\plugins\mcufinder//mcu/
2023-03-18 20:56:33,199 [INFO] DbMcusAds:124 - Set database path to: C:\Users\VeliSacikara\.stmcufinder\plugins\mcufinder//mcu/
2023-03-18 20:56:33,203 [INFO] CrossReferenceDbSqlite:201 - Set database path to: C:\Users\VeliSacikara\.stmcufinder\plugins\mcufinder//mcu/cs/
2023-03-18 20:56:33,371 [INFO] RulesReader:61 - Compatibility file has been processed (282 Rules)
2023-03-18 20:56:33,502 [INFO] DbMcusXml:77 - Set database path to: C:\ST\STM32CubeIDE_1.10.1\STM32CubeIDE\plugins\com.st.stm32cube.common.mx_6.6.1.202207061420\\db\/mcu/
2023-03-18 20:56:33,502 [INFO] ApiDb:269 - Set plugin database path to: C:\ST\STM32CubeIDE_1.10.1\STM32CubeIDE\plugins\com.st.stm32cube.common.mx_6.6.1.202207061420\\db\/plugins/boardmanager/
2023-03-18 20:56:33,503 [INFO] ApiDb:256 - Set plugin images path to: C:\ST\STM32CubeIDE_1.10.1\STM32CubeIDE\plugins\com.st.stm32cube.common.mx_6.6.1.202207061420\\db\/plugins/mcufinder/images/
2023-03-18 20:56:33,503 [WARN] DbFile:40 - Overriding database path with different value: C:\Users\VeliSacikara\.stmcufinder\plugins\mcufinder/ => C:\Users\VeliSacikara\.stmcufinder\plugins\mcufinder
2023-03-18 20:56:33,504 [INFO] ApiDb:249 - Set database path to: C:\Users\VeliSacikara\.stmcufinder\plugins\mcufinder//mcu/
2023-03-18 20:56:33,504 [WARN] DbFile:40 - Overriding database path with different value: C:\Users\VeliSacikara\.stmcufinder\plugins\mcufinder/ => C:\Users\VeliSacikara\.stmcufinder\plugins\mcufinder
2023-03-18 20:56:33,504 [INFO] DbMcusAds:124 - Set database path to: C:\Users\VeliSacikara\.stmcufinder\plugins\mcufinder//mcu/
2023-03-18 20:56:33,505 [WARN] DbFile:40 - Overriding database path with different value: C:\Users\VeliSacikara\.stmcufinder\plugins\mcufinder/ => C:\Users\VeliSacikara\.stmcufinder\plugins\mcufinder
2023-03-18 20:56:33,505 [WARN] DbFile:40 - Overriding database path with different value: C:\Users\VeliSacikara\.stmcufinder\plugins\mcufinder/ => C:\Users\VeliSacikara\.stmcufinder\plugins\mcufinder
2023-03-18 20:56:33,505 [INFO] CrossReferenceDbSqlite:201 - Set database path to: C:\Users\VeliSacikara\.stmcufinder\plugins\mcufinder//mcu/cs/
2023-03-18 20:56:33,619 [INFO] MainPanel:242 - HeapMemory: 268435456
2023-03-18 20:56:33,734 [INFO] DbMcusXml:77 - Set database path to: C:\ST\STM32CubeIDE_1.10.1\STM32CubeIDE\plugins\com.st.stm32cube.common.mx_6.6.1.202207061420\\db\/mcu/
2023-03-18 20:56:33,734 [INFO] ApiDb:269 - Set plugin database path to: C:\ST\STM32CubeIDE_1.10.1\STM32CubeIDE\plugins\com.st.stm32cube.common.mx_6.6.1.202207061420\\db\/plugins/boardmanager/
2023-03-18 20:56:33,735 [INFO] ApiDb:256 - Set plugin images path to: C:\ST\STM32CubeIDE_1.10.1\STM32CubeIDE\plugins\com.st.stm32cube.common.mx_6.6.1.202207061420\\db\/plugins/mcufinder/images/
2023-03-18 20:56:33,735 [WARN] DbFile:40 - Overriding database path with different value: C:\Users\VeliSacikara\.stmcufinder\plugins\mcufinder/ => C:\Users\VeliSacikara\.stmcufinder\plugins\mcufinder
2023-03-18 20:56:33,735 [INFO] ApiDb:249 - Set database path to: C:\Users\VeliSacikara\.stmcufinder\plugins\mcufinder//mcu/
2023-03-18 20:56:33,736 [WARN] DbFile:40 - Overriding database path with different value: C:\Users\VeliSacikara\.stmcufinder\plugins\mcufinder/ => C:\Users\VeliSacikara\.stmcufinder\plugins\mcufinder
2023-03-18 20:56:33,736 [INFO] DbMcusAds:124 - Set database path to: C:\Users\VeliSacikara\.stmcufinder\plugins\mcufinder//mcu/
2023-03-18 20:56:33,736 [WARN] DbFile:40 - Overriding database path with different value: C:\Users\VeliSacikara\.stmcufinder\plugins\mcufinder/ => C:\Users\VeliSacikara\.stmcufinder\plugins\mcufinder
2023-03-18 20:56:33,736 [WARN] DbFile:40 - Overriding database path with different value: C:\Users\VeliSacikara\.stmcufinder\plugins\mcufinder/ => C:\Users\VeliSacikara\.stmcufinder\plugins\mcufinder
2023-03-18 20:56:33,736 [INFO] CrossReferenceDbSqlite:201 - Set database path to: C:\Users\VeliSacikara\.stmcufinder\plugins\mcufinder//mcu/cs/
2023-03-18 20:56:33,777 [INFO] ApplicationProperties:181 - Using Application install path: C:\ST\STM32CubeIDE_1.10.1\STM32CubeIDE\plugins\com.st.stm32cube.common.mx_6.6.1.202207061420
2023-03-18 20:56:33,779 [INFO] PluginManage:193 - Search for loadable plugins [exclusion list=, ]
2023-03-18 20:56:33,780 [INFO] PluginManage:307 - Check plugin analytics
2023-03-18 20:56:34,045 [INFO] AnalyticsPlugin:262 - Accepted Software Licenses: 
2023-03-18 20:56:34,046 [INFO] AnalyticsPlugin:264 - Accepted CMSIS Pack Licenses: 
2023-03-18 20:56:34,047 [INFO] AnalyticsPlugin:266 - Accepted Firmware Licenses: FW.F4.1.27.0
2023-03-18 20:56:34,064 [INFO] PluginManage:356 - Loaded plugin analytics (category:tool,tabindex:-1)
2023-03-18 20:56:34,065 [INFO] PluginManage:307 - Check plugin cadmodel
2023-03-18 20:56:34,072 [INFO] CADModel:65 - Init CAD model plugin
2023-03-18 20:56:34,072 [INFO] PluginManage:356 - Loaded plugin cadmodel (category:power,tabindex:5)
2023-03-18 20:56:34,072 [INFO] PluginManage:307 - Check plugin clock
2023-03-18 20:56:34,084 [INFO] PluginManage:356 - Loaded plugin clock (category:base,tabindex:2)
2023-03-18 20:56:34,084 [INFO] PluginManage:307 - Check plugin ddr
2023-03-18 20:56:34,084 [INFO] PluginManage:356 - Loaded plugin ddr (category:tool,tabindex:6)
2023-03-18 20:56:34,084 [INFO] PluginManage:307 - Check plugin filemanager
2023-03-18 20:56:34,386 [INFO] PluginManage:356 - Loaded plugin filemanager (category:base,tabindex:10)
2023-03-18 20:56:34,387 [INFO] PluginManage:307 - Check plugin ipmanager
2023-03-18 20:56:34,398 [INFO] PluginManage:356 - Loaded plugin ipmanager (category:base,tabindex:5)
2023-03-18 20:56:34,399 [INFO] PluginManage:307 - Check plugin lpbam
2023-03-18 20:56:34,410 [INFO] PluginManage:356 - Loaded plugin lpbam (category:base,tabindex:0)
2023-03-18 20:56:34,411 [INFO] PluginManage:307 - Check plugin pinoutandconfiguration
2023-03-18 20:56:34,420 [INFO] PluginManage:356 - Loaded plugin pinoutandconfiguration (category:base,tabindex:1)
2023-03-18 20:56:34,421 [INFO] PluginManage:307 - Check plugin pinoutconfig
2023-03-18 20:56:34,465 [INFO] PluginManage:356 - Loaded plugin pinoutconfig (category:base,tabindex:0)
2023-03-18 20:56:34,465 [INFO] PluginManage:307 - Check plugin power
2023-03-18 20:56:34,482 [INFO] PluginManage:356 - Loaded plugin power (category:power,tabindex:4)
2023-03-18 20:56:34,482 [INFO] PluginManage:307 - Check plugin projectmanager
2023-03-18 20:56:34,509 [INFO] PluginManage:356 - Loaded plugin projectmanager (category:projectmanager,tabindex:3)
2023-03-18 20:56:34,509 [INFO] PluginManage:307 - Check plugin thirdparty
2023-03-18 20:56:34,687 [INFO] PluginManage:356 - Loaded plugin thirdparty (category:base,tabindex:-1)
2023-03-18 20:56:34,687 [WARN] IntegrityCheckThread:82 - waiting for thirdparty lock release [integrity check]
2023-03-18 20:56:34,687 [INFO] PluginManage:307 - Check plugin tools
2023-03-18 20:56:34,688 [INFO] IntegrityCheckThread:84 - entering critical section [integrity check]
2023-03-18 20:56:34,691 [INFO] ThirdPartyUpdaterWithRetryManager:70 - Updater plugin not ready yet. [1/15]
2023-03-18 20:56:34,691 [INFO] PluginManage:356 - Loaded plugin tools (category:base,tabindex:7)
2023-03-18 20:56:34,691 [INFO] PluginManage:307 - Check plugin tutovideos
2023-03-18 20:56:34,955 [INFO] PluginManage:356 - Loaded plugin tutovideos (category:base,tabindex:-1)
2023-03-18 20:56:34,955 [INFO] PluginManage:307 - Check plugin updater
2023-03-18 20:56:34,983 [INFO] PluginManage:356 - Loaded plugin updater (category:base,tabindex:12)
2023-03-18 20:56:34,985 [INFO] PluginManage:280 - PluginManage : Loaded plugins [15]
2023-03-18 20:56:35,351 [INFO] PinOutPanel:1468 - setPackage(No Configuration,No Configuration)
2023-03-18 20:56:35,444 [INFO] CADModel:98 - CPN selected for project level
2023-03-18 20:56:35,466 [INFO] IPUIPlugin:79 - create IPUIPlugin
2023-03-18 20:56:35,471 [INFO] PluginManager:217 - loadIPPluginJar : add adc
2023-03-18 20:56:35,472 [INFO] IPUIPlugin:79 - create IPUIPlugin
2023-03-18 20:56:35,472 [INFO] PluginManager:217 - loadIPPluginJar : add aes
2023-03-18 20:56:35,472 [INFO] IPUIPlugin:79 - create IPUIPlugin
2023-03-18 20:56:35,472 [INFO] PluginManager:217 - loadIPPluginJar : add can
2023-03-18 20:56:35,480 [INFO] IPUIPlugin:79 - create IPUIPlugin
2023-03-18 20:56:35,480 [INFO] PluginManager:217 - loadIPPluginJar : add comp
2023-03-18 20:56:35,483 [INFO] IPUIPlugin:79 - create IPUIPlugin
2023-03-18 20:56:35,483 [INFO] PluginManager:217 - loadIPPluginJar : add cryp
2023-03-18 20:56:35,483 [INFO] IPUIPlugin:79 - create IPUIPlugin
2023-03-18 20:56:35,483 [INFO] PluginManager:217 - loadIPPluginJar : add dfsdm
2023-03-18 20:56:35,488 [INFO] IPUIPlugin:79 - create IPUIPlugin
2023-03-18 20:56:35,488 [INFO] PluginManager:217 - loadIPPluginJar : add dma
2023-03-18 20:56:35,498 [INFO] IPUIPlugin:79 - create IPUIPlugin
2023-03-18 20:56:35,498 [INFO] PluginManager:217 - loadIPPluginJar : add dma3
2023-03-18 20:56:35,500 [INFO] IPUIPlugin:79 - create IPUIPlugin
2023-03-18 20:56:35,501 [INFO] PluginManager:217 - loadIPPluginJar : add fatfs
2023-03-18 20:56:35,505 [INFO] IPUIPlugin:79 - create IPUIPlugin
2023-03-18 20:56:35,505 [INFO] PluginManager:217 - loadIPPluginJar : add fmc
2023-03-18 20:56:35,511 [INFO] IPUIPlugin:79 - create IPUIPlugin
2023-03-18 20:56:35,511 [INFO] PluginManager:217 - loadIPPluginJar : add freertos
2023-03-18 20:56:35,516 [INFO] IPUIPlugin:79 - create IPUIPlugin
2023-03-18 20:56:35,516 [INFO] PluginManager:217 - loadIPPluginJar : add genericplugin
2023-03-18 20:56:35,520 [INFO] IPUIPlugin:79 - create IPUIPlugin
2023-03-18 20:56:35,520 [INFO] PluginManager:217 - loadIPPluginJar : add gfxmmu
2023-03-18 20:56:35,520 [INFO] IPUIPlugin:79 - create IPUIPlugin
2023-03-18 20:56:35,520 [INFO] PluginManager:217 - loadIPPluginJar : add gic
2023-03-18 20:56:35,529 [INFO] IPUIPlugin:79 - create IPUIPlugin
2023-03-18 20:56:35,529 [INFO] PluginManager:217 - loadIPPluginJar : add gpio
2023-03-18 20:56:35,534 [INFO] IPUIPlugin:79 - create IPUIPlugin
2023-03-18 20:56:35,534 [INFO] PluginManager:217 - loadIPPluginJar : add gtzc
2023-03-18 20:56:35,536 [INFO] IPUIPlugin:79 - create IPUIPlugin
2023-03-18 20:56:35,536 [INFO] PluginManager:217 - loadIPPluginJar : add hash
2023-03-18 20:56:35,536 [INFO] IPUIPlugin:79 - create IPUIPlugin
2023-03-18 20:56:35,536 [INFO] PluginManager:217 - loadIPPluginJar : add i2c
2023-03-18 20:56:35,536 [INFO] IPUIPlugin:79 - create IPUIPlugin
2023-03-18 20:56:35,544 [INFO] PluginManager:217 - loadIPPluginJar : add i2s
2023-03-18 20:56:35,547 [INFO] IPUIPlugin:79 - create IPUIPlugin
2023-03-18 20:56:35,547 [INFO] PluginManager:217 - loadIPPluginJar : add ipddr
2023-03-18 20:56:35,554 [INFO] IPUIPlugin:79 - create IPUIPlugin
2023-03-18 20:56:35,554 [INFO] PluginManager:217 - loadIPPluginJar : add linkedlist
2023-03-18 20:56:35,560 [INFO] IPUIPlugin:79 - create IPUIPlugin
2023-03-18 20:56:35,560 [INFO] PluginManager:217 - loadIPPluginJar : add lorawan
2023-03-18 20:56:35,561 [INFO] IPUIPlugin:79 - create IPUIPlugin
2023-03-18 20:56:35,562 [INFO] PluginManager:217 - loadIPPluginJar : add ltdc
2023-03-18 20:56:35,570 [INFO] IPUIPlugin:79 - create IPUIPlugin
2023-03-18 20:56:35,570 [INFO] PluginManager:217 - loadIPPluginJar : add mdma
2023-03-18 20:56:35,575 [INFO] IPUIPlugin:79 - create IPUIPlugin
2023-03-18 20:56:35,575 [INFO] PluginManager:217 - loadIPPluginJar : add nvic
2023-03-18 20:56:35,578 [INFO] IPUIPlugin:79 - create IPUIPlugin
2023-03-18 20:56:35,579 [INFO] PluginManager:217 - loadIPPluginJar : add opamp
2023-03-18 20:56:35,583 [INFO] IPUIPlugin:79 - create IPUIPlugin
2023-03-18 20:56:35,584 [INFO] PluginManager:217 - loadIPPluginJar : add openamp
2023-03-18 20:56:35,587 [INFO] IPUIPlugin:79 - create IPUIPlugin
2023-03-18 20:56:35,587 [INFO] PluginManager:217 - loadIPPluginJar : add pdm2pcm
2023-03-18 20:56:35,596 [INFO] IPUIPlugin:79 - create IPUIPlugin
2023-03-18 20:56:35,601 [INFO] PluginManager:217 - loadIPPluginJar : add plateformsettings
2023-03-18 20:56:35,603 [INFO] IPUIPlugin:79 - create IPUIPlugin
2023-03-18 20:56:35,603 [INFO] PluginManager:217 - loadIPPluginJar : add quadspi
2023-03-18 20:56:35,607 [INFO] IPUIPlugin:79 - create IPUIPlugin
2023-03-18 20:56:35,608 [INFO] PluginManager:217 - loadIPPluginJar : add resmgrutility
2023-03-18 20:56:35,609 [INFO] IPUIPlugin:79 - create IPUIPlugin
2023-03-18 20:56:35,609 [INFO] PluginManager:217 - loadIPPluginJar : add sai
2023-03-18 20:56:35,616 [INFO] IPUIPlugin:79 - create IPUIPlugin
2023-03-18 20:56:35,616 [INFO] PluginManager:217 - loadIPPluginJar : add spi
2023-03-18 20:56:35,622 [INFO] IPUIPlugin:79 - create IPUIPlugin
2023-03-18 20:56:35,622 [INFO] PluginManager:217 - loadIPPluginJar : add stm32_wpan
2023-03-18 20:56:35,625 [INFO] IPUIPlugin:79 - create IPUIPlugin
2023-03-18 20:56:35,625 [INFO] PluginManager:217 - loadIPPluginJar : add tim
2023-03-18 20:56:35,626 [INFO] IPUIPlugin:79 - create IPUIPlugin
2023-03-18 20:56:35,626 [INFO] PluginManager:217 - loadIPPluginJar : add touchsensing
2023-03-18 20:56:35,632 [INFO] IPUIPlugin:79 - create IPUIPlugin
2023-03-18 20:56:35,632 [INFO] PluginManager:217 - loadIPPluginJar : add tracer_emb
2023-03-18 20:56:35,635 [INFO] IPUIPlugin:79 - create IPUIPlugin
2023-03-18 20:56:35,635 [INFO] PluginManager:217 - loadIPPluginJar : add ts
2023-03-18 20:56:35,638 [INFO] IPUIPlugin:79 - create IPUIPlugin
2023-03-18 20:56:35,638 [INFO] PluginManager:217 - loadIPPluginJar : add tsc
2023-03-18 20:56:35,639 [INFO] IPUIPlugin:79 - create IPUIPlugin
2023-03-18 20:56:35,639 [INFO] PluginManager:217 - loadIPPluginJar : add ucpd
2023-03-18 20:56:35,643 [INFO] IPUIPlugin:79 - create IPUIPlugin
2023-03-18 20:56:35,643 [INFO] PluginManager:217 - loadIPPluginJar : add usart
2023-03-18 20:56:35,649 [INFO] IPUIPlugin:79 - create IPUIPlugin
2023-03-18 20:56:35,650 [INFO] PluginManager:217 - loadIPPluginJar : add usbx
2023-03-18 20:56:36,227 [FATAL] Updater:301 - Updater called before beeing initialized
2023-03-18 20:56:36,422 [FATAL] Updater:301 - Updater called before beeing initialized
2023-03-18 20:56:36,431 [INFO] DbMcusAds:52 - JSON generation date=Tue Mar 07 11:50:55 TRT 2023 (1678179055114)
2023-03-18 20:56:36,432 [FATAL] Updater:301 - Updater called before beeing initialized
2023-03-18 20:56:36,479 [WARN] DetailPanel:344 - Failed to get advertising image, set to default
2023-03-18 20:56:36,693 [FATAL] Updater:301 - Updater called before beeing initialized
2023-03-18 20:56:36,694 [FATAL] Updater:301 - Updater called before beeing initialized
2023-03-18 20:56:36,694 [FATAL] Updater:301 - Updater called before beeing initialized
2023-03-18 20:56:36,694 [WARN] DetailPanel:344 - Failed to get advertising image, set to default
2023-03-18 20:56:36,696 [FATAL] Updater:301 - Updater called before beeing initialized
2023-03-18 20:56:36,756 [ERROR] Updater:1105 - MainUpdater not yet initialized. External WinMGr cannot be set.
2023-03-18 20:56:36,763 [INFO] Updater:1041 - Updater Version found : 6.6.1
2023-03-18 20:56:36,784 [INFO] ApplicationProperties:181 - Using Application install path: C:\ST\STM32CubeIDE_1.10.1\STM32CubeIDE\plugins\com.st.stm32cube.common.mx_6.6.1.202207061420
2023-03-18 20:56:37,103 [INFO] MainUpdater:2768 - connection check result : 10
2023-03-18 20:56:37,103 [INFO] MainUpdater:280 - Updater Check For Update Now.
2023-03-18 20:56:37,103 [INFO] MicroXplorer:481 - Change Database Version : DB.6.0.60
2023-03-18 20:56:37,349 [INFO] CheckServerUpdateThread:119 - End of CheckServer Thread
2023-03-18 20:56:37,533 [INFO] MainUpdater:2768 - connection check result : 10
2023-03-18 20:56:38,008 [INFO] McuFinderGlobals:57 - Set McuFinderConnectedMode to true
2023-03-18 20:56:38,061 [INFO] MultiScanPanel:195 - Auto-refresh data requested => check proxy status ongoing
2023-03-18 20:56:38,070 [INFO] FinderPluginLoader:92 - Searching for filters in installed packs
2023-03-18 20:56:38,210 [WARN] PackLoader:242 - Cannot read IP mode file for STMicroelectronics.X-CUBE-GNSS1.6.0.0
2023-03-18 20:56:38,282 [WARN] PackLoader:242 - Cannot read IP mode file for STMicroelectronics.X-CUBE-AZRTOS-F4.1.1.0
2023-03-18 20:56:38,311 [INFO] ApiDb:576 - Connected to CubeFinder SQLite database (C:\Users\VeliSacikara\.stmcufinder\plugins\mcufinder\mcu\cube-finder-db.db)
2023-03-18 20:56:38,351 [WARN] PackLoader:242 - Cannot read IP mode file for STMicroelectronics.X-CUBE-AZRTOS-F7.1.1.0
2023-03-18 20:56:38,374 [WARN] PackLoader:242 - Cannot read IP mode file for STMicroelectronics.X-CUBE-BLE1.6.2.3
2023-03-18 20:56:38,390 [WARN] PackLoader:242 - Cannot read IP mode file for STMicroelectronics.X-CUBE-BLE1.6.2.4
2023-03-18 20:56:38,411 [WARN] PackLoader:242 - Cannot read IP mode file for STMicroelectronics.X-CUBE-BLEMGR.2.0.0
2023-03-18 20:56:38,422 [WARN] PackLoader:242 - Cannot read IP mode file for STMicroelectronics.X-CUBE-NFC4.2.0.5
2023-03-18 20:56:38,435 [WARN] PackLoader:242 - Cannot read IP mode file for STMicroelectronics.X-CUBE-NFC4.2.0.4
2023-03-18 20:56:38,446 [INFO] ApiDb:663 - CubeFinder database Data Model version=2.1
2023-03-18 20:56:38,446 [INFO] ApiDb:664 - CubeFinder database Configuration version=3.0.35
2023-03-18 20:56:38,446 [INFO] ApiDb:665 - CubeFinder database generation date=2023-03-10 (1678456172)
2023-03-18 20:56:38,446 [INFO] ApiDb:666 - CubeFinder database FW Pack versions=[FP-ATR-ASTRA1_V1.1.1, STM32Cube_FW_C0_V1.0.1, STM32Cube_FW_F0_V1.11.4, STM32Cube_FW_F3_V1.11.4, STM32Cube_FW_F4_V1.27.1, STM32Cube_FW_F7_V1.17.0, STM32Cube_FW_G0_V1.6.1, STM32Cube_FW_G4_V1.5.1, STM32Cube_FW_H5_V0.5.1, STM32Cube_FW_H5_V1.0.0, STM32Cube_FW_H7_V1.11.0, STM32Cube_FW_L0_V1.12.2, STM32Cube_FW_L5_V1.5.0, STM32Cube_FW_U5_V1.2.0, STM32Cube_FW_WBA_V1.0.0, STM32Cube_FW_WBA_V1.0.0RC1, STM32Cube_FW_WBA_V1.0.0RC3, STM32Cube_FW_WB_V1.15.0RC1, STM32Cube_FW_WB_V1.16.0, STM32Cube_FW_WB_V1.16.0RC2, STM32Cube_FW_WL_V1.3.0, X-CUBE-ALGOBUILD_V1.3.0, X-CUBE-ALS_V1.0.1, X-CUBE-AZRTOS-F4_V1.1.0, X-CUBE-AZRTOS-F7_V1.1.0, X-CUBE-AZRTOS-G0_V1.1.0, X-CUBE-AZRTOS-G4_V1.0.0, X-CUBE-AZRTOS-H7_V3.0.0, X-CUBE-AZRTOS-L4_V1.0.0, X-CUBE-AZRTOS-L5_V1.1.0, X-CUBE-AZRTOS-WB_V1.1.0, X-CUBE-AZRTOS-WL_V1.0.0, X-CUBE-BLE1_V6.2.4, X-CUBE-BLE2_V3.3.0, X-CUBE-BLEMGR_V1.3.0, X-CUBE-EEPRMA1_V4.1.0, X-CUBE-GNSS1_V6.0.0, X-CUBE-MEMS1_V9.1.0, X-CUBE-MEMS1_V9.4.0, X-CUBE-MEMS1_V9.5.0, X-CUBE-NFC4_V3.0.0, X-CUBE-NFC7_V1.0.0, X-CUBE-SFXS2LP1_V4.0.0, X-CUBE-SUBG2_V5.0.0]
2023-03-18 20:56:38,454 [WARN] PackLoader:242 - Cannot read IP mode file for STMicroelectronics.X-CUBE-TOF1.3.1.0
2023-03-18 20:56:38,485 [WARN] PackLoader:242 - Cannot read IP mode file for STMicroelectronics.X-CUBE-DISPLAY.3.0.0
2023-03-18 20:56:38,499 [WARN] PackLoader:242 - Cannot read IP mode file for wolfSSL.I-CUBE-wolfSSL.5.5.0
2023-03-18 20:56:38,509 [WARN] PackLoader:242 - Cannot read IP mode file for STMicroelectronics.X-CUBE-NFC7.1.0.0
2023-03-18 20:56:38,597 [WARN] PackLoader:242 - Cannot read IP mode file for STMicroelectronics.X-CUBE-MEMS1.9.3.0
2023-03-18 20:56:38,921 [WARN] PackLoader:242 - Cannot read IP mode file for STMicroelectronics.X-CUBE-EEPRMA1.4.1.0
2023-03-18 20:56:38,930 [WARN] PackLoader:242 - Cannot read IP mode file for STMicroelectronics.X-CUBE-AI.7.2.0
2023-03-18 20:56:38,943 [WARN] PackLoader:242 - Cannot read IP mode file for WES.I-CUBE-Cesium.1.3.0
2023-03-18 20:56:38,963 [WARN] PackLoader:242 - Cannot read IP mode file for STMicroelectronics.X-CUBE-SFXS2LP1.4.0.0
2023-03-18 20:56:38,976 [WARN] PackLoader:242 - Cannot read IP mode file for STMicroelectronics.X-CUBE-BLE2.3.3.0
2023-03-18 20:56:38,987 [WARN] PackLoader:242 - Cannot read IP mode file for STMicroelectronics.X-CUBE-DISPLAY.2.2.0
2023-03-18 20:56:39,002 [WARN] PackLoader:242 - Cannot read IP mode file for STMicroelectronics.X-CUBE-TOF1.3.2.0
2023-03-18 20:56:39,059 [WARN] PackLoader:242 - Cannot read IP mode file for STMicroelectronics.X-CUBE-AZRTOS-H7.3.0.0
2023-03-18 20:56:39,071 [WARN] PackLoader:242 - Cannot read IP mode file for STMicroelectronics.X-CUBE-ISPU.1.0.0
2023-03-18 20:56:39,077 [WARN] PackLoader:242 - Cannot read IP mode file for STMicroelectronics.X-CUBE-ISPU.1.1.0
2023-03-18 20:56:39,091 [WARN] PackLoader:242 - Cannot read IP mode file for RoweBots.I-CUBE-UNISONRTOS.5.5.0-4
2023-03-18 20:56:39,125 [WARN] PackLoader:242 - Cannot read IP mode file for STMicroelectronics.X-CUBE-AZRTOS-H7.2.1.0
2023-03-18 20:56:39,140 [WARN] PackLoader:242 - Cannot read IP mode file for STMicroelectronics.X-CUBE-AI.8.0.0
2023-03-18 20:56:39,146 [WARN] PackLoader:242 - Cannot read IP mode file for STMicroelectronics.X-CUBE-FREERTOS.1.0.0
2023-03-18 20:56:39,154 [WARN] PackLoader:242 - Cannot read IP mode file for STMicroelectronics.X-CUBE-TOUCHGFX.4.21.1
2023-03-18 20:56:39,158 [WARN] PackLoader:242 - Cannot read IP mode file for STMicroelectronics.X-CUBE-TOUCHGFX.4.21.0
2023-03-18 20:56:39,169 [WARN] PackLoader:242 - Cannot read IP mode file for STMicroelectronics.X-CUBE-BLEMGR.1.0.0
2023-03-18 20:56:39,241 [WARN] PackLoader:242 - Cannot read IP mode file for STMicroelectronics.X-CUBE-MEMS1.9.4.0
2023-03-18 20:56:39,529 [WARN] PackLoader:242 - Cannot read IP mode file for STMicroelectronics.X-CUBE-AI.7.3.0
2023-03-18 20:56:39,538 [WARN] PackLoader:242 - Cannot read IP mode file for STMicroelectronics.X-CUBE-ALGOBUILD.1.3.0
2023-03-18 20:56:39,554 [WARN] PackLoader:242 - Cannot read IP mode file for STMicroelectronics.X-CUBE-AZRTOS-L5.1.1.0
2023-03-18 20:56:39,586 [WARN] PackLoader:242 - Cannot read IP mode file for STMicroelectronics.X-CUBE-AZRTOS-G0.1.1.0
2023-03-18 20:56:39,602 [WARN] PackLoader:242 - Cannot read IP mode file for STMicroelectronics.X-CUBE-SUBG2.5.0.0
2023-03-18 20:56:39,613 [WARN] PackLoader:242 - Cannot read IP mode file for STMicroelectronics.X-CUBE-NFC4.3.0.0
2023-03-18 20:56:39,691 [WARN] PackLoader:242 - Cannot read IP mode file for SEGGER.I-CUBE-embOS.1.2.0
2023-03-18 20:56:39,742 [WARN] PackLoader:242 - Cannot read IP mode file for STMicroelectronics.FP-ATR-ASTRA1.1.1.1
2023-03-18 20:56:39,767 [WARN] PackLoader:242 - Cannot read IP mode file for STMicroelectronics.X-CUBE-BLEMGR.1.3.0
2023-03-18 20:56:39,786 [WARN] PackLoader:242 - Cannot read IP mode file for STMicroelectronics.X-CUBE-AZRTOS-G4.1.0.0
2023-03-18 20:56:39,803 [WARN] PackLoader:242 - Cannot read IP mode file for STMicroelectronics.FP-ATR-SIGFOX1.3.2.0
2023-03-18 20:56:39,832 [WARN] PackLoader:242 - Cannot read IP mode file for STMicroelectronics.X-CUBE-AZRTOS-L4.1.0.0
2023-03-18 20:56:39,845 [WARN] PackLoader:242 - Cannot read IP mode file for emotas.I-CUBE-CANOPEN.1.1.2
2023-03-18 20:56:39,849 [WARN] PackLoader:242 - Cannot read IP mode file for STMicroelectronics.X-CUBE-TOUCHGFX.4.20.0
2023-03-18 20:56:39,859 [WARN] PackLoader:242 - Cannot read IP mode file for STMicroelectronics.X-CUBE-AZRTOS-WL.1.0.0
2023-03-18 20:56:39,875 [WARN] PackLoader:242 - Cannot read IP mode file for portGmbH.I-Cube-SoM-uGOAL.1.1.0
2023-03-18 20:56:39,883 [WARN] PackLoader:242 - Cannot read IP mode file for STMicroelectronics.X-CUBE-ALS.1.0.1
2023-03-18 20:56:39,926 [WARN] PackLoader:242 - Cannot read IP mode file for STMicroelectronics.X-CUBE-MEMS1.9.5.0
2023-03-18 20:56:40,167 [WARN] PackLoader:242 - Cannot read IP mode file for STMicroelectronics.X-CUBE-AZRTOS-WB.1.1.0
2023-03-18 20:56:40,202 [WARN] PackLoader:242 - Cannot read IP mode file for SEGGER.I-CUBE-embOS.1.3.1
2023-03-18 20:56:40,270 [WARN] PackLoader:242 - Cannot read IP mode file for STMicroelectronics.X-CUBE-AZRTOS-L5.1.0.0
2023-03-18 20:56:40,283 [WARN] PackLoader:242 - Cannot read IP mode file for STMicroelectronics.X-CUBE-EEPRMA1.3.1.1
2023-03-18 20:56:40,284 [INFO] ThirdParty:929 - Integrity check success = true
2023-03-18 20:56:40,285 [INFO] IntegrityCheckThread:98 - exiting critical section [integrity check]
2023-03-18 20:56:40,285 [INFO] IntegrityCheckThread:101 - End integrity checks thread
2023-03-18 20:56:41,734 [INFO] ApiDb:239 - Found 138 in-development CPN: [B-WB1M-WPAN1, NUCLEO-C031C6, STEVAL-STWINBX1, STM320518-EVAL, STM32C0116-DK, STM32C011D6Y3TR, STM32C011D6Y6TR, STM32C011F4P3, STM32C011F4P6, STM32C011F4U3, STM32C011F4U6TR, STM32C011F6P3, STM32C011F6P6, STM32C011F6U3, STM32C011F6U6TR, STM32C011J4M3, STM32C011J4M6, STM32C011J6M3, STM32C011J6M6, STM32C0316-DK, STM32C031C4T3, STM32C031C4T6, STM32C031C4U3, STM32C031C4U6, STM32C031C6T3, STM32C031C6T6, STM32C031C6U3, STM32C031C6U6, STM32C031F4P3, STM32C031F4P6, STM32C031F6P3, STM32C031F6P6, STM32C031G4U3, STM32C031G4U6, STM32C031G6U3, STM32C031G6U6, STM32C031K4T3, STM32C031K4T6, STM32C031K4U3, STM32C031K4U6, STM32C031K6T3, STM32C031K6T6, STM32C031K6U3, STM32C031K6U6, STM32G071K8TXN, STM32G071K8UXN, STM32G081GBU6N, STM32G081KBT6N, STM32G081KBUXN, STM32G0B1CCT6N, STM32G0B1KCT6, STM32G0B1NEY6TR, STM32G0B1RCT6N, STM32G0C1CCT6, STM32G0C1CCT6N, STM32G0C1CCU6N, STM32G0C1CET6N, STM32G0C1CEU6N, STM32G0C1KCT6, STM32G0C1NEY6TR, STM32G0C1RCI6N, STM32G0C1RCT6N, STM32G0C1REI6N, STM32G0C1RET6N, STM32G0C1VCI6, STM32G0C1VEI6, STM32G471CCT6, STM32G471CCU6, STM32G471CET3, STM32G471CET6, STM32G471CEU3, STM32G471CEU6, STM32G471MCT6, STM32G471MET3, STM32G471MET6, STM32G471MEY6TR, STM32G471QCT6, STM32G471QET3, STM32G471RCT6, STM32G471RET3, STM32G471RET6, STM32G471VCH6, STM32G471VCI6, STM32G471VCT6, STM32G471VEH3, STM32G471VEH6, STM32G471VEI3, STM32G471VEI6, STM32G471VET3, STM32G471VET6, STM32G474CCT6, STM32L476VGY6PTR, STM32L4R5QGI6STR, STM32MP131AAE3, STM32MP131AAF3, STM32MP131AAG3, STM32MP131CAE3, STM32MP131CAF3, STM32MP131CAG3, STM32MP131DAE7, STM32MP131DAF7, STM32MP131DAG7, STM32MP131FAE7, STM32MP131FAF7, STM32MP131FAG7, STM32MP133AAE3, STM32MP133AAF3, STM32MP133AAG3, STM32MP133CAE3, STM32MP133CAF3, STM32MP133CAG3, STM32MP133DAE7, STM32MP133DAF7, STM32MP133DAG7, STM32MP133FAE7, STM32MP133FAF7, STM32MP133FAG7, STM32MP135AAE3, STM32MP135AAF3, STM32MP135AAG3, STM32MP135CAE3, STM32MP135CAF3, STM32MP135CAG3, STM32MP135DAE7, STM32MP135DAF7, STM32MP135DAG7, STM32MP135F-DK, STM32MP135FAE7, STM32MP135FAF7, STM32MP135FAG7, STM32U595ZJT6Q, STM32U599BJY6QTR, STM32U599NIH6Q, STM32U599NJH6Q, STM32U5A5ZJT6Q, STM32U5A9BJY6QTR, STM32U5A9NJH6Q, STM32WB1MMCH6]
2023-03-18 20:56:41,740 [INFO] DbMcus:215 - Found 3678 MCUs, 3678 are supported
2023-03-18 20:56:41,746 [INFO] ApiDb:418 - Load user favorites file C:\Users\VeliSacikara/.stm32cubeide/favorites.mcus.txt: 0 item(s)
2023-03-18 20:56:41,747 [INFO] ApiDb:422 - User favorites MCUs=[]
2023-03-18 20:56:41,748 [INFO] DbMcus:221 - Set 0 / 0 favorites MCUs
2023-03-18 20:56:44,096 [INFO] LoadUrlFilesThread:177 - End of LoadServerUrlFiles without Thread
2023-03-18 20:56:44,138 [INFO] DetailPanel:339 - Set advertising image to C:/Users/VeliSacikara/STM32Cube/Repository/\en.prom-stm32h5-mcu-finder.jpg
2023-03-18 20:56:45,494 [INFO] MultiScanPanel:778 - Auto Refresh Data is not needed
2023-03-18 20:56:45,501 [INFO] ApiDb:663 - CubeFinder database Data Model version=2.1
2023-03-18 20:56:45,501 [INFO] ApiDb:664 - CubeFinder database Configuration version=3.0.35
2023-03-18 20:56:45,508 [INFO] ApiDb:665 - CubeFinder database generation date=2023-03-10 (1678456172)
2023-03-18 20:56:45,508 [INFO] ApiDb:666 - CubeFinder database FW Pack versions=[FP-ATR-ASTRA1_V1.1.1, STM32Cube_FW_C0_V1.0.1, STM32Cube_FW_F0_V1.11.4, STM32Cube_FW_F3_V1.11.4, STM32Cube_FW_F4_V1.27.1, STM32Cube_FW_F7_V1.17.0, STM32Cube_FW_G0_V1.6.1, STM32Cube_FW_G4_V1.5.1, STM32Cube_FW_H5_V0.5.1, STM32Cube_FW_H5_V1.0.0, STM32Cube_FW_H7_V1.11.0, STM32Cube_FW_L0_V1.12.2, STM32Cube_FW_L5_V1.5.0, STM32Cube_FW_U5_V1.2.0, STM32Cube_FW_WBA_V1.0.0, STM32Cube_FW_WBA_V1.0.0RC1, STM32Cube_FW_WBA_V1.0.0RC3, STM32Cube_FW_WB_V1.15.0RC1, STM32Cube_FW_WB_V1.16.0, STM32Cube_FW_WB_V1.16.0RC2, STM32Cube_FW_WL_V1.3.0, X-CUBE-ALGOBUILD_V1.3.0, X-CUBE-ALS_V1.0.1, X-CUBE-AZRTOS-F4_V1.1.0, X-CUBE-AZRTOS-F7_V1.1.0, X-CUBE-AZRTOS-G0_V1.1.0, X-CUBE-AZRTOS-G4_V1.0.0, X-CUBE-AZRTOS-H7_V3.0.0, X-CUBE-AZRTOS-L4_V1.0.0, X-CUBE-AZRTOS-L5_V1.1.0, X-CUBE-AZRTOS-WB_V1.1.0, X-CUBE-AZRTOS-WL_V1.0.0, X-CUBE-BLE1_V6.2.4, X-CUBE-BLE2_V3.3.0, X-CUBE-BLEMGR_V1.3.0, X-CUBE-EEPRMA1_V4.1.0, X-CUBE-GNSS1_V6.0.0, X-CUBE-MEMS1_V9.1.0, X-CUBE-MEMS1_V9.4.0, X-CUBE-MEMS1_V9.5.0, X-CUBE-NFC4_V3.0.0, X-CUBE-NFC7_V1.0.0, X-CUBE-SFXS2LP1_V4.0.0, X-CUBE-SUBG2_V5.0.0]
2023-03-18 20:56:45,599 [INFO] DbBoardsSqlite:227 - include board P-NUCLEO-WB55-NUCLEO as a kit item of type 'Nucleo-64'
2023-03-18 20:56:45,600 [INFO] DbBoardsSqlite:227 - include board P-NUCLEO-WB55-USBDONGLE as a kit item of type 'Nucleo USB Dongle'
2023-03-18 20:56:45,600 [INFO] DbBoardsSqlite:227 - include board STEVAL-IDP005V1 as a kit item of type 'Evaluation Board'
2023-03-18 20:56:45,601 [INFO] DbBoardsSqlite:227 - include board STEVAL-IDP005V2 as a kit item of type 'Evaluation Board'
2023-03-18 20:56:45,672 [INFO] ApiDb:239 - Found 138 in-development CPN: [B-WB1M-WPAN1, NUCLEO-C031C6, STEVAL-STWINBX1, STM320518-EVAL, STM32C0116-DK, STM32C011D6Y3TR, STM32C011D6Y6TR, STM32C011F4P3, STM32C011F4P6, STM32C011F4U3, STM32C011F4U6TR, STM32C011F6P3, STM32C011F6P6, STM32C011F6U3, STM32C011F6U6TR, STM32C011J4M3, STM32C011J4M6, STM32C011J6M3, STM32C011J6M6, STM32C0316-DK, STM32C031C4T3, STM32C031C4T6, STM32C031C4U3, STM32C031C4U6, STM32C031C6T3, STM32C031C6T6, STM32C031C6U3, STM32C031C6U6, STM32C031F4P3, STM32C031F4P6, STM32C031F6P3, STM32C031F6P6, STM32C031G4U3, STM32C031G4U6, STM32C031G6U3, STM32C031G6U6, STM32C031K4T3, STM32C031K4T6, STM32C031K4U3, STM32C031K4U6, STM32C031K6T3, STM32C031K6T6, STM32C031K6U3, STM32C031K6U6, STM32G071K8TXN, STM32G071K8UXN, STM32G081GBU6N, STM32G081KBT6N, STM32G081KBUXN, STM32G0B1CCT6N, STM32G0B1KCT6, STM32G0B1NEY6TR, STM32G0B1RCT6N, STM32G0C1CCT6, STM32G0C1CCT6N, STM32G0C1CCU6N, STM32G0C1CET6N, STM32G0C1CEU6N, STM32G0C1KCT6, STM32G0C1NEY6TR, STM32G0C1RCI6N, STM32G0C1RCT6N, STM32G0C1REI6N, STM32G0C1RET6N, STM32G0C1VCI6, STM32G0C1VEI6, STM32G471CCT6, STM32G471CCU6, STM32G471CET3, STM32G471CET6, STM32G471CEU3, STM32G471CEU6, STM32G471MCT6, STM32G471MET3, STM32G471MET6, STM32G471MEY6TR, STM32G471QCT6, STM32G471QET3, STM32G471RCT6, STM32G471RET3, STM32G471RET6, STM32G471VCH6, STM32G471VCI6, STM32G471VCT6, STM32G471VEH3, STM32G471VEH6, STM32G471VEI3, STM32G471VEI6, STM32G471VET3, STM32G471VET6, STM32G474CCT6, STM32L476VGY6PTR, STM32L4R5QGI6STR, STM32MP131AAE3, STM32MP131AAF3, STM32MP131AAG3, STM32MP131CAE3, STM32MP131CAF3, STM32MP131CAG3, STM32MP131DAE7, STM32MP131DAF7, STM32MP131DAG7, STM32MP131FAE7, STM32MP131FAF7, STM32MP131FAG7, STM32MP133AAE3, STM32MP133AAF3, STM32MP133AAG3, STM32MP133CAE3, STM32MP133CAF3, STM32MP133CAG3, STM32MP133DAE7, STM32MP133DAF7, STM32MP133DAG7, STM32MP133FAE7, STM32MP133FAF7, STM32MP133FAG7, STM32MP135AAE3, STM32MP135AAF3, STM32MP135AAG3, STM32MP135CAE3, STM32MP135CAF3, STM32MP135CAG3, STM32MP135DAE7, STM32MP135DAF7, STM32MP135DAG7, STM32MP135F-DK, STM32MP135FAE7, STM32MP135FAF7, STM32MP135FAG7, STM32U595ZJT6Q, STM32U599BJY6QTR, STM32U599NIH6Q, STM32U599NJH6Q, STM32U5A5ZJT6Q, STM32U5A9BJY6QTR, STM32U5A9NJH6Q, STM32WB1MMCH6]
2023-03-18 20:56:45,893 [INFO] BoardInfo:879 - No configuration file found for board P-NUCLEO-WB55
2023-03-18 20:56:45,893 [INFO] DbBoards:156 - Kit is not supported: P-NUCLEO-WB55
2023-03-18 20:56:45,900 [INFO] BoardInfo:879 - No configuration file found for board STEVAL-BFA001V1B
2023-03-18 20:56:45,900 [INFO] DbBoards:156 - Kit is not supported: STEVAL-BFA001V1B
2023-03-18 20:56:45,918 [INFO] BoardInfo:879 - No configuration file found for board STEVAL-BFA001V2B
2023-03-18 20:56:45,919 [INFO] DbBoards:156 - Kit is not supported: STEVAL-BFA001V2B
2023-03-18 20:56:45,928 [INFO] BoardInfo:879 - No configuration file found for board STEVAL-PROTEUS1
2023-03-18 20:56:45,928 [INFO] DbBoards:156 - Board is not supported: STEVAL-PROTEUS1
2023-03-18 20:56:46,092 [INFO] DbBoards:160 - Found 178 boards, 174 are supported
2023-03-18 20:56:46,105 [INFO] ApiDb:418 - Load user favorites file C:\Users\VeliSacikara/.stm32cubeide/favorites.boards.txt: 0 item(s)
2023-03-18 20:56:46,105 [INFO] ApiDb:422 - User favorites Boards=[]
2023-03-18 20:56:46,106 [INFO] DbBoards:189 - Set 0 / 0 favorites Boards
2023-03-18 20:56:51,888 [ERROR] LogOutputStream:74 - [STDERR_REDIRECT] SLF4J: Failed to load class "org.slf4j.impl.StaticLoggerBinder".
2023-03-18 20:56:51,889 [ERROR] LogOutputStream:74 - [STDERR_REDIRECT] SLF4J: Defaulting to no-operation (NOP) logger implementation
2023-03-18 20:56:51,893 [ERROR] LogOutputStream:74 - [STDERR_REDIRECT] SLF4J: See http://www.slf4j.org/codes.html#StaticLoggerBinder for further details.
2023-03-18 20:57:33,866 [INFO] MainUpdater:2768 - connection check result : 10
2023-03-18 20:57:33,867 [INFO] MainUpdater:2768 - connection check result : 10
2023-03-18 20:57:33,893 [INFO] MicroXplorer:451 - Change Database Path : 
2023-03-18 20:57:33,894 [INFO] MicroXplorer:481 - Change Database Version : DB.6.0.60
2023-03-18 20:57:33,895 [WARN] ThirdParty:827 - waiting for thirdparty lock release [close project]
2023-03-18 20:57:33,896 [INFO] ThirdParty:829 - entering critical section [close project]
2023-03-18 20:57:33,897 [INFO] ThirdParty:839 - exiting critical section [close project]
2023-03-18 20:57:33,906 [INFO] PinOutPanel:1468 - setPackage(No Configuration,No Configuration)
2023-03-18 20:57:33,917 [INFO] UtilMem:74 - Begin LoadConfig() Used Memory: 361081424 Bytes (442499072)
2023-03-18 20:57:33,920 [INFO] MicroXplorer:451 - Change Database Path : 
2023-03-18 20:57:33,920 [INFO] MicroXplorer:481 - Change Database Version : DB.6.0.60
2023-03-18 20:57:33,921 [INFO] OpenFileManager:307 - Change cursor
2023-03-18 20:57:34,008 [INFO] Mcu:1922 - Initializing MCU STM32F407VGTx STM32F407VGTx 
2023-03-18 20:57:34,009 [INFO] Mcu:1935 - No CPN specified => set CPN to STM32F407VGT6
2023-03-18 20:57:37,153 [INFO] Context:654 - Trying to add GPIOservice into a context  which must be forbidden
2023-03-18 20:57:38,148 [INFO] ImportTextPane:193 - (OptionalMessage_ERROR) Unable to find key (Mcu.ThirdPartyNb) in loaded IOC file
2023-03-18 20:57:38,148 [INFO] ImportTextPane:193 - (OptionalMessage_ERROR) Unable to find key (Mcu.PinsNb) in loaded IOC file
2023-03-18 20:57:38,150 [INFO] ImportTextPane:193 - (OptionalMessage_ERROR) Unable to find key (Mcu.IPNb) in loaded IOC file
2023-03-18 20:57:38,258 [WARN] ApiManager:308 - Cannot register API 'Board Extension:GNSS1A1' from pack STMicroelectronics.X-CUBE-GNSS1.6.0.0: no header file found
2023-03-18 20:57:38,258 [WARN] ApiManager:308 - Cannot register API 'Board Support:Custom' from pack STMicroelectronics.X-CUBE-GNSS1.6.0.0: no header file found
2023-03-18 20:57:38,259 [WARN] ApiManager:308 - Cannot register API 'Data Exchange:lib_gnss' from pack STMicroelectronics.X-CUBE-GNSS1.6.0.0: no header file found
2023-03-18 20:57:38,516 [WARN] ApiManager:308 - Cannot register API 'Board Extension:IKS01A3' from pack STMicroelectronics.X-CUBE-MEMS1.9.4.0: no header file found
2023-03-18 20:57:38,516 [WARN] ApiManager:308 - Cannot register API 'Board Extension:IKS01A2' from pack STMicroelectronics.X-CUBE-MEMS1.9.4.0: no header file found
2023-03-18 20:57:38,516 [WARN] ApiManager:308 - Cannot register API 'Board Extension:IKS02A1' from pack STMicroelectronics.X-CUBE-MEMS1.9.4.0: no header file found
2023-03-18 20:57:38,533 [WARN] ApiManager:308 - Cannot register API 'Wireless:BlueNRG-MS' from pack STMicroelectronics.X-CUBE-BLE1.6.2.3: no header file found
2023-03-18 20:57:38,534 [WARN] ApiManager:308 - Cannot register API 'Wireless:BlueNRG-MS' from pack STMicroelectronics.X-CUBE-BLE1.6.2.4: no header file found
2023-03-18 20:57:38,539 [INFO] RtosManager:488 - Registered RTOS mode: class=CMSIS, group=RTOS, mode=CMSIS_V1, owner=FREERTOS
2023-03-18 20:57:38,539 [INFO] RtosManager:488 - Registered RTOS mode: class=CMSIS, group=RTOS2, mode=CMSIS_V2, owner=FREERTOS
2023-03-18 20:57:38,540 [INFO] RtosManager:488 - Registered RTOS mode: class=RTOS, group=Core, mode=CMSIS_V1, owner=FREERTOS
2023-03-18 20:57:38,540 [INFO] RtosManager:488 - Registered RTOS mode: class=RTOS, group=Core, mode=CMSIS_V2, owner=FREERTOS
2023-03-18 20:57:38,540 [WARN] ModelIntegratedComponent:185 - Missing modes for component STMicroelectronics:FreeRTOS:0.0.1:STMicroelectronics:RTOS:FreeRTOS:Core:::10.2.0:
2023-03-18 20:57:38,546 [WARN] ApiManager:308 - Cannot register API 'Board Extension:S2868A1' from pack STMicroelectronics.X-CUBE-SUBG2.5.0.0: no header file found
2023-03-18 20:57:38,546 [WARN] ApiManager:308 - Cannot register API 'Board Extension:S2868A2' from pack STMicroelectronics.X-CUBE-SUBG2.5.0.0: no header file found
2023-03-18 20:57:38,546 [WARN] ApiManager:308 - Cannot register API 'Board Extension:S2915A1' from pack STMicroelectronics.X-CUBE-SUBG2.5.0.0: no header file found
2023-03-18 20:57:38,551 [WARN] ApiManager:308 - Cannot register API 'Board Extension:NFC04A1' from pack STMicroelectronics.X-CUBE-NFC4.3.0.0: no header file found
2023-03-18 20:57:38,564 [WARN] ApiManager:308 - Cannot register API 'Board Extension:NFC04A1' from pack STMicroelectronics.X-CUBE-NFC4.2.0.5: no header file found
2023-03-18 20:57:38,565 [WARN] ApiManager:308 - Cannot register API 'Board Extension:NFC04A1' from pack STMicroelectronics.X-CUBE-NFC4.2.0.4: no header file found
2023-03-18 20:57:38,578 [WARN] ModelIntegratedComponent:64 - No mode defined for component null
2023-03-18 20:57:38,578 [WARN] ModelIntegratedComponent:64 - No mode defined for component null
2023-03-18 20:57:38,578 [WARN] ModelIntegratedComponent:64 - No mode defined for component null
2023-03-18 20:57:38,578 [WARN] ModelIntegratedComponent:64 - No mode defined for component null
2023-03-18 20:57:38,578 [WARN] ModelIntegratedComponent:64 - No mode defined for component null
2023-03-18 20:57:38,578 [WARN] ModelIntegratedComponent:64 - No mode defined for component null
2023-03-18 20:57:38,578 [WARN] ModelIntegratedComponent:64 - No mode defined for component null
2023-03-18 20:57:38,578 [WARN] ModelIntegratedComponent:64 - No mode defined for component null
2023-03-18 20:57:38,578 [WARN] ModelIntegratedComponent:64 - No mode defined for component null
2023-03-18 20:57:38,578 [WARN] ModelIntegratedComponent:64 - No mode defined for component null
2023-03-18 20:57:38,578 [WARN] ModelIntegratedComponent:64 - No mode defined for component null
2023-03-18 20:57:38,578 [WARN] ModelIntegratedComponent:64 - No mode defined for component null
2023-03-18 20:57:38,581 [WARN] ModelIntegratedComponent:64 - No mode defined for component null
2023-03-18 20:57:38,581 [WARN] ModelIntegratedComponent:64 - No mode defined for component null
2023-03-18 20:57:38,581 [WARN] ModelIntegratedComponent:64 - No mode defined for component null
2023-03-18 20:57:38,582 [WARN] ModelIntegratedComponent:64 - No mode defined for component null
2023-03-18 20:57:38,582 [WARN] ModelIntegratedComponent:64 - No mode defined for component null
2023-03-18 20:57:38,582 [WARN] ModelIntegratedComponent:64 - No mode defined for component null
2023-03-18 20:57:38,582 [WARN] ModelIntegratedComponent:64 - No mode defined for component null
2023-03-18 20:57:38,582 [WARN] ModelIntegratedComponent:64 - No mode defined for component null
2023-03-18 20:57:38,582 [WARN] ModelIntegratedComponent:64 - No mode defined for component null
2023-03-18 20:57:38,582 [WARN] ModelIntegratedComponent:64 - No mode defined for component null
2023-03-18 20:57:38,583 [WARN] ModelIntegratedComponent:64 - No mode defined for component null
2023-03-18 20:57:38,583 [WARN] ModelIntegratedComponent:64 - No mode defined for component null
2023-03-18 20:57:38,583 [WARN] ModelIntegratedComponent:64 - No mode defined for component null
2023-03-18 20:57:38,583 [WARN] ModelIntegratedComponent:64 - No mode defined for component null
2023-03-18 20:57:38,583 [WARN] ModelIntegratedComponent:64 - No mode defined for component null
2023-03-18 20:57:38,583 [WARN] ModelIntegratedComponent:64 - No mode defined for component null
2023-03-18 20:57:38,583 [WARN] ModelIntegratedComponent:64 - No mode defined for component null
2023-03-18 20:57:38,583 [WARN] ModelIntegratedComponent:64 - No mode defined for component null
2023-03-18 20:57:38,583 [WARN] ModelIntegratedComponent:64 - No mode defined for component null
2023-03-18 20:57:38,583 [WARN] ModelIntegratedComponent:64 - No mode defined for component null
2023-03-18 20:57:38,583 [WARN] ModelIntegratedComponent:64 - No mode defined for component null
2023-03-18 20:57:38,587 [WARN] ApiManager:308 - Cannot register API 'Board Extension:NFC07A1' from pack STMicroelectronics.X-CUBE-NFC7.1.0.0: no header file found
2023-03-18 20:57:38,742 [WARN] ApiManager:308 - Cannot register API 'Board Extension:IKS01A3' from pack STMicroelectronics.X-CUBE-MEMS1.9.3.0: no header file found
2023-03-18 20:57:38,742 [WARN] ApiManager:308 - Cannot register API 'Board Extension:IKS01A2' from pack STMicroelectronics.X-CUBE-MEMS1.9.3.0: no header file found
2023-03-18 20:57:38,742 [WARN] ApiManager:308 - Cannot register API 'Board Extension:IKS02A1' from pack STMicroelectronics.X-CUBE-MEMS1.9.3.0: no header file found
2023-03-18 20:57:38,746 [WARN] ApiManager:308 - Cannot register API 'Board Extension:EEPRMA1' from pack STMicroelectronics.X-CUBE-EEPRMA1.4.1.0: no header file found
2023-03-18 20:57:38,746 [WARN] ApiManager:308 - Cannot register API 'Board Extension:EEPRMA2' from pack STMicroelectronics.X-CUBE-EEPRMA1.4.1.0: no header file found
2023-03-18 20:57:38,746 [WARN] ApiManager:308 - Cannot register API 'Board Extension:PGEEZ1' from pack STMicroelectronics.X-CUBE-EEPRMA1.4.1.0: no header file found
2023-03-18 20:57:38,746 [WARN] ApiManager:308 - Cannot register API 'Board Part:M24' from pack STMicroelectronics.X-CUBE-EEPRMA1.4.1.0: no header file found
2023-03-18 20:57:38,746 [WARN] ApiManager:308 - Cannot register API 'Board Part:M95' from pack STMicroelectronics.X-CUBE-EEPRMA1.4.1.0: no header file found
2023-03-18 20:57:38,746 [WARN] ApiManager:308 - Cannot register API 'Board Part:M95P32' from pack STMicroelectronics.X-CUBE-EEPRMA1.4.1.0: no header file found
2023-03-18 20:57:38,746 [WARN] ApiManager:308 - Cannot register API 'PGEEZ1:SPI' from pack STMicroelectronics.X-CUBE-EEPRMA1.4.1.0: no header file found
2023-03-18 20:57:38,746 [WARN] ApiManager:308 - Cannot register API 'PGEEZ1:QDSPI' from pack STMicroelectronics.X-CUBE-EEPRMA1.4.1.0: no header file found
2023-03-18 20:57:38,861 [WARN] ApiManager:308 - Cannot register API 'Board Extension:IKS01A3' from pack STMicroelectronics.X-CUBE-MEMS1.9.5.0: no header file found
2023-03-18 20:57:38,861 [WARN] ApiManager:308 - Cannot register API 'Board Extension:IKS01A2' from pack STMicroelectronics.X-CUBE-MEMS1.9.5.0: no header file found
2023-03-18 20:57:38,861 [WARN] ApiManager:308 - Cannot register API 'Board Extension:IKS02A1' from pack STMicroelectronics.X-CUBE-MEMS1.9.5.0: no header file found
2023-03-18 20:57:38,871 [WARN] ApiManager:308 - Cannot register API 'Board Extension:EEPRMA1' from pack STMicroelectronics.X-CUBE-EEPRMA1.3.1.1: no header file found
2023-03-18 20:57:38,871 [WARN] ApiManager:308 - Cannot register API 'Board Extension:EEPRMA2' from pack STMicroelectronics.X-CUBE-EEPRMA1.3.1.1: no header file found
2023-03-18 20:57:38,877 [WARN] ApiManager:308 - Cannot register API 'Board Extension:S2868A1' from pack STMicroelectronics.X-CUBE-SFXS2LP1.4.0.0: no header file found
2023-03-18 20:57:38,877 [WARN] ApiManager:308 - Cannot register API 'Board Extension:S2868A2' from pack STMicroelectronics.X-CUBE-SFXS2LP1.4.0.0: no header file found
2023-03-18 20:57:38,877 [WARN] ApiManager:308 - Cannot register API 'Board Extension:S2915A1' from pack STMicroelectronics.X-CUBE-SFXS2LP1.4.0.0: no header file found
2023-03-18 20:57:38,878 [WARN] ApiManager:308 - Cannot register API 'Wireless:BlueNRG-2' from pack STMicroelectronics.X-CUBE-BLE2.3.3.0: no header file found
2023-03-18 20:57:38,895 [INFO] ThirdPartyModel:289 - Start build external matchings
2023-03-18 20:57:40,686 [INFO] ThirdPartyModel:302 - End build external matchings
2023-03-18 20:57:41,173 [INFO] UtilMem:74 - End LoadConfig() Used Memory: 489124456 Bytes (606076928)
2023-03-18 20:57:41,199 [WARN] ThirdParty:789 - waiting for thirdparty lock release [change project]
2023-03-18 20:57:41,199 [INFO] ThirdParty:791 - entering critical section [change project]
2023-03-18 20:57:41,199 [INFO] ThirdParty:981 - CMSIS Pack Vendor :STMicroelectronics X-CUBE-ISPU 1.1.0
2023-03-18 20:57:41,200 [INFO] ThirdParty:981 - CMSIS Pack Vendor :RoweBots I-CUBE-UNISONRTOS 5.5.0-4
2023-03-18 20:57:41,200 [INFO] ThirdParty:981 - CMSIS Pack Vendor :STMicroelectronics X-CUBE-GNSS1 6.0.0
2023-03-18 20:57:41,200 [INFO] ThirdParty:981 - CMSIS Pack Vendor :STMicroelectronics X-CUBE-AZRTOS-H7 2.1.0
2023-03-18 20:57:41,200 [INFO] ThirdParty:981 - CMSIS Pack Vendor :STMicroelectronics USB_HOST 2.0.0
2023-03-18 20:57:41,201 [INFO] ThirdParty:981 - CMSIS Pack Vendor :STMicroelectronics X-CUBE-AZRTOS-F4 1.1.0
2023-03-18 20:57:41,201 [INFO] ThirdParty:981 - CMSIS Pack Vendor :STMicroelectronics LIBJPEG 8.0.0
2023-03-18 20:57:41,201 [INFO] ThirdParty:981 - CMSIS Pack Vendor :STMicroelectronics USB_DEVICE 3.0.0
2023-03-18 20:57:41,201 [INFO] ThirdParty:981 - CMSIS Pack Vendor :STMicroelectronics X-CUBE-AI 8.0.0
2023-03-18 20:57:41,201 [INFO] ThirdParty:981 - CMSIS Pack Vendor :STMicroelectronics X-CUBE-FREERTOS 1.0.0
2023-03-18 20:57:41,201 [INFO] ThirdParty:981 - CMSIS Pack Vendor :STMicroelectronics X-CUBE-TOUCHGFX 4.21.1
2023-03-18 20:57:41,201 [INFO] ThirdParty:981 - CMSIS Pack Vendor :STMicroelectronics X-CUBE-TOUCHGFX 4.21.0
2023-03-18 20:57:41,201 [INFO] ThirdParty:981 - CMSIS Pack Vendor :STMicroelectronics X-CUBE-BLEMGR 1.0.0
2023-03-18 20:57:41,202 [INFO] ThirdParty:981 - CMSIS Pack Vendor :STMicroelectronics X-CUBE-AZRTOS-F7 1.1.0
2023-03-18 20:57:41,202 [INFO] ThirdParty:981 - CMSIS Pack Vendor :STMicroelectronics X-CUBE-MEMS1 9.4.0
2023-03-18 20:57:41,202 [INFO] ThirdParty:981 - CMSIS Pack Vendor :STMicroelectronics USB_DEVICE 2.0.0
2023-03-18 20:57:41,202 [INFO] ThirdParty:981 - CMSIS Pack Vendor :STMicroelectronics X-CUBE-AI 7.3.0
2023-03-18 20:57:41,202 [INFO] ThirdParty:981 - CMSIS Pack Vendor :STMicroelectronics X-CUBE-BLE1 6.2.3
2023-03-18 20:57:41,203 [INFO] ThirdParty:981 - CMSIS Pack Vendor :STMicroelectronics X-CUBE-ALGOBUILD 1.3.0
2023-03-18 20:57:41,203 [INFO] ThirdParty:981 - CMSIS Pack Vendor :STMicroelectronics X-CUBE-BLE1 6.2.4
2023-03-18 20:57:41,203 [INFO] ThirdParty:981 - CMSIS Pack Vendor :STMicroelectronics X-CUBE-AZRTOS-L5 1.1.0
2023-03-18 20:57:41,204 [INFO] ThirdParty:981 - CMSIS Pack Vendor :STMicroelectronics FreeRTOS 0.0.1
2023-03-18 20:57:41,204 [INFO] ThirdParty:981 - CMSIS Pack Vendor :STMicroelectronics X-CUBE-AZRTOS-G0 1.1.0
2023-03-18 20:57:41,204 [INFO] ThirdParty:981 - CMSIS Pack Vendor :STMicroelectronics X-CUBE-BLEMGR 2.0.0
2023-03-18 20:57:41,204 [INFO] ThirdParty:981 - CMSIS Pack Vendor :STMicroelectronics X-CUBE-SUBG2 5.0.0
2023-03-18 20:57:41,205 [INFO] ThirdParty:981 - CMSIS Pack Vendor :STMicroelectronics X-CUBE-NFC4 3.0.0
2023-03-18 20:57:41,205 [INFO] ThirdParty:981 - CMSIS Pack Vendor :SEGGER I-CUBE-embOS 1.2.0
2023-03-18 20:57:41,205 [INFO] ThirdParty:981 - CMSIS Pack Vendor :STMicroelectronics STM32_WPAN 1.0.0
2023-03-18 20:57:41,205 [INFO] ThirdParty:981 - CMSIS Pack Vendor :STMicroelectronics lwIP 2.0.3
2023-03-18 20:57:41,205 [INFO] ThirdParty:981 - CMSIS Pack Vendor :STMicroelectronics X-CUBE-NFC4 2.0.5
2023-03-18 20:57:41,205 [INFO] ThirdParty:981 - CMSIS Pack Vendor :STMicroelectronics X-CUBE-NFC4 2.0.4
2023-03-18 20:57:41,205 [INFO] ThirdParty:981 - CMSIS Pack Vendor :STMicroelectronics USB_HOST 1.0.0
2023-03-18 20:57:41,206 [INFO] ThirdParty:981 - CMSIS Pack Vendor :STMicroelectronics PDM2PCM 3.1.0
2023-03-18 20:57:41,206 [INFO] ThirdParty:981 - CMSIS Pack Vendor :STMicroelectronics FP-ATR-ASTRA1 1.1.1
2023-03-18 20:57:41,206 [INFO] ThirdParty:981 - CMSIS Pack Vendor :STMicroelectronics PDM2PCM 3.3.0
2023-03-18 20:57:41,206 [INFO] ThirdParty:981 - CMSIS Pack Vendor :STMicroelectronics X-CUBE-TOF1 3.1.0
2023-03-18 20:57:41,206 [INFO] ThirdParty:981 - CMSIS Pack Vendor :STMicroelectronics X-CUBE-DISPLAY 3.0.0
2023-03-18 20:57:41,206 [INFO] ThirdParty:981 - CMSIS Pack Vendor :STMicroelectronics X-CUBE-BLEMGR 1.3.0
2023-03-18 20:57:41,206 [INFO] ThirdParty:981 - CMSIS Pack Vendor :STMicroelectronics X-CUBE-AZRTOS-G4 1.0.0
2023-03-18 20:57:41,206 [INFO] ThirdParty:981 - CMSIS Pack Vendor :STMicroelectronics FP-ATR-SIGFOX1 3.2.0
2023-03-18 20:57:41,206 [INFO] ThirdParty:981 - CMSIS Pack Vendor :STMicroelectronics X-CUBE-AZRTOS-L4 1.0.0
2023-03-18 20:57:41,206 [INFO] ThirdParty:981 - CMSIS Pack Vendor :wolfSSL I-CUBE-wolfSSL 5.5.0
2023-03-18 20:57:41,206 [INFO] ThirdParty:981 - CMSIS Pack Vendor :STMicroelectronics HAL Drivers 0.0.0
2023-03-18 20:57:41,208 [INFO] ThirdParty:981 - CMSIS Pack Vendor :STMicroelectronics MBEDTLS 2.16.2
2023-03-18 20:57:41,208 [INFO] ThirdParty:981 - CMSIS Pack Vendor :emotas I-CUBE-CANOPEN 1.1.2
2023-03-18 20:57:41,208 [INFO] ThirdParty:981 - CMSIS Pack Vendor :STMicroelectronics X-CUBE-TOUCHGFX 4.20.0
2023-03-18 20:57:41,208 [INFO] ThirdParty:981 - CMSIS Pack Vendor :STMicroelectronics MBEDTLS 2.14.1
2023-03-18 20:57:41,208 [INFO] ThirdParty:981 - CMSIS Pack Vendor :STMicroelectronics X-CUBE-NFC7 1.0.0
2023-03-18 20:57:41,208 [INFO] ThirdParty:981 - CMSIS Pack Vendor :STMicroelectronics X-CUBE-AZRTOS-WL 1.0.0
2023-03-18 20:57:41,208 [INFO] ThirdParty:981 - CMSIS Pack Vendor :STMicroelectronics X-CUBE-MEMS1 9.3.0
2023-03-18 20:57:41,209 [INFO] ThirdParty:981 - CMSIS Pack Vendor :STMicroelectronics X-CUBE-EEPRMA1 4.1.0
2023-03-18 20:57:41,209 [INFO] ThirdParty:981 - CMSIS Pack Vendor :portGmbH I-Cube-SoM-uGOAL 1.1.0
2023-03-18 20:57:41,209 [INFO] ThirdParty:981 - CMSIS Pack Vendor :STMicroelectronics X-CUBE-ALS 1.0.1
2023-03-18 20:57:41,209 [INFO] ThirdParty:981 - CMSIS Pack Vendor :STMicroelectronics X-CUBE-AI 7.2.0
2023-03-18 20:57:41,209 [INFO] ThirdParty:981 - CMSIS Pack Vendor :STMicroelectronics X-CUBE-MEMS1 9.5.0
2023-03-18 20:57:41,209 [INFO] ThirdParty:981 - CMSIS Pack Vendor :STMicroelectronics ThreadX 1.0.0
2023-03-18 20:57:41,209 [INFO] ThirdParty:981 - CMSIS Pack Vendor :STMicroelectronics X-CUBE-AZRTOS-WB 1.1.0
2023-03-18 20:57:41,209 [INFO] ThirdParty:981 - CMSIS Pack Vendor :SEGGER I-CUBE-embOS 1.3.1
2023-03-18 20:57:41,209 [INFO] ThirdParty:981 - CMSIS Pack Vendor :STMicroelectronics X-CUBE-AZRTOS-L5 1.0.0
2023-03-18 20:57:41,209 [INFO] ThirdParty:981 - CMSIS Pack Vendor :STMicroelectronics USB_DEVICE 1.0.0
2023-03-18 20:57:41,209 [INFO] ThirdParty:981 - CMSIS Pack Vendor :STMicroelectronics X-CUBE-EEPRMA1 3.1.1
2023-03-18 20:57:41,210 [INFO] ThirdParty:981 - CMSIS Pack Vendor :STMicroelectronics ThreadX 0.0.2
2023-03-18 20:57:41,210 [INFO] ThirdParty:981 - CMSIS Pack Vendor :WES I-CUBE-Cesium 1.3.0
2023-03-18 20:57:41,210 [INFO] ThirdParty:981 - CMSIS Pack Vendor :STMicroelectronics lwIP 2.1.2
2023-03-18 20:57:41,210 [INFO] ThirdParty:981 - CMSIS Pack Vendor :STMicroelectronics X-CUBE-SFXS2LP1 4.0.0
2023-03-18 20:57:41,210 [INFO] ThirdParty:981 - CMSIS Pack Vendor :STMicroelectronics X-CUBE-BLE2 3.3.0
2023-03-18 20:57:41,210 [INFO] ThirdParty:981 - CMSIS Pack Vendor :STMicroelectronics X-CUBE-DISPLAY 2.2.0
2023-03-18 20:57:41,210 [INFO] ThirdParty:981 - CMSIS Pack Vendor :STMicroelectronics X-CUBE-TOF1 3.2.0
2023-03-18 20:57:41,210 [INFO] ThirdParty:981 - CMSIS Pack Vendor :STMicroelectronics PDM2PCM 3.2.0
2023-03-18 20:57:41,211 [INFO] ThirdParty:981 - CMSIS Pack Vendor :STMicroelectronics X-CUBE-AZRTOS-H7 3.0.0
2023-03-18 20:57:41,211 [INFO] ThirdParty:981 - CMSIS Pack Vendor :STMicroelectronics X-CUBE-ISPU 1.0.0
2023-03-18 20:57:41,211 [INFO] ThirdParty:797 - exiting critical section [change project]
2023-03-18 20:57:41,933 [INFO] PinOutPanel:1468 - setPackage(No Configuration,No Configuration)
2023-03-18 20:57:41,936 [INFO] PinOutPanel:1468 - setPackage(STM32F407VGTx,LQFP100)
2023-03-18 20:57:42,949 [INFO] UtilMem:74 - Before build in PCC Used Memory: 408326104 Bytes (606076928)
2023-03-18 20:57:44,026 [INFO] UtilMem:74 - After build in PCC Used Memory: 513908288 Bytes (606076928)
2023-03-18 20:57:44,112 [INFO] IPUIPlugin:79 - create IPUIPlugin
2023-03-18 20:57:44,112 [INFO] IPUIPlugin:79 - create IPUIPlugin
2023-03-18 20:57:44,112 [INFO] IPUIPlugin:79 - create IPUIPlugin
2023-03-18 20:57:44,112 [INFO] IPUIPlugin:79 - create IPUIPlugin
2023-03-18 20:57:44,112 [INFO] IPUIPlugin:79 - create IPUIPlugin
2023-03-18 20:57:44,112 [INFO] IPUIPlugin:79 - create IPUIPlugin
2023-03-18 20:57:44,112 [INFO] IPUIPlugin:79 - create IPUIPlugin
2023-03-18 20:57:44,112 [INFO] IPUIPlugin:79 - create IPUIPlugin
2023-03-18 20:57:44,112 [INFO] IPUIPlugin:79 - create IPUIPlugin
2023-03-18 20:57:44,112 [INFO] IPUIPlugin:79 - create IPUIPlugin
2023-03-18 20:57:44,112 [INFO] IPUIPlugin:79 - create IPUIPlugin
2023-03-18 20:57:44,112 [INFO] IPUIPlugin:79 - create IPUIPlugin
2023-03-18 20:57:44,112 [INFO] IPUIPlugin:79 - create IPUIPlugin
2023-03-18 20:57:44,120 [INFO] IPUIPlugin:79 - create IPUIPlugin
2023-03-18 20:57:44,120 [INFO] IPUIPlugin:79 - create IPUIPlugin
2023-03-18 20:57:44,120 [INFO] IPUIPlugin:79 - create IPUIPlugin
2023-03-18 20:57:44,120 [INFO] IPUIPlugin:79 - create IPUIPlugin
2023-03-18 20:57:44,120 [INFO] IPUIPlugin:79 - create IPUIPlugin
2023-03-18 20:57:44,120 [INFO] IPUIPlugin:79 - create IPUIPlugin
2023-03-18 20:57:44,120 [INFO] IPUIPlugin:79 - create IPUIPlugin
2023-03-18 20:57:44,120 [INFO] IPUIPlugin:79 - create IPUIPlugin
2023-03-18 20:57:44,120 [INFO] IPUIPlugin:79 - create IPUIPlugin
2023-03-18 20:57:44,120 [INFO] IPUIPlugin:79 - create IPUIPlugin
2023-03-18 20:57:44,120 [INFO] IPUIPlugin:79 - create IPUIPlugin
2023-03-18 20:57:44,120 [INFO] IPUIPlugin:79 - create IPUIPlugin
2023-03-18 20:57:44,120 [INFO] IPUIPlugin:79 - create IPUIPlugin
2023-03-18 20:57:44,128 [INFO] IPUIPlugin:79 - create IPUIPlugin
2023-03-18 20:57:44,128 [INFO] IPUIPlugin:79 - create IPUIPlugin
2023-03-18 20:57:44,128 [INFO] IPUIPlugin:79 - create IPUIPlugin
2023-03-18 20:57:44,128 [INFO] IPUIPlugin:79 - create IPUIPlugin
2023-03-18 20:57:44,128 [INFO] IPUIPlugin:79 - create IPUIPlugin
2023-03-18 20:57:44,128 [INFO] IPUIPlugin:79 - create IPUIPlugin
2023-03-18 20:57:44,128 [INFO] IPUIPlugin:79 - create IPUIPlugin
2023-03-18 20:57:44,128 [INFO] IPUIPlugin:79 - create IPUIPlugin
2023-03-18 20:57:44,128 [INFO] IPUIPlugin:79 - create IPUIPlugin
2023-03-18 20:57:44,128 [INFO] IPUIPlugin:79 - create IPUIPlugin
2023-03-18 20:57:44,128 [INFO] IPUIPlugin:79 - create IPUIPlugin
2023-03-18 20:57:44,128 [INFO] IPUIPlugin:79 - create IPUIPlugin
2023-03-18 20:57:44,135 [INFO] IPUIPlugin:79 - create IPUIPlugin
2023-03-18 20:57:44,136 [INFO] IPUIPlugin:79 - create IPUIPlugin
2023-03-18 20:57:44,137 [INFO] IPUIPlugin:79 - create IPUIPlugin
2023-03-18 20:57:44,137 [INFO] IPUIPlugin:79 - create IPUIPlugin
2023-03-18 20:57:44,138 [INFO] IPUIPlugin:79 - create IPUIPlugin
2023-03-18 20:57:44,138 [INFO] IPUIPlugin:79 - create IPUIPlugin
2023-03-18 20:57:44,138 [INFO] IPUIPlugin:79 - create IPUIPlugin
2023-03-18 20:57:44,138 [INFO] IPUIPlugin:79 - create IPUIPlugin
2023-03-18 20:57:44,138 [INFO] IPUIPlugin:79 - create IPUIPlugin
2023-03-18 20:57:44,141 [INFO] IPUIPlugin:79 - create IPUIPlugin
2023-03-18 20:57:44,141 [INFO] IPUIPlugin:79 - create IPUIPlugin
2023-03-18 20:57:44,142 [INFO] IPUIPlugin:79 - create IPUIPlugin
2023-03-18 20:57:44,142 [INFO] IPUIPlugin:79 - create IPUIPlugin
2023-03-18 20:57:44,142 [INFO] IPUIPlugin:79 - create IPUIPlugin
2023-03-18 20:57:44,142 [INFO] IPUIPlugin:79 - create IPUIPlugin
2023-03-18 20:57:44,142 [INFO] IPUIPlugin:79 - create IPUIPlugin
2023-03-18 20:57:44,147 [INFO] IPUIPlugin:79 - create IPUIPlugin
2023-03-18 20:57:44,148 [INFO] IPUIPlugin:79 - create IPUIPlugin
2023-03-18 20:57:44,149 [INFO] IPUIPlugin:79 - create IPUIPlugin
2023-03-18 20:57:44,149 [INFO] IPUIPlugin:79 - create IPUIPlugin
2023-03-18 20:57:44,253 [INFO] ApiDbMcu:505 - Load IP Config File for PDM2PCM
2023-03-18 20:57:44,656 [INFO] OpenFileManager:327 - Restore cursor
2023-03-18 20:57:45,682 [INFO] UtilMem:74 - End SaveConfig() Used Memory: 476912432 Bytes (606076928)
2023-03-18 20:57:45,780 [INFO] UtilMem:74 - End SaveConfig() Used Memory: 506794192 Bytes (606076928)
2023-03-18 20:57:46,708 [INFO] BlockDiagram:2753 - set Specific Code input for plugin: RCC
2023-03-18 20:57:46,709 [INFO] BlockDiagram:2753 - set Specific Code input for plugin: NVIC
2023-03-18 20:57:46,719 [INFO] CodeGenerator:690 - code generatio: config db path: C:\ST\STM32CubeIDE_1.10.1\STM32CubeIDE\plugins\com.st.stm32cube.common.mx_6.6.1.202207061420\\db\
2023-03-18 20:57:47,297 [INFO] CodeEngine:245 - oldGeneratedFile, C:\Users\VeliSacikara\Documents\STM32_Projeler\007_4_hal_USAR_tx_rx\007_4_hal_USART_tx_rx\MXTmpFiles\license.tmp_save
2023-03-18 20:57:47,967 [INFO] CodeEngine:269 - Generated code: C:\Users\VeliSacikara\Documents\STM32_Projeler\007_4_hal_USAR_tx_rx\007_4_hal_USART_tx_rx\MXTmpFiles\license.tmp
2023-03-18 20:57:47,991 [INFO] CodeEngine:245 - oldGeneratedFile, C:\Users\VeliSacikara\Documents\STM32_Projeler\007_4_hal_USAR_tx_rx\007_4_hal_USART_tx_rx\Core\Src\stm32f4xx_it.c_save
2023-03-18 20:57:48,234 [INFO] CodeEngine:269 - Generated code: C:\Users\VeliSacikara\Documents\STM32_Projeler\007_4_hal_USAR_tx_rx\007_4_hal_USART_tx_rx\Core\Src\stm32f4xx_it.c
2023-03-18 20:57:48,242 [INFO] CodeEngine:245 - oldGeneratedFile, C:\Users\VeliSacikara\Documents\STM32_Projeler\007_4_hal_USAR_tx_rx\007_4_hal_USART_tx_rx\Core\Inc\stm32f4xx_it.h_save
2023-03-18 20:57:48,383 [INFO] CodeEngine:269 - Generated code: C:\Users\VeliSacikara\Documents\STM32_Projeler\007_4_hal_USAR_tx_rx\007_4_hal_USART_tx_rx\Core\Inc\stm32f4xx_it.h
2023-03-18 20:57:48,502 [INFO] CodeEngine:245 - oldGeneratedFile, C:\Users\VeliSacikara\Documents\STM32_Projeler\007_4_hal_USAR_tx_rx\007_4_hal_USART_tx_rx\Core\Src\stm32f4xx_hal_msp.c_save
2023-03-18 20:57:48,752 [INFO] CodeEngine:269 - Generated code: C:\Users\VeliSacikara\Documents\STM32_Projeler\007_4_hal_USAR_tx_rx\007_4_hal_USART_tx_rx\Core\Src\stm32f4xx_hal_msp.c
2023-03-18 20:57:48,760 [INFO] CodeEngine:245 - oldGeneratedFile, C:\Users\VeliSacikara\Documents\STM32_Projeler\007_4_hal_USAR_tx_rx\007_4_hal_USART_tx_rx\MXTmpFiles\system.tmp_save
2023-03-18 20:57:48,880 [INFO] CodeEngine:269 - Generated code: C:\Users\VeliSacikara\Documents\STM32_Projeler\007_4_hal_USAR_tx_rx\007_4_hal_USART_tx_rx\MXTmpFiles\system.tmp
2023-03-18 20:57:48,897 [INFO] CodeEngine:245 - oldGeneratedFile, C:\Users\VeliSacikara\Documents\STM32_Projeler\007_4_hal_USAR_tx_rx\007_4_hal_USART_tx_rx\Core\Inc\stm32f4xx_hal_conf.h_save
2023-03-18 20:57:49,197 [INFO] CodeEngine:269 - Generated code: C:\Users\VeliSacikara\Documents\STM32_Projeler\007_4_hal_USAR_tx_rx\007_4_hal_USART_tx_rx\Core\Inc\stm32f4xx_hal_conf.h
2023-03-18 20:57:49,327 [INFO] CodeEngine:245 - oldGeneratedFile, C:\Users\VeliSacikara\Documents\STM32_Projeler\007_4_hal_USAR_tx_rx\007_4_hal_USART_tx_rx\Core\Inc\main.h_save
2023-03-18 20:57:49,560 [INFO] CodeEngine:269 - Generated code: C:\Users\VeliSacikara\Documents\STM32_Projeler\007_4_hal_USAR_tx_rx\007_4_hal_USART_tx_rx\Core\Inc\main.h
2023-03-18 20:57:49,567 [INFO] CodeEngine:245 - oldGeneratedFile, C:\Users\VeliSacikara\Documents\STM32_Projeler\007_4_hal_USAR_tx_rx\007_4_hal_USART_tx_rx\Core\Src\main.c_save
2023-03-18 20:57:49,910 [INFO] CodeEngine:269 - Generated code: C:\Users\VeliSacikara\Documents\STM32_Projeler\007_4_hal_USAR_tx_rx\007_4_hal_USART_tx_rx\Core\Src\main.c
2023-03-18 20:57:51,400 [INFO] ProjectBuilder:2919 - Time for Copy HAL[1] : 371mS.
2023-03-18 20:57:51,456 [INFO] ProjectBuilder:4117 - Project Generator version: 3.17.1
2023-03-18 20:57:52,064 [INFO] ConfigFileManager:1394 - The Die is : DIE413
2023-03-18 20:57:52,082 [INFO] ApiDbMcu:505 - Load IP Config File for FATFS
2023-03-18 20:57:52,256 [INFO] ApiDbMcu:505 - Load IP Config File for FREERTOS
2023-03-18 20:57:52,260 [INFO] ApiDbMcu:505 - Load IP Config File for LIBJPEG
2023-03-18 20:57:52,345 [INFO] ApiDbMcu:505 - Load IP Config File for LWIP
2023-03-18 20:57:52,388 [INFO] ApiDbMcu:505 - Load IP Config File for MBEDTLS
2023-03-18 20:57:52,434 [INFO] ApiDbMcu:505 - Load IP Config File for USB_DEVICE
2023-03-18 20:57:52,445 [INFO] ApiDbMcu:505 - Load IP Config File for USB_HOST
2023-03-18 20:57:56,882 [INFO] ProjectBuilder:4285 - Time for Generating toolchain IDE Files: 5426mS.
2023-03-18 20:57:56,883 [INFO] ProjectBuilder:2790 - Time for Copy CMSIS : 1mS.
2023-03-18 20:57:56,886 [INFO] ProjectBuilder:2790 - Time for Copy CMSIS : 0mS.
2023-03-18 20:57:58,086 [INFO] McuFinderGlobals:57 - Set McuFinderConnectedMode to true
2023-03-18 20:57:58,094 [INFO] ApiDb:443 - Save user favorites file C:\Users\VeliSacikara/.stm32cubeide/favorites.mcus.txt: 0 item(s)
2023-03-18 20:57:58,094 [INFO] ApiDb:447 - User favorites MCUs=[]
2023-03-18 20:58:46,518 [INFO] NvicIntPanel:100 - NVIC parent = com.st.microxplorer.plugins.ip.nvic.MultiNvicIntPanel[,0,0,0x0,invalid,layout=javax.swing.BoxLayout,alignmentX=0.0,alignmentY=0.0,border=,flags=9,maximumSize=,minimumSize=,preferredSize=]
2023-03-18 21:01:29,103 [INFO] UtilMem:74 - End SaveConfig() Used Memory: 765385128 Bytes (1070596096)
2023-03-18 21:01:33,112 [INFO] UtilMem:74 - End SaveConfig() Used Memory: 943058168 Bytes (1070596096)
2023-03-18 21:01:33,725 [INFO] BlockDiagram:2753 - set Specific Code input for plugin: RCC
2023-03-18 21:01:33,726 [INFO] BlockDiagram:2753 - set Specific Code input for plugin: NVIC
2023-03-18 21:01:33,726 [INFO] BlockDiagram:2753 - set Specific Code input for plugin: USART
2023-03-18 21:01:33,727 [INFO] BlockDiagram:2753 - set Specific Code input for plugin: GPIO
2023-03-18 21:01:33,729 [INFO] CodeGenerator:690 - code generatio: config db path: C:\ST\STM32CubeIDE_1.10.1\STM32CubeIDE\plugins\com.st.stm32cube.common.mx_6.6.1.202207061420\\db\
2023-03-18 21:01:33,999 [INFO] CodeEngine:245 - oldGeneratedFile, C:\Users\VeliSacikara\Documents\STM32_Projeler\007_4_hal_USAR_tx_rx\007_4_hal_USART_tx_rx\MXTmpFiles\license.tmp_save
2023-03-18 21:01:34,190 [INFO] CodeEngine:269 - Generated code: C:\Users\VeliSacikara\Documents\STM32_Projeler\007_4_hal_USAR_tx_rx\007_4_hal_USART_tx_rx\MXTmpFiles\license.tmp
2023-03-18 21:01:34,251 [INFO] CodeEngine:245 - oldGeneratedFile, C:\Users\VeliSacikara\Documents\STM32_Projeler\007_4_hal_USAR_tx_rx\007_4_hal_USART_tx_rx\MXTmpFiles\gpio.tmp_save
2023-03-18 21:01:34,464 [INFO] CodeEngine:269 - Generated code: C:\Users\VeliSacikara\Documents\STM32_Projeler\007_4_hal_USAR_tx_rx\007_4_hal_USART_tx_rx\MXTmpFiles\gpio.tmp
2023-03-18 21:01:34,573 [INFO] CodeEngine:245 - oldGeneratedFile, C:\Users\VeliSacikara\Documents\STM32_Projeler\007_4_hal_USAR_tx_rx\007_4_hal_USART_tx_rx\Core\Src\stm32f4xx_it.c_save
2023-03-18 21:01:34,743 [INFO] CodeEngine:269 - Generated code: C:\Users\VeliSacikara\Documents\STM32_Projeler\007_4_hal_USAR_tx_rx\007_4_hal_USART_tx_rx\Core\Src\stm32f4xx_it.c
2023-03-18 21:01:34,754 [INFO] CodeEngine:245 - oldGeneratedFile, C:\Users\VeliSacikara\Documents\STM32_Projeler\007_4_hal_USAR_tx_rx\007_4_hal_USART_tx_rx\Core\Inc\stm32f4xx_it.h_save
2023-03-18 21:01:34,882 [INFO] CodeEngine:269 - Generated code: C:\Users\VeliSacikara\Documents\STM32_Projeler\007_4_hal_USAR_tx_rx\007_4_hal_USART_tx_rx\Core\Inc\stm32f4xx_it.h
2023-03-18 21:01:34,934 [INFO] CodeEngine:245 - oldGeneratedFile, C:\Users\VeliSacikara\Documents\STM32_Projeler\007_4_hal_USAR_tx_rx\007_4_hal_USART_tx_rx\Core\Src\stm32f4xx_hal_msp.c_save
2023-03-18 21:01:35,108 [INFO] CodeEngine:269 - Generated code: C:\Users\VeliSacikara\Documents\STM32_Projeler\007_4_hal_USAR_tx_rx\007_4_hal_USART_tx_rx\Core\Src\stm32f4xx_hal_msp.c
2023-03-18 21:01:35,116 [INFO] CodeEngine:245 - oldGeneratedFile, C:\Users\VeliSacikara\Documents\STM32_Projeler\007_4_hal_USAR_tx_rx\007_4_hal_USART_tx_rx\MXTmpFiles\system.tmp_save
2023-03-18 21:01:35,202 [INFO] CodeEngine:269 - Generated code: C:\Users\VeliSacikara\Documents\STM32_Projeler\007_4_hal_USAR_tx_rx\007_4_hal_USART_tx_rx\MXTmpFiles\system.tmp
2023-03-18 21:01:35,227 [INFO] CodeEngine:245 - oldGeneratedFile, C:\Users\VeliSacikara\Documents\STM32_Projeler\007_4_hal_USAR_tx_rx\007_4_hal_USART_tx_rx\Core\Inc\stm32f4xx_hal_conf.h_save
2023-03-18 21:01:35,362 [INFO] CodeEngine:269 - Generated code: C:\Users\VeliSacikara\Documents\STM32_Projeler\007_4_hal_USAR_tx_rx\007_4_hal_USART_tx_rx\Core\Inc\stm32f4xx_hal_conf.h
2023-03-18 21:01:35,536 [INFO] CodeEngine:245 - oldGeneratedFile, C:\Users\VeliSacikara\Documents\STM32_Projeler\007_4_hal_USAR_tx_rx\007_4_hal_USART_tx_rx\Core\Inc\main.h_save
2023-03-18 21:01:35,635 [INFO] CodeEngine:269 - Generated code: C:\Users\VeliSacikara\Documents\STM32_Projeler\007_4_hal_USAR_tx_rx\007_4_hal_USART_tx_rx\Core\Inc\main.h
2023-03-18 21:01:35,652 [INFO] CodeEngine:245 - oldGeneratedFile, C:\Users\VeliSacikara\Documents\STM32_Projeler\007_4_hal_USAR_tx_rx\007_4_hal_USART_tx_rx\Core\Src\main.c_save
2023-03-18 21:01:35,878 [INFO] CodeEngine:269 - Generated code: C:\Users\VeliSacikara\Documents\STM32_Projeler\007_4_hal_USAR_tx_rx\007_4_hal_USART_tx_rx\Core\Src\main.c
2023-03-18 21:01:37,039 [INFO] ProjectBuilder:2919 - Time for Copy HAL[1] : 382mS.
2023-03-18 21:01:37,045 [INFO] ProjectBuilder:4117 - Project Generator version: 3.17.1
2023-03-18 21:01:37,358 [INFO] ConfigFileManager:1394 - The Die is : DIE413
2023-03-18 21:01:39,634 [INFO] ProjectBuilder:4285 - Time for Generating toolchain IDE Files: 2589mS.
2023-03-18 21:01:39,637 [INFO] ProjectBuilder:2790 - Time for Copy CMSIS : 3mS.
2023-03-18 21:01:39,639 [INFO] ProjectBuilder:2790 - Time for Copy CMSIS : 0mS.
