2023-02-07 19:09:35,561 [INFO] Activator:177 - 


2023-02-07 19:09:35,564 [INFO] Activator:178 - !SESSION log4j initialized
2023-02-07 19:09:39,441 [INFO] McuFinderGlobals:44 - Set McuFinder mode to 2 (CubeIDE integrated)
2023-02-07 19:09:41,757 [INFO] ApplicationProperties:181 - Using Application install path: C:\ST\STM32CubeIDE_1.10.1\STM32CubeIDE\plugins\com.st.stm32cube.common.mx_6.6.1.202207061420
2023-02-07 19:09:41,785 [INFO] DbMcusXml:77 - Set database path to: C:\ST\STM32CubeIDE_1.10.1\STM32CubeIDE\plugins\com.st.stm32cube.common.mx_6.6.1.202207061420\\db\/mcu/
2023-02-07 19:09:41,785 [INFO] ApiDb:269 - Set plugin database path to: C:\ST\STM32CubeIDE_1.10.1\STM32CubeIDE\plugins\com.st.stm32cube.common.mx_6.6.1.202207061420\\db\/plugins/boardmanager/
2023-02-07 19:09:41,788 [WARN] ApiDb:254 - Overriding images path with different value:  => C:\ST\STM32CubeIDE_1.10.1\STM32CubeIDE\plugins\com.st.stm32cube.common.mx_6.6.1.202207061420\\db\/plugins/mcufinder/images/
2023-02-07 19:09:41,816 [INFO] ApiDb:249 - Set database path to: C:\Users\VeliSacikara\.stmcufinder\plugins\mcufinder//mcu/
2023-02-07 19:09:41,818 [INFO] DbMcusAds:124 - Set database path to: C:\Users\VeliSacikara\.stmcufinder\plugins\mcufinder//mcu/
2023-02-07 19:09:41,825 [INFO] CrossReferenceDbSqlite:201 - Set database path to: C:\Users\VeliSacikara\.stmcufinder\plugins\mcufinder//mcu/cs/
2023-02-07 19:09:42,018 [INFO] RulesReader:61 - Compatibility file has been processed (282 Rules)
2023-02-07 19:09:42,264 [INFO] DbMcusXml:77 - Set database path to: C:\ST\STM32CubeIDE_1.10.1\STM32CubeIDE\plugins\com.st.stm32cube.common.mx_6.6.1.202207061420\\db\/mcu/
2023-02-07 19:09:42,265 [INFO] ApiDb:269 - Set plugin database path to: C:\ST\STM32CubeIDE_1.10.1\STM32CubeIDE\plugins\com.st.stm32cube.common.mx_6.6.1.202207061420\\db\/plugins/boardmanager/
2023-02-07 19:09:42,267 [INFO] ApiDb:256 - Set plugin images path to: C:\ST\STM32CubeIDE_1.10.1\STM32CubeIDE\plugins\com.st.stm32cube.common.mx_6.6.1.202207061420\\db\/plugins/mcufinder/images/
2023-02-07 19:09:42,270 [WARN] DbFile:40 - Overriding database path with different value: C:\Users\VeliSacikara\.stmcufinder\plugins\mcufinder/ => C:\Users\VeliSacikara\.stmcufinder\plugins\mcufinder
2023-02-07 19:09:42,271 [INFO] ApiDb:249 - Set database path to: C:\Users\VeliSacikara\.stmcufinder\plugins\mcufinder//mcu/
2023-02-07 19:09:42,271 [WARN] DbFile:40 - Overriding database path with different value: C:\Users\VeliSacikara\.stmcufinder\plugins\mcufinder/ => C:\Users\VeliSacikara\.stmcufinder\plugins\mcufinder
2023-02-07 19:09:42,271 [INFO] DbMcusAds:124 - Set database path to: C:\Users\VeliSacikara\.stmcufinder\plugins\mcufinder//mcu/
2023-02-07 19:09:42,271 [WARN] DbFile:40 - Overriding database path with different value: C:\Users\VeliSacikara\.stmcufinder\plugins\mcufinder/ => C:\Users\VeliSacikara\.stmcufinder\plugins\mcufinder
2023-02-07 19:09:42,271 [WARN] DbFile:40 - Overriding database path with different value: C:\Users\VeliSacikara\.stmcufinder\plugins\mcufinder/ => C:\Users\VeliSacikara\.stmcufinder\plugins\mcufinder
2023-02-07 19:09:42,278 [INFO] CrossReferenceDbSqlite:201 - Set database path to: C:\Users\VeliSacikara\.stmcufinder\plugins\mcufinder//mcu/cs/
2023-02-07 19:09:42,484 [INFO] MainPanel:242 - HeapMemory: 268435456
2023-02-07 19:09:42,646 [INFO] DbMcusXml:77 - Set database path to: C:\ST\STM32CubeIDE_1.10.1\STM32CubeIDE\plugins\com.st.stm32cube.common.mx_6.6.1.202207061420\\db\/mcu/
2023-02-07 19:09:42,647 [INFO] ApiDb:269 - Set plugin database path to: C:\ST\STM32CubeIDE_1.10.1\STM32CubeIDE\plugins\com.st.stm32cube.common.mx_6.6.1.202207061420\\db\/plugins/boardmanager/
2023-02-07 19:09:42,647 [INFO] ApiDb:256 - Set plugin images path to: C:\ST\STM32CubeIDE_1.10.1\STM32CubeIDE\plugins\com.st.stm32cube.common.mx_6.6.1.202207061420\\db\/plugins/mcufinder/images/
2023-02-07 19:09:42,648 [WARN] DbFile:40 - Overriding database path with different value: C:\Users\VeliSacikara\.stmcufinder\plugins\mcufinder/ => C:\Users\VeliSacikara\.stmcufinder\plugins\mcufinder
2023-02-07 19:09:42,648 [INFO] ApiDb:249 - Set database path to: C:\Users\VeliSacikara\.stmcufinder\plugins\mcufinder//mcu/
2023-02-07 19:09:42,649 [WARN] DbFile:40 - Overriding database path with different value: C:\Users\VeliSacikara\.stmcufinder\plugins\mcufinder/ => C:\Users\VeliSacikara\.stmcufinder\plugins\mcufinder
2023-02-07 19:09:42,649 [INFO] DbMcusAds:124 - Set database path to: C:\Users\VeliSacikara\.stmcufinder\plugins\mcufinder//mcu/
2023-02-07 19:09:42,650 [WARN] DbFile:40 - Overriding database path with different value: C:\Users\VeliSacikara\.stmcufinder\plugins\mcufinder/ => C:\Users\VeliSacikara\.stmcufinder\plugins\mcufinder
2023-02-07 19:09:42,650 [WARN] DbFile:40 - Overriding database path with different value: C:\Users\VeliSacikara\.stmcufinder\plugins\mcufinder/ => C:\Users\VeliSacikara\.stmcufinder\plugins\mcufinder
2023-02-07 19:09:42,650 [INFO] CrossReferenceDbSqlite:201 - Set database path to: C:\Users\VeliSacikara\.stmcufinder\plugins\mcufinder//mcu/cs/
2023-02-07 19:09:42,681 [INFO] ApplicationProperties:181 - Using Application install path: C:\ST\STM32CubeIDE_1.10.1\STM32CubeIDE\plugins\com.st.stm32cube.common.mx_6.6.1.202207061420
2023-02-07 19:09:42,683 [INFO] PluginManage:193 - Search for loadable plugins [exclusion list=, ]
2023-02-07 19:09:42,686 [INFO] PluginManage:307 - Check plugin analytics
2023-02-07 19:09:42,991 [INFO] AnalyticsPlugin:262 - Accepted Software Licenses: 
2023-02-07 19:09:42,992 [INFO] AnalyticsPlugin:264 - Accepted CMSIS Pack Licenses: 
2023-02-07 19:09:42,993 [INFO] AnalyticsPlugin:266 - Accepted Firmware Licenses: FW.F4.1.27.0
2023-02-07 19:09:43,006 [INFO] PluginManage:356 - Loaded plugin analytics (category:tool,tabindex:-1)
2023-02-07 19:09:43,007 [INFO] PluginManage:307 - Check plugin cadmodel
2023-02-07 19:09:43,014 [INFO] CADModel:65 - Init CAD model plugin
2023-02-07 19:09:43,016 [INFO] PluginManage:356 - Loaded plugin cadmodel (category:power,tabindex:5)
2023-02-07 19:09:43,016 [INFO] PluginManage:307 - Check plugin clock
2023-02-07 19:09:43,037 [INFO] PluginManage:356 - Loaded plugin clock (category:base,tabindex:2)
2023-02-07 19:09:43,037 [INFO] PluginManage:307 - Check plugin ddr
2023-02-07 19:09:43,042 [INFO] PluginManage:356 - Loaded plugin ddr (category:tool,tabindex:6)
2023-02-07 19:09:43,042 [INFO] PluginManage:307 - Check plugin filemanager
2023-02-07 19:09:43,274 [INFO] PluginManage:356 - Loaded plugin filemanager (category:base,tabindex:10)
2023-02-07 19:09:43,274 [INFO] PluginManage:307 - Check plugin ipmanager
2023-02-07 19:09:43,291 [INFO] PluginManage:356 - Loaded plugin ipmanager (category:base,tabindex:5)
2023-02-07 19:09:43,291 [INFO] PluginManage:307 - Check plugin lpbam
2023-02-07 19:09:43,307 [INFO] PluginManage:356 - Loaded plugin lpbam (category:base,tabindex:0)
2023-02-07 19:09:43,308 [INFO] PluginManage:307 - Check plugin pinoutandconfiguration
2023-02-07 19:09:43,322 [INFO] PluginManage:356 - Loaded plugin pinoutandconfiguration (category:base,tabindex:1)
2023-02-07 19:09:43,323 [INFO] PluginManage:307 - Check plugin pinoutconfig
2023-02-07 19:09:43,372 [INFO] PluginManage:356 - Loaded plugin pinoutconfig (category:base,tabindex:0)
2023-02-07 19:09:43,372 [INFO] PluginManage:307 - Check plugin power
2023-02-07 19:09:43,389 [INFO] PluginManage:356 - Loaded plugin power (category:power,tabindex:4)
2023-02-07 19:09:43,389 [INFO] PluginManage:307 - Check plugin projectmanager
2023-02-07 19:09:43,415 [INFO] PluginManage:356 - Loaded plugin projectmanager (category:projectmanager,tabindex:3)
2023-02-07 19:09:43,416 [INFO] PluginManage:307 - Check plugin thirdparty
2023-02-07 19:09:43,657 [WARN] IntegrityCheckThread:82 - waiting for thirdparty lock release [integrity check]
2023-02-07 19:09:43,658 [INFO] IntegrityCheckThread:84 - entering critical section [integrity check]
2023-02-07 19:09:43,658 [INFO] PluginManage:356 - Loaded plugin thirdparty (category:base,tabindex:-1)
2023-02-07 19:09:43,659 [INFO] PluginManage:307 - Check plugin tools
2023-02-07 19:09:43,661 [INFO] ThirdPartyUpdaterWithRetryManager:70 - Updater plugin not ready yet. [1/15]
2023-02-07 19:09:43,664 [INFO] PluginManage:356 - Loaded plugin tools (category:base,tabindex:7)
2023-02-07 19:09:43,664 [INFO] PluginManage:307 - Check plugin tutovideos
2023-02-07 19:09:44,120 [INFO] PluginManage:356 - Loaded plugin tutovideos (category:base,tabindex:-1)
2023-02-07 19:09:44,120 [INFO] PluginManage:307 - Check plugin updater
2023-02-07 19:09:44,144 [INFO] PluginManage:356 - Loaded plugin updater (category:base,tabindex:12)
2023-02-07 19:09:44,144 [INFO] PluginManage:280 - PluginManage : Loaded plugins [15]
2023-02-07 19:09:44,571 [INFO] PinOutPanel:1468 - setPackage(No Configuration,No Configuration)
2023-02-07 19:09:44,722 [INFO] CADModel:98 - CPN selected for project level
2023-02-07 19:09:44,753 [INFO] IPUIPlugin:79 - create IPUIPlugin
2023-02-07 19:09:44,753 [INFO] PluginManager:217 - loadIPPluginJar : add adc
2023-02-07 19:09:44,765 [INFO] IPUIPlugin:79 - create IPUIPlugin
2023-02-07 19:09:44,765 [INFO] PluginManager:217 - loadIPPluginJar : add aes
2023-02-07 19:09:44,772 [INFO] IPUIPlugin:79 - create IPUIPlugin
2023-02-07 19:09:44,772 [INFO] PluginManager:217 - loadIPPluginJar : add can
2023-02-07 19:09:44,772 [INFO] IPUIPlugin:79 - create IPUIPlugin
2023-02-07 19:09:44,772 [INFO] PluginManager:217 - loadIPPluginJar : add comp
2023-02-07 19:09:44,783 [INFO] IPUIPlugin:79 - create IPUIPlugin
2023-02-07 19:09:44,784 [INFO] PluginManager:217 - loadIPPluginJar : add cryp
2023-02-07 19:09:44,788 [INFO] IPUIPlugin:79 - create IPUIPlugin
2023-02-07 19:09:44,788 [INFO] PluginManager:217 - loadIPPluginJar : add dfsdm
2023-02-07 19:09:44,800 [INFO] IPUIPlugin:79 - create IPUIPlugin
2023-02-07 19:09:44,801 [INFO] PluginManager:217 - loadIPPluginJar : add dma
2023-02-07 19:09:44,803 [INFO] IPUIPlugin:79 - create IPUIPlugin
2023-02-07 19:09:44,803 [INFO] PluginManager:217 - loadIPPluginJar : add dma3
2023-02-07 19:09:44,803 [INFO] IPUIPlugin:79 - create IPUIPlugin
2023-02-07 19:09:44,803 [INFO] PluginManager:217 - loadIPPluginJar : add fatfs
2023-02-07 19:09:44,820 [INFO] IPUIPlugin:79 - create IPUIPlugin
2023-02-07 19:09:44,820 [INFO] PluginManager:217 - loadIPPluginJar : add fmc
2023-02-07 19:09:44,830 [INFO] IPUIPlugin:79 - create IPUIPlugin
2023-02-07 19:09:44,831 [INFO] PluginManager:217 - loadIPPluginJar : add freertos
2023-02-07 19:09:44,834 [INFO] IPUIPlugin:79 - create IPUIPlugin
2023-02-07 19:09:44,834 [INFO] PluginManager:217 - loadIPPluginJar : add genericplugin
2023-02-07 19:09:44,840 [INFO] IPUIPlugin:79 - create IPUIPlugin
2023-02-07 19:09:44,840 [INFO] PluginManager:217 - loadIPPluginJar : add gfxmmu
2023-02-07 19:09:44,851 [INFO] IPUIPlugin:79 - create IPUIPlugin
2023-02-07 19:09:44,851 [INFO] PluginManager:217 - loadIPPluginJar : add gic
2023-02-07 19:09:44,860 [INFO] IPUIPlugin:79 - create IPUIPlugin
2023-02-07 19:09:44,861 [INFO] PluginManager:217 - loadIPPluginJar : add gpio
2023-02-07 19:09:44,868 [INFO] IPUIPlugin:79 - create IPUIPlugin
2023-02-07 19:09:44,869 [INFO] PluginManager:217 - loadIPPluginJar : add gtzc
2023-02-07 19:09:44,872 [INFO] IPUIPlugin:79 - create IPUIPlugin
2023-02-07 19:09:44,874 [INFO] PluginManager:217 - loadIPPluginJar : add hash
2023-02-07 19:09:44,880 [INFO] IPUIPlugin:79 - create IPUIPlugin
2023-02-07 19:09:44,881 [INFO] PluginManager:217 - loadIPPluginJar : add i2c
2023-02-07 19:09:44,886 [INFO] IPUIPlugin:79 - create IPUIPlugin
2023-02-07 19:09:44,887 [INFO] PluginManager:217 - loadIPPluginJar : add i2s
2023-02-07 19:09:44,891 [INFO] IPUIPlugin:79 - create IPUIPlugin
2023-02-07 19:09:44,894 [INFO] PluginManager:217 - loadIPPluginJar : add ipddr
2023-02-07 19:09:44,899 [INFO] IPUIPlugin:79 - create IPUIPlugin
2023-02-07 19:09:44,899 [INFO] PluginManager:217 - loadIPPluginJar : add linkedlist
2023-02-07 19:09:44,909 [INFO] IPUIPlugin:79 - create IPUIPlugin
2023-02-07 19:09:44,909 [INFO] PluginManager:217 - loadIPPluginJar : add lorawan
2023-02-07 19:09:44,912 [INFO] IPUIPlugin:79 - create IPUIPlugin
2023-02-07 19:09:44,913 [INFO] PluginManager:217 - loadIPPluginJar : add ltdc
2023-02-07 19:09:44,923 [INFO] IPUIPlugin:79 - create IPUIPlugin
2023-02-07 19:09:44,923 [INFO] PluginManager:217 - loadIPPluginJar : add mdma
2023-02-07 19:09:44,927 [INFO] IPUIPlugin:79 - create IPUIPlugin
2023-02-07 19:09:44,929 [INFO] PluginManager:217 - loadIPPluginJar : add nvic
2023-02-07 19:09:44,934 [INFO] IPUIPlugin:79 - create IPUIPlugin
2023-02-07 19:09:44,934 [INFO] PluginManager:217 - loadIPPluginJar : add opamp
2023-02-07 19:09:44,943 [INFO] IPUIPlugin:79 - create IPUIPlugin
2023-02-07 19:09:44,943 [INFO] PluginManager:217 - loadIPPluginJar : add openamp
2023-02-07 19:09:44,953 [INFO] IPUIPlugin:79 - create IPUIPlugin
2023-02-07 19:09:44,953 [INFO] PluginManager:217 - loadIPPluginJar : add pdm2pcm
2023-02-07 19:09:44,970 [INFO] IPUIPlugin:79 - create IPUIPlugin
2023-02-07 19:09:44,974 [INFO] PluginManager:217 - loadIPPluginJar : add plateformsettings
2023-02-07 19:09:44,979 [INFO] IPUIPlugin:79 - create IPUIPlugin
2023-02-07 19:09:44,980 [INFO] PluginManager:217 - loadIPPluginJar : add quadspi
2023-02-07 19:09:44,989 [INFO] IPUIPlugin:79 - create IPUIPlugin
2023-02-07 19:09:44,989 [INFO] PluginManager:217 - loadIPPluginJar : add resmgrutility
2023-02-07 19:09:44,996 [INFO] IPUIPlugin:79 - create IPUIPlugin
2023-02-07 19:09:44,997 [INFO] PluginManager:217 - loadIPPluginJar : add sai
2023-02-07 19:09:45,003 [INFO] IPUIPlugin:79 - create IPUIPlugin
2023-02-07 19:09:45,003 [INFO] PluginManager:217 - loadIPPluginJar : add spi
2023-02-07 19:09:45,016 [INFO] IPUIPlugin:79 - create IPUIPlugin
2023-02-07 19:09:45,018 [INFO] PluginManager:217 - loadIPPluginJar : add stm32_wpan
2023-02-07 19:09:45,022 [INFO] IPUIPlugin:79 - create IPUIPlugin
2023-02-07 19:09:45,022 [INFO] PluginManager:217 - loadIPPluginJar : add tim
2023-02-07 19:09:45,027 [INFO] IPUIPlugin:79 - create IPUIPlugin
2023-02-07 19:09:45,030 [INFO] PluginManager:217 - loadIPPluginJar : add touchsensing
2023-02-07 19:09:45,035 [INFO] IPUIPlugin:79 - create IPUIPlugin
2023-02-07 19:09:45,035 [INFO] PluginManager:217 - loadIPPluginJar : add tracer_emb
2023-02-07 19:09:45,035 [INFO] IPUIPlugin:79 - create IPUIPlugin
2023-02-07 19:09:45,041 [INFO] PluginManager:217 - loadIPPluginJar : add ts
2023-02-07 19:09:45,045 [INFO] IPUIPlugin:79 - create IPUIPlugin
2023-02-07 19:09:45,047 [INFO] PluginManager:217 - loadIPPluginJar : add tsc
2023-02-07 19:09:45,053 [INFO] IPUIPlugin:79 - create IPUIPlugin
2023-02-07 19:09:45,054 [INFO] PluginManager:217 - loadIPPluginJar : add ucpd
2023-02-07 19:09:45,058 [INFO] IPUIPlugin:79 - create IPUIPlugin
2023-02-07 19:09:45,059 [INFO] PluginManager:217 - loadIPPluginJar : add usart
2023-02-07 19:09:45,066 [INFO] IPUIPlugin:79 - create IPUIPlugin
2023-02-07 19:09:45,067 [INFO] PluginManager:217 - loadIPPluginJar : add usbx
2023-02-07 19:09:45,951 [FATAL] Updater:301 - Updater called before beeing initialized
2023-02-07 19:09:46,252 [FATAL] Updater:301 - Updater called before beeing initialized
2023-02-07 19:09:46,269 [INFO] DbMcusAds:52 - JSON generation date=Wed Jan 18 17:17:18 TRT 2023 (1674051438939)
2023-02-07 19:09:46,270 [FATAL] Updater:301 - Updater called before beeing initialized
2023-02-07 19:09:46,381 [WARN] DetailPanel:344 - Failed to get advertising image, set to default
2023-02-07 19:09:46,667 [INFO] ThirdPartyUpdaterWithRetryManager:70 - Updater plugin not ready yet. [2/15]
2023-02-07 19:09:46,834 [FATAL] Updater:301 - Updater called before beeing initialized
2023-02-07 19:09:46,859 [FATAL] Updater:301 - Updater called before beeing initialized
2023-02-07 19:09:46,860 [FATAL] Updater:301 - Updater called before beeing initialized
2023-02-07 19:09:46,862 [WARN] DetailPanel:344 - Failed to get advertising image, set to default
2023-02-07 19:09:46,865 [FATAL] Updater:301 - Updater called before beeing initialized
2023-02-07 19:09:47,019 [ERROR] Updater:1105 - MainUpdater not yet initialized. External WinMGr cannot be set.
2023-02-07 19:09:47,026 [INFO] Updater:1041 - Updater Version found : 6.6.1
2023-02-07 19:09:47,125 [INFO] ApplicationProperties:181 - Using Application install path: C:\ST\STM32CubeIDE_1.10.1\STM32CubeIDE\plugins\com.st.stm32cube.common.mx_6.6.1.202207061420
2023-02-07 19:09:47,628 [INFO] MainUpdater:2768 - connection check result : 10
2023-02-07 19:09:47,633 [INFO] MainUpdater:280 - Updater Check For Update Now.
2023-02-07 19:09:47,634 [INFO] MicroXplorer:481 - Change Database Version : DB.6.0.60
2023-02-07 19:09:48,020 [INFO] CheckServerUpdateThread:119 - End of CheckServer Thread
2023-02-07 19:09:48,106 [INFO] MainUpdater:2768 - connection check result : 10
2023-02-07 19:09:48,646 [INFO] McuFinderGlobals:57 - Set McuFinderConnectedMode to true
2023-02-07 19:09:48,673 [INFO] MultiScanPanel:195 - Auto-refresh data requested => check proxy status ongoing
2023-02-07 19:09:48,681 [INFO] FinderPluginLoader:92 - Searching for filters in installed packs
2023-02-07 19:09:48,895 [INFO] ApiDb:576 - Connected to CubeFinder SQLite database (C:\Users\VeliSacikara\.stmcufinder\plugins\mcufinder\mcu\cube-finder-db.db)
2023-02-07 19:09:49,017 [INFO] ApiDb:663 - CubeFinder database Data Model version=2.1
2023-02-07 19:09:49,018 [INFO] ApiDb:664 - CubeFinder database Configuration version=3.0.35
2023-02-07 19:09:49,018 [INFO] ApiDb:665 - CubeFinder database generation date=2023-02-02 (1675320190)
2023-02-07 19:09:49,019 [INFO] ApiDb:666 - CubeFinder database FW Pack versions=[FP-ATR-ASTRA1_V1.1.1, STM32Cube_FW_C0_V1.0.1, STM32Cube_FW_F4_V1.27.1, STM32Cube_FW_F7_V1.17.0, STM32Cube_FW_G0_V1.6.1, STM32Cube_FW_G4_V1.5.0, STM32Cube_FW_H5_V0.5.1, STM32Cube_FW_H7_V1.11.0, STM32Cube_FW_L5_V1.5.0, STM32Cube_FW_U5_V1.1.1, STM32Cube_FW_WBA_V0.2.0, STM32Cube_FW_WB_V1.15.0, STM32Cube_FW_WB_V1.15.0RC1, STM32Cube_FW_WL_V1.3.0, X-CUBE-ALGOBUILD_V1.3.0, X-CUBE-ALS_V1.0.1, X-CUBE-AZRTOS-F4_V1.1.0, X-CUBE-AZRTOS-F7_V1.1.0, X-CUBE-AZRTOS-G0_V1.1.0, X-CUBE-AZRTOS-G4_V1.0.0, X-CUBE-AZRTOS-H7_V3.0.0, X-CUBE-AZRTOS-L4_V1.0.0, X-CUBE-AZRTOS-L5_V1.1.0, X-CUBE-AZRTOS-WB_V1.1.0, X-CUBE-AZRTOS-WL_V1.0.0, X-CUBE-BLE1_V6.2.4, X-CUBE-BLE2_V3.3.0, X-CUBE-BLEMGR_V1.3.0, X-CUBE-EEPRMA1_V4.1.0, X-CUBE-GNSS1_V6.0.0, X-CUBE-MEMS1_V9.1.0, X-CUBE-MEMS1_V9.3.0, X-CUBE-MEMS1_V9.4.0, X-CUBE-NFC4_V3.0.0, X-CUBE-NFC7_V1.0.0, X-CUBE-SFXS2LP1_V4.0.0, X-CUBE-SUBG2_V5.0.0]
2023-02-07 19:09:50,014 [WARN] PackLoader:242 - Cannot read IP mode file for STMicroelectronics.X-CUBE-GNSS1.6.0.0
2023-02-07 19:09:50,093 [WARN] PackLoader:242 - Cannot read IP mode file for STMicroelectronics.X-CUBE-AZRTOS-F4.1.1.0
2023-02-07 19:09:50,158 [WARN] PackLoader:242 - Cannot read IP mode file for STMicroelectronics.X-CUBE-AZRTOS-F7.1.1.0
2023-02-07 19:09:50,176 [WARN] PackLoader:242 - Cannot read IP mode file for STMicroelectronics.X-CUBE-BLE1.6.2.3
2023-02-07 19:09:50,186 [WARN] PackLoader:242 - Cannot read IP mode file for STMicroelectronics.X-CUBE-BLE1.6.2.4
2023-02-07 19:09:50,202 [WARN] PackLoader:242 - Cannot read IP mode file for STMicroelectronics.X-CUBE-NFC4.2.0.5
2023-02-07 19:09:50,215 [WARN] PackLoader:242 - Cannot read IP mode file for STMicroelectronics.X-CUBE-NFC4.2.0.4
2023-02-07 19:09:50,236 [WARN] PackLoader:242 - Cannot read IP mode file for STMicroelectronics.X-CUBE-TOF1.3.1.0
2023-02-07 19:09:50,280 [WARN] PackLoader:242 - Cannot read IP mode file for STMicroelectronics.X-CUBE-DISPLAY.3.0.0
2023-02-07 19:09:50,300 [WARN] PackLoader:242 - Cannot read IP mode file for wolfSSL.I-CUBE-wolfSSL.5.5.0
2023-02-07 19:09:50,310 [WARN] PackLoader:242 - Cannot read IP mode file for STMicroelectronics.X-CUBE-NFC7.1.0.0
2023-02-07 19:09:50,444 [WARN] PackLoader:242 - Cannot read IP mode file for STMicroelectronics.X-CUBE-MEMS1.9.3.0
2023-02-07 19:09:50,788 [WARN] PackLoader:242 - Cannot read IP mode file for STMicroelectronics.X-CUBE-EEPRMA1.4.1.0
2023-02-07 19:09:50,801 [WARN] PackLoader:242 - Cannot read IP mode file for STMicroelectronics.X-CUBE-AI.7.2.0
2023-02-07 19:09:50,811 [WARN] PackLoader:242 - Cannot read IP mode file for STMicroelectronics.X-CUBE-SFXS2LP1.4.0.0
2023-02-07 19:09:50,826 [WARN] PackLoader:242 - Cannot read IP mode file for STMicroelectronics.X-CUBE-BLE2.3.3.0
2023-02-07 19:09:50,836 [WARN] PackLoader:242 - Cannot read IP mode file for STMicroelectronics.X-CUBE-DISPLAY.2.2.0
2023-02-07 19:09:50,854 [WARN] PackLoader:242 - Cannot read IP mode file for STMicroelectronics.X-CUBE-TOF1.3.2.0
2023-02-07 19:09:50,926 [WARN] PackLoader:242 - Cannot read IP mode file for STMicroelectronics.X-CUBE-AZRTOS-H7.3.0.0
2023-02-07 19:09:50,943 [WARN] PackLoader:242 - Cannot read IP mode file for STMicroelectronics.X-CUBE-ISPU.1.0.0
2023-02-07 19:09:50,951 [WARN] PackLoader:242 - Cannot read IP mode file for STMicroelectronics.X-CUBE-ISPU.1.1.0
2023-02-07 19:09:50,971 [WARN] PackLoader:242 - Cannot read IP mode file for RoweBots.I-CUBE-UNISONRTOS.5.5.0-4
2023-02-07 19:09:51,005 [WARN] PackLoader:242 - Cannot read IP mode file for STMicroelectronics.X-CUBE-AZRTOS-H7.2.1.0
2023-02-07 19:09:51,022 [WARN] PackLoader:242 - Cannot read IP mode file for STMicroelectronics.X-CUBE-TOUCHGFX.4.21.1
2023-02-07 19:09:51,025 [WARN] PackLoader:242 - Cannot read IP mode file for STMicroelectronics.X-CUBE-TOUCHGFX.4.21.0
2023-02-07 19:09:51,034 [WARN] PackLoader:242 - Cannot read IP mode file for STMicroelectronics.X-CUBE-BLEMGR.1.0.0
2023-02-07 19:09:51,105 [WARN] PackLoader:242 - Cannot read IP mode file for STMicroelectronics.X-CUBE-MEMS1.9.4.0
2023-02-07 19:09:51,343 [WARN] PackLoader:242 - Cannot read IP mode file for STMicroelectronics.X-CUBE-AI.7.3.0
2023-02-07 19:09:51,354 [WARN] PackLoader:242 - Cannot read IP mode file for STMicroelectronics.X-CUBE-ALGOBUILD.1.3.0
2023-02-07 19:09:51,374 [WARN] PackLoader:242 - Cannot read IP mode file for STMicroelectronics.X-CUBE-AZRTOS-L5.1.1.0
2023-02-07 19:09:51,409 [WARN] PackLoader:242 - Cannot read IP mode file for STMicroelectronics.X-CUBE-AZRTOS-G0.1.1.0
2023-02-07 19:09:51,431 [WARN] PackLoader:242 - Cannot read IP mode file for STMicroelectronics.X-CUBE-SUBG2.5.0.0
2023-02-07 19:09:51,449 [WARN] PackLoader:242 - Cannot read IP mode file for STMicroelectronics.X-CUBE-NFC4.3.0.0
2023-02-07 19:09:51,495 [WARN] PackLoader:242 - Cannot read IP mode file for SEGGER.I-CUBE-embOS.1.2.0
2023-02-07 19:09:51,542 [WARN] PackLoader:242 - Cannot read IP mode file for STMicroelectronics.FP-ATR-ASTRA1.1.1.1
2023-02-07 19:09:51,552 [WARN] PackLoader:242 - Cannot read IP mode file for STMicroelectronics.X-CUBE-BLEMGR.1.3.0
2023-02-07 19:09:51,566 [WARN] PackLoader:242 - Cannot read IP mode file for STMicroelectronics.X-CUBE-AZRTOS-G4.1.0.0
2023-02-07 19:09:51,581 [WARN] PackLoader:242 - Cannot read IP mode file for STMicroelectronics.FP-ATR-SIGFOX1.3.2.0
2023-02-07 19:09:51,618 [WARN] PackLoader:242 - Cannot read IP mode file for STMicroelectronics.X-CUBE-AZRTOS-L4.1.0.0
2023-02-07 19:09:51,634 [WARN] PackLoader:242 - Cannot read IP mode file for emotas.I-CUBE-CANOPEN.1.1.2
2023-02-07 19:09:51,639 [WARN] PackLoader:242 - Cannot read IP mode file for STMicroelectronics.X-CUBE-TOUCHGFX.4.20.0
2023-02-07 19:09:51,654 [WARN] PackLoader:242 - Cannot read IP mode file for STMicroelectronics.X-CUBE-AZRTOS-WL.1.0.0
2023-02-07 19:09:51,663 [WARN] PackLoader:242 - Cannot read IP mode file for portGmbH.I-Cube-SoM-uGOAL.1.1.0
2023-02-07 19:09:51,670 [WARN] PackLoader:242 - Cannot read IP mode file for STMicroelectronics.X-CUBE-ALS.1.0.1
2023-02-07 19:09:51,690 [WARN] PackLoader:242 - Cannot read IP mode file for STMicroelectronics.X-CUBE-AZRTOS-WB.1.1.0
2023-02-07 19:09:51,717 [WARN] PackLoader:242 - Cannot read IP mode file for STMicroelectronics.X-CUBE-AZRTOS-L5.1.0.0
2023-02-07 19:09:51,728 [WARN] PackLoader:242 - Cannot read IP mode file for STMicroelectronics.X-CUBE-EEPRMA1.3.1.1
2023-02-07 19:09:51,731 [INFO] ThirdParty:929 - Integrity check success = true
2023-02-07 19:09:51,731 [INFO] IntegrityCheckThread:98 - exiting critical section [integrity check]
2023-02-07 19:09:51,732 [INFO] IntegrityCheckThread:101 - End integrity checks thread
2023-02-07 19:09:54,025 [INFO] ApiDb:239 - Found 138 in-development CPN: [B-WB1M-WPAN1, NUCLEO-C031C6, STEVAL-STWINBX1, STM320518-EVAL, STM32C0116-DK, STM32C011D6Y3TR, STM32C011D6Y6TR, STM32C011F4P3, STM32C011F4P6, STM32C011F4U3, STM32C011F4U6TR, STM32C011F6P3, STM32C011F6P6, STM32C011F6U3, STM32C011F6U6TR, STM32C011J4M3, STM32C011J4M6, STM32C011J6M3, STM32C011J6M6, STM32C0316-DK, STM32C031C4T3, STM32C031C4T6, STM32C031C4U3, STM32C031C4U6, STM32C031C6T3, STM32C031C6T6, STM32C031C6U3, STM32C031C6U6, STM32C031F4P3, STM32C031F4P6, STM32C031F6P3, STM32C031F6P6, STM32C031G4U3, STM32C031G4U6, STM32C031G6U3, STM32C031G6U6, STM32C031K4T3, STM32C031K4T6, STM32C031K4U3, STM32C031K4U6, STM32C031K6T3, STM32C031K6T6, STM32C031K6U3, STM32C031K6U6, STM32G071K8TXN, STM32G071K8UXN, STM32G081GBU6N, STM32G081KBT6N, STM32G081KBUXN, STM32G0B1CCT6N, STM32G0B1KCT6, STM32G0B1NEY6TR, STM32G0B1RCT6N, STM32G0C1CCT6, STM32G0C1CCT6N, STM32G0C1CCU6N, STM32G0C1CET6N, STM32G0C1CEU6N, STM32G0C1KCT6, STM32G0C1NEY6TR, STM32G0C1RCI6N, STM32G0C1RCT6N, STM32G0C1REI6N, STM32G0C1RET6N, STM32G0C1VCI6, STM32G0C1VEI6, STM32G471CCT6, STM32G471CCU6, STM32G471CET3, STM32G471CET6, STM32G471CEU3, STM32G471CEU6, STM32G471MCT6, STM32G471MET3, STM32G471MET6, STM32G471MEY6TR, STM32G471QCT6, STM32G471QET3, STM32G471RCT6, STM32G471RET3, STM32G471RET6, STM32G471VCH6, STM32G471VCI6, STM32G471VCT6, STM32G471VEH3, STM32G471VEH6, STM32G471VEI3, STM32G471VEI6, STM32G471VET3, STM32G471VET6, STM32G474CCT6, STM32L476VGY6PTR, STM32L4R5QGI6STR, STM32MP131AAE3, STM32MP131AAF3, STM32MP131AAG3, STM32MP131CAE3, STM32MP131CAF3, STM32MP131CAG3, STM32MP131DAE7, STM32MP131DAF7, STM32MP131DAG7, STM32MP131FAE7, STM32MP131FAF7, STM32MP131FAG7, STM32MP133AAE3, STM32MP133AAF3, STM32MP133AAG3, STM32MP133CAE3, STM32MP133CAF3, STM32MP133CAG3, STM32MP133DAE7, STM32MP133DAF7, STM32MP133DAG7, STM32MP133FAE7, STM32MP133FAF7, STM32MP133FAG7, STM32MP135AAE3, STM32MP135AAF3, STM32MP135AAG3, STM32MP135CAE3, STM32MP135CAF3, STM32MP135CAG3, STM32MP135DAE7, STM32MP135DAF7, STM32MP135DAG7, STM32MP135F-DK, STM32MP135FAE7, STM32MP135FAF7, STM32MP135FAG7, STM32U595ZJT6Q, STM32U599BJY6QTR, STM32U599NIH6Q, STM32U599NJH6Q, STM32U5A5ZJT6Q, STM32U5A9BJY6QTR, STM32U5A9NJH6Q, STM32WB1MMCH6]
2023-02-07 19:09:54,035 [INFO] DbMcus:215 - Found 3580 MCUs, 3580 are supported
2023-02-07 19:09:54,041 [INFO] ApiDb:418 - Load user favorites file C:\Users\VeliSacikara/.stm32cubeide/favorites.mcus.txt: 0 item(s)
2023-02-07 19:09:54,041 [INFO] ApiDb:422 - User favorites MCUs=[]
2023-02-07 19:09:54,042 [INFO] DbMcus:221 - Set 0 / 0 favorites MCUs
2023-02-07 19:09:56,719 [INFO] LoadUrlFilesThread:177 - End of LoadServerUrlFiles without Thread
2023-02-07 19:09:56,795 [INFO] DetailPanel:339 - Set advertising image to C:/Users/VeliSacikara/STM32Cube/Repository/\en.prom-stm32c0-0123.jpg
2023-02-07 19:09:58,411 [INFO] MultiScanPanel:778 - Auto Refresh Data is not needed
2023-02-07 19:09:58,439 [INFO] ApiDb:663 - CubeFinder database Data Model version=2.1
2023-02-07 19:09:58,440 [INFO] ApiDb:664 - CubeFinder database Configuration version=3.0.35
2023-02-07 19:09:58,440 [INFO] ApiDb:665 - CubeFinder database generation date=2023-02-02 (1675320190)
2023-02-07 19:09:58,440 [INFO] ApiDb:666 - CubeFinder database FW Pack versions=[FP-ATR-ASTRA1_V1.1.1, STM32Cube_FW_C0_V1.0.1, STM32Cube_FW_F4_V1.27.1, STM32Cube_FW_F7_V1.17.0, STM32Cube_FW_G0_V1.6.1, STM32Cube_FW_G4_V1.5.0, STM32Cube_FW_H5_V0.5.1, STM32Cube_FW_H7_V1.11.0, STM32Cube_FW_L5_V1.5.0, STM32Cube_FW_U5_V1.1.1, STM32Cube_FW_WBA_V0.2.0, STM32Cube_FW_WB_V1.15.0, STM32Cube_FW_WB_V1.15.0RC1, STM32Cube_FW_WL_V1.3.0, X-CUBE-ALGOBUILD_V1.3.0, X-CUBE-ALS_V1.0.1, X-CUBE-AZRTOS-F4_V1.1.0, X-CUBE-AZRTOS-F7_V1.1.0, X-CUBE-AZRTOS-G0_V1.1.0, X-CUBE-AZRTOS-G4_V1.0.0, X-CUBE-AZRTOS-H7_V3.0.0, X-CUBE-AZRTOS-L4_V1.0.0, X-CUBE-AZRTOS-L5_V1.1.0, X-CUBE-AZRTOS-WB_V1.1.0, X-CUBE-AZRTOS-WL_V1.0.0, X-CUBE-BLE1_V6.2.4, X-CUBE-BLE2_V3.3.0, X-CUBE-BLEMGR_V1.3.0, X-CUBE-EEPRMA1_V4.1.0, X-CUBE-GNSS1_V6.0.0, X-CUBE-MEMS1_V9.1.0, X-CUBE-MEMS1_V9.3.0, X-CUBE-MEMS1_V9.4.0, X-CUBE-NFC4_V3.0.0, X-CUBE-NFC7_V1.0.0, X-CUBE-SFXS2LP1_V4.0.0, X-CUBE-SUBG2_V5.0.0]
2023-02-07 19:09:58,685 [INFO] DbBoardsSqlite:227 - include board P-NUCLEO-WB55-NUCLEO as a kit item of type 'Nucleo-64'
2023-02-07 19:09:58,685 [INFO] DbBoardsSqlite:227 - include board P-NUCLEO-WB55-USBDONGLE as a kit item of type 'Nucleo USB Dongle'
2023-02-07 19:09:58,688 [INFO] DbBoardsSqlite:227 - include board STEVAL-IDP005V1 as a kit item of type 'Evaluation Board'
2023-02-07 19:09:58,689 [INFO] DbBoardsSqlite:227 - include board STEVAL-IDP005V2 as a kit item of type 'Evaluation Board'
2023-02-07 19:09:58,817 [INFO] ApiDb:239 - Found 138 in-development CPN: [B-WB1M-WPAN1, NUCLEO-C031C6, STEVAL-STWINBX1, STM320518-EVAL, STM32C0116-DK, STM32C011D6Y3TR, STM32C011D6Y6TR, STM32C011F4P3, STM32C011F4P6, STM32C011F4U3, STM32C011F4U6TR, STM32C011F6P3, STM32C011F6P6, STM32C011F6U3, STM32C011F6U6TR, STM32C011J4M3, STM32C011J4M6, STM32C011J6M3, STM32C011J6M6, STM32C0316-DK, STM32C031C4T3, STM32C031C4T6, STM32C031C4U3, STM32C031C4U6, STM32C031C6T3, STM32C031C6T6, STM32C031C6U3, STM32C031C6U6, STM32C031F4P3, STM32C031F4P6, STM32C031F6P3, STM32C031F6P6, STM32C031G4U3, STM32C031G4U6, STM32C031G6U3, STM32C031G6U6, STM32C031K4T3, STM32C031K4T6, STM32C031K4U3, STM32C031K4U6, STM32C031K6T3, STM32C031K6T6, STM32C031K6U3, STM32C031K6U6, STM32G071K8TXN, STM32G071K8UXN, STM32G081GBU6N, STM32G081KBT6N, STM32G081KBUXN, STM32G0B1CCT6N, STM32G0B1KCT6, STM32G0B1NEY6TR, STM32G0B1RCT6N, STM32G0C1CCT6, STM32G0C1CCT6N, STM32G0C1CCU6N, STM32G0C1CET6N, STM32G0C1CEU6N, STM32G0C1KCT6, STM32G0C1NEY6TR, STM32G0C1RCI6N, STM32G0C1RCT6N, STM32G0C1REI6N, STM32G0C1RET6N, STM32G0C1VCI6, STM32G0C1VEI6, STM32G471CCT6, STM32G471CCU6, STM32G471CET3, STM32G471CET6, STM32G471CEU3, STM32G471CEU6, STM32G471MCT6, STM32G471MET3, STM32G471MET6, STM32G471MEY6TR, STM32G471QCT6, STM32G471QET3, STM32G471RCT6, STM32G471RET3, STM32G471RET6, STM32G471VCH6, STM32G471VCI6, STM32G471VCT6, STM32G471VEH3, STM32G471VEH6, STM32G471VEI3, STM32G471VEI6, STM32G471VET3, STM32G471VET6, STM32G474CCT6, STM32L476VGY6PTR, STM32L4R5QGI6STR, STM32MP131AAE3, STM32MP131AAF3, STM32MP131AAG3, STM32MP131CAE3, STM32MP131CAF3, STM32MP131CAG3, STM32MP131DAE7, STM32MP131DAF7, STM32MP131DAG7, STM32MP131FAE7, STM32MP131FAF7, STM32MP131FAG7, STM32MP133AAE3, STM32MP133AAF3, STM32MP133AAG3, STM32MP133CAE3, STM32MP133CAF3, STM32MP133CAG3, STM32MP133DAE7, STM32MP133DAF7, STM32MP133DAG7, STM32MP133FAE7, STM32MP133FAF7, STM32MP133FAG7, STM32MP135AAE3, STM32MP135AAF3, STM32MP135AAG3, STM32MP135CAE3, STM32MP135CAF3, STM32MP135CAG3, STM32MP135DAE7, STM32MP135DAF7, STM32MP135DAG7, STM32MP135F-DK, STM32MP135FAE7, STM32MP135FAF7, STM32MP135FAG7, STM32U595ZJT6Q, STM32U599BJY6QTR, STM32U599NIH6Q, STM32U599NJH6Q, STM32U5A5ZJT6Q, STM32U5A9BJY6QTR, STM32U5A9NJH6Q, STM32WB1MMCH6]
2023-02-07 19:09:59,423 [INFO] BoardInfo:879 - No configuration file found for board P-NUCLEO-WB55
2023-02-07 19:09:59,423 [INFO] DbBoards:156 - Kit is not supported: P-NUCLEO-WB55
2023-02-07 19:09:59,441 [INFO] BoardInfo:879 - No configuration file found for board STEVAL-BFA001V1B
2023-02-07 19:09:59,442 [INFO] DbBoards:156 - Kit is not supported: STEVAL-BFA001V1B
2023-02-07 19:09:59,443 [INFO] BoardInfo:879 - No configuration file found for board STEVAL-BFA001V2B
2023-02-07 19:09:59,448 [INFO] DbBoards:156 - Kit is not supported: STEVAL-BFA001V2B
2023-02-07 19:09:59,473 [INFO] BoardInfo:879 - No configuration file found for board STEVAL-PROTEUS1
2023-02-07 19:09:59,473 [INFO] DbBoards:156 - Board is not supported: STEVAL-PROTEUS1
2023-02-07 19:09:59,905 [INFO] DbBoards:160 - Found 178 boards, 174 are supported
2023-02-07 19:09:59,930 [INFO] ApiDb:418 - Load user favorites file C:\Users\VeliSacikara/.stm32cubeide/favorites.boards.txt: 0 item(s)
2023-02-07 19:09:59,931 [INFO] ApiDb:422 - User favorites Boards=[]
2023-02-07 19:09:59,931 [INFO] DbBoards:189 - Set 0 / 0 favorites Boards
2023-02-07 19:10:02,003 [ERROR] LogOutputStream:74 - [STDERR_REDIRECT] SLF4J: Failed to load class "org.slf4j.impl.StaticLoggerBinder".
2023-02-07 19:10:02,003 [ERROR] LogOutputStream:74 - [STDERR_REDIRECT] SLF4J: Defaulting to no-operation (NOP) logger implementation
2023-02-07 19:10:02,012 [ERROR] LogOutputStream:74 - [STDERR_REDIRECT] SLF4J: See http://www.slf4j.org/codes.html#StaticLoggerBinder for further details.
2023-02-07 19:10:30,917 [INFO] MainUpdater:2768 - connection check result : 10
2023-02-07 19:10:30,917 [INFO] MainUpdater:2768 - connection check result : 10
2023-02-07 19:10:30,948 [INFO] MicroXplorer:451 - Change Database Path : 
2023-02-07 19:10:30,949 [INFO] MicroXplorer:481 - Change Database Version : DB.6.0.60
2023-02-07 19:10:30,951 [WARN] ThirdParty:827 - waiting for thirdparty lock release [close project]
2023-02-07 19:10:30,951 [INFO] ThirdParty:829 - entering critical section [close project]
2023-02-07 19:10:30,951 [INFO] ThirdParty:839 - exiting critical section [close project]
2023-02-07 19:10:30,962 [INFO] PinOutPanel:1468 - setPackage(No Configuration,No Configuration)
2023-02-07 19:10:30,977 [INFO] UtilMem:74 - Begin LoadConfig() Used Memory: 303559504 Bytes (429916160)
2023-02-07 19:10:30,978 [INFO] MicroXplorer:451 - Change Database Path : 
2023-02-07 19:10:30,979 [INFO] MicroXplorer:481 - Change Database Version : DB.6.0.60
2023-02-07 19:10:30,979 [INFO] OpenFileManager:307 - Change cursor
2023-02-07 19:10:31,107 [INFO] Mcu:1922 - Initializing MCU STM32F407VGTx STM32F407VGTx 
2023-02-07 19:10:31,109 [INFO] Mcu:1935 - No CPN specified => set CPN to STM32F407VGT6
2023-02-07 19:10:34,801 [INFO] Context:654 - Trying to add GPIOservice into a context  which must be forbidden
2023-02-07 19:10:36,331 [INFO] ImportTextPane:193 - (OptionalMessage_ERROR) Unable to find key (Mcu.ThirdPartyNb) in loaded IOC file
2023-02-07 19:10:36,331 [INFO] ImportTextPane:193 - (OptionalMessage_ERROR) Unable to find key (Mcu.PinsNb) in loaded IOC file
2023-02-07 19:10:36,331 [INFO] ImportTextPane:193 - (OptionalMessage_ERROR) Unable to find key (Mcu.IPNb) in loaded IOC file
2023-02-07 19:10:36,460 [WARN] ApiManager:308 - Cannot register API 'Board Extension:GNSS1A1' from pack STMicroelectronics.X-CUBE-GNSS1.6.0.0: no header file found
2023-02-07 19:10:36,461 [WARN] ApiManager:308 - Cannot register API 'Board Support:Custom' from pack STMicroelectronics.X-CUBE-GNSS1.6.0.0: no header file found
2023-02-07 19:10:36,461 [WARN] ApiManager:308 - Cannot register API 'Data Exchange:lib_gnss' from pack STMicroelectronics.X-CUBE-GNSS1.6.0.0: no header file found
2023-02-07 19:10:36,696 [WARN] ApiManager:308 - Cannot register API 'Board Extension:IKS01A3' from pack STMicroelectronics.X-CUBE-MEMS1.9.4.0: no header file found
2023-02-07 19:10:36,697 [WARN] ApiManager:308 - Cannot register API 'Board Extension:IKS01A2' from pack STMicroelectronics.X-CUBE-MEMS1.9.4.0: no header file found
2023-02-07 19:10:36,697 [WARN] ApiManager:308 - Cannot register API 'Board Extension:IKS02A1' from pack STMicroelectronics.X-CUBE-MEMS1.9.4.0: no header file found
2023-02-07 19:10:36,712 [WARN] ApiManager:308 - Cannot register API 'Wireless:BlueNRG-MS' from pack STMicroelectronics.X-CUBE-BLE1.6.2.3: no header file found
2023-02-07 19:10:36,714 [WARN] ApiManager:308 - Cannot register API 'Wireless:BlueNRG-MS' from pack STMicroelectronics.X-CUBE-BLE1.6.2.4: no header file found
2023-02-07 19:10:36,718 [INFO] RtosManager:488 - Registered RTOS mode: class=CMSIS, group=RTOS, mode=CMSIS_V1, owner=FREERTOS
2023-02-07 19:10:36,718 [INFO] RtosManager:488 - Registered RTOS mode: class=CMSIS, group=RTOS2, mode=CMSIS_V2, owner=FREERTOS
2023-02-07 19:10:36,718 [INFO] RtosManager:488 - Registered RTOS mode: class=RTOS, group=Core, mode=CMSIS_V1, owner=FREERTOS
2023-02-07 19:10:36,718 [INFO] RtosManager:488 - Registered RTOS mode: class=RTOS, group=Core, mode=CMSIS_V2, owner=FREERTOS
2023-02-07 19:10:36,719 [WARN] ModelIntegratedComponent:185 - Missing modes for component STMicroelectronics:FreeRTOS:0.0.1:STMicroelectronics:RTOS:FreeRTOS:Core:::10.2.0:
2023-02-07 19:10:36,723 [WARN] ApiManager:308 - Cannot register API 'Board Extension:S2868A1' from pack STMicroelectronics.X-CUBE-SUBG2.5.0.0: no header file found
2023-02-07 19:10:36,723 [WARN] ApiManager:308 - Cannot register API 'Board Extension:S2868A2' from pack STMicroelectronics.X-CUBE-SUBG2.5.0.0: no header file found
2023-02-07 19:10:36,723 [WARN] ApiManager:308 - Cannot register API 'Board Extension:S2915A1' from pack STMicroelectronics.X-CUBE-SUBG2.5.0.0: no header file found
2023-02-07 19:10:36,724 [WARN] ApiManager:308 - Cannot register API 'Board Extension:NFC04A1' from pack STMicroelectronics.X-CUBE-NFC4.3.0.0: no header file found
2023-02-07 19:10:36,734 [WARN] ApiManager:308 - Cannot register API 'Board Extension:NFC04A1' from pack STMicroelectronics.X-CUBE-NFC4.2.0.5: no header file found
2023-02-07 19:10:36,735 [WARN] ApiManager:308 - Cannot register API 'Board Extension:NFC04A1' from pack STMicroelectronics.X-CUBE-NFC4.2.0.4: no header file found
2023-02-07 19:10:36,745 [WARN] ModelIntegratedComponent:64 - No mode defined for component null
2023-02-07 19:10:36,745 [WARN] ModelIntegratedComponent:64 - No mode defined for component null
2023-02-07 19:10:36,745 [WARN] ModelIntegratedComponent:64 - No mode defined for component null
2023-02-07 19:10:36,745 [WARN] ModelIntegratedComponent:64 - No mode defined for component null
2023-02-07 19:10:36,746 [WARN] ModelIntegratedComponent:64 - No mode defined for component null
2023-02-07 19:10:36,746 [WARN] ModelIntegratedComponent:64 - No mode defined for component null
2023-02-07 19:10:36,746 [WARN] ModelIntegratedComponent:64 - No mode defined for component null
2023-02-07 19:10:36,746 [WARN] ModelIntegratedComponent:64 - No mode defined for component null
2023-02-07 19:10:36,746 [WARN] ModelIntegratedComponent:64 - No mode defined for component null
2023-02-07 19:10:36,746 [WARN] ModelIntegratedComponent:64 - No mode defined for component null
2023-02-07 19:10:36,746 [WARN] ModelIntegratedComponent:64 - No mode defined for component null
2023-02-07 19:10:36,746 [WARN] ModelIntegratedComponent:64 - No mode defined for component null
2023-02-07 19:10:36,746 [WARN] ModelIntegratedComponent:64 - No mode defined for component null
2023-02-07 19:10:36,746 [WARN] ModelIntegratedComponent:64 - No mode defined for component null
2023-02-07 19:10:36,746 [WARN] ModelIntegratedComponent:64 - No mode defined for component null
2023-02-07 19:10:36,746 [WARN] ModelIntegratedComponent:64 - No mode defined for component null
2023-02-07 19:10:36,746 [WARN] ModelIntegratedComponent:64 - No mode defined for component null
2023-02-07 19:10:36,747 [WARN] ModelIntegratedComponent:64 - No mode defined for component null
2023-02-07 19:10:36,747 [WARN] ModelIntegratedComponent:64 - No mode defined for component null
2023-02-07 19:10:36,747 [WARN] ModelIntegratedComponent:64 - No mode defined for component null
2023-02-07 19:10:36,747 [WARN] ModelIntegratedComponent:64 - No mode defined for component null
2023-02-07 19:10:36,747 [WARN] ModelIntegratedComponent:64 - No mode defined for component null
2023-02-07 19:10:36,747 [WARN] ModelIntegratedComponent:64 - No mode defined for component null
2023-02-07 19:10:36,747 [WARN] ModelIntegratedComponent:64 - No mode defined for component null
2023-02-07 19:10:36,747 [WARN] ModelIntegratedComponent:64 - No mode defined for component null
2023-02-07 19:10:36,748 [WARN] ModelIntegratedComponent:64 - No mode defined for component null
2023-02-07 19:10:36,748 [WARN] ModelIntegratedComponent:64 - No mode defined for component null
2023-02-07 19:10:36,748 [WARN] ModelIntegratedComponent:64 - No mode defined for component null
2023-02-07 19:10:36,748 [WARN] ModelIntegratedComponent:64 - No mode defined for component null
2023-02-07 19:10:36,748 [WARN] ModelIntegratedComponent:64 - No mode defined for component null
2023-02-07 19:10:36,748 [WARN] ModelIntegratedComponent:64 - No mode defined for component null
2023-02-07 19:10:36,749 [WARN] ModelIntegratedComponent:64 - No mode defined for component null
2023-02-07 19:10:36,749 [WARN] ModelIntegratedComponent:64 - No mode defined for component null
2023-02-07 19:10:36,753 [WARN] ApiManager:308 - Cannot register API 'Board Extension:NFC07A1' from pack STMicroelectronics.X-CUBE-NFC7.1.0.0: no header file found
2023-02-07 19:10:36,837 [WARN] ApiManager:308 - Cannot register API 'Board Extension:IKS01A3' from pack STMicroelectronics.X-CUBE-MEMS1.9.3.0: no header file found
2023-02-07 19:10:36,837 [WARN] ApiManager:308 - Cannot register API 'Board Extension:IKS01A2' from pack STMicroelectronics.X-CUBE-MEMS1.9.3.0: no header file found
2023-02-07 19:10:36,837 [WARN] ApiManager:308 - Cannot register API 'Board Extension:IKS02A1' from pack STMicroelectronics.X-CUBE-MEMS1.9.3.0: no header file found
2023-02-07 19:10:36,842 [WARN] ApiManager:308 - Cannot register API 'Board Extension:EEPRMA1' from pack STMicroelectronics.X-CUBE-EEPRMA1.4.1.0: no header file found
2023-02-07 19:10:36,842 [WARN] ApiManager:308 - Cannot register API 'Board Extension:EEPRMA2' from pack STMicroelectronics.X-CUBE-EEPRMA1.4.1.0: no header file found
2023-02-07 19:10:36,843 [WARN] ApiManager:308 - Cannot register API 'Board Extension:PGEEZ1' from pack STMicroelectronics.X-CUBE-EEPRMA1.4.1.0: no header file found
2023-02-07 19:10:36,844 [WARN] ApiManager:308 - Cannot register API 'Board Part:M24' from pack STMicroelectronics.X-CUBE-EEPRMA1.4.1.0: no header file found
2023-02-07 19:10:36,844 [WARN] ApiManager:308 - Cannot register API 'Board Part:M95' from pack STMicroelectronics.X-CUBE-EEPRMA1.4.1.0: no header file found
2023-02-07 19:10:36,844 [WARN] ApiManager:308 - Cannot register API 'Board Part:M95P32' from pack STMicroelectronics.X-CUBE-EEPRMA1.4.1.0: no header file found
2023-02-07 19:10:36,845 [WARN] ApiManager:308 - Cannot register API 'PGEEZ1:SPI' from pack STMicroelectronics.X-CUBE-EEPRMA1.4.1.0: no header file found
2023-02-07 19:10:36,845 [WARN] ApiManager:308 - Cannot register API 'PGEEZ1:QDSPI' from pack STMicroelectronics.X-CUBE-EEPRMA1.4.1.0: no header file found
2023-02-07 19:10:36,848 [WARN] ApiManager:308 - Cannot register API 'Board Extension:EEPRMA1' from pack STMicroelectronics.X-CUBE-EEPRMA1.3.1.1: no header file found
2023-02-07 19:10:36,849 [WARN] ApiManager:308 - Cannot register API 'Board Extension:EEPRMA2' from pack STMicroelectronics.X-CUBE-EEPRMA1.3.1.1: no header file found
2023-02-07 19:10:36,850 [WARN] ApiManager:308 - Cannot register API 'Board Extension:S2868A1' from pack STMicroelectronics.X-CUBE-SFXS2LP1.4.0.0: no header file found
2023-02-07 19:10:36,850 [WARN] ApiManager:308 - Cannot register API 'Board Extension:S2868A2' from pack STMicroelectronics.X-CUBE-SFXS2LP1.4.0.0: no header file found
2023-02-07 19:10:36,850 [WARN] ApiManager:308 - Cannot register API 'Board Extension:S2915A1' from pack STMicroelectronics.X-CUBE-SFXS2LP1.4.0.0: no header file found
2023-02-07 19:10:36,851 [WARN] ApiManager:308 - Cannot register API 'Wireless:BlueNRG-2' from pack STMicroelectronics.X-CUBE-BLE2.3.3.0: no header file found
2023-02-07 19:10:36,866 [INFO] ThirdPartyModel:289 - Start build external matchings
2023-02-07 19:10:37,601 [INFO] ThirdPartyModel:302 - End build external matchings
2023-02-07 19:10:38,157 [INFO] UtilMem:74 - End LoadConfig() Used Memory: 385349520 Bytes (462422016)
2023-02-07 19:10:38,182 [WARN] ThirdParty:789 - waiting for thirdparty lock release [change project]
2023-02-07 19:10:38,182 [INFO] ThirdParty:791 - entering critical section [change project]
2023-02-07 19:10:38,183 [INFO] ThirdParty:981 - CMSIS Pack Vendor :STMicroelectronics X-CUBE-ISPU 1.1.0
2023-02-07 19:10:38,183 [INFO] ThirdParty:981 - CMSIS Pack Vendor :RoweBots I-CUBE-UNISONRTOS 5.5.0-4
2023-02-07 19:10:38,183 [INFO] ThirdParty:981 - CMSIS Pack Vendor :STMicroelectronics X-CUBE-GNSS1 6.0.0
2023-02-07 19:10:38,184 [INFO] ThirdParty:981 - CMSIS Pack Vendor :STMicroelectronics X-CUBE-AZRTOS-H7 2.1.0
2023-02-07 19:10:38,184 [INFO] ThirdParty:981 - CMSIS Pack Vendor :STMicroelectronics USB_HOST 2.0.0
2023-02-07 19:10:38,184 [INFO] ThirdParty:981 - CMSIS Pack Vendor :STMicroelectronics X-CUBE-AZRTOS-F4 1.1.0
2023-02-07 19:10:38,184 [INFO] ThirdParty:981 - CMSIS Pack Vendor :STMicroelectronics LIBJPEG 8.0.0
2023-02-07 19:10:38,185 [INFO] ThirdParty:981 - CMSIS Pack Vendor :STMicroelectronics USB_DEVICE 3.0.0
2023-02-07 19:10:38,185 [INFO] ThirdParty:981 - CMSIS Pack Vendor :STMicroelectronics X-CUBE-TOUCHGFX 4.21.1
2023-02-07 19:10:38,185 [INFO] ThirdParty:981 - CMSIS Pack Vendor :STMicroelectronics X-CUBE-TOUCHGFX 4.21.0
2023-02-07 19:10:38,185 [INFO] ThirdParty:981 - CMSIS Pack Vendor :STMicroelectronics X-CUBE-BLEMGR 1.0.0
2023-02-07 19:10:38,185 [INFO] ThirdParty:981 - CMSIS Pack Vendor :STMicroelectronics X-CUBE-AZRTOS-F7 1.1.0
2023-02-07 19:10:38,185 [INFO] ThirdParty:981 - CMSIS Pack Vendor :STMicroelectronics X-CUBE-MEMS1 9.4.0
2023-02-07 19:10:38,186 [INFO] ThirdParty:981 - CMSIS Pack Vendor :STMicroelectronics USB_DEVICE 2.0.0
2023-02-07 19:10:38,186 [INFO] ThirdParty:981 - CMSIS Pack Vendor :STMicroelectronics X-CUBE-AI 7.3.0
2023-02-07 19:10:38,186 [INFO] ThirdParty:981 - CMSIS Pack Vendor :STMicroelectronics X-CUBE-BLE1 6.2.3
2023-02-07 19:10:38,186 [INFO] ThirdParty:981 - CMSIS Pack Vendor :STMicroelectronics X-CUBE-ALGOBUILD 1.3.0
2023-02-07 19:10:38,186 [INFO] ThirdParty:981 - CMSIS Pack Vendor :STMicroelectronics X-CUBE-BLE1 6.2.4
2023-02-07 19:10:38,187 [INFO] ThirdParty:981 - CMSIS Pack Vendor :STMicroelectronics X-CUBE-AZRTOS-L5 1.1.0
2023-02-07 19:10:38,187 [INFO] ThirdParty:981 - CMSIS Pack Vendor :STMicroelectronics FreeRTOS 0.0.1
2023-02-07 19:10:38,187 [INFO] ThirdParty:981 - CMSIS Pack Vendor :STMicroelectronics X-CUBE-AZRTOS-G0 1.1.0
2023-02-07 19:10:38,187 [INFO] ThirdParty:981 - CMSIS Pack Vendor :STMicroelectronics X-CUBE-SUBG2 5.0.0
2023-02-07 19:10:38,187 [INFO] ThirdParty:981 - CMSIS Pack Vendor :STMicroelectronics X-CUBE-NFC4 3.0.0
2023-02-07 19:10:38,187 [INFO] ThirdParty:981 - CMSIS Pack Vendor :SEGGER I-CUBE-embOS 1.2.0
2023-02-07 19:10:38,187 [INFO] ThirdParty:981 - CMSIS Pack Vendor :STMicroelectronics STM32_WPAN 1.0.0
2023-02-07 19:10:38,188 [INFO] ThirdParty:981 - CMSIS Pack Vendor :STMicroelectronics lwIP 2.0.3
2023-02-07 19:10:38,188 [INFO] ThirdParty:981 - CMSIS Pack Vendor :STMicroelectronics X-CUBE-NFC4 2.0.5
2023-02-07 19:10:38,188 [INFO] ThirdParty:981 - CMSIS Pack Vendor :STMicroelectronics X-CUBE-NFC4 2.0.4
2023-02-07 19:10:38,188 [INFO] ThirdParty:981 - CMSIS Pack Vendor :STMicroelectronics USB_HOST 1.0.0
2023-02-07 19:10:38,188 [INFO] ThirdParty:981 - CMSIS Pack Vendor :STMicroelectronics PDM2PCM 3.1.0
2023-02-07 19:10:38,188 [INFO] ThirdParty:981 - CMSIS Pack Vendor :STMicroelectronics FP-ATR-ASTRA1 1.1.1
2023-02-07 19:10:38,188 [INFO] ThirdParty:981 - CMSIS Pack Vendor :STMicroelectronics PDM2PCM 3.3.0
2023-02-07 19:10:38,188 [INFO] ThirdParty:981 - CMSIS Pack Vendor :STMicroelectronics X-CUBE-TOF1 3.1.0
2023-02-07 19:10:38,189 [INFO] ThirdParty:981 - CMSIS Pack Vendor :STMicroelectronics X-CUBE-DISPLAY 3.0.0
2023-02-07 19:10:38,189 [INFO] ThirdParty:981 - CMSIS Pack Vendor :STMicroelectronics X-CUBE-BLEMGR 1.3.0
2023-02-07 19:10:38,189 [INFO] ThirdParty:981 - CMSIS Pack Vendor :STMicroelectronics X-CUBE-AZRTOS-G4 1.0.0
2023-02-07 19:10:38,189 [INFO] ThirdParty:981 - CMSIS Pack Vendor :STMicroelectronics FP-ATR-SIGFOX1 3.2.0
2023-02-07 19:10:38,189 [INFO] ThirdParty:981 - CMSIS Pack Vendor :STMicroelectronics X-CUBE-AZRTOS-L4 1.0.0
2023-02-07 19:10:38,189 [INFO] ThirdParty:981 - CMSIS Pack Vendor :wolfSSL I-CUBE-wolfSSL 5.5.0
2023-02-07 19:10:38,190 [INFO] ThirdParty:981 - CMSIS Pack Vendor :STMicroelectronics HAL Drivers 0.0.0
2023-02-07 19:10:38,190 [INFO] ThirdParty:981 - CMSIS Pack Vendor :STMicroelectronics MBEDTLS 2.16.2
2023-02-07 19:10:38,190 [INFO] ThirdParty:981 - CMSIS Pack Vendor :emotas I-CUBE-CANOPEN 1.1.2
2023-02-07 19:10:38,190 [INFO] ThirdParty:981 - CMSIS Pack Vendor :STMicroelectronics X-CUBE-TOUCHGFX 4.20.0
2023-02-07 19:10:38,190 [INFO] ThirdParty:981 - CMSIS Pack Vendor :STMicroelectronics MBEDTLS 2.14.1
2023-02-07 19:10:38,190 [INFO] ThirdParty:981 - CMSIS Pack Vendor :STMicroelectronics X-CUBE-NFC7 1.0.0
2023-02-07 19:10:38,190 [INFO] ThirdParty:981 - CMSIS Pack Vendor :STMicroelectronics X-CUBE-AZRTOS-WL 1.0.0
2023-02-07 19:10:38,191 [INFO] ThirdParty:981 - CMSIS Pack Vendor :STMicroelectronics X-CUBE-MEMS1 9.3.0
2023-02-07 19:10:38,191 [INFO] ThirdParty:981 - CMSIS Pack Vendor :STMicroelectronics X-CUBE-EEPRMA1 4.1.0
2023-02-07 19:10:38,191 [INFO] ThirdParty:981 - CMSIS Pack Vendor :portGmbH I-Cube-SoM-uGOAL 1.1.0
2023-02-07 19:10:38,191 [INFO] ThirdParty:981 - CMSIS Pack Vendor :STMicroelectronics X-CUBE-ALS 1.0.1
2023-02-07 19:10:38,191 [INFO] ThirdParty:981 - CMSIS Pack Vendor :STMicroelectronics X-CUBE-AI 7.2.0
2023-02-07 19:10:38,191 [INFO] ThirdParty:981 - CMSIS Pack Vendor :STMicroelectronics ThreadX 1.0.0
2023-02-07 19:10:38,191 [INFO] ThirdParty:981 - CMSIS Pack Vendor :STMicroelectronics X-CUBE-AZRTOS-WB 1.1.0
2023-02-07 19:10:38,192 [INFO] ThirdParty:981 - CMSIS Pack Vendor :STMicroelectronics X-CUBE-AZRTOS-L5 1.0.0
2023-02-07 19:10:38,192 [INFO] ThirdParty:981 - CMSIS Pack Vendor :STMicroelectronics USB_DEVICE 1.0.0
2023-02-07 19:10:38,192 [INFO] ThirdParty:981 - CMSIS Pack Vendor :STMicroelectronics X-CUBE-EEPRMA1 3.1.1
2023-02-07 19:10:38,192 [INFO] ThirdParty:981 - CMSIS Pack Vendor :STMicroelectronics ThreadX 0.0.2
2023-02-07 19:10:38,192 [INFO] ThirdParty:981 - CMSIS Pack Vendor :STMicroelectronics lwIP 2.1.2
2023-02-07 19:10:38,192 [INFO] ThirdParty:981 - CMSIS Pack Vendor :STMicroelectronics X-CUBE-SFXS2LP1 4.0.0
2023-02-07 19:10:38,193 [INFO] ThirdParty:981 - CMSIS Pack Vendor :STMicroelectronics X-CUBE-BLE2 3.3.0
2023-02-07 19:10:38,194 [INFO] ThirdParty:981 - CMSIS Pack Vendor :STMicroelectronics X-CUBE-DISPLAY 2.2.0
2023-02-07 19:10:38,194 [INFO] ThirdParty:981 - CMSIS Pack Vendor :STMicroelectronics X-CUBE-TOF1 3.2.0
2023-02-07 19:10:38,194 [INFO] ThirdParty:981 - CMSIS Pack Vendor :STMicroelectronics PDM2PCM 3.2.0
2023-02-07 19:10:38,194 [INFO] ThirdParty:981 - CMSIS Pack Vendor :STMicroelectronics X-CUBE-AZRTOS-H7 3.0.0
2023-02-07 19:10:38,194 [INFO] ThirdParty:981 - CMSIS Pack Vendor :STMicroelectronics X-CUBE-ISPU 1.0.0
2023-02-07 19:10:38,195 [INFO] ThirdParty:797 - exiting critical section [change project]
2023-02-07 19:10:39,178 [INFO] PinOutPanel:1468 - setPackage(No Configuration,No Configuration)
2023-02-07 19:10:39,179 [INFO] PinOutPanel:1468 - setPackage(STM32F407VGTx,LQFP100)
2023-02-07 19:10:40,134 [INFO] UtilMem:74 - Before build in PCC Used Memory: 411124400 Bytes (488636416)
2023-02-07 19:10:41,381 [INFO] UtilMem:74 - After build in PCC Used Memory: 379324392 Bytes (488636416)
2023-02-07 19:10:41,435 [INFO] IPUIPlugin:79 - create IPUIPlugin
2023-02-07 19:10:41,435 [INFO] IPUIPlugin:79 - create IPUIPlugin
2023-02-07 19:10:41,435 [INFO] IPUIPlugin:79 - create IPUIPlugin
2023-02-07 19:10:41,435 [INFO] IPUIPlugin:79 - create IPUIPlugin
2023-02-07 19:10:41,435 [INFO] IPUIPlugin:79 - create IPUIPlugin
2023-02-07 19:10:41,435 [INFO] IPUIPlugin:79 - create IPUIPlugin
2023-02-07 19:10:41,435 [INFO] IPUIPlugin:79 - create IPUIPlugin
2023-02-07 19:10:41,435 [INFO] IPUIPlugin:79 - create IPUIPlugin
2023-02-07 19:10:41,435 [INFO] IPUIPlugin:79 - create IPUIPlugin
2023-02-07 19:10:41,435 [INFO] IPUIPlugin:79 - create IPUIPlugin
2023-02-07 19:10:41,435 [INFO] IPUIPlugin:79 - create IPUIPlugin
2023-02-07 19:10:41,435 [INFO] IPUIPlugin:79 - create IPUIPlugin
2023-02-07 19:10:41,435 [INFO] IPUIPlugin:79 - create IPUIPlugin
2023-02-07 19:10:41,435 [INFO] IPUIPlugin:79 - create IPUIPlugin
2023-02-07 19:10:41,435 [INFO] IPUIPlugin:79 - create IPUIPlugin
2023-02-07 19:10:41,443 [INFO] IPUIPlugin:79 - create IPUIPlugin
2023-02-07 19:10:41,443 [INFO] IPUIPlugin:79 - create IPUIPlugin
2023-02-07 19:10:41,443 [INFO] IPUIPlugin:79 - create IPUIPlugin
2023-02-07 19:10:41,443 [INFO] IPUIPlugin:79 - create IPUIPlugin
2023-02-07 19:10:41,445 [INFO] IPUIPlugin:79 - create IPUIPlugin
2023-02-07 19:10:41,445 [INFO] IPUIPlugin:79 - create IPUIPlugin
2023-02-07 19:10:41,445 [INFO] IPUIPlugin:79 - create IPUIPlugin
2023-02-07 19:10:41,445 [INFO] IPUIPlugin:79 - create IPUIPlugin
2023-02-07 19:10:41,445 [INFO] IPUIPlugin:79 - create IPUIPlugin
2023-02-07 19:10:41,445 [INFO] IPUIPlugin:79 - create IPUIPlugin
2023-02-07 19:10:41,445 [INFO] IPUIPlugin:79 - create IPUIPlugin
2023-02-07 19:10:41,445 [INFO] IPUIPlugin:79 - create IPUIPlugin
2023-02-07 19:10:41,445 [INFO] IPUIPlugin:79 - create IPUIPlugin
2023-02-07 19:10:41,445 [INFO] IPUIPlugin:79 - create IPUIPlugin
2023-02-07 19:10:41,445 [INFO] IPUIPlugin:79 - create IPUIPlugin
2023-02-07 19:10:41,445 [INFO] IPUIPlugin:79 - create IPUIPlugin
2023-02-07 19:10:41,450 [INFO] IPUIPlugin:79 - create IPUIPlugin
2023-02-07 19:10:41,451 [INFO] IPUIPlugin:79 - create IPUIPlugin
2023-02-07 19:10:41,451 [INFO] IPUIPlugin:79 - create IPUIPlugin
2023-02-07 19:10:41,451 [INFO] IPUIPlugin:79 - create IPUIPlugin
2023-02-07 19:10:41,451 [INFO] IPUIPlugin:79 - create IPUIPlugin
2023-02-07 19:10:41,451 [INFO] IPUIPlugin:79 - create IPUIPlugin
2023-02-07 19:10:41,451 [INFO] IPUIPlugin:79 - create IPUIPlugin
2023-02-07 19:10:41,451 [INFO] IPUIPlugin:79 - create IPUIPlugin
2023-02-07 19:10:41,451 [INFO] IPUIPlugin:79 - create IPUIPlugin
2023-02-07 19:10:41,451 [INFO] IPUIPlugin:79 - create IPUIPlugin
2023-02-07 19:10:41,451 [INFO] IPUIPlugin:79 - create IPUIPlugin
2023-02-07 19:10:41,451 [INFO] IPUIPlugin:79 - create IPUIPlugin
2023-02-07 19:10:41,451 [INFO] IPUIPlugin:79 - create IPUIPlugin
2023-02-07 19:10:41,451 [INFO] IPUIPlugin:79 - create IPUIPlugin
2023-02-07 19:10:41,451 [INFO] IPUIPlugin:79 - create IPUIPlugin
2023-02-07 19:10:41,462 [INFO] IPUIPlugin:79 - create IPUIPlugin
2023-02-07 19:10:41,462 [INFO] IPUIPlugin:79 - create IPUIPlugin
2023-02-07 19:10:41,462 [INFO] IPUIPlugin:79 - create IPUIPlugin
2023-02-07 19:10:41,462 [INFO] IPUIPlugin:79 - create IPUIPlugin
2023-02-07 19:10:41,462 [INFO] IPUIPlugin:79 - create IPUIPlugin
2023-02-07 19:10:41,466 [INFO] IPUIPlugin:79 - create IPUIPlugin
2023-02-07 19:10:41,467 [INFO] IPUIPlugin:79 - create IPUIPlugin
2023-02-07 19:10:41,469 [INFO] IPUIPlugin:79 - create IPUIPlugin
2023-02-07 19:10:41,469 [INFO] IPUIPlugin:79 - create IPUIPlugin
2023-02-07 19:10:41,469 [INFO] IPUIPlugin:79 - create IPUIPlugin
2023-02-07 19:10:41,469 [INFO] IPUIPlugin:79 - create IPUIPlugin
2023-02-07 19:10:41,469 [INFO] IPUIPlugin:79 - create IPUIPlugin
2023-02-07 19:10:41,622 [INFO] ApiDbMcu:505 - Load IP Config File for PDM2PCM
2023-02-07 19:10:41,944 [INFO] OpenFileManager:327 - Restore cursor
2023-02-07 19:10:43,620 [INFO] UtilMem:74 - End SaveConfig() Used Memory: 407391632 Bytes (488636416)
2023-02-07 19:10:43,722 [INFO] UtilMem:74 - End SaveConfig() Used Memory: 384940784 Bytes (488636416)
2023-02-07 19:10:44,695 [INFO] BlockDiagram:2753 - set Specific Code input for plugin: RCC
2023-02-07 19:10:44,696 [INFO] BlockDiagram:2753 - set Specific Code input for plugin: NVIC
2023-02-07 19:10:44,728 [INFO] CodeGenerator:690 - code generatio: config db path: C:\ST\STM32CubeIDE_1.10.1\STM32CubeIDE\plugins\com.st.stm32cube.common.mx_6.6.1.202207061420\\db\
2023-02-07 19:10:45,555 [INFO] CodeEngine:245 - oldGeneratedFile, C:\Users\VeliSacikara\Documents\STM32_Projeler\005_ADC-DAC_example_hal\005_ADC-DAC_example_hal\MXTmpFiles\license.tmp_save
2023-02-07 19:10:46,300 [INFO] CodeEngine:269 - Generated code: C:\Users\VeliSacikara\Documents\STM32_Projeler\005_ADC-DAC_example_hal\005_ADC-DAC_example_hal\MXTmpFiles\license.tmp
2023-02-07 19:10:46,335 [INFO] CodeEngine:245 - oldGeneratedFile, C:\Users\VeliSacikara\Documents\STM32_Projeler\005_ADC-DAC_example_hal\005_ADC-DAC_example_hal\Core\Src\stm32f4xx_it.c_save
2023-02-07 19:10:46,710 [INFO] CodeEngine:269 - Generated code: C:\Users\VeliSacikara\Documents\STM32_Projeler\005_ADC-DAC_example_hal\005_ADC-DAC_example_hal\Core\Src\stm32f4xx_it.c
2023-02-07 19:10:46,733 [INFO] CodeEngine:245 - oldGeneratedFile, C:\Users\VeliSacikara\Documents\STM32_Projeler\005_ADC-DAC_example_hal\005_ADC-DAC_example_hal\Core\Inc\stm32f4xx_it.h_save
2023-02-07 19:10:46,897 [INFO] CodeEngine:269 - Generated code: C:\Users\VeliSacikara\Documents\STM32_Projeler\005_ADC-DAC_example_hal\005_ADC-DAC_example_hal\Core\Inc\stm32f4xx_it.h
2023-02-07 19:10:46,991 [INFO] CodeEngine:245 - oldGeneratedFile, C:\Users\VeliSacikara\Documents\STM32_Projeler\005_ADC-DAC_example_hal\005_ADC-DAC_example_hal\Core\Src\stm32f4xx_hal_msp.c_save
2023-02-07 19:10:47,221 [INFO] CodeEngine:269 - Generated code: C:\Users\VeliSacikara\Documents\STM32_Projeler\005_ADC-DAC_example_hal\005_ADC-DAC_example_hal\Core\Src\stm32f4xx_hal_msp.c
2023-02-07 19:10:47,244 [INFO] CodeEngine:245 - oldGeneratedFile, C:\Users\VeliSacikara\Documents\STM32_Projeler\005_ADC-DAC_example_hal\005_ADC-DAC_example_hal\MXTmpFiles\system.tmp_save
2023-02-07 19:10:47,423 [INFO] CodeEngine:269 - Generated code: C:\Users\VeliSacikara\Documents\STM32_Projeler\005_ADC-DAC_example_hal\005_ADC-DAC_example_hal\MXTmpFiles\system.tmp
2023-02-07 19:10:47,439 [INFO] CodeEngine:245 - oldGeneratedFile, C:\Users\VeliSacikara\Documents\STM32_Projeler\005_ADC-DAC_example_hal\005_ADC-DAC_example_hal\Core\Inc\stm32f4xx_hal_conf.h_save
2023-02-07 19:10:47,675 [INFO] CodeEngine:269 - Generated code: C:\Users\VeliSacikara\Documents\STM32_Projeler\005_ADC-DAC_example_hal\005_ADC-DAC_example_hal\Core\Inc\stm32f4xx_hal_conf.h
2023-02-07 19:10:47,770 [INFO] CodeEngine:245 - oldGeneratedFile, C:\Users\VeliSacikara\Documents\STM32_Projeler\005_ADC-DAC_example_hal\005_ADC-DAC_example_hal\Core\Inc\main.h_save
2023-02-07 19:10:47,952 [INFO] CodeEngine:269 - Generated code: C:\Users\VeliSacikara\Documents\STM32_Projeler\005_ADC-DAC_example_hal\005_ADC-DAC_example_hal\Core\Inc\main.h
2023-02-07 19:10:47,974 [INFO] CodeEngine:245 - oldGeneratedFile, C:\Users\VeliSacikara\Documents\STM32_Projeler\005_ADC-DAC_example_hal\005_ADC-DAC_example_hal\Core\Src\main.c_save
2023-02-07 19:10:48,279 [INFO] CodeEngine:269 - Generated code: C:\Users\VeliSacikara\Documents\STM32_Projeler\005_ADC-DAC_example_hal\005_ADC-DAC_example_hal\Core\Src\main.c
2023-02-07 19:10:50,249 [INFO] ProjectBuilder:2919 - Time for Copy HAL[1] : 497mS.
2023-02-07 19:10:50,270 [INFO] ProjectBuilder:4117 - Project Generator version: 3.17.1
2023-02-07 19:10:50,933 [INFO] ConfigFileManager:1394 - The Die is : DIE413
2023-02-07 19:10:50,968 [INFO] ApiDbMcu:505 - Load IP Config File for FATFS
2023-02-07 19:10:51,030 [INFO] ApiDbMcu:505 - Load IP Config File for FREERTOS
2023-02-07 19:10:51,040 [INFO] ApiDbMcu:505 - Load IP Config File for LIBJPEG
2023-02-07 19:10:51,246 [INFO] ApiDbMcu:505 - Load IP Config File for LWIP
2023-02-07 19:10:51,301 [INFO] ApiDbMcu:505 - Load IP Config File for MBEDTLS
2023-02-07 19:10:51,378 [INFO] ApiDbMcu:505 - Load IP Config File for USB_DEVICE
2023-02-07 19:10:51,393 [INFO] ApiDbMcu:505 - Load IP Config File for USB_HOST
2023-02-07 19:10:57,749 [INFO] ProjectBuilder:4285 - Time for Generating toolchain IDE Files: 7479mS.
2023-02-07 19:10:57,752 [INFO] ProjectBuilder:2790 - Time for Copy CMSIS : 1mS.
2023-02-07 19:10:57,756 [INFO] ProjectBuilder:2790 - Time for Copy CMSIS : 0mS.
2023-02-07 19:10:59,318 [INFO] McuFinderGlobals:57 - Set McuFinderConnectedMode to true
2023-02-07 19:10:59,322 [INFO] ApiDb:443 - Save user favorites file C:\Users\VeliSacikara/.stm32cubeide/favorites.mcus.txt: 0 item(s)
2023-02-07 19:10:59,323 [INFO] ApiDb:447 - User favorites MCUs=[]
2023-02-07 19:28:41,188 [INFO] ADCParametersView:113 -                Rank 1 : false
2023-02-07 19:28:41,262 [INFO] ADCParametersView:113 -                Rank 1 : false
2023-02-07 19:28:41,263 [INFO] ADCParametersView:113 -                Rank 1 : false
2023-02-07 19:28:41,263 [INFO] ADCParametersView:113 -                Rank 1 : false
2023-02-07 19:28:41,264 [INFO] ADCParametersView:113 -                Rank 1 : false
2023-02-07 19:28:41,264 [INFO] ADCParametersView:113 -                Rank 1 : false
2023-02-07 19:28:41,265 [INFO] ADCParametersView:113 -                Rank 1 : false
2023-02-07 19:28:41,265 [INFO] ADCParametersView:113 -                Rank 1 : false
2023-02-07 19:28:41,266 [INFO] ADCParametersView:113 -                Rank 1 : false
2023-02-07 19:28:41,266 [INFO] ADCParametersView:113 -                Rank 1 : false
2023-02-07 19:28:41,266 [INFO] ADCParametersView:113 -                Rank 1 : false
2023-02-07 19:28:41,266 [INFO] ADCParametersView:113 -                Rank 1 : false
2023-02-07 19:28:41,267 [INFO] ADCParametersView:113 -                Rank 1 : false
2023-02-07 19:28:41,267 [INFO] ADCParametersView:113 -                Rank 1 : false
2023-02-07 19:28:41,267 [INFO] ADCParametersView:113 -                Rank 1 : false
2023-02-07 19:28:41,285 [INFO] ADCParametersView:113 -                Rank 1 : false
2023-02-07 19:28:41,451 [INFO] NvicIntPanel:100 - NVIC parent = com.st.microxplorer.plugins.ip.nvic.MultiNvicIntPanel[,0,0,0x0,invalid,layout=javax.swing.BoxLayout,alignmentX=0.0,alignmentY=0.0,border=,flags=9,maximumSize=,minimumSize=,preferredSize=]
2023-02-07 19:28:41,623 [INFO] NvicIntPanel:100 - NVIC parent = com.st.microxplorer.plugins.ip.nvic.MultiNvicIntPanel[,0,0,0x0,invalid,layout=javax.swing.BoxLayout,alignmentX=0.0,alignmentY=0.0,border=,flags=9,maximumSize=,minimumSize=,preferredSize=]
2023-02-07 19:28:41,785 [INFO] NvicIntPanel:100 - NVIC parent = com.st.microxplorer.plugins.ip.nvic.MultiNvicIntPanel[,0,0,0x0,invalid,layout=javax.swing.BoxLayout,alignmentX=0.0,alignmentY=0.0,border=,flags=9,maximumSize=,minimumSize=,preferredSize=]
2023-02-07 19:28:41,965 [INFO] ADCParametersView:113 -                Rank 1 : false
2023-02-07 19:28:41,965 [INFO] ADCParametersView:113 -                Rank 1 : false
2023-02-07 19:28:41,965 [INFO] ADCParametersView:113 -                Rank 1 : false
2023-02-07 19:28:41,965 [INFO] ADCParametersView:113 -                Rank 1 : false
2023-02-07 19:28:41,965 [INFO] ADCParametersView:113 -                Rank 1 : false
2023-02-07 19:28:41,965 [INFO] ADCParametersView:113 -                Rank 1 : false
2023-02-07 19:28:41,976 [INFO] ADCParametersView:113 -                Rank 1 : false
2023-02-07 19:28:41,976 [INFO] ADCParametersView:113 -                Rank 1 : false
2023-02-07 19:28:41,976 [INFO] ADCParametersView:113 -                Rank 1 : false
2023-02-07 19:28:41,977 [INFO] ADCParametersView:113 -                Rank 1 : false
2023-02-07 19:28:41,977 [INFO] ADCParametersView:113 -                Rank 1 : false
2023-02-07 19:28:41,977 [INFO] ADCParametersView:113 -                Rank 1 : false
2023-02-07 19:28:41,978 [INFO] ADCParametersView:113 -                Rank 1 : false
2023-02-07 19:28:41,978 [INFO] ADCParametersView:113 -                Rank 1 : false
2023-02-07 19:28:42,013 [INFO] ADCParametersView:113 -                Rank 1 : false
2023-02-07 19:28:42,060 [INFO] ADCParametersView:113 -                Rank 1 : false
2023-02-07 19:28:42,060 [INFO] ADCParametersView:113 -                Rank 1 : false
2023-02-07 19:28:42,061 [INFO] ADCParametersView:113 -                Rank 1 : false
2023-02-07 19:28:42,061 [INFO] ADCParametersView:113 -                Rank 1 : false
2023-02-07 19:28:42,061 [INFO] ADCParametersView:113 -                Rank 1 : false
2023-02-07 19:28:42,061 [INFO] ADCParametersView:113 -                Rank 1 : false
2023-02-07 19:28:42,061 [INFO] ADCParametersView:113 -                Rank 1 : false
2023-02-07 19:28:42,062 [INFO] ADCParametersView:113 -                Rank 1 : false
2023-02-07 19:28:42,062 [INFO] ADCParametersView:113 -                Rank 1 : false
2023-02-07 19:28:42,062 [INFO] ADCParametersView:113 -                Rank 1 : false
2023-02-07 19:28:42,062 [INFO] ADCParametersView:113 -                Rank 1 : false
2023-02-07 19:28:42,063 [INFO] ADCParametersView:113 -                Rank 1 : false
2023-02-07 19:28:42,063 [INFO] ADCParametersView:113 -                Rank 1 : false
2023-02-07 19:28:42,063 [INFO] ADCParametersView:113 -                Rank 1 : false
2023-02-07 19:28:42,099 [INFO] ADCParametersView:113 -                Rank 1 : false
2023-02-07 19:29:48,422 [INFO] ADCParametersView:113 -                Rank 1 : true
2023-02-07 19:29:51,218 [INFO] ADCParametersView:113 -                Rank 1 : true
2023-02-07 19:29:51,226 [INFO] ADCParametersView:113 -                Rank 1 : true
2023-02-07 19:29:51,226 [INFO] ADCParametersView:113 -                Rank 1 : true
2023-02-07 19:29:51,227 [INFO] ADCParametersView:113 -                Rank 1 : true
2023-02-07 19:29:51,227 [INFO] ADCParametersView:113 -                Rank 1 : true
2023-02-07 19:29:51,227 [INFO] ADCParametersView:113 -                Rank 1 : true
2023-02-07 19:29:51,227 [INFO] ADCParametersView:113 -                Rank 1 : true
2023-02-07 19:29:51,227 [INFO] ADCParametersView:113 -                Rank 1 : true
2023-02-07 19:29:51,227 [INFO] ADCParametersView:113 -                Rank 1 : true
2023-02-07 19:29:51,227 [INFO] ADCParametersView:113 -                Rank 1 : true
2023-02-07 19:29:51,227 [INFO] ADCParametersView:113 -                Rank 1 : true
2023-02-07 19:29:51,227 [INFO] ADCParametersView:113 -                Rank 1 : true
2023-02-07 19:29:51,230 [INFO] ADCParametersView:113 -                Rank 1 : true
2023-02-07 19:29:51,230 [INFO] ADCParametersView:113 -                Rank 1 : true
2023-02-07 19:29:51,248 [INFO] ADCParametersView:113 -                Rank 1 : true
2023-02-07 19:29:51,280 [INFO] ADCParametersView:113 -                Rank 1 : true
2023-02-07 19:29:51,282 [INFO] ADCParametersView:113 -                Rank 1 : true
2023-02-07 19:29:51,283 [INFO] ADCParametersView:113 -                Rank 1 : true
2023-02-07 19:29:51,284 [INFO] ADCParametersView:113 -                Rank 1 : true
2023-02-07 19:29:51,284 [INFO] ADCParametersView:113 -                Rank 1 : true
2023-02-07 19:29:51,285 [INFO] ADCParametersView:113 -                Rank 1 : true
2023-02-07 19:29:51,285 [INFO] ADCParametersView:113 -                Rank 1 : true
2023-02-07 19:29:51,285 [INFO] ADCParametersView:113 -                Rank 1 : true
2023-02-07 19:29:51,286 [INFO] ADCParametersView:113 -                Rank 1 : true
2023-02-07 19:29:51,287 [INFO] ADCParametersView:113 -                Rank 1 : true
2023-02-07 19:29:51,287 [INFO] ADCParametersView:113 -                Rank 1 : true
2023-02-07 19:29:51,287 [INFO] ADCParametersView:113 -                Rank 1 : true
2023-02-07 19:29:51,288 [INFO] ADCParametersView:113 -                Rank 1 : true
2023-02-07 19:29:51,288 [INFO] ADCParametersView:113 -                Rank 1 : true
2023-02-07 19:29:51,305 [INFO] ADCParametersView:113 -                Rank 1 : true
2023-02-07 19:29:51,366 [INFO] ADCParametersView:113 -                Rank 1 : true
2023-02-07 19:29:51,371 [INFO] ADCParametersView:113 -                Rank 1 : true
2023-02-07 19:29:51,371 [INFO] ADCParametersView:113 -                Rank 1 : true
2023-02-07 19:29:51,372 [INFO] ADCParametersView:113 -                Rank 1 : true
2023-02-07 19:29:51,372 [INFO] ADCParametersView:113 -                Rank 1 : true
2023-02-07 19:29:51,372 [INFO] ADCParametersView:113 -                Rank 1 : true
2023-02-07 19:29:51,372 [INFO] ADCParametersView:113 -                Rank 1 : true
2023-02-07 19:29:51,372 [INFO] ADCParametersView:113 -                Rank 1 : true
2023-02-07 19:29:51,372 [INFO] ADCParametersView:113 -                Rank 1 : true
2023-02-07 19:29:51,372 [INFO] ADCParametersView:113 -                Rank 1 : true
2023-02-07 19:29:51,372 [INFO] ADCParametersView:113 -                Rank 1 : true
2023-02-07 19:29:51,372 [INFO] ADCParametersView:113 -                Rank 1 : true
2023-02-07 19:29:51,372 [INFO] ADCParametersView:113 -                Rank 1 : true
2023-02-07 19:29:51,372 [INFO] ADCParametersView:113 -                Rank 1 : true
2023-02-07 19:29:51,410 [INFO] ADCParametersView:113 -                Rank 1 : true
2023-02-07 19:30:13,146 [INFO] ADCParametersView:113 -                Rank 1 : false
2023-02-07 19:30:14,869 [INFO] ADCParametersView:113 -                Rank 1 : true
2023-02-07 19:30:17,370 [INFO] ADCParametersView:113 -                Rank 1 : false
2023-02-07 19:30:19,608 [INFO] ADCParametersView:113 -                Rank 1 : true
2023-02-07 19:30:20,517 [INFO] ADCParametersView:113 -                Rank 1 : false
2023-02-07 19:31:05,375 [INFO] UtilMem:74 - End SaveConfig() Used Memory: 471881056 Bytes (1073741824)
2023-02-07 19:31:10,042 [INFO] UtilMem:74 - End SaveConfig() Used Memory: 649839864 Bytes (1073741824)
2023-02-07 19:31:10,645 [INFO] BlockDiagram:2753 - set Specific Code input for plugin: ADC
2023-02-07 19:31:10,645 [INFO] BlockDiagram:2753 - set Specific Code input for plugin: RCC
2023-02-07 19:31:10,646 [INFO] BlockDiagram:2753 - set Specific Code input for plugin: NVIC
2023-02-07 19:31:10,646 [INFO] BlockDiagram:2753 - set Specific Code input for plugin: DAC
2023-02-07 19:31:10,646 [INFO] BlockDiagram:2753 - set Specific Code input for plugin: GPIO
2023-02-07 19:31:10,648 [INFO] CodeGenerator:690 - code generatio: config db path: C:\ST\STM32CubeIDE_1.10.1\STM32CubeIDE\plugins\com.st.stm32cube.common.mx_6.6.1.202207061420\\db\
2023-02-07 19:31:10,958 [INFO] CodeEngine:245 - oldGeneratedFile, C:\Users\VeliSacikara\Documents\STM32_Projeler\005_ADC-DAC_example_hal\005_ADC-DAC_example_hal\MXTmpFiles\license.tmp_save
2023-02-07 19:31:11,143 [INFO] CodeEngine:269 - Generated code: C:\Users\VeliSacikara\Documents\STM32_Projeler\005_ADC-DAC_example_hal\005_ADC-DAC_example_hal\MXTmpFiles\license.tmp
2023-02-07 19:31:11,221 [INFO] CodeEngine:245 - oldGeneratedFile, C:\Users\VeliSacikara\Documents\STM32_Projeler\005_ADC-DAC_example_hal\005_ADC-DAC_example_hal\MXTmpFiles\gpio.tmp_save
2023-02-07 19:31:11,461 [INFO] CodeEngine:269 - Generated code: C:\Users\VeliSacikara\Documents\STM32_Projeler\005_ADC-DAC_example_hal\005_ADC-DAC_example_hal\MXTmpFiles\gpio.tmp
2023-02-07 19:31:11,625 [INFO] CodeEngine:245 - oldGeneratedFile, C:\Users\VeliSacikara\Documents\STM32_Projeler\005_ADC-DAC_example_hal\005_ADC-DAC_example_hal\Core\Src\stm32f4xx_it.c_save
2023-02-07 19:31:11,794 [INFO] CodeEngine:269 - Generated code: C:\Users\VeliSacikara\Documents\STM32_Projeler\005_ADC-DAC_example_hal\005_ADC-DAC_example_hal\Core\Src\stm32f4xx_it.c
2023-02-07 19:31:11,804 [INFO] CodeEngine:245 - oldGeneratedFile, C:\Users\VeliSacikara\Documents\STM32_Projeler\005_ADC-DAC_example_hal\005_ADC-DAC_example_hal\Core\Inc\stm32f4xx_it.h_save
2023-02-07 19:31:11,933 [INFO] CodeEngine:269 - Generated code: C:\Users\VeliSacikara\Documents\STM32_Projeler\005_ADC-DAC_example_hal\005_ADC-DAC_example_hal\Core\Inc\stm32f4xx_it.h
2023-02-07 19:31:11,968 [INFO] CodeEngine:245 - oldGeneratedFile, C:\Users\VeliSacikara\Documents\STM32_Projeler\005_ADC-DAC_example_hal\005_ADC-DAC_example_hal\Core\Src\stm32f4xx_hal_msp.c_save
2023-02-07 19:31:12,153 [INFO] CodeEngine:269 - Generated code: C:\Users\VeliSacikara\Documents\STM32_Projeler\005_ADC-DAC_example_hal\005_ADC-DAC_example_hal\Core\Src\stm32f4xx_hal_msp.c
2023-02-07 19:31:12,160 [INFO] CodeEngine:245 - oldGeneratedFile, C:\Users\VeliSacikara\Documents\STM32_Projeler\005_ADC-DAC_example_hal\005_ADC-DAC_example_hal\MXTmpFiles\system.tmp_save
2023-02-07 19:31:12,252 [INFO] CodeEngine:269 - Generated code: C:\Users\VeliSacikara\Documents\STM32_Projeler\005_ADC-DAC_example_hal\005_ADC-DAC_example_hal\MXTmpFiles\system.tmp
2023-02-07 19:31:12,272 [INFO] CodeEngine:245 - oldGeneratedFile, C:\Users\VeliSacikara\Documents\STM32_Projeler\005_ADC-DAC_example_hal\005_ADC-DAC_example_hal\Core\Inc\stm32f4xx_hal_conf.h_save
2023-02-07 19:31:12,463 [INFO] CodeEngine:269 - Generated code: C:\Users\VeliSacikara\Documents\STM32_Projeler\005_ADC-DAC_example_hal\005_ADC-DAC_example_hal\Core\Inc\stm32f4xx_hal_conf.h
2023-02-07 19:31:12,597 [INFO] CodeEngine:245 - oldGeneratedFile, C:\Users\VeliSacikara\Documents\STM32_Projeler\005_ADC-DAC_example_hal\005_ADC-DAC_example_hal\Core\Inc\main.h_save
2023-02-07 19:31:12,745 [INFO] CodeEngine:269 - Generated code: C:\Users\VeliSacikara\Documents\STM32_Projeler\005_ADC-DAC_example_hal\005_ADC-DAC_example_hal\Core\Inc\main.h
2023-02-07 19:31:12,764 [INFO] CodeEngine:245 - oldGeneratedFile, C:\Users\VeliSacikara\Documents\STM32_Projeler\005_ADC-DAC_example_hal\005_ADC-DAC_example_hal\Core\Src\main.c_save
2023-02-07 19:31:12,946 [INFO] CodeEngine:269 - Generated code: C:\Users\VeliSacikara\Documents\STM32_Projeler\005_ADC-DAC_example_hal\005_ADC-DAC_example_hal\Core\Src\main.c
2023-02-07 19:31:14,140 [INFO] ProjectBuilder:2919 - Time for Copy HAL[1] : 413mS.
2023-02-07 19:31:14,145 [INFO] ProjectBuilder:4117 - Project Generator version: 3.17.1
2023-02-07 19:31:14,688 [INFO] ConfigFileManager:1394 - The Die is : DIE413
2023-02-07 19:31:17,994 [INFO] ProjectBuilder:4285 - Time for Generating toolchain IDE Files: 3849mS.
2023-02-07 19:31:17,995 [INFO] ProjectBuilder:2790 - Time for Copy CMSIS : 0mS.
2023-02-07 19:31:18,006 [INFO] ProjectBuilder:2790 - Time for Copy CMSIS : 0mS.
