2023-03-18 20:13:37,701 [INFO] Activator:177 - 


2023-03-18 20:13:37,704 [INFO] Activator:178 - !SESSION log4j initialized
2023-03-18 20:13:54,617 [INFO] McuFinderGlobals:44 - Set McuFinder mode to 2 (CubeIDE integrated)
2023-03-18 20:13:55,334 [INFO] ApplicationProperties:181 - Using Application install path: C:\ST\STM32CubeIDE_1.10.1\STM32CubeIDE\plugins\com.st.stm32cube.common.mx_6.6.1.202207061420
2023-03-18 20:13:55,356 [INFO] DbMcusXml:77 - Set database path to: C:\ST\STM32CubeIDE_1.10.1\STM32CubeIDE\plugins\com.st.stm32cube.common.mx_6.6.1.202207061420\\db\/mcu/
2023-03-18 20:13:55,356 [INFO] ApiDb:269 - Set plugin database path to: C:\ST\STM32CubeIDE_1.10.1\STM32CubeIDE\plugins\com.st.stm32cube.common.mx_6.6.1.202207061420\\db\/plugins/boardmanager/
2023-03-18 20:13:55,360 [WARN] ApiDb:254 - Overriding images path with different value:  => C:\ST\STM32CubeIDE_1.10.1\STM32CubeIDE\plugins\com.st.stm32cube.common.mx_6.6.1.202207061420\\db\/plugins/mcufinder/images/
2023-03-18 20:13:55,388 [INFO] ApiDb:249 - Set database path to: C:\Users\VeliSacikara\.stmcufinder\plugins\mcufinder//mcu/
2023-03-18 20:13:55,391 [INFO] DbMcusAds:124 - Set database path to: C:\Users\VeliSacikara\.stmcufinder\plugins\mcufinder//mcu/
2023-03-18 20:13:55,401 [INFO] CrossReferenceDbSqlite:201 - Set database path to: C:\Users\VeliSacikara\.stmcufinder\plugins\mcufinder//mcu/cs/
2023-03-18 20:13:55,592 [INFO] RulesReader:61 - Compatibility file has been processed (282 Rules)
2023-03-18 20:13:55,737 [INFO] DbMcusXml:77 - Set database path to: C:\ST\STM32CubeIDE_1.10.1\STM32CubeIDE\plugins\com.st.stm32cube.common.mx_6.6.1.202207061420\\db\/mcu/
2023-03-18 20:13:55,737 [INFO] ApiDb:269 - Set plugin database path to: C:\ST\STM32CubeIDE_1.10.1\STM32CubeIDE\plugins\com.st.stm32cube.common.mx_6.6.1.202207061420\\db\/plugins/boardmanager/
2023-03-18 20:13:55,738 [INFO] ApiDb:256 - Set plugin images path to: C:\ST\STM32CubeIDE_1.10.1\STM32CubeIDE\plugins\com.st.stm32cube.common.mx_6.6.1.202207061420\\db\/plugins/mcufinder/images/
2023-03-18 20:13:55,738 [WARN] DbFile:40 - Overriding database path with different value: C:\Users\VeliSacikara\.stmcufinder\plugins\mcufinder/ => C:\Users\VeliSacikara\.stmcufinder\plugins\mcufinder
2023-03-18 20:13:55,739 [INFO] ApiDb:249 - Set database path to: C:\Users\VeliSacikara\.stmcufinder\plugins\mcufinder//mcu/
2023-03-18 20:13:55,739 [WARN] DbFile:40 - Overriding database path with different value: C:\Users\VeliSacikara\.stmcufinder\plugins\mcufinder/ => C:\Users\VeliSacikara\.stmcufinder\plugins\mcufinder
2023-03-18 20:13:55,739 [INFO] DbMcusAds:124 - Set database path to: C:\Users\VeliSacikara\.stmcufinder\plugins\mcufinder//mcu/
2023-03-18 20:13:55,740 [WARN] DbFile:40 - Overriding database path with different value: C:\Users\VeliSacikara\.stmcufinder\plugins\mcufinder/ => C:\Users\VeliSacikara\.stmcufinder\plugins\mcufinder
2023-03-18 20:13:55,741 [WARN] DbFile:40 - Overriding database path with different value: C:\Users\VeliSacikara\.stmcufinder\plugins\mcufinder/ => C:\Users\VeliSacikara\.stmcufinder\plugins\mcufinder
2023-03-18 20:13:55,742 [INFO] CrossReferenceDbSqlite:201 - Set database path to: C:\Users\VeliSacikara\.stmcufinder\plugins\mcufinder//mcu/cs/
2023-03-18 20:13:55,868 [INFO] MainPanel:242 - HeapMemory: 268435456
2023-03-18 20:13:56,020 [INFO] DbMcusXml:77 - Set database path to: C:\ST\STM32CubeIDE_1.10.1\STM32CubeIDE\plugins\com.st.stm32cube.common.mx_6.6.1.202207061420\\db\/mcu/
2023-03-18 20:13:56,021 [INFO] ApiDb:269 - Set plugin database path to: C:\ST\STM32CubeIDE_1.10.1\STM32CubeIDE\plugins\com.st.stm32cube.common.mx_6.6.1.202207061420\\db\/plugins/boardmanager/
2023-03-18 20:13:56,021 [INFO] ApiDb:256 - Set plugin images path to: C:\ST\STM32CubeIDE_1.10.1\STM32CubeIDE\plugins\com.st.stm32cube.common.mx_6.6.1.202207061420\\db\/plugins/mcufinder/images/
2023-03-18 20:13:56,022 [WARN] DbFile:40 - Overriding database path with different value: C:\Users\VeliSacikara\.stmcufinder\plugins\mcufinder/ => C:\Users\VeliSacikara\.stmcufinder\plugins\mcufinder
2023-03-18 20:13:56,022 [INFO] ApiDb:249 - Set database path to: C:\Users\VeliSacikara\.stmcufinder\plugins\mcufinder//mcu/
2023-03-18 20:13:56,022 [WARN] DbFile:40 - Overriding database path with different value: C:\Users\VeliSacikara\.stmcufinder\plugins\mcufinder/ => C:\Users\VeliSacikara\.stmcufinder\plugins\mcufinder
2023-03-18 20:13:56,022 [INFO] DbMcusAds:124 - Set database path to: C:\Users\VeliSacikara\.stmcufinder\plugins\mcufinder//mcu/
2023-03-18 20:13:56,023 [WARN] DbFile:40 - Overriding database path with different value: C:\Users\VeliSacikara\.stmcufinder\plugins\mcufinder/ => C:\Users\VeliSacikara\.stmcufinder\plugins\mcufinder
2023-03-18 20:13:56,023 [WARN] DbFile:40 - Overriding database path with different value: C:\Users\VeliSacikara\.stmcufinder\plugins\mcufinder/ => C:\Users\VeliSacikara\.stmcufinder\plugins\mcufinder
2023-03-18 20:13:56,024 [INFO] CrossReferenceDbSqlite:201 - Set database path to: C:\Users\VeliSacikara\.stmcufinder\plugins\mcufinder//mcu/cs/
2023-03-18 20:13:56,054 [INFO] ApplicationProperties:181 - Using Application install path: C:\ST\STM32CubeIDE_1.10.1\STM32CubeIDE\plugins\com.st.stm32cube.common.mx_6.6.1.202207061420
2023-03-18 20:13:56,056 [INFO] PluginManage:193 - Search for loadable plugins [exclusion list=, ]
2023-03-18 20:13:56,058 [INFO] PluginManage:307 - Check plugin analytics
2023-03-18 20:13:56,330 [INFO] AnalyticsPlugin:262 - Accepted Software Licenses: 
2023-03-18 20:13:56,331 [INFO] AnalyticsPlugin:264 - Accepted CMSIS Pack Licenses: 
2023-03-18 20:13:56,331 [INFO] AnalyticsPlugin:266 - Accepted Firmware Licenses: FW.F4.1.27.0
2023-03-18 20:13:56,344 [INFO] PluginManage:356 - Loaded plugin analytics (category:tool,tabindex:-1)
2023-03-18 20:13:56,345 [INFO] PluginManage:307 - Check plugin cadmodel
2023-03-18 20:13:56,364 [INFO] CADModel:65 - Init CAD model plugin
2023-03-18 20:13:56,365 [INFO] PluginManage:356 - Loaded plugin cadmodel (category:power,tabindex:5)
2023-03-18 20:13:56,365 [INFO] PluginManage:307 - Check plugin clock
2023-03-18 20:13:56,392 [INFO] PluginManage:356 - Loaded plugin clock (category:base,tabindex:2)
2023-03-18 20:13:56,392 [INFO] PluginManage:307 - Check plugin ddr
2023-03-18 20:13:56,397 [INFO] PluginManage:356 - Loaded plugin ddr (category:tool,tabindex:6)
2023-03-18 20:13:56,398 [INFO] PluginManage:307 - Check plugin filemanager
2023-03-18 20:13:56,606 [INFO] PluginManage:356 - Loaded plugin filemanager (category:base,tabindex:10)
2023-03-18 20:13:56,606 [INFO] PluginManage:307 - Check plugin ipmanager
2023-03-18 20:13:56,620 [INFO] PluginManage:356 - Loaded plugin ipmanager (category:base,tabindex:5)
2023-03-18 20:13:56,620 [INFO] PluginManage:307 - Check plugin lpbam
2023-03-18 20:13:56,648 [INFO] PluginManage:356 - Loaded plugin lpbam (category:base,tabindex:0)
2023-03-18 20:13:56,650 [INFO] PluginManage:307 - Check plugin pinoutandconfiguration
2023-03-18 20:13:56,676 [INFO] PluginManage:356 - Loaded plugin pinoutandconfiguration (category:base,tabindex:1)
2023-03-18 20:13:56,676 [INFO] PluginManage:307 - Check plugin pinoutconfig
2023-03-18 20:13:56,737 [INFO] PluginManage:356 - Loaded plugin pinoutconfig (category:base,tabindex:0)
2023-03-18 20:13:56,737 [INFO] PluginManage:307 - Check plugin power
2023-03-18 20:13:56,765 [INFO] PluginManage:356 - Loaded plugin power (category:power,tabindex:4)
2023-03-18 20:13:56,766 [INFO] PluginManage:307 - Check plugin projectmanager
2023-03-18 20:13:56,792 [INFO] PluginManage:356 - Loaded plugin projectmanager (category:projectmanager,tabindex:3)
2023-03-18 20:13:56,792 [INFO] PluginManage:307 - Check plugin thirdparty
2023-03-18 20:13:57,290 [WARN] IntegrityCheckThread:82 - waiting for thirdparty lock release [integrity check]
2023-03-18 20:13:57,291 [INFO] PluginManage:356 - Loaded plugin thirdparty (category:base,tabindex:-1)
2023-03-18 20:13:57,291 [INFO] IntegrityCheckThread:84 - entering critical section [integrity check]
2023-03-18 20:13:57,291 [INFO] PluginManage:307 - Check plugin tools
2023-03-18 20:13:57,294 [INFO] ThirdPartyUpdaterWithRetryManager:70 - Updater plugin not ready yet. [1/15]
2023-03-18 20:13:57,330 [INFO] PluginManage:356 - Loaded plugin tools (category:base,tabindex:7)
2023-03-18 20:13:57,330 [INFO] PluginManage:307 - Check plugin tutovideos
2023-03-18 20:13:57,648 [INFO] PluginManage:356 - Loaded plugin tutovideos (category:base,tabindex:-1)
2023-03-18 20:13:57,648 [INFO] PluginManage:307 - Check plugin updater
2023-03-18 20:13:57,666 [INFO] PluginManage:356 - Loaded plugin updater (category:base,tabindex:12)
2023-03-18 20:13:57,666 [INFO] PluginManage:280 - PluginManage : Loaded plugins [15]
2023-03-18 20:13:58,018 [INFO] PinOutPanel:1468 - setPackage(No Configuration,No Configuration)
2023-03-18 20:13:58,112 [INFO] CADModel:98 - CPN selected for project level
2023-03-18 20:13:58,150 [INFO] IPUIPlugin:79 - create IPUIPlugin
2023-03-18 20:13:58,150 [INFO] PluginManager:217 - loadIPPluginJar : add adc
2023-03-18 20:13:58,204 [INFO] IPUIPlugin:79 - create IPUIPlugin
2023-03-18 20:13:58,204 [INFO] PluginManager:217 - loadIPPluginJar : add aes
2023-03-18 20:13:58,250 [INFO] IPUIPlugin:79 - create IPUIPlugin
2023-03-18 20:13:58,250 [INFO] PluginManager:217 - loadIPPluginJar : add can
2023-03-18 20:13:58,283 [INFO] IPUIPlugin:79 - create IPUIPlugin
2023-03-18 20:13:58,283 [INFO] PluginManager:217 - loadIPPluginJar : add comp
2023-03-18 20:13:58,334 [INFO] IPUIPlugin:79 - create IPUIPlugin
2023-03-18 20:13:58,334 [INFO] PluginManager:217 - loadIPPluginJar : add cryp
2023-03-18 20:13:58,391 [INFO] IPUIPlugin:79 - create IPUIPlugin
2023-03-18 20:13:58,391 [INFO] PluginManager:217 - loadIPPluginJar : add dfsdm
2023-03-18 20:13:58,416 [INFO] IPUIPlugin:79 - create IPUIPlugin
2023-03-18 20:13:58,416 [INFO] PluginManager:217 - loadIPPluginJar : add dma
2023-03-18 20:13:58,500 [INFO] IPUIPlugin:79 - create IPUIPlugin
2023-03-18 20:13:58,500 [INFO] PluginManager:217 - loadIPPluginJar : add dma3
2023-03-18 20:13:58,583 [INFO] IPUIPlugin:79 - create IPUIPlugin
2023-03-18 20:13:58,585 [INFO] PluginManager:217 - loadIPPluginJar : add fatfs
2023-03-18 20:13:58,666 [INFO] IPUIPlugin:79 - create IPUIPlugin
2023-03-18 20:13:58,666 [INFO] PluginManager:217 - loadIPPluginJar : add fmc
2023-03-18 20:13:58,691 [INFO] IPUIPlugin:79 - create IPUIPlugin
2023-03-18 20:13:58,691 [INFO] PluginManager:217 - loadIPPluginJar : add freertos
2023-03-18 20:13:58,725 [INFO] IPUIPlugin:79 - create IPUIPlugin
2023-03-18 20:13:58,725 [INFO] PluginManager:217 - loadIPPluginJar : add genericplugin
2023-03-18 20:13:58,867 [INFO] IPUIPlugin:79 - create IPUIPlugin
2023-03-18 20:13:58,867 [INFO] PluginManager:217 - loadIPPluginJar : add gfxmmu
2023-03-18 20:13:59,042 [INFO] IPUIPlugin:79 - create IPUIPlugin
2023-03-18 20:13:59,042 [INFO] PluginManager:217 - loadIPPluginJar : add gic
2023-03-18 20:13:59,082 [INFO] IPUIPlugin:79 - create IPUIPlugin
2023-03-18 20:13:59,082 [INFO] PluginManager:217 - loadIPPluginJar : add gpio
2023-03-18 20:13:59,233 [INFO] IPUIPlugin:79 - create IPUIPlugin
2023-03-18 20:13:59,233 [INFO] PluginManager:217 - loadIPPluginJar : add gtzc
2023-03-18 20:13:59,316 [INFO] IPUIPlugin:79 - create IPUIPlugin
2023-03-18 20:13:59,316 [INFO] PluginManager:217 - loadIPPluginJar : add hash
2023-03-18 20:13:59,418 [INFO] IPUIPlugin:79 - create IPUIPlugin
2023-03-18 20:13:59,418 [INFO] PluginManager:217 - loadIPPluginJar : add i2c
2023-03-18 20:13:59,464 [INFO] IPUIPlugin:79 - create IPUIPlugin
2023-03-18 20:13:59,464 [INFO] PluginManager:217 - loadIPPluginJar : add i2s
2023-03-18 20:13:59,649 [INFO] IPUIPlugin:79 - create IPUIPlugin
2023-03-18 20:13:59,649 [INFO] PluginManager:217 - loadIPPluginJar : add ipddr
2023-03-18 20:13:59,799 [INFO] IPUIPlugin:79 - create IPUIPlugin
2023-03-18 20:13:59,799 [INFO] PluginManager:217 - loadIPPluginJar : add linkedlist
2023-03-18 20:13:59,876 [INFO] IPUIPlugin:79 - create IPUIPlugin
2023-03-18 20:13:59,876 [INFO] PluginManager:217 - loadIPPluginJar : add lorawan
2023-03-18 20:13:59,974 [INFO] IPUIPlugin:79 - create IPUIPlugin
2023-03-18 20:13:59,975 [INFO] PluginManager:217 - loadIPPluginJar : add ltdc
2023-03-18 20:14:00,049 [INFO] IPUIPlugin:79 - create IPUIPlugin
2023-03-18 20:14:00,049 [INFO] PluginManager:217 - loadIPPluginJar : add mdma
2023-03-18 20:14:00,084 [INFO] IPUIPlugin:79 - create IPUIPlugin
2023-03-18 20:14:00,084 [INFO] PluginManager:217 - loadIPPluginJar : add nvic
2023-03-18 20:14:00,183 [INFO] IPUIPlugin:79 - create IPUIPlugin
2023-03-18 20:14:00,183 [INFO] PluginManager:217 - loadIPPluginJar : add opamp
2023-03-18 20:14:00,292 [INFO] IPUIPlugin:79 - create IPUIPlugin
2023-03-18 20:14:00,292 [INFO] PluginManager:217 - loadIPPluginJar : add openamp
2023-03-18 20:14:00,305 [INFO] ThirdPartyUpdaterWithRetryManager:70 - Updater plugin not ready yet. [2/15]
2023-03-18 20:14:00,366 [INFO] IPUIPlugin:79 - create IPUIPlugin
2023-03-18 20:14:00,366 [INFO] PluginManager:217 - loadIPPluginJar : add pdm2pcm
2023-03-18 20:14:00,400 [INFO] IPUIPlugin:79 - create IPUIPlugin
2023-03-18 20:14:00,408 [INFO] PluginManager:217 - loadIPPluginJar : add plateformsettings
2023-03-18 20:14:00,458 [INFO] IPUIPlugin:79 - create IPUIPlugin
2023-03-18 20:14:00,458 [INFO] PluginManager:217 - loadIPPluginJar : add quadspi
2023-03-18 20:14:00,483 [INFO] IPUIPlugin:79 - create IPUIPlugin
2023-03-18 20:14:00,490 [INFO] PluginManager:217 - loadIPPluginJar : add resmgrutility
2023-03-18 20:14:00,624 [INFO] IPUIPlugin:79 - create IPUIPlugin
2023-03-18 20:14:00,624 [INFO] PluginManager:217 - loadIPPluginJar : add sai
2023-03-18 20:14:00,740 [INFO] IPUIPlugin:79 - create IPUIPlugin
2023-03-18 20:14:00,740 [INFO] PluginManager:217 - loadIPPluginJar : add spi
2023-03-18 20:14:00,884 [INFO] IPUIPlugin:79 - create IPUIPlugin
2023-03-18 20:14:00,884 [INFO] PluginManager:217 - loadIPPluginJar : add stm32_wpan
2023-03-18 20:14:00,941 [INFO] IPUIPlugin:79 - create IPUIPlugin
2023-03-18 20:14:00,941 [INFO] PluginManager:217 - loadIPPluginJar : add tim
2023-03-18 20:14:01,083 [INFO] IPUIPlugin:79 - create IPUIPlugin
2023-03-18 20:14:01,083 [INFO] PluginManager:217 - loadIPPluginJar : add touchsensing
2023-03-18 20:14:01,125 [INFO] IPUIPlugin:79 - create IPUIPlugin
2023-03-18 20:14:01,125 [INFO] PluginManager:217 - loadIPPluginJar : add tracer_emb
2023-03-18 20:14:01,166 [INFO] IPUIPlugin:79 - create IPUIPlugin
2023-03-18 20:14:01,166 [INFO] PluginManager:217 - loadIPPluginJar : add ts
2023-03-18 20:14:01,208 [INFO] IPUIPlugin:79 - create IPUIPlugin
2023-03-18 20:14:01,208 [INFO] PluginManager:217 - loadIPPluginJar : add tsc
2023-03-18 20:14:01,241 [INFO] IPUIPlugin:79 - create IPUIPlugin
2023-03-18 20:14:01,249 [INFO] PluginManager:217 - loadIPPluginJar : add ucpd
2023-03-18 20:14:01,324 [INFO] IPUIPlugin:79 - create IPUIPlugin
2023-03-18 20:14:01,324 [INFO] PluginManager:217 - loadIPPluginJar : add usart
2023-03-18 20:14:01,416 [INFO] IPUIPlugin:79 - create IPUIPlugin
2023-03-18 20:14:01,416 [INFO] PluginManager:217 - loadIPPluginJar : add usbx
2023-03-18 20:14:02,059 [FATAL] Updater:301 - Updater called before beeing initialized
2023-03-18 20:14:02,335 [FATAL] Updater:301 - Updater called before beeing initialized
2023-03-18 20:14:02,371 [INFO] DbMcusAds:52 - JSON generation date=Tue Feb 21 17:58:20 TRT 2023 (1676991500439)
2023-03-18 20:14:02,374 [FATAL] Updater:301 - Updater called before beeing initialized
2023-03-18 20:14:02,535 [WARN] DetailPanel:344 - Failed to get advertising image, set to default
2023-03-18 20:14:02,832 [FATAL] Updater:301 - Updater called before beeing initialized
2023-03-18 20:14:02,834 [FATAL] Updater:301 - Updater called before beeing initialized
2023-03-18 20:14:02,834 [FATAL] Updater:301 - Updater called before beeing initialized
2023-03-18 20:14:02,834 [WARN] DetailPanel:344 - Failed to get advertising image, set to default
2023-03-18 20:14:02,834 [FATAL] Updater:301 - Updater called before beeing initialized
2023-03-18 20:14:02,975 [ERROR] Updater:1105 - MainUpdater not yet initialized. External WinMGr cannot be set.
2023-03-18 20:14:02,991 [INFO] Updater:1041 - Updater Version found : 6.6.1
2023-03-18 20:14:03,042 [INFO] ApplicationProperties:181 - Using Application install path: C:\ST\STM32CubeIDE_1.10.1\STM32CubeIDE\plugins\com.st.stm32cube.common.mx_6.6.1.202207061420
2023-03-18 20:14:03,317 [INFO] ThirdPartyUpdaterWithRetryManager:70 - Updater plugin not ready yet. [3/15]
2023-03-18 20:14:03,723 [INFO] MainUpdater:2768 - connection check result : 10
2023-03-18 20:14:03,724 [INFO] MainUpdater:3453 - Updater definition file requires update
2023-03-18 20:14:03,728 [INFO] MainUpdater:280 - Updater Check For Update Now.
2023-03-18 20:14:03,729 [INFO] MicroXplorer:481 - Change Database Version : DB.6.0.60
2023-03-18 20:14:03,830 [INFO] ServerAccessManage:474 - Download File updaters.zip
2023-03-18 20:14:04,167 [INFO] FileExtend:239 - Unzip File : updaters.zip
2023-03-18 20:14:04,167 [INFO] FileExtend:254 - Standard Zip Deflate
2023-03-18 20:14:05,153 [INFO] ServerAccessManage:474 - Download File PacksControlFlags.xml
2023-03-18 20:14:05,210 [ERROR] LogOutputStream:74 - [STDERR_REDIRECT] SLF4J: Failed to load class "org.slf4j.impl.StaticLoggerBinder".
2023-03-18 20:14:05,212 [ERROR] LogOutputStream:74 - [STDERR_REDIRECT] SLF4J: Defaulting to no-operation (NOP) logger implementation
2023-03-18 20:14:05,216 [ERROR] LogOutputStream:74 - [STDERR_REDIRECT] SLF4J: See http://www.slf4j.org/codes.html#StaticLoggerBinder for further details.
2023-03-18 20:14:05,457 [INFO] ServerAccessManage:474 - Download File cubemx.pidx
2023-03-18 20:14:06,318 [WARN] MainUpdater:1184 - Updater busy. Cannot search thirdparties
2023-03-18 20:14:06,318 [INFO] ThirdPartyUpdaterWithRetryManager:96 - Updater plugin is busy. [1/15]
2023-03-18 20:14:08,732 [INFO] ServerAccessManage:474 - Download File SEGGER.I-CUBE-embOS.pdsc
2023-03-18 20:14:09,333 [WARN] MainUpdater:1184 - Updater busy. Cannot search thirdparties
2023-03-18 20:14:09,333 [INFO] ThirdPartyUpdaterWithRetryManager:96 - Updater plugin is busy. [2/15]
2023-03-18 20:14:11,218 [INFO] ServerAccessManage:474 - Download File WES.I-CUBE-Cesium.pdsc
2023-03-18 20:14:12,341 [WARN] MainUpdater:1184 - Updater busy. Cannot search thirdparties
2023-03-18 20:14:12,341 [INFO] ThirdPartyUpdaterWithRetryManager:96 - Updater plugin is busy. [3/15]
2023-03-18 20:14:13,617 [ERROR] ServerAccessManage:1090 - Problem, file not found on Server
2023-03-18 20:14:14,501 [ERROR] ServerAccessManage:1090 - Problem, file not found on Server
2023-03-18 20:14:15,009 [WARN] PackLoader:242 - Cannot read IP mode file for SEGGER.I-CUBE-embOS.1.3.1
2023-03-18 20:14:15,015 [INFO] CheckServerUpdateThread:119 - End of CheckServer Thread
2023-03-18 20:14:15,158 [INFO] MainUpdater:2768 - connection check result : 10
2023-03-18 20:14:15,194 [WARN] PackLoader:242 - Cannot read IP mode file for WES.I-CUBE-Cesium.1.3.0
2023-03-18 20:14:15,194 [INFO] PopulateThirdPartyThread:64 - Ending populate Thread
2023-03-18 20:14:15,194 [INFO] ThirdParty:981 - CMSIS Pack Vendor :WES I-CUBE-Cesium 1.3.0
2023-03-18 20:14:15,194 [INFO] ThirdParty:981 - CMSIS Pack Vendor :SEGGER I-CUBE-embOS 1.3.1
2023-03-18 20:14:15,194 [INFO] LoadServerUpdatesThread:367 - End of LoadServerUpdate Thread
2023-03-18 20:14:15,203 [INFO] McuFinderGlobals:57 - Set McuFinderConnectedMode to true
2023-03-18 20:14:15,349 [WARN] MainUpdater:1184 - Updater busy. Cannot search thirdparties
2023-03-18 20:14:15,349 [INFO] ThirdPartyUpdaterWithRetryManager:96 - Updater plugin is busy. [4/15]
2023-03-18 20:14:15,639 [INFO] ServerAccessManage:474 - Download File mcusAds.json._tmp_
2023-03-18 20:14:15,773 [INFO] LoadUrlFilesThread:150 - End of LoadUrlFiles Thread
2023-03-18 20:14:16,238 [INFO] ServerAccessManage:474 - Download File cube-finder-db.zip
2023-03-18 20:14:18,354 [WARN] MainUpdater:1184 - Updater busy. Cannot search thirdparties
2023-03-18 20:14:18,354 [INFO] ThirdPartyUpdaterWithRetryManager:96 - Updater plugin is busy. [5/15]
2023-03-18 20:14:21,355 [WARN] MainUpdater:1184 - Updater busy. Cannot search thirdparties
2023-03-18 20:14:21,355 [INFO] ThirdPartyUpdaterWithRetryManager:96 - Updater plugin is busy. [6/15]
2023-03-18 20:14:24,355 [WARN] MainUpdater:1184 - Updater busy. Cannot search thirdparties
2023-03-18 20:14:24,355 [INFO] ThirdPartyUpdaterWithRetryManager:96 - Updater plugin is busy. [7/15]
2023-03-18 20:14:27,366 [WARN] MainUpdater:1184 - Updater busy. Cannot search thirdparties
2023-03-18 20:14:27,366 [INFO] ThirdPartyUpdaterWithRetryManager:96 - Updater plugin is busy. [8/15]
2023-03-18 20:14:30,371 [WARN] MainUpdater:1184 - Updater busy. Cannot search thirdparties
2023-03-18 20:14:30,371 [INFO] ThirdPartyUpdaterWithRetryManager:96 - Updater plugin is busy. [9/15]
2023-03-18 20:14:33,380 [WARN] MainUpdater:1184 - Updater busy. Cannot search thirdparties
2023-03-18 20:14:33,380 [INFO] ThirdPartyUpdaterWithRetryManager:96 - Updater plugin is busy. [10/15]
2023-03-18 20:14:36,388 [WARN] MainUpdater:1184 - Updater busy. Cannot search thirdparties
2023-03-18 20:14:36,388 [INFO] ThirdPartyUpdaterWithRetryManager:96 - Updater plugin is busy. [11/15]
2023-03-18 20:14:39,393 [WARN] MainUpdater:1184 - Updater busy. Cannot search thirdparties
2023-03-18 20:14:39,394 [INFO] ThirdPartyUpdaterWithRetryManager:96 - Updater plugin is busy. [12/15]
2023-03-18 20:14:40,301 [INFO] FileExtend:239 - Unzip File : cube-finder-db.zip
2023-03-18 20:14:40,301 [INFO] FileExtend:254 - Standard Zip Deflate
2023-03-18 20:14:42,405 [WARN] MainUpdater:1184 - Updater busy. Cannot search thirdparties
2023-03-18 20:14:42,405 [INFO] ThirdPartyUpdaterWithRetryManager:96 - Updater plugin is busy. [13/15]
2023-03-18 20:14:42,580 [INFO] LoadUrlFilesThread:150 - End of LoadUrlFiles Thread
2023-03-18 20:14:43,097 [INFO] ServerAccessManage:474 - Download File crdb.zip
2023-03-18 20:14:43,673 [INFO] FileExtend:239 - Unzip File : crdb.zip
2023-03-18 20:14:43,673 [INFO] FileExtend:254 - Standard Zip Deflate
2023-03-18 20:14:43,924 [INFO] LoadUrlFilesThread:150 - End of LoadUrlFiles Thread
2023-03-18 20:14:44,014 [INFO] ServerAccessManage:474 - Download File tutoVideoDB.zip
2023-03-18 20:14:44,130 [INFO] FileExtend:239 - Unzip File : tutoVideoDB.zip
2023-03-18 20:14:44,131 [INFO] FileExtend:254 - Standard Zip Deflate
2023-03-18 20:14:44,247 [INFO] LoadUrlFilesThread:150 - End of LoadUrlFiles Thread
2023-03-18 20:14:44,275 [INFO] JxBrowserEngine:106 - Initiate JxBrowser Engine with user profile folder
2023-03-18 20:14:44,668 [ERROR] JxBrowserEngine:59 - Can't initiate JxBrowser engine com.teamdev.jxbrowser.engine.ChromiumBinariesExtractionException: Failed to extract Chromium binaries into C:\Users\VeliSacikara\.stm32cubemx\.jxbrowser\Chromium
2023-03-18 20:14:44,668 [WARN] DbFile:40 - Overriding database path with different value: C:\Users\VeliSacikara\.stmcufinder\plugins\mcufinder/ => C:\Users\VeliSacikara\.stmcufinder\plugins\mcufinder
2023-03-18 20:14:44,748 [INFO] ServerAccessManage:474 - Download File api_config.json
2023-03-18 20:14:44,856 [INFO] LoadUrlFilesThread:150 - End of LoadUrlFiles Thread
2023-03-18 20:14:44,857 [INFO] DbMcusAds:52 - JSON generation date=Tue Mar 07 11:50:55 TRT 2023 (1678179055114)
2023-03-18 20:14:45,052 [INFO] ServerAccessManage:474 - Download File 
2023-03-18 20:14:45,055 [INFO] LoadUrlFilesThread:177 - End of LoadServerUrlFiles without Thread
2023-03-18 20:14:45,055 [INFO] TargetSelectorAdapter:228 - Refresh data is successful
2023-03-18 20:14:45,269 [INFO] ApiDb:576 - Connected to CubeFinder SQLite database (C:\Users\VeliSacikara\.stmcufinder\plugins\mcufinder\mcu\cube-finder-db.db)
2023-03-18 20:14:45,430 [INFO] ApiDb:663 - CubeFinder database Data Model version=2.1
2023-03-18 20:14:45,431 [INFO] ApiDb:664 - CubeFinder database Configuration version=3.0.35
2023-03-18 20:14:45,432 [INFO] ApiDb:665 - CubeFinder database generation date=2023-03-10 (1678456172)
2023-03-18 20:14:45,432 [INFO] ApiDb:666 - CubeFinder database FW Pack versions=[FP-ATR-ASTRA1_V1.1.1, STM32Cube_FW_C0_V1.0.1, STM32Cube_FW_F0_V1.11.4, STM32Cube_FW_F3_V1.11.4, STM32Cube_FW_F4_V1.27.1, STM32Cube_FW_F7_V1.17.0, STM32Cube_FW_G0_V1.6.1, STM32Cube_FW_G4_V1.5.1, STM32Cube_FW_H5_V0.5.1, STM32Cube_FW_H5_V1.0.0, STM32Cube_FW_H7_V1.11.0, STM32Cube_FW_L0_V1.12.2, STM32Cube_FW_L5_V1.5.0, STM32Cube_FW_U5_V1.2.0, STM32Cube_FW_WBA_V1.0.0, STM32Cube_FW_WBA_V1.0.0RC1, STM32Cube_FW_WBA_V1.0.0RC3, STM32Cube_FW_WB_V1.15.0RC1, STM32Cube_FW_WB_V1.16.0, STM32Cube_FW_WB_V1.16.0RC2, STM32Cube_FW_WL_V1.3.0, X-CUBE-ALGOBUILD_V1.3.0, X-CUBE-ALS_V1.0.1, X-CUBE-AZRTOS-F4_V1.1.0, X-CUBE-AZRTOS-F7_V1.1.0, X-CUBE-AZRTOS-G0_V1.1.0, X-CUBE-AZRTOS-G4_V1.0.0, X-CUBE-AZRTOS-H7_V3.0.0, X-CUBE-AZRTOS-L4_V1.0.0, X-CUBE-AZRTOS-L5_V1.1.0, X-CUBE-AZRTOS-WB_V1.1.0, X-CUBE-AZRTOS-WL_V1.0.0, X-CUBE-BLE1_V6.2.4, X-CUBE-BLE2_V3.3.0, X-CUBE-BLEMGR_V1.3.0, X-CUBE-EEPRMA1_V4.1.0, X-CUBE-GNSS1_V6.0.0, X-CUBE-MEMS1_V9.1.0, X-CUBE-MEMS1_V9.4.0, X-CUBE-MEMS1_V9.5.0, X-CUBE-NFC4_V3.0.0, X-CUBE-NFC7_V1.0.0, X-CUBE-SFXS2LP1_V4.0.0, X-CUBE-SUBG2_V5.0.0]
2023-03-18 20:14:45,851 [WARN] PackLoader:242 - Cannot read IP mode file for STMicroelectronics.X-CUBE-GNSS1.6.0.0
2023-03-18 20:14:45,981 [WARN] PackLoader:242 - Cannot read IP mode file for STMicroelectronics.X-CUBE-AZRTOS-F4.1.1.0
2023-03-18 20:14:46,116 [WARN] PackLoader:242 - Cannot read IP mode file for STMicroelectronics.X-CUBE-AZRTOS-F7.1.1.0
2023-03-18 20:14:46,175 [WARN] PackLoader:242 - Cannot read IP mode file for STMicroelectronics.X-CUBE-BLE1.6.2.3
2023-03-18 20:14:46,203 [WARN] PackLoader:242 - Cannot read IP mode file for STMicroelectronics.X-CUBE-BLE1.6.2.4
2023-03-18 20:14:46,238 [WARN] PackLoader:242 - Cannot read IP mode file for STMicroelectronics.X-CUBE-BLEMGR.2.0.0
2023-03-18 20:14:46,267 [WARN] PackLoader:242 - Cannot read IP mode file for STMicroelectronics.X-CUBE-NFC4.2.0.5
2023-03-18 20:14:46,292 [WARN] PackLoader:242 - Cannot read IP mode file for STMicroelectronics.X-CUBE-NFC4.2.0.4
2023-03-18 20:14:46,337 [WARN] PackLoader:242 - Cannot read IP mode file for STMicroelectronics.X-CUBE-TOF1.3.1.0
2023-03-18 20:14:46,383 [WARN] PackLoader:242 - Cannot read IP mode file for STMicroelectronics.X-CUBE-DISPLAY.3.0.0
2023-03-18 20:14:46,441 [WARN] PackLoader:242 - Cannot read IP mode file for wolfSSL.I-CUBE-wolfSSL.5.5.0
2023-03-18 20:14:46,496 [WARN] PackLoader:242 - Cannot read IP mode file for STMicroelectronics.X-CUBE-NFC7.1.0.0
2023-03-18 20:14:46,722 [WARN] PackLoader:242 - Cannot read IP mode file for STMicroelectronics.X-CUBE-MEMS1.9.3.0
2023-03-18 20:14:47,171 [WARN] PackLoader:242 - Cannot read IP mode file for STMicroelectronics.X-CUBE-EEPRMA1.4.1.0
2023-03-18 20:14:47,198 [WARN] PackLoader:242 - Cannot read IP mode file for STMicroelectronics.X-CUBE-AI.7.2.0
2023-03-18 20:14:47,217 [WARN] PackLoader:242 - Cannot read IP mode file for WES.I-CUBE-Cesium.1.3.0
2023-03-18 20:14:47,247 [WARN] PackLoader:242 - Cannot read IP mode file for STMicroelectronics.X-CUBE-SFXS2LP1.4.0.0
2023-03-18 20:14:47,274 [WARN] PackLoader:242 - Cannot read IP mode file for STMicroelectronics.X-CUBE-BLE2.3.3.0
2023-03-18 20:14:47,301 [WARN] PackLoader:242 - Cannot read IP mode file for STMicroelectronics.X-CUBE-DISPLAY.2.2.0
2023-03-18 20:14:47,366 [WARN] PackLoader:242 - Cannot read IP mode file for STMicroelectronics.X-CUBE-TOF1.3.2.0
2023-03-18 20:14:47,507 [WARN] PackLoader:242 - Cannot read IP mode file for STMicroelectronics.X-CUBE-AZRTOS-H7.3.0.0
2023-03-18 20:14:47,570 [WARN] PackLoader:242 - Cannot read IP mode file for STMicroelectronics.X-CUBE-ISPU.1.0.0
2023-03-18 20:14:47,601 [WARN] PackLoader:242 - Cannot read IP mode file for STMicroelectronics.X-CUBE-ISPU.1.1.0
2023-03-18 20:14:47,652 [WARN] PackLoader:242 - Cannot read IP mode file for RoweBots.I-CUBE-UNISONRTOS.5.5.0-4
2023-03-18 20:14:47,758 [WARN] PackLoader:242 - Cannot read IP mode file for STMicroelectronics.X-CUBE-AZRTOS-H7.2.1.0
2023-03-18 20:14:47,806 [WARN] PackLoader:242 - Cannot read IP mode file for STMicroelectronics.X-CUBE-AI.8.0.0
2023-03-18 20:14:47,831 [WARN] PackLoader:242 - Cannot read IP mode file for STMicroelectronics.X-CUBE-FREERTOS.1.0.0
2023-03-18 20:14:47,854 [WARN] PackLoader:242 - Cannot read IP mode file for STMicroelectronics.X-CUBE-TOUCHGFX.4.21.1
2023-03-18 20:14:47,873 [WARN] PackLoader:242 - Cannot read IP mode file for STMicroelectronics.X-CUBE-TOUCHGFX.4.21.0
2023-03-18 20:14:47,903 [WARN] PackLoader:242 - Cannot read IP mode file for STMicroelectronics.X-CUBE-BLEMGR.1.0.0
2023-03-18 20:14:48,062 [WARN] PackLoader:242 - Cannot read IP mode file for STMicroelectronics.X-CUBE-MEMS1.9.4.0
2023-03-18 20:14:48,600 [WARN] PackLoader:242 - Cannot read IP mode file for STMicroelectronics.X-CUBE-AI.7.3.0
2023-03-18 20:14:48,639 [WARN] PackLoader:242 - Cannot read IP mode file for STMicroelectronics.X-CUBE-ALGOBUILD.1.3.0
2023-03-18 20:14:48,759 [WARN] PackLoader:242 - Cannot read IP mode file for STMicroelectronics.X-CUBE-AZRTOS-L5.1.1.0
2023-03-18 20:14:48,888 [WARN] PackLoader:242 - Cannot read IP mode file for STMicroelectronics.X-CUBE-AZRTOS-G0.1.1.0
2023-03-18 20:14:48,951 [WARN] PackLoader:242 - Cannot read IP mode file for STMicroelectronics.X-CUBE-SUBG2.5.0.0
2023-03-18 20:14:49,011 [WARN] PackLoader:242 - Cannot read IP mode file for STMicroelectronics.X-CUBE-NFC4.3.0.0
2023-03-18 20:14:49,140 [WARN] PackLoader:242 - Cannot read IP mode file for SEGGER.I-CUBE-embOS.1.2.0
2023-03-18 20:14:49,318 [WARN] PackLoader:242 - Cannot read IP mode file for STMicroelectronics.FP-ATR-ASTRA1.1.1.1
2023-03-18 20:14:49,363 [WARN] PackLoader:242 - Cannot read IP mode file for STMicroelectronics.X-CUBE-BLEMGR.1.3.0
2023-03-18 20:14:49,469 [WARN] PackLoader:242 - Cannot read IP mode file for STMicroelectronics.X-CUBE-AZRTOS-G4.1.0.0
2023-03-18 20:14:49,488 [WARN] PackLoader:242 - Cannot read IP mode file for STMicroelectronics.FP-ATR-SIGFOX1.3.2.0
2023-03-18 20:14:49,571 [WARN] PackLoader:242 - Cannot read IP mode file for STMicroelectronics.X-CUBE-AZRTOS-L4.1.0.0
2023-03-18 20:14:49,621 [WARN] PackLoader:242 - Cannot read IP mode file for emotas.I-CUBE-CANOPEN.1.1.2
2023-03-18 20:14:49,670 [WARN] PackLoader:242 - Cannot read IP mode file for STMicroelectronics.X-CUBE-TOUCHGFX.4.20.0
2023-03-18 20:14:49,766 [WARN] PackLoader:242 - Cannot read IP mode file for STMicroelectronics.X-CUBE-AZRTOS-WL.1.0.0
2023-03-18 20:14:49,804 [WARN] PackLoader:242 - Cannot read IP mode file for portGmbH.I-Cube-SoM-uGOAL.1.1.0
2023-03-18 20:14:49,834 [WARN] PackLoader:242 - Cannot read IP mode file for STMicroelectronics.X-CUBE-ALS.1.0.1
2023-03-18 20:14:50,006 [WARN] PackLoader:242 - Cannot read IP mode file for STMicroelectronics.X-CUBE-MEMS1.9.5.0
2023-03-18 20:14:50,381 [WARN] PackLoader:242 - Cannot read IP mode file for STMicroelectronics.X-CUBE-AZRTOS-WB.1.1.0
2023-03-18 20:14:50,498 [WARN] PackLoader:242 - Cannot read IP mode file for SEGGER.I-CUBE-embOS.1.3.1
2023-03-18 20:14:50,734 [WARN] PackLoader:242 - Cannot read IP mode file for STMicroelectronics.X-CUBE-AZRTOS-L5.1.0.0
2023-03-18 20:14:50,783 [WARN] PackLoader:242 - Cannot read IP mode file for STMicroelectronics.X-CUBE-EEPRMA1.3.1.1
2023-03-18 20:14:50,798 [INFO] ThirdParty:929 - Integrity check success = true
2023-03-18 20:14:50,799 [INFO] IntegrityCheckThread:98 - exiting critical section [integrity check]
2023-03-18 20:14:50,799 [INFO] IntegrityCheckThread:101 - End integrity checks thread
2023-03-18 20:14:53,507 [INFO] ApiDb:239 - Found 138 in-development CPN: [B-WB1M-WPAN1, NUCLEO-C031C6, STEVAL-STWINBX1, STM320518-EVAL, STM32C0116-DK, STM32C011D6Y3TR, STM32C011D6Y6TR, STM32C011F4P3, STM32C011F4P6, STM32C011F4U3, STM32C011F4U6TR, STM32C011F6P3, STM32C011F6P6, STM32C011F6U3, STM32C011F6U6TR, STM32C011J4M3, STM32C011J4M6, STM32C011J6M3, STM32C011J6M6, STM32C0316-DK, STM32C031C4T3, STM32C031C4T6, STM32C031C4U3, STM32C031C4U6, STM32C031C6T3, STM32C031C6T6, STM32C031C6U3, STM32C031C6U6, STM32C031F4P3, STM32C031F4P6, STM32C031F6P3, STM32C031F6P6, STM32C031G4U3, STM32C031G4U6, STM32C031G6U3, STM32C031G6U6, STM32C031K4T3, STM32C031K4T6, STM32C031K4U3, STM32C031K4U6, STM32C031K6T3, STM32C031K6T6, STM32C031K6U3, STM32C031K6U6, STM32G071K8TXN, STM32G071K8UXN, STM32G081GBU6N, STM32G081KBT6N, STM32G081KBUXN, STM32G0B1CCT6N, STM32G0B1KCT6, STM32G0B1NEY6TR, STM32G0B1RCT6N, STM32G0C1CCT6, STM32G0C1CCT6N, STM32G0C1CCU6N, STM32G0C1CET6N, STM32G0C1CEU6N, STM32G0C1KCT6, STM32G0C1NEY6TR, STM32G0C1RCI6N, STM32G0C1RCT6N, STM32G0C1REI6N, STM32G0C1RET6N, STM32G0C1VCI6, STM32G0C1VEI6, STM32G471CCT6, STM32G471CCU6, STM32G471CET3, STM32G471CET6, STM32G471CEU3, STM32G471CEU6, STM32G471MCT6, STM32G471MET3, STM32G471MET6, STM32G471MEY6TR, STM32G471QCT6, STM32G471QET3, STM32G471RCT6, STM32G471RET3, STM32G471RET6, STM32G471VCH6, STM32G471VCI6, STM32G471VCT6, STM32G471VEH3, STM32G471VEH6, STM32G471VEI3, STM32G471VEI6, STM32G471VET3, STM32G471VET6, STM32G474CCT6, STM32L476VGY6PTR, STM32L4R5QGI6STR, STM32MP131AAE3, STM32MP131AAF3, STM32MP131AAG3, STM32MP131CAE3, STM32MP131CAF3, STM32MP131CAG3, STM32MP131DAE7, STM32MP131DAF7, STM32MP131DAG7, STM32MP131FAE7, STM32MP131FAF7, STM32MP131FAG7, STM32MP133AAE3, STM32MP133AAF3, STM32MP133AAG3, STM32MP133CAE3, STM32MP133CAF3, STM32MP133CAG3, STM32MP133DAE7, STM32MP133DAF7, STM32MP133DAG7, STM32MP133FAE7, STM32MP133FAF7, STM32MP133FAG7, STM32MP135AAE3, STM32MP135AAF3, STM32MP135AAG3, STM32MP135CAE3, STM32MP135CAF3, STM32MP135CAG3, STM32MP135DAE7, STM32MP135DAF7, STM32MP135DAG7, STM32MP135F-DK, STM32MP135FAE7, STM32MP135FAF7, STM32MP135FAG7, STM32U595ZJT6Q, STM32U599BJY6QTR, STM32U599NIH6Q, STM32U599NJH6Q, STM32U5A5ZJT6Q, STM32U5A9BJY6QTR, STM32U5A9NJH6Q, STM32WB1MMCH6]
2023-03-18 20:14:53,522 [INFO] DbMcus:215 - Found 3678 MCUs, 3678 are supported
2023-03-18 20:14:53,545 [INFO] ApiDb:418 - Load user favorites file C:\Users\VeliSacikara/.stm32cubeide/favorites.mcus.txt: 0 item(s)
2023-03-18 20:14:53,546 [INFO] ApiDb:422 - User favorites MCUs=[]
2023-03-18 20:14:53,546 [INFO] DbMcus:221 - Set 0 / 0 favorites MCUs
2023-03-18 20:14:53,556 [INFO] ApiDb:663 - CubeFinder database Data Model version=2.1
2023-03-18 20:14:53,556 [INFO] ApiDb:664 - CubeFinder database Configuration version=3.0.35
2023-03-18 20:14:53,556 [INFO] ApiDb:665 - CubeFinder database generation date=2023-03-10 (1678456172)
2023-03-18 20:14:53,557 [INFO] ApiDb:666 - CubeFinder database FW Pack versions=[FP-ATR-ASTRA1_V1.1.1, STM32Cube_FW_C0_V1.0.1, STM32Cube_FW_F0_V1.11.4, STM32Cube_FW_F3_V1.11.4, STM32Cube_FW_F4_V1.27.1, STM32Cube_FW_F7_V1.17.0, STM32Cube_FW_G0_V1.6.1, STM32Cube_FW_G4_V1.5.1, STM32Cube_FW_H5_V0.5.1, STM32Cube_FW_H5_V1.0.0, STM32Cube_FW_H7_V1.11.0, STM32Cube_FW_L0_V1.12.2, STM32Cube_FW_L5_V1.5.0, STM32Cube_FW_U5_V1.2.0, STM32Cube_FW_WBA_V1.0.0, STM32Cube_FW_WBA_V1.0.0RC1, STM32Cube_FW_WBA_V1.0.0RC3, STM32Cube_FW_WB_V1.15.0RC1, STM32Cube_FW_WB_V1.16.0, STM32Cube_FW_WB_V1.16.0RC2, STM32Cube_FW_WL_V1.3.0, X-CUBE-ALGOBUILD_V1.3.0, X-CUBE-ALS_V1.0.1, X-CUBE-AZRTOS-F4_V1.1.0, X-CUBE-AZRTOS-F7_V1.1.0, X-CUBE-AZRTOS-G0_V1.1.0, X-CUBE-AZRTOS-G4_V1.0.0, X-CUBE-AZRTOS-H7_V3.0.0, X-CUBE-AZRTOS-L4_V1.0.0, X-CUBE-AZRTOS-L5_V1.1.0, X-CUBE-AZRTOS-WB_V1.1.0, X-CUBE-AZRTOS-WL_V1.0.0, X-CUBE-BLE1_V6.2.4, X-CUBE-BLE2_V3.3.0, X-CUBE-BLEMGR_V1.3.0, X-CUBE-EEPRMA1_V4.1.0, X-CUBE-GNSS1_V6.0.0, X-CUBE-MEMS1_V9.1.0, X-CUBE-MEMS1_V9.4.0, X-CUBE-MEMS1_V9.5.0, X-CUBE-NFC4_V3.0.0, X-CUBE-NFC7_V1.0.0, X-CUBE-SFXS2LP1_V4.0.0, X-CUBE-SUBG2_V5.0.0]
2023-03-18 20:14:53,732 [INFO] DbBoardsSqlite:227 - include board P-NUCLEO-WB55-NUCLEO as a kit item of type 'Nucleo-64'
2023-03-18 20:14:53,732 [INFO] DbBoardsSqlite:227 - include board P-NUCLEO-WB55-USBDONGLE as a kit item of type 'Nucleo USB Dongle'
2023-03-18 20:14:53,736 [INFO] DbBoardsSqlite:227 - include board STEVAL-IDP005V1 as a kit item of type 'Evaluation Board'
2023-03-18 20:14:53,736 [INFO] DbBoardsSqlite:227 - include board STEVAL-IDP005V2 as a kit item of type 'Evaluation Board'
2023-03-18 20:14:53,874 [INFO] ApiDb:239 - Found 138 in-development CPN: [B-WB1M-WPAN1, NUCLEO-C031C6, STEVAL-STWINBX1, STM320518-EVAL, STM32C0116-DK, STM32C011D6Y3TR, STM32C011D6Y6TR, STM32C011F4P3, STM32C011F4P6, STM32C011F4U3, STM32C011F4U6TR, STM32C011F6P3, STM32C011F6P6, STM32C011F6U3, STM32C011F6U6TR, STM32C011J4M3, STM32C011J4M6, STM32C011J6M3, STM32C011J6M6, STM32C0316-DK, STM32C031C4T3, STM32C031C4T6, STM32C031C4U3, STM32C031C4U6, STM32C031C6T3, STM32C031C6T6, STM32C031C6U3, STM32C031C6U6, STM32C031F4P3, STM32C031F4P6, STM32C031F6P3, STM32C031F6P6, STM32C031G4U3, STM32C031G4U6, STM32C031G6U3, STM32C031G6U6, STM32C031K4T3, STM32C031K4T6, STM32C031K4U3, STM32C031K4U6, STM32C031K6T3, STM32C031K6T6, STM32C031K6U3, STM32C031K6U6, STM32G071K8TXN, STM32G071K8UXN, STM32G081GBU6N, STM32G081KBT6N, STM32G081KBUXN, STM32G0B1CCT6N, STM32G0B1KCT6, STM32G0B1NEY6TR, STM32G0B1RCT6N, STM32G0C1CCT6, STM32G0C1CCT6N, STM32G0C1CCU6N, STM32G0C1CET6N, STM32G0C1CEU6N, STM32G0C1KCT6, STM32G0C1NEY6TR, STM32G0C1RCI6N, STM32G0C1RCT6N, STM32G0C1REI6N, STM32G0C1RET6N, STM32G0C1VCI6, STM32G0C1VEI6, STM32G471CCT6, STM32G471CCU6, STM32G471CET3, STM32G471CET6, STM32G471CEU3, STM32G471CEU6, STM32G471MCT6, STM32G471MET3, STM32G471MET6, STM32G471MEY6TR, STM32G471QCT6, STM32G471QET3, STM32G471RCT6, STM32G471RET3, STM32G471RET6, STM32G471VCH6, STM32G471VCI6, STM32G471VCT6, STM32G471VEH3, STM32G471VEH6, STM32G471VEI3, STM32G471VEI6, STM32G471VET3, STM32G471VET6, STM32G474CCT6, STM32L476VGY6PTR, STM32L4R5QGI6STR, STM32MP131AAE3, STM32MP131AAF3, STM32MP131AAG3, STM32MP131CAE3, STM32MP131CAF3, STM32MP131CAG3, STM32MP131DAE7, STM32MP131DAF7, STM32MP131DAG7, STM32MP131FAE7, STM32MP131FAF7, STM32MP131FAG7, STM32MP133AAE3, STM32MP133AAF3, STM32MP133AAG3, STM32MP133CAE3, STM32MP133CAF3, STM32MP133CAG3, STM32MP133DAE7, STM32MP133DAF7, STM32MP133DAG7, STM32MP133FAE7, STM32MP133FAF7, STM32MP133FAG7, STM32MP135AAE3, STM32MP135AAF3, STM32MP135AAG3, STM32MP135CAE3, STM32MP135CAF3, STM32MP135CAG3, STM32MP135DAE7, STM32MP135DAF7, STM32MP135DAG7, STM32MP135F-DK, STM32MP135FAE7, STM32MP135FAF7, STM32MP135FAG7, STM32U595ZJT6Q, STM32U599BJY6QTR, STM32U599NIH6Q, STM32U599NJH6Q, STM32U5A5ZJT6Q, STM32U5A9BJY6QTR, STM32U5A9NJH6Q, STM32WB1MMCH6]
2023-03-18 20:14:54,467 [INFO] BoardInfo:879 - No configuration file found for board P-NUCLEO-WB55
2023-03-18 20:14:54,467 [INFO] DbBoards:156 - Kit is not supported: P-NUCLEO-WB55
2023-03-18 20:14:54,489 [INFO] BoardInfo:879 - No configuration file found for board STEVAL-BFA001V1B
2023-03-18 20:14:54,489 [INFO] DbBoards:156 - Kit is not supported: STEVAL-BFA001V1B
2023-03-18 20:14:54,498 [INFO] BoardInfo:879 - No configuration file found for board STEVAL-BFA001V2B
2023-03-18 20:14:54,498 [INFO] DbBoards:156 - Kit is not supported: STEVAL-BFA001V2B
2023-03-18 20:14:54,549 [INFO] BoardInfo:879 - No configuration file found for board STEVAL-PROTEUS1
2023-03-18 20:14:54,550 [INFO] DbBoards:156 - Board is not supported: STEVAL-PROTEUS1
2023-03-18 20:14:55,067 [INFO] DbBoards:160 - Found 178 boards, 174 are supported
2023-03-18 20:14:55,115 [INFO] ApiDb:418 - Load user favorites file C:\Users\VeliSacikara/.stm32cubeide/favorites.boards.txt: 0 item(s)
2023-03-18 20:14:55,116 [INFO] ApiDb:422 - User favorites Boards=[]
2023-03-18 20:14:55,116 [INFO] DbBoards:189 - Set 0 / 0 favorites Boards
2023-03-18 20:14:55,121 [INFO] ApiDb:663 - CubeFinder database Data Model version=2.1
2023-03-18 20:14:55,121 [INFO] ApiDb:664 - CubeFinder database Configuration version=3.0.35
2023-03-18 20:14:55,121 [INFO] ApiDb:665 - CubeFinder database generation date=2023-03-10 (1678456172)
2023-03-18 20:14:55,121 [INFO] ApiDb:666 - CubeFinder database FW Pack versions=[FP-ATR-ASTRA1_V1.1.1, STM32Cube_FW_C0_V1.0.1, STM32Cube_FW_F0_V1.11.4, STM32Cube_FW_F3_V1.11.4, STM32Cube_FW_F4_V1.27.1, STM32Cube_FW_F7_V1.17.0, STM32Cube_FW_G0_V1.6.1, STM32Cube_FW_G4_V1.5.1, STM32Cube_FW_H5_V0.5.1, STM32Cube_FW_H5_V1.0.0, STM32Cube_FW_H7_V1.11.0, STM32Cube_FW_L0_V1.12.2, STM32Cube_FW_L5_V1.5.0, STM32Cube_FW_U5_V1.2.0, STM32Cube_FW_WBA_V1.0.0, STM32Cube_FW_WBA_V1.0.0RC1, STM32Cube_FW_WBA_V1.0.0RC3, STM32Cube_FW_WB_V1.15.0RC1, STM32Cube_FW_WB_V1.16.0, STM32Cube_FW_WB_V1.16.0RC2, STM32Cube_FW_WL_V1.3.0, X-CUBE-ALGOBUILD_V1.3.0, X-CUBE-ALS_V1.0.1, X-CUBE-AZRTOS-F4_V1.1.0, X-CUBE-AZRTOS-F7_V1.1.0, X-CUBE-AZRTOS-G0_V1.1.0, X-CUBE-AZRTOS-G4_V1.0.0, X-CUBE-AZRTOS-H7_V3.0.0, X-CUBE-AZRTOS-L4_V1.0.0, X-CUBE-AZRTOS-L5_V1.1.0, X-CUBE-AZRTOS-WB_V1.1.0, X-CUBE-AZRTOS-WL_V1.0.0, X-CUBE-BLE1_V6.2.4, X-CUBE-BLE2_V3.3.0, X-CUBE-BLEMGR_V1.3.0, X-CUBE-EEPRMA1_V4.1.0, X-CUBE-GNSS1_V6.0.0, X-CUBE-MEMS1_V9.1.0, X-CUBE-MEMS1_V9.4.0, X-CUBE-MEMS1_V9.5.0, X-CUBE-NFC4_V3.0.0, X-CUBE-NFC7_V1.0.0, X-CUBE-SFXS2LP1_V4.0.0, X-CUBE-SUBG2_V5.0.0]
2023-03-18 20:14:57,662 [INFO] DbExamplesSqlite:374 - Ignored 46 examples not supported by CubeIDE
2023-03-18 20:14:57,662 [INFO] DbExamplesSqlite:375 - Found 7328 examples active
2023-03-18 20:14:57,662 [INFO] DbExamplesSqlite:376 - Found 1095 examples obsolete
2023-03-18 20:14:57,662 [INFO] DbExamplesSqlite:377 - Found 0 examples under development
2023-03-18 20:14:57,662 [INFO] DbExamplesSqlite:378 - Found 77 examples not building
2023-03-18 20:14:57,667 [INFO] DbExamples:124 - Found 7359 examples
2023-03-18 20:14:57,817 [ERROR] DbExamples:207 - Found 512 examples with invalid data (board or MCU)
2023-03-18 20:14:57,818 [INFO] DbExamples:221 - Found 84 boards with related examples
2023-03-18 20:14:57,820 [INFO] DbExamples:234 - Found 75 MCUs with related examples
2023-03-18 20:14:57,857 [INFO] ApiDb:409 - User favorites file not found: C:\Users\VeliSacikara/.stm32cubeide/favorites.examples.txt
2023-03-18 20:14:57,858 [INFO] DbExamples:249 - Set 0 / 0 favorites Examples
2023-03-18 20:14:58,622 [INFO] McuFinderGlobals:57 - Set McuFinderConnectedMode to true
2023-03-18 20:14:58,638 [INFO] MultiScanPanel:195 - Auto-refresh data requested => check proxy status ongoing
2023-03-18 20:14:58,645 [INFO] FinderPluginLoader:92 - Searching for filters in installed packs
2023-03-18 20:15:02,695 [INFO] LoadUrlFilesThread:177 - End of LoadServerUrlFiles without Thread
2023-03-18 20:15:02,733 [INFO] DetailPanel:339 - Set advertising image to C:/Users/VeliSacikara/STM32Cube/Repository/\en.prom-stm32h5-mcu-finder.jpg
2023-03-18 20:16:27,631 [INFO] MainUpdater:2768 - connection check result : 10
2023-03-18 20:16:27,632 [INFO] MainUpdater:2768 - connection check result : 10
2023-03-18 20:16:27,693 [INFO] MicroXplorer:451 - Change Database Path : 
2023-03-18 20:16:27,693 [INFO] MicroXplorer:481 - Change Database Version : DB.6.0.60
2023-03-18 20:16:27,694 [WARN] ThirdParty:827 - waiting for thirdparty lock release [close project]
2023-03-18 20:16:27,694 [INFO] ThirdParty:829 - entering critical section [close project]
2023-03-18 20:16:27,696 [INFO] ThirdParty:839 - exiting critical section [close project]
2023-03-18 20:16:27,702 [INFO] PinOutPanel:1468 - setPackage(No Configuration,No Configuration)
2023-03-18 20:16:27,716 [INFO] UtilMem:74 - Begin LoadConfig() Used Memory: 589285200 Bytes (758120448)
2023-03-18 20:16:27,720 [INFO] MicroXplorer:451 - Change Database Path : 
2023-03-18 20:16:27,721 [INFO] MicroXplorer:481 - Change Database Version : DB.6.0.60
2023-03-18 20:16:27,721 [INFO] OpenFileManager:307 - Change cursor
2023-03-18 20:16:27,906 [INFO] Mcu:1922 - Initializing MCU STM32F407VGTx STM32F407VGTx 
2023-03-18 20:16:27,908 [INFO] Mcu:1935 - No CPN specified => set CPN to STM32F407VGT6
2023-03-18 20:16:32,192 [INFO] Context:654 - Trying to add GPIOservice into a context  which must be forbidden
2023-03-18 20:16:33,928 [INFO] ImportTextPane:193 - (OptionalMessage_ERROR) Unable to find key (Mcu.ThirdPartyNb) in loaded IOC file
2023-03-18 20:16:33,928 [INFO] ImportTextPane:193 - (OptionalMessage_ERROR) Unable to find key (Mcu.PinsNb) in loaded IOC file
2023-03-18 20:16:33,928 [INFO] ImportTextPane:193 - (OptionalMessage_ERROR) Unable to find key (Mcu.IPNb) in loaded IOC file
2023-03-18 20:16:34,190 [WARN] ApiManager:308 - Cannot register API 'Board Extension:GNSS1A1' from pack STMicroelectronics.X-CUBE-GNSS1.6.0.0: no header file found
2023-03-18 20:16:34,191 [WARN] ApiManager:308 - Cannot register API 'Board Support:Custom' from pack STMicroelectronics.X-CUBE-GNSS1.6.0.0: no header file found
2023-03-18 20:16:34,191 [WARN] ApiManager:308 - Cannot register API 'Data Exchange:lib_gnss' from pack STMicroelectronics.X-CUBE-GNSS1.6.0.0: no header file found
2023-03-18 20:16:34,820 [WARN] ApiManager:308 - Cannot register API 'Board Extension:IKS01A3' from pack STMicroelectronics.X-CUBE-MEMS1.9.4.0: no header file found
2023-03-18 20:16:34,820 [WARN] ApiManager:308 - Cannot register API 'Board Extension:IKS01A2' from pack STMicroelectronics.X-CUBE-MEMS1.9.4.0: no header file found
2023-03-18 20:16:34,820 [WARN] ApiManager:308 - Cannot register API 'Board Extension:IKS02A1' from pack STMicroelectronics.X-CUBE-MEMS1.9.4.0: no header file found
2023-03-18 20:16:34,857 [WARN] ApiManager:308 - Cannot register API 'Wireless:BlueNRG-MS' from pack STMicroelectronics.X-CUBE-BLE1.6.2.3: no header file found
2023-03-18 20:16:34,862 [WARN] ApiManager:308 - Cannot register API 'Wireless:BlueNRG-MS' from pack STMicroelectronics.X-CUBE-BLE1.6.2.4: no header file found
2023-03-18 20:16:34,868 [INFO] RtosManager:488 - Registered RTOS mode: class=CMSIS, group=RTOS, mode=CMSIS_V1, owner=FREERTOS
2023-03-18 20:16:34,870 [INFO] RtosManager:488 - Registered RTOS mode: class=CMSIS, group=RTOS2, mode=CMSIS_V2, owner=FREERTOS
2023-03-18 20:16:34,870 [INFO] RtosManager:488 - Registered RTOS mode: class=RTOS, group=Core, mode=CMSIS_V1, owner=FREERTOS
2023-03-18 20:16:34,870 [INFO] RtosManager:488 - Registered RTOS mode: class=RTOS, group=Core, mode=CMSIS_V2, owner=FREERTOS
2023-03-18 20:16:34,871 [WARN] ModelIntegratedComponent:185 - Missing modes for component STMicroelectronics:FreeRTOS:0.0.1:STMicroelectronics:RTOS:FreeRTOS:Core:::10.2.0:
2023-03-18 20:16:34,886 [WARN] ApiManager:308 - Cannot register API 'Board Extension:S2868A1' from pack STMicroelectronics.X-CUBE-SUBG2.5.0.0: no header file found
2023-03-18 20:16:34,886 [WARN] ApiManager:308 - Cannot register API 'Board Extension:S2868A2' from pack STMicroelectronics.X-CUBE-SUBG2.5.0.0: no header file found
2023-03-18 20:16:34,886 [WARN] ApiManager:308 - Cannot register API 'Board Extension:S2915A1' from pack STMicroelectronics.X-CUBE-SUBG2.5.0.0: no header file found
2023-03-18 20:16:34,888 [WARN] ApiManager:308 - Cannot register API 'Board Extension:NFC04A1' from pack STMicroelectronics.X-CUBE-NFC4.3.0.0: no header file found
2023-03-18 20:16:34,905 [WARN] ApiManager:308 - Cannot register API 'Board Extension:NFC04A1' from pack STMicroelectronics.X-CUBE-NFC4.2.0.5: no header file found
2023-03-18 20:16:34,905 [WARN] ApiManager:308 - Cannot register API 'Board Extension:NFC04A1' from pack STMicroelectronics.X-CUBE-NFC4.2.0.4: no header file found
2023-03-18 20:16:34,935 [WARN] ModelIntegratedComponent:64 - No mode defined for component null
2023-03-18 20:16:34,935 [WARN] ModelIntegratedComponent:64 - No mode defined for component null
2023-03-18 20:16:34,936 [WARN] ModelIntegratedComponent:64 - No mode defined for component null
2023-03-18 20:16:34,936 [WARN] ModelIntegratedComponent:64 - No mode defined for component null
2023-03-18 20:16:34,936 [WARN] ModelIntegratedComponent:64 - No mode defined for component null
2023-03-18 20:16:34,936 [WARN] ModelIntegratedComponent:64 - No mode defined for component null
2023-03-18 20:16:34,936 [WARN] ModelIntegratedComponent:64 - No mode defined for component null
2023-03-18 20:16:34,936 [WARN] ModelIntegratedComponent:64 - No mode defined for component null
2023-03-18 20:16:34,936 [WARN] ModelIntegratedComponent:64 - No mode defined for component null
2023-03-18 20:16:34,936 [WARN] ModelIntegratedComponent:64 - No mode defined for component null
2023-03-18 20:16:34,936 [WARN] ModelIntegratedComponent:64 - No mode defined for component null
2023-03-18 20:16:34,936 [WARN] ModelIntegratedComponent:64 - No mode defined for component null
2023-03-18 20:16:34,936 [WARN] ModelIntegratedComponent:64 - No mode defined for component null
2023-03-18 20:16:34,936 [WARN] ModelIntegratedComponent:64 - No mode defined for component null
2023-03-18 20:16:34,936 [WARN] ModelIntegratedComponent:64 - No mode defined for component null
2023-03-18 20:16:34,936 [WARN] ModelIntegratedComponent:64 - No mode defined for component null
2023-03-18 20:16:34,936 [WARN] ModelIntegratedComponent:64 - No mode defined for component null
2023-03-18 20:16:34,936 [WARN] ModelIntegratedComponent:64 - No mode defined for component null
2023-03-18 20:16:34,936 [WARN] ModelIntegratedComponent:64 - No mode defined for component null
2023-03-18 20:16:34,936 [WARN] ModelIntegratedComponent:64 - No mode defined for component null
2023-03-18 20:16:34,936 [WARN] ModelIntegratedComponent:64 - No mode defined for component null
2023-03-18 20:16:34,936 [WARN] ModelIntegratedComponent:64 - No mode defined for component null
2023-03-18 20:16:34,936 [WARN] ModelIntegratedComponent:64 - No mode defined for component null
2023-03-18 20:16:34,939 [WARN] ModelIntegratedComponent:64 - No mode defined for component null
2023-03-18 20:16:34,939 [WARN] ModelIntegratedComponent:64 - No mode defined for component null
2023-03-18 20:16:34,939 [WARN] ModelIntegratedComponent:64 - No mode defined for component null
2023-03-18 20:16:34,939 [WARN] ModelIntegratedComponent:64 - No mode defined for component null
2023-03-18 20:16:34,939 [WARN] ModelIntegratedComponent:64 - No mode defined for component null
2023-03-18 20:16:34,940 [WARN] ModelIntegratedComponent:64 - No mode defined for component null
2023-03-18 20:16:34,940 [WARN] ModelIntegratedComponent:64 - No mode defined for component null
2023-03-18 20:16:34,940 [WARN] ModelIntegratedComponent:64 - No mode defined for component null
2023-03-18 20:16:34,940 [WARN] ModelIntegratedComponent:64 - No mode defined for component null
2023-03-18 20:16:34,940 [WARN] ModelIntegratedComponent:64 - No mode defined for component null
2023-03-18 20:16:34,944 [WARN] ApiManager:308 - Cannot register API 'Board Extension:NFC07A1' from pack STMicroelectronics.X-CUBE-NFC7.1.0.0: no header file found
2023-03-18 20:16:35,230 [WARN] ApiManager:308 - Cannot register API 'Board Extension:IKS01A3' from pack STMicroelectronics.X-CUBE-MEMS1.9.3.0: no header file found
2023-03-18 20:16:35,230 [WARN] ApiManager:308 - Cannot register API 'Board Extension:IKS01A2' from pack STMicroelectronics.X-CUBE-MEMS1.9.3.0: no header file found
2023-03-18 20:16:35,230 [WARN] ApiManager:308 - Cannot register API 'Board Extension:IKS02A1' from pack STMicroelectronics.X-CUBE-MEMS1.9.3.0: no header file found
2023-03-18 20:16:35,242 [WARN] ApiManager:308 - Cannot register API 'Board Extension:EEPRMA1' from pack STMicroelectronics.X-CUBE-EEPRMA1.4.1.0: no header file found
2023-03-18 20:16:35,242 [WARN] ApiManager:308 - Cannot register API 'Board Extension:EEPRMA2' from pack STMicroelectronics.X-CUBE-EEPRMA1.4.1.0: no header file found
2023-03-18 20:16:35,242 [WARN] ApiManager:308 - Cannot register API 'Board Extension:PGEEZ1' from pack STMicroelectronics.X-CUBE-EEPRMA1.4.1.0: no header file found
2023-03-18 20:16:35,242 [WARN] ApiManager:308 - Cannot register API 'Board Part:M24' from pack STMicroelectronics.X-CUBE-EEPRMA1.4.1.0: no header file found
2023-03-18 20:16:35,242 [WARN] ApiManager:308 - Cannot register API 'Board Part:M95' from pack STMicroelectronics.X-CUBE-EEPRMA1.4.1.0: no header file found
2023-03-18 20:16:35,242 [WARN] ApiManager:308 - Cannot register API 'Board Part:M95P32' from pack STMicroelectronics.X-CUBE-EEPRMA1.4.1.0: no header file found
2023-03-18 20:16:35,243 [WARN] ApiManager:308 - Cannot register API 'PGEEZ1:SPI' from pack STMicroelectronics.X-CUBE-EEPRMA1.4.1.0: no header file found
2023-03-18 20:16:35,243 [WARN] ApiManager:308 - Cannot register API 'PGEEZ1:QDSPI' from pack STMicroelectronics.X-CUBE-EEPRMA1.4.1.0: no header file found
2023-03-18 20:16:35,536 [WARN] ApiManager:308 - Cannot register API 'Board Extension:IKS01A3' from pack STMicroelectronics.X-CUBE-MEMS1.9.5.0: no header file found
2023-03-18 20:16:35,536 [WARN] ApiManager:308 - Cannot register API 'Board Extension:IKS01A2' from pack STMicroelectronics.X-CUBE-MEMS1.9.5.0: no header file found
2023-03-18 20:16:35,536 [WARN] ApiManager:308 - Cannot register API 'Board Extension:IKS02A1' from pack STMicroelectronics.X-CUBE-MEMS1.9.5.0: no header file found
2023-03-18 20:16:35,554 [WARN] ApiManager:308 - Cannot register API 'Board Extension:EEPRMA1' from pack STMicroelectronics.X-CUBE-EEPRMA1.3.1.1: no header file found
2023-03-18 20:16:35,554 [WARN] ApiManager:308 - Cannot register API 'Board Extension:EEPRMA2' from pack STMicroelectronics.X-CUBE-EEPRMA1.3.1.1: no header file found
2023-03-18 20:16:35,554 [WARN] ApiManager:308 - Cannot register API 'Board Extension:S2868A1' from pack STMicroelectronics.X-CUBE-SFXS2LP1.4.0.0: no header file found
2023-03-18 20:16:35,554 [WARN] ApiManager:308 - Cannot register API 'Board Extension:S2868A2' from pack STMicroelectronics.X-CUBE-SFXS2LP1.4.0.0: no header file found
2023-03-18 20:16:35,554 [WARN] ApiManager:308 - Cannot register API 'Board Extension:S2915A1' from pack STMicroelectronics.X-CUBE-SFXS2LP1.4.0.0: no header file found
2023-03-18 20:16:35,554 [WARN] ApiManager:308 - Cannot register API 'Wireless:BlueNRG-2' from pack STMicroelectronics.X-CUBE-BLE2.3.3.0: no header file found
2023-03-18 20:16:35,591 [INFO] ThirdPartyModel:289 - Start build external matchings
2023-03-18 20:16:40,746 [INFO] ThirdPartyModel:302 - End build external matchings
2023-03-18 20:16:41,624 [INFO] UtilMem:74 - End LoadConfig() Used Memory: 661972792 Bytes (758120448)
2023-03-18 20:16:41,665 [WARN] ThirdParty:789 - waiting for thirdparty lock release [change project]
2023-03-18 20:16:41,665 [INFO] ThirdParty:791 - entering critical section [change project]
2023-03-18 20:16:41,666 [INFO] ThirdParty:981 - CMSIS Pack Vendor :STMicroelectronics X-CUBE-ISPU 1.1.0
2023-03-18 20:16:41,666 [INFO] ThirdParty:981 - CMSIS Pack Vendor :RoweBots I-CUBE-UNISONRTOS 5.5.0-4
2023-03-18 20:16:41,666 [INFO] ThirdParty:981 - CMSIS Pack Vendor :STMicroelectronics X-CUBE-GNSS1 6.0.0
2023-03-18 20:16:41,666 [INFO] ThirdParty:981 - CMSIS Pack Vendor :STMicroelectronics X-CUBE-AZRTOS-H7 2.1.0
2023-03-18 20:16:41,666 [INFO] ThirdParty:981 - CMSIS Pack Vendor :STMicroelectronics USB_HOST 2.0.0
2023-03-18 20:16:41,667 [INFO] ThirdParty:981 - CMSIS Pack Vendor :STMicroelectronics X-CUBE-AZRTOS-F4 1.1.0
2023-03-18 20:16:41,667 [INFO] ThirdParty:981 - CMSIS Pack Vendor :STMicroelectronics LIBJPEG 8.0.0
2023-03-18 20:16:41,667 [INFO] ThirdParty:981 - CMSIS Pack Vendor :STMicroelectronics USB_DEVICE 3.0.0
2023-03-18 20:16:41,667 [INFO] ThirdParty:981 - CMSIS Pack Vendor :STMicroelectronics X-CUBE-AI 8.0.0
2023-03-18 20:16:41,668 [INFO] ThirdParty:981 - CMSIS Pack Vendor :STMicroelectronics X-CUBE-FREERTOS 1.0.0
2023-03-18 20:16:41,668 [INFO] ThirdParty:981 - CMSIS Pack Vendor :STMicroelectronics X-CUBE-TOUCHGFX 4.21.1
2023-03-18 20:16:41,668 [INFO] ThirdParty:981 - CMSIS Pack Vendor :STMicroelectronics X-CUBE-TOUCHGFX 4.21.0
2023-03-18 20:16:41,669 [INFO] ThirdParty:981 - CMSIS Pack Vendor :STMicroelectronics X-CUBE-BLEMGR 1.0.0
2023-03-18 20:16:41,669 [INFO] ThirdParty:981 - CMSIS Pack Vendor :STMicroelectronics X-CUBE-AZRTOS-F7 1.1.0
2023-03-18 20:16:41,669 [INFO] ThirdParty:981 - CMSIS Pack Vendor :STMicroelectronics X-CUBE-MEMS1 9.4.0
2023-03-18 20:16:41,669 [INFO] ThirdParty:981 - CMSIS Pack Vendor :STMicroelectronics USB_DEVICE 2.0.0
2023-03-18 20:16:41,669 [INFO] ThirdParty:981 - CMSIS Pack Vendor :STMicroelectronics X-CUBE-AI 7.3.0
2023-03-18 20:16:41,670 [INFO] ThirdParty:981 - CMSIS Pack Vendor :STMicroelectronics X-CUBE-BLE1 6.2.3
2023-03-18 20:16:41,670 [INFO] ThirdParty:981 - CMSIS Pack Vendor :STMicroelectronics X-CUBE-ALGOBUILD 1.3.0
2023-03-18 20:16:41,670 [INFO] ThirdParty:981 - CMSIS Pack Vendor :STMicroelectronics X-CUBE-BLE1 6.2.4
2023-03-18 20:16:41,670 [INFO] ThirdParty:981 - CMSIS Pack Vendor :STMicroelectronics X-CUBE-AZRTOS-L5 1.1.0
2023-03-18 20:16:41,670 [INFO] ThirdParty:981 - CMSIS Pack Vendor :STMicroelectronics FreeRTOS 0.0.1
2023-03-18 20:16:41,670 [INFO] ThirdParty:981 - CMSIS Pack Vendor :STMicroelectronics X-CUBE-AZRTOS-G0 1.1.0
2023-03-18 20:16:41,671 [INFO] ThirdParty:981 - CMSIS Pack Vendor :STMicroelectronics X-CUBE-BLEMGR 2.0.0
2023-03-18 20:16:41,671 [INFO] ThirdParty:981 - CMSIS Pack Vendor :STMicroelectronics X-CUBE-SUBG2 5.0.0
2023-03-18 20:16:41,671 [INFO] ThirdParty:981 - CMSIS Pack Vendor :STMicroelectronics X-CUBE-NFC4 3.0.0
2023-03-18 20:16:41,671 [INFO] ThirdParty:981 - CMSIS Pack Vendor :SEGGER I-CUBE-embOS 1.2.0
2023-03-18 20:16:41,671 [INFO] ThirdParty:981 - CMSIS Pack Vendor :STMicroelectronics STM32_WPAN 1.0.0
2023-03-18 20:16:41,671 [INFO] ThirdParty:981 - CMSIS Pack Vendor :STMicroelectronics lwIP 2.0.3
2023-03-18 20:16:41,672 [INFO] ThirdParty:981 - CMSIS Pack Vendor :STMicroelectronics X-CUBE-NFC4 2.0.5
2023-03-18 20:16:41,672 [INFO] ThirdParty:981 - CMSIS Pack Vendor :STMicroelectronics X-CUBE-NFC4 2.0.4
2023-03-18 20:16:41,672 [INFO] ThirdParty:981 - CMSIS Pack Vendor :STMicroelectronics USB_HOST 1.0.0
2023-03-18 20:16:41,672 [INFO] ThirdParty:981 - CMSIS Pack Vendor :STMicroelectronics PDM2PCM 3.1.0
2023-03-18 20:16:41,672 [INFO] ThirdParty:981 - CMSIS Pack Vendor :STMicroelectronics FP-ATR-ASTRA1 1.1.1
2023-03-18 20:16:41,672 [INFO] ThirdParty:981 - CMSIS Pack Vendor :STMicroelectronics PDM2PCM 3.3.0
2023-03-18 20:16:41,672 [INFO] ThirdParty:981 - CMSIS Pack Vendor :STMicroelectronics X-CUBE-TOF1 3.1.0
2023-03-18 20:16:41,672 [INFO] ThirdParty:981 - CMSIS Pack Vendor :STMicroelectronics X-CUBE-DISPLAY 3.0.0
2023-03-18 20:16:41,672 [INFO] ThirdParty:981 - CMSIS Pack Vendor :STMicroelectronics X-CUBE-BLEMGR 1.3.0
2023-03-18 20:16:41,672 [INFO] ThirdParty:981 - CMSIS Pack Vendor :STMicroelectronics X-CUBE-AZRTOS-G4 1.0.0
2023-03-18 20:16:41,672 [INFO] ThirdParty:981 - CMSIS Pack Vendor :STMicroelectronics FP-ATR-SIGFOX1 3.2.0
2023-03-18 20:16:41,674 [INFO] ThirdParty:981 - CMSIS Pack Vendor :STMicroelectronics X-CUBE-AZRTOS-L4 1.0.0
2023-03-18 20:16:41,674 [INFO] ThirdParty:981 - CMSIS Pack Vendor :wolfSSL I-CUBE-wolfSSL 5.5.0
2023-03-18 20:16:41,674 [INFO] ThirdParty:981 - CMSIS Pack Vendor :STMicroelectronics HAL Drivers 0.0.0
2023-03-18 20:16:41,674 [INFO] ThirdParty:981 - CMSIS Pack Vendor :STMicroelectronics MBEDTLS 2.16.2
2023-03-18 20:16:41,674 [INFO] ThirdParty:981 - CMSIS Pack Vendor :emotas I-CUBE-CANOPEN 1.1.2
2023-03-18 20:16:41,674 [INFO] ThirdParty:981 - CMSIS Pack Vendor :STMicroelectronics X-CUBE-TOUCHGFX 4.20.0
2023-03-18 20:16:41,674 [INFO] ThirdParty:981 - CMSIS Pack Vendor :STMicroelectronics MBEDTLS 2.14.1
2023-03-18 20:16:41,675 [INFO] ThirdParty:981 - CMSIS Pack Vendor :STMicroelectronics X-CUBE-NFC7 1.0.0
2023-03-18 20:16:41,675 [INFO] ThirdParty:981 - CMSIS Pack Vendor :STMicroelectronics X-CUBE-AZRTOS-WL 1.0.0
2023-03-18 20:16:41,675 [INFO] ThirdParty:981 - CMSIS Pack Vendor :STMicroelectronics X-CUBE-MEMS1 9.3.0
2023-03-18 20:16:41,675 [INFO] ThirdParty:981 - CMSIS Pack Vendor :STMicroelectronics X-CUBE-EEPRMA1 4.1.0
2023-03-18 20:16:41,675 [INFO] ThirdParty:981 - CMSIS Pack Vendor :portGmbH I-Cube-SoM-uGOAL 1.1.0
2023-03-18 20:16:41,675 [INFO] ThirdParty:981 - CMSIS Pack Vendor :STMicroelectronics X-CUBE-ALS 1.0.1
2023-03-18 20:16:41,675 [INFO] ThirdParty:981 - CMSIS Pack Vendor :STMicroelectronics X-CUBE-AI 7.2.0
2023-03-18 20:16:41,676 [INFO] ThirdParty:981 - CMSIS Pack Vendor :STMicroelectronics X-CUBE-MEMS1 9.5.0
2023-03-18 20:16:41,676 [INFO] ThirdParty:981 - CMSIS Pack Vendor :STMicroelectronics ThreadX 1.0.0
2023-03-18 20:16:41,676 [INFO] ThirdParty:981 - CMSIS Pack Vendor :STMicroelectronics X-CUBE-AZRTOS-WB 1.1.0
2023-03-18 20:16:41,676 [INFO] ThirdParty:981 - CMSIS Pack Vendor :SEGGER I-CUBE-embOS 1.3.1
2023-03-18 20:16:41,676 [INFO] ThirdParty:981 - CMSIS Pack Vendor :STMicroelectronics X-CUBE-AZRTOS-L5 1.0.0
2023-03-18 20:16:41,676 [INFO] ThirdParty:981 - CMSIS Pack Vendor :STMicroelectronics USB_DEVICE 1.0.0
2023-03-18 20:16:41,676 [INFO] ThirdParty:981 - CMSIS Pack Vendor :STMicroelectronics X-CUBE-EEPRMA1 3.1.1
2023-03-18 20:16:41,676 [INFO] ThirdParty:981 - CMSIS Pack Vendor :STMicroelectronics ThreadX 0.0.2
2023-03-18 20:16:41,676 [INFO] ThirdParty:981 - CMSIS Pack Vendor :WES I-CUBE-Cesium 1.3.0
2023-03-18 20:16:41,676 [INFO] ThirdParty:981 - CMSIS Pack Vendor :STMicroelectronics lwIP 2.1.2
2023-03-18 20:16:41,676 [INFO] ThirdParty:981 - CMSIS Pack Vendor :STMicroelectronics X-CUBE-SFXS2LP1 4.0.0
2023-03-18 20:16:41,676 [INFO] ThirdParty:981 - CMSIS Pack Vendor :STMicroelectronics X-CUBE-BLE2 3.3.0
2023-03-18 20:16:41,676 [INFO] ThirdParty:981 - CMSIS Pack Vendor :STMicroelectronics X-CUBE-DISPLAY 2.2.0
2023-03-18 20:16:41,676 [INFO] ThirdParty:981 - CMSIS Pack Vendor :STMicroelectronics X-CUBE-TOF1 3.2.0
2023-03-18 20:16:41,676 [INFO] ThirdParty:981 - CMSIS Pack Vendor :STMicroelectronics PDM2PCM 3.2.0
2023-03-18 20:16:41,676 [INFO] ThirdParty:981 - CMSIS Pack Vendor :STMicroelectronics X-CUBE-AZRTOS-H7 3.0.0
2023-03-18 20:16:41,676 [INFO] ThirdParty:981 - CMSIS Pack Vendor :STMicroelectronics X-CUBE-ISPU 1.0.0
2023-03-18 20:16:41,676 [INFO] ThirdParty:797 - exiting critical section [change project]
2023-03-18 20:16:42,660 [INFO] PinOutPanel:1468 - setPackage(No Configuration,No Configuration)
2023-03-18 20:16:42,662 [INFO] PinOutPanel:1468 - setPackage(STM32F407VGTx,LQFP100)
2023-03-18 20:16:43,857 [INFO] UtilMem:74 - Before build in PCC Used Memory: 507331664 Bytes (758120448)
2023-03-18 20:16:45,371 [INFO] UtilMem:74 - After build in PCC Used Memory: 649937960 Bytes (758120448)
2023-03-18 20:16:45,450 [INFO] IPUIPlugin:79 - create IPUIPlugin
2023-03-18 20:16:45,451 [INFO] IPUIPlugin:79 - create IPUIPlugin
2023-03-18 20:16:45,452 [INFO] IPUIPlugin:79 - create IPUIPlugin
2023-03-18 20:16:45,452 [INFO] IPUIPlugin:79 - create IPUIPlugin
2023-03-18 20:16:45,452 [INFO] IPUIPlugin:79 - create IPUIPlugin
2023-03-18 20:16:45,453 [INFO] IPUIPlugin:79 - create IPUIPlugin
2023-03-18 20:16:45,453 [INFO] IPUIPlugin:79 - create IPUIPlugin
2023-03-18 20:16:45,454 [INFO] IPUIPlugin:79 - create IPUIPlugin
2023-03-18 20:16:45,454 [INFO] IPUIPlugin:79 - create IPUIPlugin
2023-03-18 20:16:45,454 [INFO] IPUIPlugin:79 - create IPUIPlugin
2023-03-18 20:16:45,455 [INFO] IPUIPlugin:79 - create IPUIPlugin
2023-03-18 20:16:45,455 [INFO] IPUIPlugin:79 - create IPUIPlugin
2023-03-18 20:16:45,455 [INFO] IPUIPlugin:79 - create IPUIPlugin
2023-03-18 20:16:45,455 [INFO] IPUIPlugin:79 - create IPUIPlugin
2023-03-18 20:16:45,455 [INFO] IPUIPlugin:79 - create IPUIPlugin
2023-03-18 20:16:45,455 [INFO] IPUIPlugin:79 - create IPUIPlugin
2023-03-18 20:16:45,455 [INFO] IPUIPlugin:79 - create IPUIPlugin
2023-03-18 20:16:45,455 [INFO] IPUIPlugin:79 - create IPUIPlugin
2023-03-18 20:16:45,455 [INFO] IPUIPlugin:79 - create IPUIPlugin
2023-03-18 20:16:45,455 [INFO] IPUIPlugin:79 - create IPUIPlugin
2023-03-18 20:16:45,455 [INFO] IPUIPlugin:79 - create IPUIPlugin
2023-03-18 20:16:45,458 [INFO] IPUIPlugin:79 - create IPUIPlugin
2023-03-18 20:16:45,458 [INFO] IPUIPlugin:79 - create IPUIPlugin
2023-03-18 20:16:45,458 [INFO] IPUIPlugin:79 - create IPUIPlugin
2023-03-18 20:16:45,459 [INFO] IPUIPlugin:79 - create IPUIPlugin
2023-03-18 20:16:45,459 [INFO] IPUIPlugin:79 - create IPUIPlugin
2023-03-18 20:16:45,459 [INFO] IPUIPlugin:79 - create IPUIPlugin
2023-03-18 20:16:45,460 [INFO] IPUIPlugin:79 - create IPUIPlugin
2023-03-18 20:16:45,460 [INFO] IPUIPlugin:79 - create IPUIPlugin
2023-03-18 20:16:45,460 [INFO] IPUIPlugin:79 - create IPUIPlugin
2023-03-18 20:16:45,460 [INFO] IPUIPlugin:79 - create IPUIPlugin
2023-03-18 20:16:45,460 [INFO] IPUIPlugin:79 - create IPUIPlugin
2023-03-18 20:16:45,462 [INFO] IPUIPlugin:79 - create IPUIPlugin
2023-03-18 20:16:45,462 [INFO] IPUIPlugin:79 - create IPUIPlugin
2023-03-18 20:16:45,462 [INFO] IPUIPlugin:79 - create IPUIPlugin
2023-03-18 20:16:45,463 [INFO] IPUIPlugin:79 - create IPUIPlugin
2023-03-18 20:16:45,463 [INFO] IPUIPlugin:79 - create IPUIPlugin
2023-03-18 20:16:45,463 [INFO] IPUIPlugin:79 - create IPUIPlugin
2023-03-18 20:16:45,464 [INFO] IPUIPlugin:79 - create IPUIPlugin
2023-03-18 20:16:45,464 [INFO] IPUIPlugin:79 - create IPUIPlugin
2023-03-18 20:16:45,464 [INFO] IPUIPlugin:79 - create IPUIPlugin
2023-03-18 20:16:45,465 [INFO] IPUIPlugin:79 - create IPUIPlugin
2023-03-18 20:16:45,465 [INFO] IPUIPlugin:79 - create IPUIPlugin
2023-03-18 20:16:45,466 [INFO] IPUIPlugin:79 - create IPUIPlugin
2023-03-18 20:16:45,467 [INFO] IPUIPlugin:79 - create IPUIPlugin
2023-03-18 20:16:45,468 [INFO] IPUIPlugin:79 - create IPUIPlugin
2023-03-18 20:16:45,468 [INFO] IPUIPlugin:79 - create IPUIPlugin
2023-03-18 20:16:45,469 [INFO] IPUIPlugin:79 - create IPUIPlugin
2023-03-18 20:16:45,469 [INFO] IPUIPlugin:79 - create IPUIPlugin
2023-03-18 20:16:45,469 [INFO] IPUIPlugin:79 - create IPUIPlugin
2023-03-18 20:16:45,472 [INFO] IPUIPlugin:79 - create IPUIPlugin
2023-03-18 20:16:45,473 [INFO] IPUIPlugin:79 - create IPUIPlugin
2023-03-18 20:16:45,474 [INFO] IPUIPlugin:79 - create IPUIPlugin
2023-03-18 20:16:45,475 [INFO] IPUIPlugin:79 - create IPUIPlugin
2023-03-18 20:16:45,475 [INFO] IPUIPlugin:79 - create IPUIPlugin
2023-03-18 20:16:45,475 [INFO] IPUIPlugin:79 - create IPUIPlugin
2023-03-18 20:16:45,475 [INFO] IPUIPlugin:79 - create IPUIPlugin
2023-03-18 20:16:45,475 [INFO] IPUIPlugin:79 - create IPUIPlugin
2023-03-18 20:16:45,608 [INFO] ApiDbMcu:505 - Load IP Config File for PDM2PCM
2023-03-18 20:16:45,943 [INFO] OpenFileManager:327 - Restore cursor
2023-03-18 20:16:49,627 [INFO] UtilMem:74 - End SaveConfig() Used Memory: 625436272 Bytes (758120448)
2023-03-18 20:16:49,715 [INFO] UtilMem:74 - End SaveConfig() Used Memory: 646407792 Bytes (758120448)
2023-03-18 20:16:50,778 [INFO] BlockDiagram:2753 - set Specific Code input for plugin: RCC
2023-03-18 20:16:50,778 [INFO] BlockDiagram:2753 - set Specific Code input for plugin: NVIC
2023-03-18 20:16:50,783 [INFO] CodeGenerator:690 - code generatio: config db path: C:\ST\STM32CubeIDE_1.10.1\STM32CubeIDE\plugins\com.st.stm32cube.common.mx_6.6.1.202207061420\\db\
2023-03-18 20:16:51,607 [INFO] CodeEngine:245 - oldGeneratedFile, C:\Users\VeliSacikara\Documents\STM32_Projeler\007_3_hal_USART\007_3_hal_USART\MXTmpFiles\license.tmp_save
2023-03-18 20:16:52,328 [INFO] CodeEngine:269 - Generated code: C:\Users\VeliSacikara\Documents\STM32_Projeler\007_3_hal_USART\007_3_hal_USART\MXTmpFiles\license.tmp
2023-03-18 20:16:52,387 [INFO] CodeEngine:245 - oldGeneratedFile, C:\Users\VeliSacikara\Documents\STM32_Projeler\007_3_hal_USART\007_3_hal_USART\Core\Src\stm32f4xx_it.c_save
2023-03-18 20:16:52,729 [INFO] CodeEngine:269 - Generated code: C:\Users\VeliSacikara\Documents\STM32_Projeler\007_3_hal_USART\007_3_hal_USART\Core\Src\stm32f4xx_it.c
2023-03-18 20:16:52,745 [INFO] CodeEngine:245 - oldGeneratedFile, C:\Users\VeliSacikara\Documents\STM32_Projeler\007_3_hal_USART\007_3_hal_USART\Core\Inc\stm32f4xx_it.h_save
2023-03-18 20:16:52,942 [INFO] CodeEngine:269 - Generated code: C:\Users\VeliSacikara\Documents\STM32_Projeler\007_3_hal_USART\007_3_hal_USART\Core\Inc\stm32f4xx_it.h
2023-03-18 20:16:53,300 [INFO] CodeEngine:245 - oldGeneratedFile, C:\Users\VeliSacikara\Documents\STM32_Projeler\007_3_hal_USART\007_3_hal_USART\Core\Src\stm32f4xx_hal_msp.c_save
2023-03-18 20:16:53,643 [INFO] CodeEngine:269 - Generated code: C:\Users\VeliSacikara\Documents\STM32_Projeler\007_3_hal_USART\007_3_hal_USART\Core\Src\stm32f4xx_hal_msp.c
2023-03-18 20:16:53,674 [INFO] CodeEngine:245 - oldGeneratedFile, C:\Users\VeliSacikara\Documents\STM32_Projeler\007_3_hal_USART\007_3_hal_USART\MXTmpFiles\system.tmp_save
2023-03-18 20:16:53,832 [INFO] CodeEngine:269 - Generated code: C:\Users\VeliSacikara\Documents\STM32_Projeler\007_3_hal_USART\007_3_hal_USART\MXTmpFiles\system.tmp
2023-03-18 20:16:53,879 [INFO] CodeEngine:245 - oldGeneratedFile, C:\Users\VeliSacikara\Documents\STM32_Projeler\007_3_hal_USART\007_3_hal_USART\Core\Inc\stm32f4xx_hal_conf.h_save
2023-03-18 20:16:54,131 [INFO] CodeEngine:269 - Generated code: C:\Users\VeliSacikara\Documents\STM32_Projeler\007_3_hal_USART\007_3_hal_USART\Core\Inc\stm32f4xx_hal_conf.h
2023-03-18 20:16:54,273 [INFO] CodeEngine:245 - oldGeneratedFile, C:\Users\VeliSacikara\Documents\STM32_Projeler\007_3_hal_USART\007_3_hal_USART\Core\Inc\main.h_save
2023-03-18 20:16:54,598 [INFO] CodeEngine:269 - Generated code: C:\Users\VeliSacikara\Documents\STM32_Projeler\007_3_hal_USART\007_3_hal_USART\Core\Inc\main.h
2023-03-18 20:16:54,644 [INFO] CodeEngine:245 - oldGeneratedFile, C:\Users\VeliSacikara\Documents\STM32_Projeler\007_3_hal_USART\007_3_hal_USART\Core\Src\main.c_save
2023-03-18 20:16:55,092 [INFO] CodeEngine:269 - Generated code: C:\Users\VeliSacikara\Documents\STM32_Projeler\007_3_hal_USART\007_3_hal_USART\Core\Src\main.c
2023-03-18 20:16:58,065 [INFO] ProjectBuilder:2919 - Time for Copy HAL[1] : 802mS.
2023-03-18 20:16:58,120 [INFO] ProjectBuilder:4117 - Project Generator version: 3.17.1
2023-03-18 20:16:59,323 [INFO] ConfigFileManager:1394 - The Die is : DIE413
2023-03-18 20:16:59,370 [INFO] ApiDbMcu:505 - Load IP Config File for FATFS
2023-03-18 20:16:59,404 [INFO] ApiDbMcu:505 - Load IP Config File for FREERTOS
2023-03-18 20:16:59,423 [INFO] ApiDbMcu:505 - Load IP Config File for LIBJPEG
2023-03-18 20:16:59,453 [INFO] ApiDbMcu:505 - Load IP Config File for LWIP
2023-03-18 20:16:59,484 [INFO] ApiDbMcu:505 - Load IP Config File for MBEDTLS
2023-03-18 20:16:59,542 [INFO] ApiDbMcu:505 - Load IP Config File for USB_DEVICE
2023-03-18 20:16:59,572 [INFO] ApiDbMcu:505 - Load IP Config File for USB_HOST
2023-03-18 20:17:16,274 [INFO] ProjectBuilder:4285 - Time for Generating toolchain IDE Files: 18153mS.
2023-03-18 20:17:16,278 [INFO] ProjectBuilder:2790 - Time for Copy CMSIS : 1mS.
2023-03-18 20:17:16,288 [INFO] ProjectBuilder:2790 - Time for Copy CMSIS : 0mS.
2023-03-18 20:17:18,016 [INFO] McuFinderGlobals:57 - Set McuFinderConnectedMode to true
2023-03-18 20:17:18,022 [INFO] ApiDb:443 - Save user favorites file C:\Users\VeliSacikara/.stm32cubeide/favorites.mcus.txt: 0 item(s)
2023-03-18 20:17:18,022 [INFO] ApiDb:447 - User favorites MCUs=[]
2023-03-18 20:18:24,048 [INFO] NvicIntPanel:100 - NVIC parent = com.st.microxplorer.plugins.ip.nvic.MultiNvicIntPanel[,0,0,587x335,layout=javax.swing.BoxLayout,alignmentX=0.0,alignmentY=0.0,border=,flags=9,maximumSize=,minimumSize=,preferredSize=]
2023-03-18 20:18:58,262 [INFO] UtilMem:74 - End SaveConfig() Used Memory: 612960976 Bytes (851443712)
2023-03-18 20:19:03,795 [INFO] UtilMem:74 - End SaveConfig() Used Memory: 570868888 Bytes (851443712)
2023-03-18 20:19:04,534 [INFO] BlockDiagram:2753 - set Specific Code input for plugin: RCC
2023-03-18 20:19:04,534 [INFO] BlockDiagram:2753 - set Specific Code input for plugin: NVIC
2023-03-18 20:19:04,534 [INFO] BlockDiagram:2753 - set Specific Code input for plugin: USART
2023-03-18 20:19:04,535 [INFO] BlockDiagram:2753 - set Specific Code input for plugin: GPIO
2023-03-18 20:19:04,537 [INFO] CodeGenerator:690 - code generatio: config db path: C:\ST\STM32CubeIDE_1.10.1\STM32CubeIDE\plugins\com.st.stm32cube.common.mx_6.6.1.202207061420\\db\
2023-03-18 20:19:04,959 [INFO] CodeEngine:245 - oldGeneratedFile, C:\Users\VeliSacikara\Documents\STM32_Projeler\007_3_hal_USART\007_3_hal_USART\MXTmpFiles\license.tmp_save
2023-03-18 20:19:05,236 [INFO] CodeEngine:269 - Generated code: C:\Users\VeliSacikara\Documents\STM32_Projeler\007_3_hal_USART\007_3_hal_USART\MXTmpFiles\license.tmp
2023-03-18 20:19:05,415 [INFO] CodeEngine:245 - oldGeneratedFile, C:\Users\VeliSacikara\Documents\STM32_Projeler\007_3_hal_USART\007_3_hal_USART\MXTmpFiles\gpio.tmp_save
2023-03-18 20:19:05,638 [INFO] CodeEngine:269 - Generated code: C:\Users\VeliSacikara\Documents\STM32_Projeler\007_3_hal_USART\007_3_hal_USART\MXTmpFiles\gpio.tmp
2023-03-18 20:19:05,782 [INFO] CodeEngine:245 - oldGeneratedFile, C:\Users\VeliSacikara\Documents\STM32_Projeler\007_3_hal_USART\007_3_hal_USART\Core\Src\stm32f4xx_it.c_save
2023-03-18 20:19:05,954 [INFO] CodeEngine:269 - Generated code: C:\Users\VeliSacikara\Documents\STM32_Projeler\007_3_hal_USART\007_3_hal_USART\Core\Src\stm32f4xx_it.c
2023-03-18 20:19:05,972 [INFO] CodeEngine:245 - oldGeneratedFile, C:\Users\VeliSacikara\Documents\STM32_Projeler\007_3_hal_USART\007_3_hal_USART\Core\Inc\stm32f4xx_it.h_save
2023-03-18 20:19:06,132 [INFO] CodeEngine:269 - Generated code: C:\Users\VeliSacikara\Documents\STM32_Projeler\007_3_hal_USART\007_3_hal_USART\Core\Inc\stm32f4xx_it.h
2023-03-18 20:19:06,240 [INFO] CodeEngine:245 - oldGeneratedFile, C:\Users\VeliSacikara\Documents\STM32_Projeler\007_3_hal_USART\007_3_hal_USART\Core\Src\stm32f4xx_hal_msp.c_save
2023-03-18 20:19:06,516 [INFO] CodeEngine:269 - Generated code: C:\Users\VeliSacikara\Documents\STM32_Projeler\007_3_hal_USART\007_3_hal_USART\Core\Src\stm32f4xx_hal_msp.c
2023-03-18 20:19:06,530 [INFO] CodeEngine:245 - oldGeneratedFile, C:\Users\VeliSacikara\Documents\STM32_Projeler\007_3_hal_USART\007_3_hal_USART\MXTmpFiles\system.tmp_save
2023-03-18 20:19:06,680 [INFO] CodeEngine:269 - Generated code: C:\Users\VeliSacikara\Documents\STM32_Projeler\007_3_hal_USART\007_3_hal_USART\MXTmpFiles\system.tmp
2023-03-18 20:19:06,716 [INFO] CodeEngine:245 - oldGeneratedFile, C:\Users\VeliSacikara\Documents\STM32_Projeler\007_3_hal_USART\007_3_hal_USART\Core\Inc\stm32f4xx_hal_conf.h_save
2023-03-18 20:19:07,109 [INFO] CodeEngine:269 - Generated code: C:\Users\VeliSacikara\Documents\STM32_Projeler\007_3_hal_USART\007_3_hal_USART\Core\Inc\stm32f4xx_hal_conf.h
2023-03-18 20:19:07,205 [INFO] CodeEngine:245 - oldGeneratedFile, C:\Users\VeliSacikara\Documents\STM32_Projeler\007_3_hal_USART\007_3_hal_USART\Core\Inc\main.h_save
2023-03-18 20:19:07,363 [INFO] CodeEngine:269 - Generated code: C:\Users\VeliSacikara\Documents\STM32_Projeler\007_3_hal_USART\007_3_hal_USART\Core\Inc\main.h
2023-03-18 20:19:07,400 [INFO] CodeEngine:245 - oldGeneratedFile, C:\Users\VeliSacikara\Documents\STM32_Projeler\007_3_hal_USART\007_3_hal_USART\Core\Src\main.c_save
2023-03-18 20:19:07,798 [INFO] CodeEngine:269 - Generated code: C:\Users\VeliSacikara\Documents\STM32_Projeler\007_3_hal_USART\007_3_hal_USART\Core\Src\main.c
2023-03-18 20:19:09,598 [INFO] ProjectBuilder:2919 - Time for Copy HAL[1] : 501mS.
2023-03-18 20:19:09,603 [INFO] ProjectBuilder:4117 - Project Generator version: 3.17.1
2023-03-18 20:19:10,232 [INFO] ConfigFileManager:1394 - The Die is : DIE413
2023-03-18 20:19:13,472 [INFO] ProjectBuilder:4285 - Time for Generating toolchain IDE Files: 3869mS.
2023-03-18 20:19:13,474 [INFO] ProjectBuilder:2790 - Time for Copy CMSIS : 1mS.
2023-03-18 20:19:13,480 [INFO] ProjectBuilder:2790 - Time for Copy CMSIS : 1mS.
2023-03-18 20:52:11,943 [ERROR] LogOutputStream:74 - [STDERR_REDIRECT] 
